2022-03-30 15:37:51.511 INFO  [acme.Launcher@main] Starting Launcher using Java 1.8.0_281 on DESKTOP-HACG05I with PID 9148 (C:\Users\MRF\Desktop\Workspace-22.0\Frameworks\Acme-Framework-22.2\target\classes started by MRF in C:\Users\MRF\Desktop\Workspace-22.0\Projects\Acme-Toolkits) 
2022-03-30 15:37:51.513 DEBUG [acme.Launcher@main] Running with Spring Boot v2.4.2, Spring v5.3.3 
2022-03-30 15:37:51.515 INFO  [acme.Launcher@main] The following profiles are active: development,default 
2022-03-30 15:37:55.816 DEBUG [org.apache.jasper.servlet.JasperInitializer@main] Initializing Jasper for context [application] 
2022-03-30 15:38:03.706 DEBUG [org.apache.jasper.servlet.JspServlet@main] Scratch dir for the JSP engine is: [C:\Users\MRF\AppData\Local\Temp\tomcat.8081.2956820409426886253\work\Tomcat\localhost\acme-toolkits-22.1] 
2022-03-30 15:38:03.706 DEBUG [org.apache.jasper.servlet.JspServlet@main] IMPORTANT: Do not modify the generated servlets 
2022-03-30 15:38:03.721 INFO  [acme.Launcher@main] Started Launcher in 13.262 seconds (JVM running for 14.242) 
2022-03-30 15:38:03.727 DEBUG [acme.Launcher@main] Found classpath entry '/C:/Users/MRF/Desktop/Workspace-22.0/Projects/Acme-Toolkits/target/test-classes/' 
2022-03-30 15:38:03.727 DEBUG [acme.Launcher@main] Found classpath entry '/C:/Users/MRF/Desktop/Workspace-22.0/Projects/Acme-Toolkits/target/classes/' 
2022-03-30 15:38:03.728 DEBUG [acme.Launcher@main] Found classpath entry '/C:/Users/MRF/Desktop/Workspace-22.0/Frameworks/Acme-Framework-22.2/target/classes/' 
2022-03-30 15:38:03.728 DEBUG [acme.Launcher@main] Found classpath entry '/C:/Users/MRF/Desktop/Workspace-22.0/Frameworks/Acme-Framework-22.2/target/test-classes/' 
2022-03-30 15:38:03.728 DEBUG [acme.Launcher@main] Found classpath entry '/C:/Users/MRF/.m2/repository/org/springframework/boot/spring-boot-starter-tomcat/2.4.2/spring-boot-starter-tomcat-2.4.2.jar' 
2022-03-30 15:38:03.729 DEBUG [acme.Launcher@main] Found classpath entry '/C:/Users/MRF/.m2/repository/jakarta/annotation/jakarta.annotation-api/1.3.5/jakarta.annotation-api-1.3.5.jar' 
2022-03-30 15:38:03.729 DEBUG [acme.Launcher@main] Found classpath entry '/C:/Users/MRF/.m2/repository/org/apache/tomcat/embed/tomcat-embed-core/9.0.41/tomcat-embed-core-9.0.41.jar' 
2022-03-30 15:38:03.729 DEBUG [acme.Launcher@main] Found classpath entry '/C:/Users/MRF/.m2/repository/org/glassfish/jakarta.el/3.0.3/jakarta.el-3.0.3.jar' 
2022-03-30 15:38:03.729 DEBUG [acme.Launcher@main] Found classpath entry '/C:/Users/MRF/.m2/repository/org/apache/tomcat/embed/tomcat-embed-websocket/9.0.41/tomcat-embed-websocket-9.0.41.jar' 
2022-03-30 15:38:03.730 DEBUG [acme.Launcher@main] Found classpath entry '/C:/Users/MRF/.m2/repository/org/apache/tomcat/embed/tomcat-embed-jasper/9.0.41/tomcat-embed-jasper-9.0.41.jar' 
2022-03-30 15:38:03.730 DEBUG [acme.Launcher@main] Found classpath entry '/C:/Users/MRF/.m2/repository/org/apache/tomcat/embed/tomcat-embed-el/9.0.41/tomcat-embed-el-9.0.41.jar' 
2022-03-30 15:38:03.730 DEBUG [acme.Launcher@main] Found classpath entry '/C:/Users/MRF/.m2/repository/org/eclipse/jdt/ecj/3.18.0/ecj-3.18.0.jar' 
2022-03-30 15:38:03.731 DEBUG [acme.Launcher@main] Found classpath entry '/C:/Users/MRF/.m2/repository/javax/servlet/jstl/1.2/jstl-1.2.jar' 
2022-03-30 15:38:03.733 DEBUG [acme.Launcher@main] Found classpath entry '/C:/Users/MRF/.m2/repository/org/springframework/boot/spring-boot-starter-test/2.4.2/spring-boot-starter-test-2.4.2.jar' 
2022-03-30 15:38:03.733 DEBUG [acme.Launcher@main] Found classpath entry '/C:/Users/MRF/.m2/repository/org/springframework/boot/spring-boot-starter/2.4.2/spring-boot-starter-2.4.2.jar' 
2022-03-30 15:38:03.734 DEBUG [acme.Launcher@main] Found classpath entry '/C:/Users/MRF/.m2/repository/org/springframework/boot/spring-boot/2.4.2/spring-boot-2.4.2.jar' 
2022-03-30 15:38:03.734 DEBUG [acme.Launcher@main] Found classpath entry '/C:/Users/MRF/.m2/repository/org/springframework/boot/spring-boot-autoconfigure/2.4.2/spring-boot-autoconfigure-2.4.2.jar' 
2022-03-30 15:38:03.734 DEBUG [acme.Launcher@main] Found classpath entry '/C:/Users/MRF/.m2/repository/org/springframework/boot/spring-boot-starter-logging/2.4.2/spring-boot-starter-logging-2.4.2.jar' 
2022-03-30 15:38:03.734 DEBUG [acme.Launcher@main] Found classpath entry '/C:/Users/MRF/.m2/repository/ch/qos/logback/logback-classic/1.2.3/logback-classic-1.2.3.jar' 
2022-03-30 15:38:03.735 DEBUG [acme.Launcher@main] Found classpath entry '/C:/Users/MRF/.m2/repository/ch/qos/logback/logback-core/1.2.3/logback-core-1.2.3.jar' 
2022-03-30 15:38:03.735 DEBUG [acme.Launcher@main] Found classpath entry '/C:/Users/MRF/.m2/repository/org/apache/logging/log4j/log4j-to-slf4j/2.13.3/log4j-to-slf4j-2.13.3.jar' 
2022-03-30 15:38:03.736 DEBUG [acme.Launcher@main] Found classpath entry '/C:/Users/MRF/.m2/repository/org/apache/logging/log4j/log4j-api/2.13.3/log4j-api-2.13.3.jar' 
2022-03-30 15:38:03.736 DEBUG [acme.Launcher@main] Found classpath entry '/C:/Users/MRF/.m2/repository/org/slf4j/jul-to-slf4j/1.7.30/jul-to-slf4j-1.7.30.jar' 
2022-03-30 15:38:03.736 DEBUG [acme.Launcher@main] Found classpath entry '/C:/Users/MRF/.m2/repository/org/yaml/snakeyaml/1.27/snakeyaml-1.27.jar' 
2022-03-30 15:38:03.736 DEBUG [acme.Launcher@main] Found classpath entry '/C:/Users/MRF/.m2/repository/org/springframework/boot/spring-boot-test/2.4.2/spring-boot-test-2.4.2.jar' 
2022-03-30 15:38:03.736 DEBUG [acme.Launcher@main] Found classpath entry '/C:/Users/MRF/.m2/repository/org/springframework/boot/spring-boot-test-autoconfigure/2.4.2/spring-boot-test-autoconfigure-2.4.2.jar' 
2022-03-30 15:38:03.736 DEBUG [acme.Launcher@main] Found classpath entry '/C:/Users/MRF/.m2/repository/com/jayway/jsonpath/json-path/2.4.0/json-path-2.4.0.jar' 
2022-03-30 15:38:03.736 DEBUG [acme.Launcher@main] Found classpath entry '/C:/Users/MRF/.m2/repository/net/minidev/json-smart/2.3/json-smart-2.3.jar' 
2022-03-30 15:38:03.737 DEBUG [acme.Launcher@main] Found classpath entry '/C:/Users/MRF/.m2/repository/net/minidev/accessors-smart/1.2/accessors-smart-1.2.jar' 
2022-03-30 15:38:03.737 DEBUG [acme.Launcher@main] Found classpath entry '/C:/Users/MRF/.m2/repository/org/ow2/asm/asm/5.0.4/asm-5.0.4.jar' 
2022-03-30 15:38:03.737 DEBUG [acme.Launcher@main] Found classpath entry '/C:/Users/MRF/.m2/repository/jakarta/xml/bind/jakarta.xml.bind-api/2.3.3/jakarta.xml.bind-api-2.3.3.jar' 
2022-03-30 15:38:03.737 DEBUG [acme.Launcher@main] Found classpath entry '/C:/Users/MRF/.m2/repository/jakarta/activation/jakarta.activation-api/1.2.2/jakarta.activation-api-1.2.2.jar' 
2022-03-30 15:38:03.737 DEBUG [acme.Launcher@main] Found classpath entry '/C:/Users/MRF/.m2/repository/org/assertj/assertj-core/3.18.1/assertj-core-3.18.1.jar' 
2022-03-30 15:38:03.738 DEBUG [acme.Launcher@main] Found classpath entry '/C:/Users/MRF/.m2/repository/org/hamcrest/hamcrest/2.2/hamcrest-2.2.jar' 
2022-03-30 15:38:03.738 DEBUG [acme.Launcher@main] Found classpath entry '/C:/Users/MRF/.m2/repository/org/junit/jupiter/junit-jupiter/5.7.0/junit-jupiter-5.7.0.jar' 
2022-03-30 15:38:03.738 DEBUG [acme.Launcher@main] Found classpath entry '/C:/Users/MRF/.m2/repository/org/mockito/mockito-core/3.6.28/mockito-core-3.6.28.jar' 
2022-03-30 15:38:03.739 DEBUG [acme.Launcher@main] Found classpath entry '/C:/Users/MRF/.m2/repository/net/bytebuddy/byte-buddy-agent/1.10.19/byte-buddy-agent-1.10.19.jar' 
2022-03-30 15:38:03.739 DEBUG [acme.Launcher@main] Found classpath entry '/C:/Users/MRF/.m2/repository/org/objenesis/objenesis/3.1/objenesis-3.1.jar' 
2022-03-30 15:38:03.739 DEBUG [acme.Launcher@main] Found classpath entry '/C:/Users/MRF/.m2/repository/org/mockito/mockito-junit-jupiter/3.6.28/mockito-junit-jupiter-3.6.28.jar' 
2022-03-30 15:38:03.739 DEBUG [acme.Launcher@main] Found classpath entry '/C:/Users/MRF/.m2/repository/org/skyscreamer/jsonassert/1.5.0/jsonassert-1.5.0.jar' 
2022-03-30 15:38:03.739 DEBUG [acme.Launcher@main] Found classpath entry '/C:/Users/MRF/.m2/repository/com/vaadin/external/google/android-json/0.0.20131108.vaadin1/android-json-0.0.20131108.vaadin1.jar' 
2022-03-30 15:38:03.740 DEBUG [acme.Launcher@main] Found classpath entry '/C:/Users/MRF/.m2/repository/org/springframework/spring-core/5.3.3/spring-core-5.3.3.jar' 
2022-03-30 15:38:03.740 DEBUG [acme.Launcher@main] Found classpath entry '/C:/Users/MRF/.m2/repository/org/springframework/spring-jcl/5.3.3/spring-jcl-5.3.3.jar' 
2022-03-30 15:38:03.741 DEBUG [acme.Launcher@main] Found classpath entry '/C:/Users/MRF/.m2/repository/org/springframework/spring-test/5.3.3/spring-test-5.3.3.jar' 
2022-03-30 15:38:03.741 DEBUG [acme.Launcher@main] Found classpath entry '/C:/Users/MRF/.m2/repository/org/xmlunit/xmlunit-core/2.7.0/xmlunit-core-2.7.0.jar' 
2022-03-30 15:38:03.741 DEBUG [acme.Launcher@main] Found classpath entry '/C:/Users/MRF/.m2/repository/org/springframework/boot/spring-boot-starter-security/2.4.2/spring-boot-starter-security-2.4.2.jar' 
2022-03-30 15:38:03.741 DEBUG [acme.Launcher@main] Found classpath entry '/C:/Users/MRF/.m2/repository/org/springframework/spring-aop/5.3.3/spring-aop-5.3.3.jar' 
2022-03-30 15:38:03.741 DEBUG [acme.Launcher@main] Found classpath entry '/C:/Users/MRF/.m2/repository/org/springframework/security/spring-security-web/5.4.2/spring-security-web-5.4.2.jar' 
2022-03-30 15:38:03.742 DEBUG [acme.Launcher@main] Found classpath entry '/C:/Users/MRF/.m2/repository/org/springframework/security/spring-security-core/5.4.2/spring-security-core-5.4.2.jar' 
2022-03-30 15:38:03.742 DEBUG [acme.Launcher@main] Found classpath entry '/C:/Users/MRF/.m2/repository/org/springframework/spring-beans/5.3.3/spring-beans-5.3.3.jar' 
2022-03-30 15:38:03.742 DEBUG [acme.Launcher@main] Found classpath entry '/C:/Users/MRF/.m2/repository/org/springframework/spring-context/5.3.3/spring-context-5.3.3.jar' 
2022-03-30 15:38:03.743 DEBUG [acme.Launcher@main] Found classpath entry '/C:/Users/MRF/.m2/repository/org/springframework/spring-expression/5.3.3/spring-expression-5.3.3.jar' 
2022-03-30 15:38:03.743 DEBUG [acme.Launcher@main] Found classpath entry '/C:/Users/MRF/.m2/repository/org/springframework/spring-web/5.3.3/spring-web-5.3.3.jar' 
2022-03-30 15:38:03.743 DEBUG [acme.Launcher@main] Found classpath entry '/C:/Users/MRF/.m2/repository/org/springframework/security/spring-security-config/5.4.2/spring-security-config-5.4.2.jar' 
2022-03-30 15:38:03.743 DEBUG [acme.Launcher@main] Found classpath entry '/C:/Users/MRF/.m2/repository/org/springframework/security/spring-security-taglibs/5.4.2/spring-security-taglibs-5.4.2.jar' 
2022-03-30 15:38:03.743 DEBUG [acme.Launcher@main] Found classpath entry '/C:/Users/MRF/.m2/repository/org/springframework/security/spring-security-acl/5.4.2/spring-security-acl-5.4.2.jar' 
2022-03-30 15:38:03.743 DEBUG [acme.Launcher@main] Found classpath entry '/C:/Users/MRF/.m2/repository/org/springframework/spring-jdbc/5.3.3/spring-jdbc-5.3.3.jar' 
2022-03-30 15:38:03.744 DEBUG [acme.Launcher@main] Found classpath entry '/C:/Users/MRF/.m2/repository/org/springframework/spring-tx/5.3.3/spring-tx-5.3.3.jar' 
2022-03-30 15:38:03.744 DEBUG [acme.Launcher@main] Found classpath entry '/C:/Users/MRF/.m2/repository/org/springframework/boot/spring-boot-starter-web/2.4.2/spring-boot-starter-web-2.4.2.jar' 
2022-03-30 15:38:03.744 DEBUG [acme.Launcher@main] Found classpath entry '/C:/Users/MRF/.m2/repository/org/springframework/boot/spring-boot-starter-json/2.4.2/spring-boot-starter-json-2.4.2.jar' 
2022-03-30 15:38:03.744 DEBUG [acme.Launcher@main] Found classpath entry '/C:/Users/MRF/.m2/repository/com/fasterxml/jackson/core/jackson-databind/2.11.4/jackson-databind-2.11.4.jar' 
2022-03-30 15:38:03.744 DEBUG [acme.Launcher@main] Found classpath entry '/C:/Users/MRF/.m2/repository/com/fasterxml/jackson/core/jackson-annotations/2.11.4/jackson-annotations-2.11.4.jar' 
2022-03-30 15:38:03.744 DEBUG [acme.Launcher@main] Found classpath entry '/C:/Users/MRF/.m2/repository/com/fasterxml/jackson/core/jackson-core/2.11.4/jackson-core-2.11.4.jar' 
2022-03-30 15:38:03.745 DEBUG [acme.Launcher@main] Found classpath entry '/C:/Users/MRF/.m2/repository/com/fasterxml/jackson/datatype/jackson-datatype-jdk8/2.11.4/jackson-datatype-jdk8-2.11.4.jar' 
2022-03-30 15:38:03.745 DEBUG [acme.Launcher@main] Found classpath entry '/C:/Users/MRF/.m2/repository/com/fasterxml/jackson/datatype/jackson-datatype-jsr310/2.11.4/jackson-datatype-jsr310-2.11.4.jar' 
2022-03-30 15:38:03.745 DEBUG [acme.Launcher@main] Found classpath entry '/C:/Users/MRF/.m2/repository/com/fasterxml/jackson/module/jackson-module-parameter-names/2.11.4/jackson-module-parameter-names-2.11.4.jar' 
2022-03-30 15:38:03.745 DEBUG [acme.Launcher@main] Found classpath entry '/C:/Users/MRF/.m2/repository/org/springframework/spring-webmvc/5.3.3/spring-webmvc-5.3.3.jar' 
2022-03-30 15:38:03.745 DEBUG [acme.Launcher@main] Found classpath entry '/C:/Users/MRF/.m2/repository/org/apache/tiles/tiles-jsp/3.0.8/tiles-jsp-3.0.8.jar' 
2022-03-30 15:38:03.745 DEBUG [acme.Launcher@main] Found classpath entry '/C:/Users/MRF/.m2/repository/org/apache/tiles/tiles-servlet/3.0.8/tiles-servlet-3.0.8.jar' 
2022-03-30 15:38:03.746 DEBUG [acme.Launcher@main] Found classpath entry '/C:/Users/MRF/.m2/repository/org/apache/tiles/tiles-core/3.0.8/tiles-core-3.0.8.jar' 
2022-03-30 15:38:03.746 DEBUG [acme.Launcher@main] Found classpath entry '/C:/Users/MRF/.m2/repository/commons-digester/commons-digester/2.0/commons-digester-2.0.jar' 
2022-03-30 15:38:03.746 DEBUG [acme.Launcher@main] Found classpath entry '/C:/Users/MRF/.m2/repository/org/slf4j/jcl-over-slf4j/1.7.30/jcl-over-slf4j-1.7.30.jar' 
2022-03-30 15:38:03.746 DEBUG [acme.Launcher@main] Found classpath entry '/C:/Users/MRF/.m2/repository/org/apache/tiles/tiles-request-servlet/1.0.7/tiles-request-servlet-1.0.7.jar' 
2022-03-30 15:38:03.746 DEBUG [acme.Launcher@main] Found classpath entry '/C:/Users/MRF/.m2/repository/org/apache/tiles/tiles-template/3.0.8/tiles-template-3.0.8.jar' 
2022-03-30 15:38:03.746 DEBUG [acme.Launcher@main] Found classpath entry '/C:/Users/MRF/.m2/repository/org/apache/tiles/tiles-api/3.0.8/tiles-api-3.0.8.jar' 
2022-03-30 15:38:03.747 DEBUG [acme.Launcher@main] Found classpath entry '/C:/Users/MRF/.m2/repository/org/apache/tiles/tiles-autotag-core-runtime/1.2/tiles-autotag-core-runtime-1.2.jar' 
2022-03-30 15:38:03.747 DEBUG [acme.Launcher@main] Found classpath entry '/C:/Users/MRF/.m2/repository/org/slf4j/slf4j-api/1.7.30/slf4j-api-1.7.30.jar' 
2022-03-30 15:38:03.747 DEBUG [acme.Launcher@main] Found classpath entry '/C:/Users/MRF/.m2/repository/org/apache/tiles/tiles-request-jsp/1.0.7/tiles-request-jsp-1.0.7.jar' 
2022-03-30 15:38:03.747 DEBUG [acme.Launcher@main] Found classpath entry '/C:/Users/MRF/.m2/repository/org/apache/tiles/tiles-request-api/1.0.7/tiles-request-api-1.0.7.jar' 
2022-03-30 15:38:03.748 DEBUG [acme.Launcher@main] Found classpath entry '/C:/Users/MRF/.m2/repository/org/springframework/boot/spring-boot-starter-data-jpa/2.4.2/spring-boot-starter-data-jpa-2.4.2.jar' 
2022-03-30 15:38:03.748 DEBUG [acme.Launcher@main] Found classpath entry '/C:/Users/MRF/.m2/repository/org/springframework/boot/spring-boot-starter-aop/2.4.2/spring-boot-starter-aop-2.4.2.jar' 
2022-03-30 15:38:03.748 DEBUG [acme.Launcher@main] Found classpath entry '/C:/Users/MRF/.m2/repository/org/aspectj/aspectjweaver/1.9.6/aspectjweaver-1.9.6.jar' 
2022-03-30 15:38:03.749 DEBUG [acme.Launcher@main] Found classpath entry '/C:/Users/MRF/.m2/repository/org/springframework/boot/spring-boot-starter-jdbc/2.4.2/spring-boot-starter-jdbc-2.4.2.jar' 
2022-03-30 15:38:03.749 DEBUG [acme.Launcher@main] Found classpath entry '/C:/Users/MRF/.m2/repository/jakarta/transaction/jakarta.transaction-api/1.3.3/jakarta.transaction-api-1.3.3.jar' 
2022-03-30 15:38:03.749 DEBUG [acme.Launcher@main] Found classpath entry '/C:/Users/MRF/.m2/repository/jakarta/persistence/jakarta.persistence-api/2.2.3/jakarta.persistence-api-2.2.3.jar' 
2022-03-30 15:38:03.749 DEBUG [acme.Launcher@main] Found classpath entry '/C:/Users/MRF/.m2/repository/org/hibernate/hibernate-core/5.4.27.Final/hibernate-core-5.4.27.Final.jar' 
2022-03-30 15:38:03.749 DEBUG [acme.Launcher@main] Found classpath entry '/C:/Users/MRF/.m2/repository/org/jboss/logging/jboss-logging/3.4.1.Final/jboss-logging-3.4.1.Final.jar' 
2022-03-30 15:38:03.749 DEBUG [acme.Launcher@main] Found classpath entry '/C:/Users/MRF/.m2/repository/org/javassist/javassist/3.27.0-GA/javassist-3.27.0-GA.jar' 
2022-03-30 15:38:03.749 DEBUG [acme.Launcher@main] Found classpath entry '/C:/Users/MRF/.m2/repository/antlr/antlr/2.7.7/antlr-2.7.7.jar' 
2022-03-30 15:38:03.750 DEBUG [acme.Launcher@main] Found classpath entry '/C:/Users/MRF/.m2/repository/org/jboss/jandex/2.1.3.Final/jandex-2.1.3.Final.jar' 
2022-03-30 15:38:03.750 DEBUG [acme.Launcher@main] Found classpath entry '/C:/Users/MRF/.m2/repository/com/fasterxml/classmate/1.5.1/classmate-1.5.1.jar' 
2022-03-30 15:38:03.750 DEBUG [acme.Launcher@main] Found classpath entry '/C:/Users/MRF/.m2/repository/org/dom4j/dom4j/2.1.3/dom4j-2.1.3.jar' 
2022-03-30 15:38:03.751 DEBUG [acme.Launcher@main] Found classpath entry '/C:/Users/MRF/.m2/repository/org/hibernate/common/hibernate-commons-annotations/5.1.2.Final/hibernate-commons-annotations-5.1.2.Final.jar' 
2022-03-30 15:38:03.751 DEBUG [acme.Launcher@main] Found classpath entry '/C:/Users/MRF/.m2/repository/org/glassfish/jaxb/jaxb-runtime/2.3.3/jaxb-runtime-2.3.3.jar' 
2022-03-30 15:38:03.751 DEBUG [acme.Launcher@main] Found classpath entry '/C:/Users/MRF/.m2/repository/org/glassfish/jaxb/txw2/2.3.3/txw2-2.3.3.jar' 
2022-03-30 15:38:03.752 DEBUG [acme.Launcher@main] Found classpath entry '/C:/Users/MRF/.m2/repository/com/sun/istack/istack-commons-runtime/3.0.11/istack-commons-runtime-3.0.11.jar' 
2022-03-30 15:38:03.752 DEBUG [acme.Launcher@main] Found classpath entry '/C:/Users/MRF/.m2/repository/com/sun/activation/jakarta.activation/1.2.2/jakarta.activation-1.2.2.jar' 
2022-03-30 15:38:03.752 DEBUG [acme.Launcher@main] Found classpath entry '/C:/Users/MRF/.m2/repository/org/springframework/data/spring-data-jpa/2.4.3/spring-data-jpa-2.4.3.jar' 
2022-03-30 15:38:03.752 DEBUG [acme.Launcher@main] Found classpath entry '/C:/Users/MRF/.m2/repository/org/springframework/data/spring-data-commons/2.4.3/spring-data-commons-2.4.3.jar' 
2022-03-30 15:38:03.753 DEBUG [acme.Launcher@main] Found classpath entry '/C:/Users/MRF/.m2/repository/org/springframework/spring-orm/5.3.3/spring-orm-5.3.3.jar' 
2022-03-30 15:38:03.753 DEBUG [acme.Launcher@main] Found classpath entry '/C:/Users/MRF/.m2/repository/org/springframework/spring-aspects/5.3.3/spring-aspects-5.3.3.jar' 
2022-03-30 15:38:03.753 DEBUG [acme.Launcher@main] Found classpath entry '/C:/Users/MRF/.m2/repository/org/springframework/boot/spring-boot-starter-validation/2.4.2/spring-boot-starter-validation-2.4.2.jar' 
2022-03-30 15:38:03.753 DEBUG [acme.Launcher@main] Found classpath entry '/C:/Users/MRF/.m2/repository/org/hibernate/validator/hibernate-validator/6.1.7.Final/hibernate-validator-6.1.7.Final.jar' 
2022-03-30 15:38:03.753 DEBUG [acme.Launcher@main] Found classpath entry '/C:/Users/MRF/.m2/repository/jakarta/validation/jakarta.validation-api/2.0.2/jakarta.validation-api-2.0.2.jar' 
2022-03-30 15:38:03.753 DEBUG [acme.Launcher@main] Found classpath entry '/C:/Users/MRF/.m2/repository/mysql/mysql-connector-java/8.0.22/mysql-connector-java-8.0.22.jar' 
2022-03-30 15:38:03.753 DEBUG [acme.Launcher@main] Found classpath entry '/C:/Users/MRF/.m2/repository/com/zaxxer/HikariCP/3.4.5/HikariCP-3.4.5.jar' 
2022-03-30 15:38:03.754 DEBUG [acme.Launcher@main] Found classpath entry '/C:/Users/MRF/.m2/repository/org/junit/jupiter/junit-jupiter-engine/5.7.0/junit-jupiter-engine-5.7.0.jar' 
2022-03-30 15:38:03.754 DEBUG [acme.Launcher@main] Found classpath entry '/C:/Users/MRF/.m2/repository/org/apiguardian/apiguardian-api/1.1.0/apiguardian-api-1.1.0.jar' 
2022-03-30 15:38:03.754 DEBUG [acme.Launcher@main] Found classpath entry '/C:/Users/MRF/.m2/repository/org/junit/platform/junit-platform-engine/1.7.0/junit-platform-engine-1.7.0.jar' 
2022-03-30 15:38:03.754 DEBUG [acme.Launcher@main] Found classpath entry '/C:/Users/MRF/.m2/repository/org/junit/jupiter/junit-jupiter-api/5.7.0/junit-jupiter-api-5.7.0.jar' 
2022-03-30 15:38:03.755 DEBUG [acme.Launcher@main] Found classpath entry '/C:/Users/MRF/.m2/repository/org/opentest4j/opentest4j/1.2.0/opentest4j-1.2.0.jar' 
2022-03-30 15:38:03.755 DEBUG [acme.Launcher@main] Found classpath entry '/C:/Users/MRF/.m2/repository/org/junit/platform/junit-platform-commons/1.7.0/junit-platform-commons-1.7.0.jar' 
2022-03-30 15:38:03.755 DEBUG [acme.Launcher@main] Found classpath entry '/C:/Users/MRF/.m2/repository/org/junit/jupiter/junit-jupiter-params/5.7.0/junit-jupiter-params-5.7.0.jar' 
2022-03-30 15:38:03.755 DEBUG [acme.Launcher@main] Found classpath entry '/C:/Users/MRF/.m2/repository/org/junit/platform/junit-platform-launcher/1.7.0/junit-platform-launcher-1.7.0.jar' 
2022-03-30 15:38:03.756 DEBUG [acme.Launcher@main] Found classpath entry '/C:/Users/MRF/.m2/repository/org/seleniumhq/selenium/selenium-java/3.141.59/selenium-java-3.141.59.jar' 
2022-03-30 15:38:03.756 DEBUG [acme.Launcher@main] Found classpath entry '/C:/Users/MRF/.m2/repository/org/seleniumhq/selenium/selenium-api/3.141.59/selenium-api-3.141.59.jar' 
2022-03-30 15:38:03.756 DEBUG [acme.Launcher@main] Found classpath entry '/C:/Users/MRF/.m2/repository/org/seleniumhq/selenium/selenium-chrome-driver/3.141.59/selenium-chrome-driver-3.141.59.jar' 
2022-03-30 15:38:03.756 DEBUG [acme.Launcher@main] Found classpath entry '/C:/Users/MRF/.m2/repository/org/seleniumhq/selenium/selenium-edge-driver/3.141.59/selenium-edge-driver-3.141.59.jar' 
2022-03-30 15:38:03.756 DEBUG [acme.Launcher@main] Found classpath entry '/C:/Users/MRF/.m2/repository/org/seleniumhq/selenium/selenium-firefox-driver/3.141.59/selenium-firefox-driver-3.141.59.jar' 
2022-03-30 15:38:03.757 DEBUG [acme.Launcher@main] Found classpath entry '/C:/Users/MRF/.m2/repository/org/seleniumhq/selenium/selenium-ie-driver/3.141.59/selenium-ie-driver-3.141.59.jar' 
2022-03-30 15:38:03.757 DEBUG [acme.Launcher@main] Found classpath entry '/C:/Users/MRF/.m2/repository/org/seleniumhq/selenium/selenium-opera-driver/3.141.59/selenium-opera-driver-3.141.59.jar' 
2022-03-30 15:38:03.757 DEBUG [acme.Launcher@main] Found classpath entry '/C:/Users/MRF/.m2/repository/org/seleniumhq/selenium/selenium-remote-driver/3.141.59/selenium-remote-driver-3.141.59.jar' 
2022-03-30 15:38:03.757 DEBUG [acme.Launcher@main] Found classpath entry '/C:/Users/MRF/.m2/repository/org/seleniumhq/selenium/selenium-safari-driver/3.141.59/selenium-safari-driver-3.141.59.jar' 
2022-03-30 15:38:03.757 DEBUG [acme.Launcher@main] Found classpath entry '/C:/Users/MRF/.m2/repository/org/seleniumhq/selenium/selenium-support/3.141.59/selenium-support-3.141.59.jar' 
2022-03-30 15:38:03.757 DEBUG [acme.Launcher@main] Found classpath entry '/C:/Users/MRF/.m2/repository/net/bytebuddy/byte-buddy/1.10.19/byte-buddy-1.10.19.jar' 
2022-03-30 15:38:03.758 DEBUG [acme.Launcher@main] Found classpath entry '/C:/Users/MRF/.m2/repository/org/apache/commons/commons-exec/1.3/commons-exec-1.3.jar' 
2022-03-30 15:38:03.758 DEBUG [acme.Launcher@main] Found classpath entry '/C:/Users/MRF/.m2/repository/com/google/guava/guava/25.0-jre/guava-25.0-jre.jar' 
2022-03-30 15:38:03.758 DEBUG [acme.Launcher@main] Found classpath entry '/C:/Users/MRF/.m2/repository/com/google/code/findbugs/jsr305/1.3.9/jsr305-1.3.9.jar' 
2022-03-30 15:38:03.758 DEBUG [acme.Launcher@main] Found classpath entry '/C:/Users/MRF/.m2/repository/org/checkerframework/checker-compat-qual/2.0.0/checker-compat-qual-2.0.0.jar' 
2022-03-30 15:38:03.759 DEBUG [acme.Launcher@main] Found classpath entry '/C:/Users/MRF/.m2/repository/com/google/errorprone/error_prone_annotations/2.1.3/error_prone_annotations-2.1.3.jar' 
2022-03-30 15:38:03.759 DEBUG [acme.Launcher@main] Found classpath entry '/C:/Users/MRF/.m2/repository/com/google/j2objc/j2objc-annotations/1.1/j2objc-annotations-1.1.jar' 
2022-03-30 15:38:03.759 DEBUG [acme.Launcher@main] Found classpath entry '/C:/Users/MRF/.m2/repository/org/codehaus/mojo/animal-sniffer-annotations/1.14/animal-sniffer-annotations-1.14.jar' 
2022-03-30 15:38:03.759 DEBUG [acme.Launcher@main] Found classpath entry '/C:/Users/MRF/.m2/repository/com/squareup/okhttp3/okhttp/3.14.9/okhttp-3.14.9.jar' 
2022-03-30 15:38:03.759 DEBUG [acme.Launcher@main] Found classpath entry '/C:/Users/MRF/.m2/repository/com/squareup/okio/okio/1.14.0/okio-1.14.0.jar' 
2022-03-30 15:38:03.759 DEBUG [acme.Launcher@main] Found classpath entry '/C:/Users/MRF/.m2/repository/org/apache/commons/commons-lang3/3.11/commons-lang3-3.11.jar' 
2022-03-30 15:38:03.759 DEBUG [acme.Launcher@main] Found classpath entry '/C:/Users/MRF/.m2/repository/org/apache/commons/commons-text/1.8/commons-text-1.8.jar' 
2022-03-30 15:38:03.759 DEBUG [acme.Launcher@main] Found classpath entry '/C:/Users/MRF/.m2/repository/commons-io/commons-io/2.6/commons-io-2.6.jar' 
2022-03-30 15:38:03.759 DEBUG [acme.Launcher@main] Found classpath entry '/C:/Users/MRF/.m2/repository/commons-cli/commons-cli/1.4/commons-cli-1.4.jar' 
2022-03-30 15:38:03.760 DEBUG [acme.Launcher@main] Found classpath entry '/C:/Users/MRF/.m2/repository/org/projectlombok/lombok/1.18.16/lombok-1.18.16.jar' 
2022-03-30 15:38:03.760 DEBUG [acme.Launcher@main] Found classpath entry '/C:/Users/MRF/.m2/repository/com/opencsv/opencsv/5.4/opencsv-5.4.jar' 
2022-03-30 15:38:03.760 DEBUG [acme.Launcher@main] Found classpath entry '/C:/Users/MRF/.m2/repository/commons-beanutils/commons-beanutils/1.9.4/commons-beanutils-1.9.4.jar' 
2022-03-30 15:38:03.760 DEBUG [acme.Launcher@main] Found classpath entry '/C:/Users/MRF/.m2/repository/commons-logging/commons-logging/1.2/commons-logging-1.2.jar' 
2022-03-30 15:38:03.760 DEBUG [acme.Launcher@main] Found classpath entry '/C:/Users/MRF/.m2/repository/commons-collections/commons-collections/3.2.2/commons-collections-3.2.2.jar' 
2022-03-30 15:38:03.760 DEBUG [acme.Launcher@main] Found classpath entry '/C:/Users/MRF/.m2/repository/org/apache/commons/commons-collections4/4.4/commons-collections4-4.4.jar' 
2022-03-30 15:38:03.761 DEBUG [acme.Launcher@main] Found classpath entry '/C:/Users/MRF/Desktop/Workspace-22.0/Tools/IDEs/eclipse-jee-2021-12-R/configuration/org.eclipse.osgi/418/0/.cp/lib/javaagent-shaded.jar' 
2022-03-30 15:38:03.904 DEBUG [acme.Launcher@main] Found entity class 'acme.entities.announcement.Announcement 
2022-03-30 15:38:03.904 DEBUG [acme.Launcher@main] Found entity class 'acme.entities.chirp.Chirp 
2022-03-30 15:38:03.904 DEBUG [acme.Launcher@main] Found entity class 'acme.entities.item.Item 
2022-03-30 15:38:03.905 DEBUG [acme.Launcher@main] Found entity class 'acme.entities.patronageReport.PatronageReport 
2022-03-30 15:38:03.905 DEBUG [acme.Launcher@main] Found entity class 'acme.entities.patronages.Patronage 
2022-03-30 15:38:03.905 DEBUG [acme.Launcher@main] Found entity class 'acme.entities.quantity.Quantity 
2022-03-30 15:38:03.905 DEBUG [acme.Launcher@main] Found entity class 'acme.entities.systemConfiguration.SystemConfiguration 
2022-03-30 15:38:03.905 DEBUG [acme.Launcher@main] Found entity class 'acme.entities.toolkit.Toolkit 
2022-03-30 15:38:03.905 DEBUG [acme.Launcher@main] Found entity class 'acme.roles.Consumer 
2022-03-30 15:38:03.905 DEBUG [acme.Launcher@main] Found entity class 'acme.roles.Inventor 
2022-03-30 15:38:03.905 DEBUG [acme.Launcher@main] Found entity class 'acme.roles.Patron 
2022-03-30 15:38:03.906 DEBUG [acme.Launcher@main] Found entity class 'acme.roles.Provider 
2022-03-30 15:38:03.906 DEBUG [acme.Launcher@main] Found entity class 'acme.framework.entities.UserAccount 
2022-03-30 15:38:03.906 DEBUG [acme.Launcher@main] Found entity class 'acme.framework.roles.Administrator 
2022-03-30 15:38:03.906 DEBUG [acme.Launcher@main] Found entity class 'acme.framework.roles.Anonymous 
2022-03-30 15:38:03.906 DEBUG [acme.Launcher@main] Found entity class 'acme.framework.roles.Authenticated 
2022-03-30 15:38:03.912 INFO  [acme.Launcher@main] Running application (Standalone) 
2022-03-30 15:38:29.289 DEBUG [acme.framework.components.tiles.DynamicTilesView@http-nio-8081-exec-3] View name 'fragments/welcome', model {} 
2022-03-30 15:38:29.309 DEBUG [org.apache.tiles.definition.dao.BaseLocaleUrlDefinitionDAO@http-nio-8081-exec-3] File Resource file:/C:/Users/MRF/Desktop/Workspace-22.0/Projects/Acme-Toolkits/target/classes/WEB-INF/views/master/tiles_en.xml at file:/C:/Users/MRF/Desktop/Workspace-22.0/Projects/Acme-Toolkits/target/classes/WEB-INF/views/master/tiles_en.xml not found, continue 
2022-03-30 15:38:29.319 DEBUG [org.apache.jasper.servlet.JspServlet@http-nio-8081-exec-3] JspEngine --> /WEB-INF/views/master/page.jsp 
2022-03-30 15:38:29.319 DEBUG [org.apache.jasper.servlet.JspServlet@http-nio-8081-exec-3] ServletPath: /WEB-INF/views/master/page.jsp 
2022-03-30 15:38:29.320 DEBUG [org.apache.jasper.servlet.JspServlet@http-nio-8081-exec-3] PathInfo: null 
2022-03-30 15:38:29.322 DEBUG [org.apache.jasper.servlet.JspServlet@http-nio-8081-exec-3] RealPath: C:\Users\MRF\Desktop\Workspace-22.0\Projects\Acme-Toolkits\target\classes\WEB-INF\views\master\page.jsp 
2022-03-30 15:38:29.323 DEBUG [org.apache.jasper.servlet.JspServlet@http-nio-8081-exec-3] RequestURI: /acme-toolkits-22.1/WEB-INF/views/master/page.jsp 
2022-03-30 15:38:29.323 DEBUG [org.apache.jasper.servlet.JspServlet@http-nio-8081-exec-3] QueryString: null 
2022-03-30 15:38:32.994 DEBUG [acme.framework.components.tiles.DynamicTilesView@http-nio-8081-exec-5] View name 'fragments/welcome', model {} 
2022-03-30 15:38:32.997 DEBUG [org.apache.jasper.servlet.JspServlet@http-nio-8081-exec-5] JspEngine --> /WEB-INF/views/master/page.jsp 
2022-03-30 15:38:32.999 DEBUG [org.apache.jasper.servlet.JspServlet@http-nio-8081-exec-5] ServletPath: /WEB-INF/views/master/page.jsp 
2022-03-30 15:38:33 DEBUG [org.apache.jasper.servlet.JspServlet@http-nio-8081-exec-5] PathInfo: null 
2022-03-30 15:38:33.002 DEBUG [org.apache.jasper.servlet.JspServlet@http-nio-8081-exec-5] RealPath: C:\Users\MRF\Desktop\Workspace-22.0\Projects\Acme-Toolkits\target\classes\WEB-INF\views\master\page.jsp 
2022-03-30 15:38:33.002 DEBUG [org.apache.jasper.servlet.JspServlet@http-nio-8081-exec-5] RequestURI: /acme-toolkits-22.1/WEB-INF/views/master/page.jsp 
2022-03-30 15:38:33.003 DEBUG [org.apache.jasper.servlet.JspServlet@http-nio-8081-exec-5] QueryString: null 
2022-03-30 15:38:34.419 DEBUG [acme.framework.configuration.ExtendedMessageSource@http-nio-8081-exec-5] Loading properties [C:\Users\MRF\Desktop\Workspace-22.0\Projects\Acme-Toolkits\target\classes\WEB-INF\views\administrator\item\messages-en.i18n] with encoding 'utf-8' 
2022-03-30 15:38:34.420 DEBUG [acme.framework.configuration.ExtendedMessageSource@http-nio-8081-exec-5] Loading properties [C:\Users\MRF\Desktop\Workspace-22.0\Projects\Acme-Toolkits\target\classes\WEB-INF\views\administrator\user-account\messages-en.i18n] with encoding 'utf-8' 
2022-03-30 15:38:34.421 DEBUG [acme.framework.configuration.ExtendedMessageSource@http-nio-8081-exec-5] Loading properties [C:\Users\MRF\Desktop\Workspace-22.0\Projects\Acme-Toolkits\target\classes\WEB-INF\views\anonymous\item\messages-en.i18n] with encoding 'utf-8' 
2022-03-30 15:38:34.422 DEBUG [acme.framework.configuration.ExtendedMessageSource@http-nio-8081-exec-5] Loading properties [C:\Users\MRF\Desktop\Workspace-22.0\Projects\Acme-Toolkits\target\classes\WEB-INF\views\anonymous\user-account\messages-en.i18n] with encoding 'utf-8' 
2022-03-30 15:38:34.423 DEBUG [acme.framework.configuration.ExtendedMessageSource@http-nio-8081-exec-5] Loading properties [C:\Users\MRF\Desktop\Workspace-22.0\Projects\Acme-Toolkits\target\classes\WEB-INF\views\authenticated\consumer\messsages-en.i18n] with encoding 'utf-8' 
2022-03-30 15:38:34.424 DEBUG [acme.framework.configuration.ExtendedMessageSource@http-nio-8081-exec-5] Loading properties [C:\Users\MRF\Desktop\Workspace-22.0\Projects\Acme-Toolkits\target\classes\WEB-INF\views\authenticated\item\messages-en.i18n] with encoding 'utf-8' 
2022-03-30 15:38:34.425 DEBUG [acme.framework.configuration.ExtendedMessageSource@http-nio-8081-exec-5] Loading properties [C:\Users\MRF\Desktop\Workspace-22.0\Projects\Acme-Toolkits\target\classes\WEB-INF\views\authenticated\provider\messsages-en.i18n] with encoding 'utf-8' 
2022-03-30 15:38:34.427 DEBUG [acme.framework.configuration.ExtendedMessageSource@http-nio-8081-exec-5] Loading properties [C:\Users\MRF\Desktop\Workspace-22.0\Projects\Acme-Toolkits\target\classes\WEB-INF\views\authenticated\user-account\messages-en.i18n] with encoding 'utf-8' 
2022-03-30 15:38:34.428 DEBUG [acme.framework.configuration.ExtendedMessageSource@http-nio-8081-exec-5] Loading properties [C:\Users\MRF\Desktop\Workspace-22.0\Projects\Acme-Toolkits\target\classes\WEB-INF\views\fragments\banner-en.i18n] with encoding 'utf-8' 
2022-03-30 15:38:34.429 DEBUG [acme.framework.configuration.ExtendedMessageSource@http-nio-8081-exec-5] Loading properties [C:\Users\MRF\Desktop\Workspace-22.0\Projects\Acme-Toolkits\target\classes\WEB-INF\views\fragments\company-en.i18n] with encoding 'utf-8' 
2022-03-30 15:38:34.431 DEBUG [acme.framework.configuration.ExtendedMessageSource@http-nio-8081-exec-5] Loading properties [C:\Users\MRF\Desktop\Workspace-22.0\Projects\Acme-Toolkits\target\classes\WEB-INF\views\fragments\footer-en.i18n] with encoding 'utf-8' 
2022-03-30 15:38:34.432 DEBUG [acme.framework.configuration.ExtendedMessageSource@http-nio-8081-exec-5] Loading properties [C:\Users\MRF\Desktop\Workspace-22.0\Projects\Acme-Toolkits\target\classes\WEB-INF\views\fragments\license-en.i18n] with encoding 'utf-8' 
2022-03-30 15:38:34.434 DEBUG [acme.framework.configuration.ExtendedMessageSource@http-nio-8081-exec-5] Loading properties [C:\Users\MRF\Desktop\Workspace-22.0\Projects\Acme-Toolkits\target\classes\WEB-INF\views\fragments\menu-en.i18n] with encoding 'utf-8' 
2022-03-30 15:38:34.435 DEBUG [acme.framework.configuration.ExtendedMessageSource@http-nio-8081-exec-5] Loading properties [C:\Users\MRF\Desktop\Workspace-22.0\Projects\Acme-Toolkits\target\classes\WEB-INF\views\fragments\messsages-en.i18n] with encoding 'utf-8' 
2022-03-30 15:38:34.437 DEBUG [acme.framework.configuration.ExtendedMessageSource@http-nio-8081-exec-5] Loading properties [C:\Users\MRF\Desktop\Workspace-22.0\Projects\Acme-Toolkits\target\classes\WEB-INF\views\fragments\title-en.i18n] with encoding 'utf-8' 
2022-03-30 15:38:34.437 DEBUG [acme.framework.configuration.ExtendedMessageSource@http-nio-8081-exec-5] Loading properties [C:\Users\MRF\Desktop\Workspace-22.0\Projects\Acme-Toolkits\target\classes\WEB-INF\views\fragments\welcome-en.i18n] with encoding 'utf-8' 
2022-03-30 15:38:34.439 DEBUG [acme.framework.configuration.ExtendedMessageSource@http-nio-8081-exec-5] Loading properties [C:\Users\MRF\Desktop\Workspace-22.0\Projects\Acme-Toolkits\target\classes\WEB-INF\views\inventor\item\messages-en.i18n] with encoding 'utf-8' 
2022-03-30 15:38:34.440 DEBUG [acme.framework.configuration.ExtendedMessageSource@http-nio-8081-exec-5] Loading properties [C:\Users\MRF\Desktop\Workspace-22.0\Projects\Acme-Toolkits\target\classes\WEB-INF\views\master\defaults-en.i18n] with encoding 'utf-8' 
2022-03-30 15:38:34.441 DEBUG [acme.framework.configuration.ExtendedMessageSource@http-nio-8081-exec-5] Loading properties [C:\Users\MRF\Desktop\Workspace-22.0\Projects\Acme-Toolkits\target\classes\WEB-INF\views\master\master-en.i18n] with encoding 'utf-8' 
2022-03-30 15:38:34.442 DEBUG [acme.framework.configuration.ExtendedMessageSource@http-nio-8081-exec-5] Loading properties [C:\Users\MRF\Desktop\Workspace-22.0\Projects\Acme-Toolkits\target\classes\WEB-INF\views\master\throwables-en.i18n] with encoding 'utf-8' 
2022-03-30 15:38:34.443 DEBUG [acme.framework.configuration.ExtendedMessageSource@http-nio-8081-exec-5] Loading properties [C:\Users\MRF\Desktop\Workspace-22.0\Projects\Acme-Toolkits\target\classes\WEB-INF\views\master\validation-en.i18n] with encoding 'utf-8' 
2022-03-30 15:38:34.444 DEBUG [acme.framework.configuration.ExtendedMessageSource@http-nio-8081-exec-5] Loading properties [C:\Users\MRF\Desktop\Workspace-22.0\Projects\Acme-Toolkits\target\classes\WEB-INF\views\patron\item\messages-en.i18n] with encoding 'utf-8' 
2022-03-30 15:38:34.455 DEBUG [acme.framework.configuration.ExtendedMessageSource@http-nio-8081-exec-3] Loading properties [C:\Users\MRF\Desktop\Workspace-22.0\Projects\Acme-Toolkits\target\classes\WEB-INF\views\administrator\item\messages-en.i18n] with encoding 'utf-8' 
2022-03-30 15:38:34.456 DEBUG [acme.framework.configuration.ExtendedMessageSource@http-nio-8081-exec-3] Loading properties [C:\Users\MRF\Desktop\Workspace-22.0\Projects\Acme-Toolkits\target\classes\WEB-INF\views\administrator\user-account\messages-en.i18n] with encoding 'utf-8' 
2022-03-30 15:38:34.457 DEBUG [acme.framework.configuration.ExtendedMessageSource@http-nio-8081-exec-3] Loading properties [C:\Users\MRF\Desktop\Workspace-22.0\Projects\Acme-Toolkits\target\classes\WEB-INF\views\anonymous\item\messages-en.i18n] with encoding 'utf-8' 
2022-03-30 15:38:34.458 DEBUG [acme.framework.configuration.ExtendedMessageSource@http-nio-8081-exec-3] Loading properties [C:\Users\MRF\Desktop\Workspace-22.0\Projects\Acme-Toolkits\target\classes\WEB-INF\views\anonymous\user-account\messages-en.i18n] with encoding 'utf-8' 
2022-03-30 15:38:34.459 DEBUG [acme.framework.configuration.ExtendedMessageSource@http-nio-8081-exec-3] Loading properties [C:\Users\MRF\Desktop\Workspace-22.0\Projects\Acme-Toolkits\target\classes\WEB-INF\views\authenticated\consumer\messsages-en.i18n] with encoding 'utf-8' 
2022-03-30 15:38:34.461 DEBUG [acme.framework.configuration.ExtendedMessageSource@http-nio-8081-exec-3] Loading properties [C:\Users\MRF\Desktop\Workspace-22.0\Projects\Acme-Toolkits\target\classes\WEB-INF\views\authenticated\item\messages-en.i18n] with encoding 'utf-8' 
2022-03-30 15:38:34.462 DEBUG [acme.framework.configuration.ExtendedMessageSource@http-nio-8081-exec-3] Loading properties [C:\Users\MRF\Desktop\Workspace-22.0\Projects\Acme-Toolkits\target\classes\WEB-INF\views\authenticated\provider\messsages-en.i18n] with encoding 'utf-8' 
2022-03-30 15:38:34.463 DEBUG [acme.framework.configuration.ExtendedMessageSource@http-nio-8081-exec-3] Loading properties [C:\Users\MRF\Desktop\Workspace-22.0\Projects\Acme-Toolkits\target\classes\WEB-INF\views\authenticated\user-account\messages-en.i18n] with encoding 'utf-8' 
2022-03-30 15:38:34.464 DEBUG [acme.framework.configuration.ExtendedMessageSource@http-nio-8081-exec-3] Loading properties [C:\Users\MRF\Desktop\Workspace-22.0\Projects\Acme-Toolkits\target\classes\WEB-INF\views\fragments\banner-en.i18n] with encoding 'utf-8' 
2022-03-30 15:38:34.467 DEBUG [acme.framework.configuration.ExtendedMessageSource@http-nio-8081-exec-3] Loading properties [C:\Users\MRF\Desktop\Workspace-22.0\Projects\Acme-Toolkits\target\classes\WEB-INF\views\fragments\company-en.i18n] with encoding 'utf-8' 
2022-03-30 15:38:34.468 DEBUG [acme.framework.configuration.ExtendedMessageSource@http-nio-8081-exec-3] Loading properties [C:\Users\MRF\Desktop\Workspace-22.0\Projects\Acme-Toolkits\target\classes\WEB-INF\views\fragments\footer-en.i18n] with encoding 'utf-8' 
2022-03-30 15:38:34.470 DEBUG [acme.framework.configuration.ExtendedMessageSource@http-nio-8081-exec-3] Loading properties [C:\Users\MRF\Desktop\Workspace-22.0\Projects\Acme-Toolkits\target\classes\WEB-INF\views\fragments\license-en.i18n] with encoding 'utf-8' 
2022-03-30 15:38:34.470 DEBUG [acme.framework.configuration.ExtendedMessageSource@http-nio-8081-exec-3] Loading properties [C:\Users\MRF\Desktop\Workspace-22.0\Projects\Acme-Toolkits\target\classes\WEB-INF\views\fragments\menu-en.i18n] with encoding 'utf-8' 
2022-03-30 15:38:34.473 DEBUG [acme.framework.configuration.ExtendedMessageSource@http-nio-8081-exec-3] Loading properties [C:\Users\MRF\Desktop\Workspace-22.0\Projects\Acme-Toolkits\target\classes\WEB-INF\views\fragments\messsages-en.i18n] with encoding 'utf-8' 
2022-03-30 15:38:34.474 DEBUG [acme.framework.configuration.ExtendedMessageSource@http-nio-8081-exec-3] Loading properties [C:\Users\MRF\Desktop\Workspace-22.0\Projects\Acme-Toolkits\target\classes\WEB-INF\views\fragments\title-en.i18n] with encoding 'utf-8' 
2022-03-30 15:38:34.476 DEBUG [acme.framework.configuration.ExtendedMessageSource@http-nio-8081-exec-3] Loading properties [C:\Users\MRF\Desktop\Workspace-22.0\Projects\Acme-Toolkits\target\classes\WEB-INF\views\fragments\welcome-en.i18n] with encoding 'utf-8' 
2022-03-30 15:38:34.477 DEBUG [acme.framework.configuration.ExtendedMessageSource@http-nio-8081-exec-3] Loading properties [C:\Users\MRF\Desktop\Workspace-22.0\Projects\Acme-Toolkits\target\classes\WEB-INF\views\inventor\item\messages-en.i18n] with encoding 'utf-8' 
2022-03-30 15:38:34.478 DEBUG [acme.framework.configuration.ExtendedMessageSource@http-nio-8081-exec-3] Loading properties [C:\Users\MRF\Desktop\Workspace-22.0\Projects\Acme-Toolkits\target\classes\WEB-INF\views\master\defaults-en.i18n] with encoding 'utf-8' 
2022-03-30 15:38:34.479 DEBUG [acme.framework.configuration.ExtendedMessageSource@http-nio-8081-exec-3] Loading properties [C:\Users\MRF\Desktop\Workspace-22.0\Projects\Acme-Toolkits\target\classes\WEB-INF\views\master\master-en.i18n] with encoding 'utf-8' 
2022-03-30 15:38:34.481 DEBUG [acme.framework.configuration.ExtendedMessageSource@http-nio-8081-exec-3] Loading properties [C:\Users\MRF\Desktop\Workspace-22.0\Projects\Acme-Toolkits\target\classes\WEB-INF\views\master\throwables-en.i18n] with encoding 'utf-8' 
2022-03-30 15:38:34.482 DEBUG [acme.framework.configuration.ExtendedMessageSource@http-nio-8081-exec-3] Loading properties [C:\Users\MRF\Desktop\Workspace-22.0\Projects\Acme-Toolkits\target\classes\WEB-INF\views\master\validation-en.i18n] with encoding 'utf-8' 
2022-03-30 15:38:34.483 DEBUG [acme.framework.configuration.ExtendedMessageSource@http-nio-8081-exec-3] Loading properties [C:\Users\MRF\Desktop\Workspace-22.0\Projects\Acme-Toolkits\target\classes\WEB-INF\views\patron\item\messages-en.i18n] with encoding 'utf-8' 
2022-03-30 15:38:34.735 DEBUG [org.apache.jasper.servlet.JspServlet@http-nio-8081-exec-5] JspEngine --> /WEB-INF/views/fragments/welcome.jsp 
2022-03-30 15:38:34.735 DEBUG [org.apache.jasper.servlet.JspServlet@http-nio-8081-exec-3] JspEngine --> /WEB-INF/views/fragments/welcome.jsp 
2022-03-30 15:38:34.735 DEBUG [org.apache.jasper.servlet.JspServlet@http-nio-8081-exec-5] ServletPath: /WEB-INF/views/master/page.jsp 
2022-03-30 15:38:34.735 DEBUG [org.apache.jasper.servlet.JspServlet@http-nio-8081-exec-3] ServletPath: /WEB-INF/views/master/page.jsp 
2022-03-30 15:38:34.736 DEBUG [org.apache.jasper.servlet.JspServlet@http-nio-8081-exec-3] PathInfo: null 
2022-03-30 15:38:34.736 DEBUG [org.apache.jasper.servlet.JspServlet@http-nio-8081-exec-5] PathInfo: null 
2022-03-30 15:38:34.738 DEBUG [org.apache.jasper.servlet.JspServlet@http-nio-8081-exec-3] RealPath: C:\Users\MRF\Desktop\Workspace-22.0\Projects\Acme-Toolkits\target\classes\WEB-INF\views\fragments\welcome.jsp 
2022-03-30 15:38:34.738 DEBUG [org.apache.jasper.servlet.JspServlet@http-nio-8081-exec-5] RealPath: C:\Users\MRF\Desktop\Workspace-22.0\Projects\Acme-Toolkits\target\classes\WEB-INF\views\fragments\welcome.jsp 
2022-03-30 15:38:34.739 DEBUG [org.apache.jasper.servlet.JspServlet@http-nio-8081-exec-3] RequestURI: /acme-toolkits-22.1/WEB-INF/views/master/page.jsp 
2022-03-30 15:38:34.739 DEBUG [org.apache.jasper.servlet.JspServlet@http-nio-8081-exec-5] RequestURI: /acme-toolkits-22.1/WEB-INF/views/master/page.jsp 
2022-03-30 15:38:34.739 DEBUG [org.apache.jasper.servlet.JspServlet@http-nio-8081-exec-3] QueryString: null 
2022-03-30 15:38:34.739 DEBUG [org.apache.jasper.servlet.JspServlet@http-nio-8081-exec-5] QueryString: null 
2022-03-30 15:38:35.334 DEBUG [org.hibernate.SQL@http-nio-8081-exec-3] select useraccoun0_.id as id1_0_, useraccoun0_.version as version2_0_, useraccoun0_.enabled as enabled1_16_, useraccoun0_.identity as identity2_16_, useraccoun0_.password as password3_16_, useraccoun0_.username as username4_16_ from user_account useraccoun0_ where useraccoun0_.username=? 
2022-03-30 15:38:35.334 DEBUG [org.hibernate.SQL@http-nio-8081-exec-5] select useraccoun0_.id as id1_0_, useraccoun0_.version as version2_0_, useraccoun0_.enabled as enabled1_16_, useraccoun0_.identity as identity2_16_, useraccoun0_.password as password3_16_, useraccoun0_.username as username4_16_ from user_account useraccoun0_ where useraccoun0_.username=? 
2022-03-30 15:38:35.383 TRACE [org.hibernate.type.descriptor.sql.BasicBinder@http-nio-8081-exec-3] binding parameter [1] as [VARCHAR] - [anonymous] 
2022-03-30 15:38:35.383 TRACE [org.hibernate.type.descriptor.sql.BasicBinder@http-nio-8081-exec-5] binding parameter [1] as [VARCHAR] - [anonymous] 
2022-03-30 15:38:35.479 DEBUG [org.hibernate.SQL@http-nio-8081-exec-3] select roles0_.user_account_id as user_acc1_17_0_, roles0_.id as id1_17_0_, roles0_.id as id1_0_1_, roles0_.version as version2_0_1_, roles0_.user_account_id as user_acc1_17_1_, roles0_.company as company1_6_1_, roles0_.sector as sector2_6_1_, roles0_.company as company1_7_1_, roles0_.info as info2_7_1_, roles0_.statement as statemen3_7_1_, roles0_.company as company1_9_1_, roles0_.info as info2_9_1_, roles0_.statement as statemen3_9_1_, roles0_.company as company1_12_1_, roles0_.sector as sector2_12_1_, roles0_.clazz_ as clazz_1_ from ( select id, version, user_account_id, company, sector, null as info, null as statement, 10 as clazz_ from consumer union all select id, version, user_account_id, company, null as sector, info, statement, 11 as clazz_ from inventor union all select id, version, user_account_id, company, null as sector, info, statement, 12 as clazz_ from patron union all select id, version, user_account_id, company, sector, null as info, null as statement, 13 as clazz_ from provider union all select id, version, user_account_id, null as company, null as sector, null as info, null as statement, 15 as clazz_ from administrator union all select id, version, user_account_id, null as company, null as sector, null as info, null as statement, 16 as clazz_ from anonymous union all select id, version, user_account_id, null as company, null as sector, null as info, null as statement, 17 as clazz_ from authenticated ) roles0_ where roles0_.user_account_id=? 
2022-03-30 15:38:35.479 DEBUG [org.hibernate.SQL@http-nio-8081-exec-5] select roles0_.user_account_id as user_acc1_17_0_, roles0_.id as id1_17_0_, roles0_.id as id1_0_1_, roles0_.version as version2_0_1_, roles0_.user_account_id as user_acc1_17_1_, roles0_.company as company1_6_1_, roles0_.sector as sector2_6_1_, roles0_.company as company1_7_1_, roles0_.info as info2_7_1_, roles0_.statement as statemen3_7_1_, roles0_.company as company1_9_1_, roles0_.info as info2_9_1_, roles0_.statement as statemen3_9_1_, roles0_.company as company1_12_1_, roles0_.sector as sector2_12_1_, roles0_.clazz_ as clazz_1_ from ( select id, version, user_account_id, company, sector, null as info, null as statement, 10 as clazz_ from consumer union all select id, version, user_account_id, company, null as sector, info, statement, 11 as clazz_ from inventor union all select id, version, user_account_id, company, null as sector, info, statement, 12 as clazz_ from patron union all select id, version, user_account_id, company, sector, null as info, null as statement, 13 as clazz_ from provider union all select id, version, user_account_id, null as company, null as sector, null as info, null as statement, 15 as clazz_ from administrator union all select id, version, user_account_id, null as company, null as sector, null as info, null as statement, 16 as clazz_ from anonymous union all select id, version, user_account_id, null as company, null as sector, null as info, null as statement, 17 as clazz_ from authenticated ) roles0_ where roles0_.user_account_id=? 
2022-03-30 15:38:35.480 TRACE [org.hibernate.type.descriptor.sql.BasicBinder@http-nio-8081-exec-3] binding parameter [1] as [INTEGER] - [1] 
2022-03-30 15:38:35.480 TRACE [org.hibernate.type.descriptor.sql.BasicBinder@http-nio-8081-exec-5] binding parameter [1] as [INTEGER] - [1] 
2022-03-30 15:38:37.448 DEBUG [acme.framework.components.tiles.DynamicTilesView@http-nio-8081-exec-10] View name 'master/sign-in', model {username=, password=, remember=false} 
2022-03-30 15:38:37.450 DEBUG [org.apache.jasper.servlet.JspServlet@http-nio-8081-exec-10] JspEngine --> /WEB-INF/views/master/page.jsp 
2022-03-30 15:38:37.450 DEBUG [org.apache.jasper.servlet.JspServlet@http-nio-8081-exec-10] ServletPath: /WEB-INF/views/master/page.jsp 
2022-03-30 15:38:37.451 DEBUG [org.apache.jasper.servlet.JspServlet@http-nio-8081-exec-10] PathInfo: null 
2022-03-30 15:38:37.454 DEBUG [org.apache.jasper.servlet.JspServlet@http-nio-8081-exec-10] RealPath: C:\Users\MRF\Desktop\Workspace-22.0\Projects\Acme-Toolkits\target\classes\WEB-INF\views\master\page.jsp 
2022-03-30 15:38:37.454 DEBUG [org.apache.jasper.servlet.JspServlet@http-nio-8081-exec-10] RequestURI: /acme-toolkits-22.1/WEB-INF/views/master/page.jsp 
2022-03-30 15:38:37.455 DEBUG [org.apache.jasper.servlet.JspServlet@http-nio-8081-exec-10] QueryString: null 
2022-03-30 15:38:37.752 DEBUG [org.apache.jasper.servlet.JspServlet@http-nio-8081-exec-10] JspEngine --> /WEB-INF/views/master/sign-in.jsp 
2022-03-30 15:38:37.753 DEBUG [org.apache.jasper.servlet.JspServlet@http-nio-8081-exec-10] ServletPath: /WEB-INF/views/master/page.jsp 
2022-03-30 15:38:37.753 DEBUG [org.apache.jasper.servlet.JspServlet@http-nio-8081-exec-10] PathInfo: null 
2022-03-30 15:38:37.755 DEBUG [org.apache.jasper.servlet.JspServlet@http-nio-8081-exec-10] RealPath: C:\Users\MRF\Desktop\Workspace-22.0\Projects\Acme-Toolkits\target\classes\WEB-INF\views\master\sign-in.jsp 
2022-03-30 15:38:37.756 DEBUG [org.apache.jasper.servlet.JspServlet@http-nio-8081-exec-10] RequestURI: /acme-toolkits-22.1/WEB-INF/views/master/page.jsp 
2022-03-30 15:38:37.756 DEBUG [org.apache.jasper.servlet.JspServlet@http-nio-8081-exec-10] QueryString: null 
2022-03-30 15:38:40.236 DEBUG [org.hibernate.SQL@http-nio-8081-exec-10] select useraccoun0_.id as id1_0_, useraccoun0_.version as version2_0_, useraccoun0_.enabled as enabled1_16_, useraccoun0_.identity as identity2_16_, useraccoun0_.password as password3_16_, useraccoun0_.username as username4_16_ from user_account useraccoun0_ where useraccoun0_.username=? 
2022-03-30 15:38:40.237 TRACE [org.hibernate.type.descriptor.sql.BasicBinder@http-nio-8081-exec-10] binding parameter [1] as [VARCHAR] - [anonymous] 
2022-03-30 15:38:40.240 DEBUG [org.hibernate.SQL@http-nio-8081-exec-10] select roles0_.user_account_id as user_acc1_17_0_, roles0_.id as id1_17_0_, roles0_.id as id1_0_1_, roles0_.version as version2_0_1_, roles0_.user_account_id as user_acc1_17_1_, roles0_.company as company1_6_1_, roles0_.sector as sector2_6_1_, roles0_.company as company1_7_1_, roles0_.info as info2_7_1_, roles0_.statement as statemen3_7_1_, roles0_.company as company1_9_1_, roles0_.info as info2_9_1_, roles0_.statement as statemen3_9_1_, roles0_.company as company1_12_1_, roles0_.sector as sector2_12_1_, roles0_.clazz_ as clazz_1_ from ( select id, version, user_account_id, company, sector, null as info, null as statement, 10 as clazz_ from consumer union all select id, version, user_account_id, company, null as sector, info, statement, 11 as clazz_ from inventor union all select id, version, user_account_id, company, null as sector, info, statement, 12 as clazz_ from patron union all select id, version, user_account_id, company, sector, null as info, null as statement, 13 as clazz_ from provider union all select id, version, user_account_id, null as company, null as sector, null as info, null as statement, 15 as clazz_ from administrator union all select id, version, user_account_id, null as company, null as sector, null as info, null as statement, 16 as clazz_ from anonymous union all select id, version, user_account_id, null as company, null as sector, null as info, null as statement, 17 as clazz_ from authenticated ) roles0_ where roles0_.user_account_id=? 
2022-03-30 15:38:40.240 TRACE [org.hibernate.type.descriptor.sql.BasicBinder@http-nio-8081-exec-10] binding parameter [1] as [INTEGER] - [1] 
2022-03-30 15:38:41.743 DEBUG [org.hibernate.SQL@http-nio-8081-exec-7] select useraccoun0_.id as id1_0_, useraccoun0_.version as version2_0_, useraccoun0_.enabled as enabled1_16_, useraccoun0_.identity as identity2_16_, useraccoun0_.password as password3_16_, useraccoun0_.username as username4_16_ from user_account useraccoun0_ where useraccoun0_.username=? 
2022-03-30 15:38:41.745 TRACE [org.hibernate.type.descriptor.sql.BasicBinder@http-nio-8081-exec-7] binding parameter [1] as [VARCHAR] - [inventor1] 
2022-03-30 15:38:41.750 DEBUG [org.hibernate.SQL@http-nio-8081-exec-7] select roles0_.user_account_id as user_acc1_17_0_, roles0_.id as id1_17_0_, roles0_.id as id1_0_1_, roles0_.version as version2_0_1_, roles0_.user_account_id as user_acc1_17_1_, roles0_.company as company1_6_1_, roles0_.sector as sector2_6_1_, roles0_.company as company1_7_1_, roles0_.info as info2_7_1_, roles0_.statement as statemen3_7_1_, roles0_.company as company1_9_1_, roles0_.info as info2_9_1_, roles0_.statement as statemen3_9_1_, roles0_.company as company1_12_1_, roles0_.sector as sector2_12_1_, roles0_.clazz_ as clazz_1_ from ( select id, version, user_account_id, company, sector, null as info, null as statement, 10 as clazz_ from consumer union all select id, version, user_account_id, company, null as sector, info, statement, 11 as clazz_ from inventor union all select id, version, user_account_id, company, null as sector, info, statement, 12 as clazz_ from patron union all select id, version, user_account_id, company, sector, null as info, null as statement, 13 as clazz_ from provider union all select id, version, user_account_id, null as company, null as sector, null as info, null as statement, 15 as clazz_ from administrator union all select id, version, user_account_id, null as company, null as sector, null as info, null as statement, 16 as clazz_ from anonymous union all select id, version, user_account_id, null as company, null as sector, null as info, null as statement, 17 as clazz_ from authenticated ) roles0_ where roles0_.user_account_id=? 
2022-03-30 15:38:41.751 TRACE [org.hibernate.type.descriptor.sql.BasicBinder@http-nio-8081-exec-7] binding parameter [1] as [INTEGER] - [6] 
2022-03-30 15:38:41.781 DEBUG [acme.framework.components.tiles.DynamicTilesView@http-nio-8081-exec-4] View name 'fragments/welcome', model {} 
2022-03-30 15:38:41.783 DEBUG [org.apache.jasper.servlet.JspServlet@http-nio-8081-exec-4] JspEngine --> /WEB-INF/views/master/page.jsp 
2022-03-30 15:38:41.783 DEBUG [org.apache.jasper.servlet.JspServlet@http-nio-8081-exec-4] ServletPath: /WEB-INF/views/master/page.jsp 
2022-03-30 15:38:41.784 DEBUG [org.apache.jasper.servlet.JspServlet@http-nio-8081-exec-4] PathInfo: null 
2022-03-30 15:38:41.785 DEBUG [org.apache.jasper.servlet.JspServlet@http-nio-8081-exec-4] RealPath: C:\Users\MRF\Desktop\Workspace-22.0\Projects\Acme-Toolkits\target\classes\WEB-INF\views\master\page.jsp 
2022-03-30 15:38:41.785 DEBUG [org.apache.jasper.servlet.JspServlet@http-nio-8081-exec-4] RequestURI: /acme-toolkits-22.1/WEB-INF/views/master/page.jsp 
2022-03-30 15:38:41.786 DEBUG [org.apache.jasper.servlet.JspServlet@http-nio-8081-exec-4] QueryString: null 
2022-03-30 15:38:42.120 DEBUG [org.apache.jasper.servlet.JspServlet@http-nio-8081-exec-4] JspEngine --> /WEB-INF/views/fragments/welcome.jsp 
2022-03-30 15:38:42.121 DEBUG [org.apache.jasper.servlet.JspServlet@http-nio-8081-exec-4] ServletPath: /WEB-INF/views/master/page.jsp 
2022-03-30 15:38:42.122 DEBUG [org.apache.jasper.servlet.JspServlet@http-nio-8081-exec-4] PathInfo: null 
2022-03-30 15:38:42.125 DEBUG [org.apache.jasper.servlet.JspServlet@http-nio-8081-exec-4] RealPath: C:\Users\MRF\Desktop\Workspace-22.0\Projects\Acme-Toolkits\target\classes\WEB-INF\views\fragments\welcome.jsp 
2022-03-30 15:38:42.126 DEBUG [org.apache.jasper.servlet.JspServlet@http-nio-8081-exec-4] RequestURI: /acme-toolkits-22.1/WEB-INF/views/master/page.jsp 
2022-03-30 15:38:42.127 DEBUG [org.apache.jasper.servlet.JspServlet@http-nio-8081-exec-4] QueryString: null 
2022-03-30 15:38:45.595 DEBUG [acme.framework.controllers.AbstractController@http-nio-8081-exec-3] DISPATCHING GET /acme-toolkits-22.1/inventor/item/list-all-mine-components 
2022-03-30 15:38:45.595 DEBUG [acme.framework.controllers.AbstractController@http-nio-8081-exec-3] Command: list-all-mine-components 
2022-03-30 15:38:45.595 DEBUG [acme.framework.controllers.AbstractController@http-nio-8081-exec-3] Model:   {} 
2022-03-30 15:38:45.595 DEBUG [acme.framework.controllers.AbstractController@http-nio-8081-exec-3] Locale:  en 
2022-03-30 15:38:45.630 DEBUG [org.hibernate.SQL@http-nio-8081-exec-3] select item0_.id as id1_0_, item0_.version as version2_0_, item0_.code as code1_8_, item0_.description as descript2_8_, item0_.inventor_id as inventor9_8_, item0_.link as link3_8_, item0_.name as name4_8_, item0_.retail_price_amount as retail_p5_8_, item0_.retail_price_currency as retail_p6_8_, item0_.technology as technolo7_8_, item0_.type as type8_8_ from item item0_ where item0_.inventor_id=? and item0_.type='COMPONENT' 
2022-03-30 15:38:45.632 TRACE [org.hibernate.type.descriptor.sql.BasicBinder@http-nio-8081-exec-3] binding parameter [1] as [INTEGER] - [8] 
2022-03-30 15:38:45.641 DEBUG [acme.framework.controllers.AbstractController@http-nio-8081-exec-3] SERVING GET /acme-toolkits-22.1/inventor/item/list-all-mine-components 
2022-03-30 15:38:45.642 DEBUG [acme.framework.controllers.AbstractController@http-nio-8081-exec-3] Result: ModelAndView [view="inventor/item/list"; model={list$size=0, command=list-all-mine-components, principal=acme.framework.entities.Principal@71f99675}] 
2022-03-30 15:38:45.648 DEBUG [acme.framework.components.tiles.DynamicTilesView@http-nio-8081-exec-3] View name 'inventor/item/list', model {list$size=0, command=list-all-mine-components, principal=acme.framework.entities.Principal@71f99675, org.springframework.validation.BindingResult.principal=org.springframework.validation.BeanPropertyBindingResult: 0 errors} 
2022-03-30 15:38:45.650 DEBUG [org.apache.jasper.servlet.JspServlet@http-nio-8081-exec-3] JspEngine --> /WEB-INF/views/master/page.jsp 
2022-03-30 15:38:45.650 DEBUG [org.apache.jasper.servlet.JspServlet@http-nio-8081-exec-3] ServletPath: /WEB-INF/views/master/page.jsp 
2022-03-30 15:38:45.650 DEBUG [org.apache.jasper.servlet.JspServlet@http-nio-8081-exec-3] PathInfo: null 
2022-03-30 15:38:45.651 DEBUG [org.apache.jasper.servlet.JspServlet@http-nio-8081-exec-3] RealPath: C:\Users\MRF\Desktop\Workspace-22.0\Projects\Acme-Toolkits\target\classes\WEB-INF\views\master\page.jsp 
2022-03-30 15:38:45.651 DEBUG [org.apache.jasper.servlet.JspServlet@http-nio-8081-exec-3] RequestURI: /acme-toolkits-22.1/WEB-INF/views/master/page.jsp 
2022-03-30 15:38:45.652 DEBUG [org.apache.jasper.servlet.JspServlet@http-nio-8081-exec-3] QueryString: null 
2022-03-30 15:38:45.832 DEBUG [org.apache.jasper.servlet.JspServlet@http-nio-8081-exec-3] JspEngine --> /WEB-INF/views/inventor/item/list.jsp 
2022-03-30 15:38:45.832 DEBUG [org.apache.jasper.servlet.JspServlet@http-nio-8081-exec-3] ServletPath: /WEB-INF/views/master/page.jsp 
2022-03-30 15:38:45.834 DEBUG [org.apache.jasper.servlet.JspServlet@http-nio-8081-exec-3] PathInfo: null 
2022-03-30 15:38:45.835 DEBUG [org.apache.jasper.servlet.JspServlet@http-nio-8081-exec-3] RealPath: C:\Users\MRF\Desktop\Workspace-22.0\Projects\Acme-Toolkits\target\classes\WEB-INF\views\inventor\item\list.jsp 
2022-03-30 15:38:45.835 DEBUG [org.apache.jasper.servlet.JspServlet@http-nio-8081-exec-3] RequestURI: /acme-toolkits-22.1/WEB-INF/views/master/page.jsp 
2022-03-30 15:38:45.836 DEBUG [org.apache.jasper.servlet.JspServlet@http-nio-8081-exec-3] QueryString: null 
