2022-04-04 16:54:05.989 INFO  [acme.Launcher@main] Starting Launcher using Java 1.8.0_281 on DESKTOP-N8OS56S with PID 14824 (C:\Users\usuario\Desktop\Workspace-22.0\Frameworks\Acme-Framework-22.3\target\classes started by usuario in C:\Users\usuario\Desktop\Workspace-22.0\Projects\Acme-Toolkits) 
2022-04-04 16:54:05.991 DEBUG [acme.Launcher@main] Running with Spring Boot v2.4.2, Spring v5.3.3 
2022-04-04 16:54:05.992 INFO  [acme.Launcher@main] The following profiles are active: development,default 
2022-04-04 16:54:11.124 DEBUG [org.apache.jasper.servlet.JasperInitializer@main] Initializing Jasper for context [application] 
2022-04-04 16:54:19.027 DEBUG [org.apache.jasper.servlet.JspServlet@main] Scratch dir for the JSP engine is: [C:\Users\usuario\AppData\Local\Temp\tomcat.8081.20196299742168765\work\Tomcat\localhost\acme-toolkits-22.1] 
2022-04-04 16:54:19.027 DEBUG [org.apache.jasper.servlet.JspServlet@main] IMPORTANT: Do not modify the generated servlets 
2022-04-04 16:54:19.045 INFO  [acme.Launcher@main] Started Launcher in 14.335 seconds (JVM running for 15.289) 
2022-04-04 16:54:19.052 DEBUG [acme.Launcher@main] Found classpath entry '/C:/Users/usuario/Desktop/Workspace-22.0/Projects/Acme-Toolkits/target/classes/' 
2022-04-04 16:54:19.052 DEBUG [acme.Launcher@main] Found classpath entry '/C:/Users/usuario/Desktop/Workspace-22.0/Projects/Acme-Toolkits/target/test-classes/' 
2022-04-04 16:54:19.052 DEBUG [acme.Launcher@main] Found classpath entry '/C:/Users/usuario/.m2/repository/org/springframework/boot/spring-boot-starter-tomcat/2.4.2/spring-boot-starter-tomcat-2.4.2.jar' 
2022-04-04 16:54:19.053 DEBUG [acme.Launcher@main] Found classpath entry '/C:/Users/usuario/.m2/repository/jakarta/annotation/jakarta.annotation-api/1.3.5/jakarta.annotation-api-1.3.5.jar' 
2022-04-04 16:54:19.053 DEBUG [acme.Launcher@main] Found classpath entry '/C:/Users/usuario/.m2/repository/org/apache/tomcat/embed/tomcat-embed-core/9.0.41/tomcat-embed-core-9.0.41.jar' 
2022-04-04 16:54:19.053 DEBUG [acme.Launcher@main] Found classpath entry '/C:/Users/usuario/.m2/repository/org/glassfish/jakarta.el/3.0.3/jakarta.el-3.0.3.jar' 
2022-04-04 16:54:19.053 DEBUG [acme.Launcher@main] Found classpath entry '/C:/Users/usuario/.m2/repository/org/apache/tomcat/embed/tomcat-embed-websocket/9.0.41/tomcat-embed-websocket-9.0.41.jar' 
2022-04-04 16:54:19.055 DEBUG [acme.Launcher@main] Found classpath entry '/C:/Users/usuario/.m2/repository/org/apache/tomcat/embed/tomcat-embed-jasper/9.0.41/tomcat-embed-jasper-9.0.41.jar' 
2022-04-04 16:54:19.055 DEBUG [acme.Launcher@main] Found classpath entry '/C:/Users/usuario/.m2/repository/org/apache/tomcat/embed/tomcat-embed-el/9.0.41/tomcat-embed-el-9.0.41.jar' 
2022-04-04 16:54:19.058 DEBUG [acme.Launcher@main] Found classpath entry '/C:/Users/usuario/.m2/repository/org/eclipse/jdt/ecj/3.18.0/ecj-3.18.0.jar' 
2022-04-04 16:54:19.058 DEBUG [acme.Launcher@main] Found classpath entry '/C:/Users/usuario/.m2/repository/javax/servlet/jstl/1.2/jstl-1.2.jar' 
2022-04-04 16:54:19.058 DEBUG [acme.Launcher@main] Found classpath entry '/C:/Users/usuario/.m2/repository/org/springframework/boot/spring-boot-starter-test/2.4.2/spring-boot-starter-test-2.4.2.jar' 
2022-04-04 16:54:19.059 DEBUG [acme.Launcher@main] Found classpath entry '/C:/Users/usuario/.m2/repository/org/springframework/boot/spring-boot-starter/2.4.2/spring-boot-starter-2.4.2.jar' 
2022-04-04 16:54:19.059 DEBUG [acme.Launcher@main] Found classpath entry '/C:/Users/usuario/.m2/repository/org/springframework/boot/spring-boot/2.4.2/spring-boot-2.4.2.jar' 
2022-04-04 16:54:19.059 DEBUG [acme.Launcher@main] Found classpath entry '/C:/Users/usuario/.m2/repository/org/springframework/boot/spring-boot-autoconfigure/2.4.2/spring-boot-autoconfigure-2.4.2.jar' 
2022-04-04 16:54:19.059 DEBUG [acme.Launcher@main] Found classpath entry '/C:/Users/usuario/.m2/repository/org/springframework/boot/spring-boot-starter-logging/2.4.2/spring-boot-starter-logging-2.4.2.jar' 
2022-04-04 16:54:19.060 DEBUG [acme.Launcher@main] Found classpath entry '/C:/Users/usuario/.m2/repository/ch/qos/logback/logback-classic/1.2.3/logback-classic-1.2.3.jar' 
2022-04-04 16:54:19.060 DEBUG [acme.Launcher@main] Found classpath entry '/C:/Users/usuario/.m2/repository/ch/qos/logback/logback-core/1.2.3/logback-core-1.2.3.jar' 
2022-04-04 16:54:19.060 DEBUG [acme.Launcher@main] Found classpath entry '/C:/Users/usuario/.m2/repository/org/apache/logging/log4j/log4j-to-slf4j/2.13.3/log4j-to-slf4j-2.13.3.jar' 
2022-04-04 16:54:19.062 DEBUG [acme.Launcher@main] Found classpath entry '/C:/Users/usuario/.m2/repository/org/apache/logging/log4j/log4j-api/2.13.3/log4j-api-2.13.3.jar' 
2022-04-04 16:54:19.063 DEBUG [acme.Launcher@main] Found classpath entry '/C:/Users/usuario/.m2/repository/org/slf4j/jul-to-slf4j/1.7.30/jul-to-slf4j-1.7.30.jar' 
2022-04-04 16:54:19.063 DEBUG [acme.Launcher@main] Found classpath entry '/C:/Users/usuario/.m2/repository/org/yaml/snakeyaml/1.27/snakeyaml-1.27.jar' 
2022-04-04 16:54:19.063 DEBUG [acme.Launcher@main] Found classpath entry '/C:/Users/usuario/.m2/repository/org/springframework/boot/spring-boot-test/2.4.2/spring-boot-test-2.4.2.jar' 
2022-04-04 16:54:19.063 DEBUG [acme.Launcher@main] Found classpath entry '/C:/Users/usuario/.m2/repository/org/springframework/boot/spring-boot-test-autoconfigure/2.4.2/spring-boot-test-autoconfigure-2.4.2.jar' 
2022-04-04 16:54:19.063 DEBUG [acme.Launcher@main] Found classpath entry '/C:/Users/usuario/.m2/repository/com/jayway/jsonpath/json-path/2.4.0/json-path-2.4.0.jar' 
2022-04-04 16:54:19.065 DEBUG [acme.Launcher@main] Found classpath entry '/C:/Users/usuario/.m2/repository/net/minidev/json-smart/2.3/json-smart-2.3.jar' 
2022-04-04 16:54:19.065 DEBUG [acme.Launcher@main] Found classpath entry '/C:/Users/usuario/.m2/repository/net/minidev/accessors-smart/1.2/accessors-smart-1.2.jar' 
2022-04-04 16:54:19.067 DEBUG [acme.Launcher@main] Found classpath entry '/C:/Users/usuario/.m2/repository/org/ow2/asm/asm/5.0.4/asm-5.0.4.jar' 
2022-04-04 16:54:19.067 DEBUG [acme.Launcher@main] Found classpath entry '/C:/Users/usuario/.m2/repository/jakarta/xml/bind/jakarta.xml.bind-api/2.3.3/jakarta.xml.bind-api-2.3.3.jar' 
2022-04-04 16:54:19.068 DEBUG [acme.Launcher@main] Found classpath entry '/C:/Users/usuario/.m2/repository/jakarta/activation/jakarta.activation-api/1.2.2/jakarta.activation-api-1.2.2.jar' 
2022-04-04 16:54:19.068 DEBUG [acme.Launcher@main] Found classpath entry '/C:/Users/usuario/.m2/repository/org/assertj/assertj-core/3.18.1/assertj-core-3.18.1.jar' 
2022-04-04 16:54:19.068 DEBUG [acme.Launcher@main] Found classpath entry '/C:/Users/usuario/.m2/repository/org/hamcrest/hamcrest/2.2/hamcrest-2.2.jar' 
2022-04-04 16:54:19.068 DEBUG [acme.Launcher@main] Found classpath entry '/C:/Users/usuario/.m2/repository/org/junit/jupiter/junit-jupiter/5.7.0/junit-jupiter-5.7.0.jar' 
2022-04-04 16:54:19.068 DEBUG [acme.Launcher@main] Found classpath entry '/C:/Users/usuario/.m2/repository/org/mockito/mockito-core/3.6.28/mockito-core-3.6.28.jar' 
2022-04-04 16:54:19.069 DEBUG [acme.Launcher@main] Found classpath entry '/C:/Users/usuario/.m2/repository/net/bytebuddy/byte-buddy-agent/1.10.19/byte-buddy-agent-1.10.19.jar' 
2022-04-04 16:54:19.069 DEBUG [acme.Launcher@main] Found classpath entry '/C:/Users/usuario/.m2/repository/org/objenesis/objenesis/3.1/objenesis-3.1.jar' 
2022-04-04 16:54:19.069 DEBUG [acme.Launcher@main] Found classpath entry '/C:/Users/usuario/.m2/repository/org/mockito/mockito-junit-jupiter/3.6.28/mockito-junit-jupiter-3.6.28.jar' 
2022-04-04 16:54:19.069 DEBUG [acme.Launcher@main] Found classpath entry '/C:/Users/usuario/.m2/repository/org/skyscreamer/jsonassert/1.5.0/jsonassert-1.5.0.jar' 
2022-04-04 16:54:19.069 DEBUG [acme.Launcher@main] Found classpath entry '/C:/Users/usuario/.m2/repository/com/vaadin/external/google/android-json/0.0.20131108.vaadin1/android-json-0.0.20131108.vaadin1.jar' 
2022-04-04 16:54:19.070 DEBUG [acme.Launcher@main] Found classpath entry '/C:/Users/usuario/.m2/repository/org/springframework/spring-core/5.3.3/spring-core-5.3.3.jar' 
2022-04-04 16:54:19.070 DEBUG [acme.Launcher@main] Found classpath entry '/C:/Users/usuario/.m2/repository/org/springframework/spring-jcl/5.3.3/spring-jcl-5.3.3.jar' 
2022-04-04 16:54:19.070 DEBUG [acme.Launcher@main] Found classpath entry '/C:/Users/usuario/.m2/repository/org/springframework/spring-test/5.3.3/spring-test-5.3.3.jar' 
2022-04-04 16:54:19.070 DEBUG [acme.Launcher@main] Found classpath entry '/C:/Users/usuario/.m2/repository/org/xmlunit/xmlunit-core/2.7.0/xmlunit-core-2.7.0.jar' 
2022-04-04 16:54:19.070 DEBUG [acme.Launcher@main] Found classpath entry '/C:/Users/usuario/.m2/repository/org/springframework/boot/spring-boot-starter-security/2.4.2/spring-boot-starter-security-2.4.2.jar' 
2022-04-04 16:54:19.071 DEBUG [acme.Launcher@main] Found classpath entry '/C:/Users/usuario/.m2/repository/org/springframework/spring-aop/5.3.3/spring-aop-5.3.3.jar' 
2022-04-04 16:54:19.071 DEBUG [acme.Launcher@main] Found classpath entry '/C:/Users/usuario/.m2/repository/org/springframework/security/spring-security-web/5.4.2/spring-security-web-5.4.2.jar' 
2022-04-04 16:54:19.071 DEBUG [acme.Launcher@main] Found classpath entry '/C:/Users/usuario/.m2/repository/org/springframework/security/spring-security-core/5.4.2/spring-security-core-5.4.2.jar' 
2022-04-04 16:54:19.071 DEBUG [acme.Launcher@main] Found classpath entry '/C:/Users/usuario/.m2/repository/org/springframework/spring-beans/5.3.3/spring-beans-5.3.3.jar' 
2022-04-04 16:54:19.072 DEBUG [acme.Launcher@main] Found classpath entry '/C:/Users/usuario/.m2/repository/org/springframework/spring-context/5.3.3/spring-context-5.3.3.jar' 
2022-04-04 16:54:19.072 DEBUG [acme.Launcher@main] Found classpath entry '/C:/Users/usuario/.m2/repository/org/springframework/spring-expression/5.3.3/spring-expression-5.3.3.jar' 
2022-04-04 16:54:19.072 DEBUG [acme.Launcher@main] Found classpath entry '/C:/Users/usuario/.m2/repository/org/springframework/spring-web/5.3.3/spring-web-5.3.3.jar' 
2022-04-04 16:54:19.072 DEBUG [acme.Launcher@main] Found classpath entry '/C:/Users/usuario/.m2/repository/org/springframework/security/spring-security-config/5.4.2/spring-security-config-5.4.2.jar' 
2022-04-04 16:54:19.072 DEBUG [acme.Launcher@main] Found classpath entry '/C:/Users/usuario/.m2/repository/org/springframework/security/spring-security-taglibs/5.4.2/spring-security-taglibs-5.4.2.jar' 
2022-04-04 16:54:19.073 DEBUG [acme.Launcher@main] Found classpath entry '/C:/Users/usuario/.m2/repository/org/springframework/security/spring-security-acl/5.4.2/spring-security-acl-5.4.2.jar' 
2022-04-04 16:54:19.073 DEBUG [acme.Launcher@main] Found classpath entry '/C:/Users/usuario/.m2/repository/org/springframework/spring-jdbc/5.3.3/spring-jdbc-5.3.3.jar' 
2022-04-04 16:54:19.073 DEBUG [acme.Launcher@main] Found classpath entry '/C:/Users/usuario/.m2/repository/org/springframework/spring-tx/5.3.3/spring-tx-5.3.3.jar' 
2022-04-04 16:54:19.073 DEBUG [acme.Launcher@main] Found classpath entry '/C:/Users/usuario/.m2/repository/org/springframework/boot/spring-boot-starter-web/2.4.2/spring-boot-starter-web-2.4.2.jar' 
2022-04-04 16:54:19.073 DEBUG [acme.Launcher@main] Found classpath entry '/C:/Users/usuario/.m2/repository/org/springframework/boot/spring-boot-starter-json/2.4.2/spring-boot-starter-json-2.4.2.jar' 
2022-04-04 16:54:19.075 DEBUG [acme.Launcher@main] Found classpath entry '/C:/Users/usuario/.m2/repository/com/fasterxml/jackson/core/jackson-databind/2.11.4/jackson-databind-2.11.4.jar' 
2022-04-04 16:54:19.075 DEBUG [acme.Launcher@main] Found classpath entry '/C:/Users/usuario/.m2/repository/com/fasterxml/jackson/core/jackson-annotations/2.11.4/jackson-annotations-2.11.4.jar' 
2022-04-04 16:54:19.075 DEBUG [acme.Launcher@main] Found classpath entry '/C:/Users/usuario/.m2/repository/com/fasterxml/jackson/core/jackson-core/2.11.4/jackson-core-2.11.4.jar' 
2022-04-04 16:54:19.076 DEBUG [acme.Launcher@main] Found classpath entry '/C:/Users/usuario/.m2/repository/com/fasterxml/jackson/datatype/jackson-datatype-jdk8/2.11.4/jackson-datatype-jdk8-2.11.4.jar' 
2022-04-04 16:54:19.077 DEBUG [acme.Launcher@main] Found classpath entry '/C:/Users/usuario/.m2/repository/com/fasterxml/jackson/datatype/jackson-datatype-jsr310/2.11.4/jackson-datatype-jsr310-2.11.4.jar' 
2022-04-04 16:54:19.079 DEBUG [acme.Launcher@main] Found classpath entry '/C:/Users/usuario/.m2/repository/com/fasterxml/jackson/module/jackson-module-parameter-names/2.11.4/jackson-module-parameter-names-2.11.4.jar' 
2022-04-04 16:54:19.080 DEBUG [acme.Launcher@main] Found classpath entry '/C:/Users/usuario/.m2/repository/org/springframework/spring-webmvc/5.3.3/spring-webmvc-5.3.3.jar' 
2022-04-04 16:54:19.080 DEBUG [acme.Launcher@main] Found classpath entry '/C:/Users/usuario/.m2/repository/org/apache/tiles/tiles-jsp/3.0.8/tiles-jsp-3.0.8.jar' 
2022-04-04 16:54:19.080 DEBUG [acme.Launcher@main] Found classpath entry '/C:/Users/usuario/.m2/repository/org/apache/tiles/tiles-servlet/3.0.8/tiles-servlet-3.0.8.jar' 
2022-04-04 16:54:19.080 DEBUG [acme.Launcher@main] Found classpath entry '/C:/Users/usuario/.m2/repository/org/apache/tiles/tiles-core/3.0.8/tiles-core-3.0.8.jar' 
2022-04-04 16:54:19.080 DEBUG [acme.Launcher@main] Found classpath entry '/C:/Users/usuario/.m2/repository/commons-digester/commons-digester/2.0/commons-digester-2.0.jar' 
2022-04-04 16:54:19.081 DEBUG [acme.Launcher@main] Found classpath entry '/C:/Users/usuario/.m2/repository/org/slf4j/jcl-over-slf4j/1.7.30/jcl-over-slf4j-1.7.30.jar' 
2022-04-04 16:54:19.081 DEBUG [acme.Launcher@main] Found classpath entry '/C:/Users/usuario/.m2/repository/org/apache/tiles/tiles-request-servlet/1.0.7/tiles-request-servlet-1.0.7.jar' 
2022-04-04 16:54:19.081 DEBUG [acme.Launcher@main] Found classpath entry '/C:/Users/usuario/.m2/repository/org/apache/tiles/tiles-template/3.0.8/tiles-template-3.0.8.jar' 
2022-04-04 16:54:19.081 DEBUG [acme.Launcher@main] Found classpath entry '/C:/Users/usuario/.m2/repository/org/apache/tiles/tiles-api/3.0.8/tiles-api-3.0.8.jar' 
2022-04-04 16:54:19.081 DEBUG [acme.Launcher@main] Found classpath entry '/C:/Users/usuario/.m2/repository/org/apache/tiles/tiles-autotag-core-runtime/1.2/tiles-autotag-core-runtime-1.2.jar' 
2022-04-04 16:54:19.082 DEBUG [acme.Launcher@main] Found classpath entry '/C:/Users/usuario/.m2/repository/org/slf4j/slf4j-api/1.7.30/slf4j-api-1.7.30.jar' 
2022-04-04 16:54:19.082 DEBUG [acme.Launcher@main] Found classpath entry '/C:/Users/usuario/.m2/repository/org/apache/tiles/tiles-request-jsp/1.0.7/tiles-request-jsp-1.0.7.jar' 
2022-04-04 16:54:19.082 DEBUG [acme.Launcher@main] Found classpath entry '/C:/Users/usuario/.m2/repository/org/apache/tiles/tiles-request-api/1.0.7/tiles-request-api-1.0.7.jar' 
2022-04-04 16:54:19.082 DEBUG [acme.Launcher@main] Found classpath entry '/C:/Users/usuario/.m2/repository/org/springframework/boot/spring-boot-starter-data-jpa/2.4.2/spring-boot-starter-data-jpa-2.4.2.jar' 
2022-04-04 16:54:19.082 DEBUG [acme.Launcher@main] Found classpath entry '/C:/Users/usuario/.m2/repository/org/springframework/boot/spring-boot-starter-aop/2.4.2/spring-boot-starter-aop-2.4.2.jar' 
2022-04-04 16:54:19.083 DEBUG [acme.Launcher@main] Found classpath entry '/C:/Users/usuario/.m2/repository/org/aspectj/aspectjweaver/1.9.6/aspectjweaver-1.9.6.jar' 
2022-04-04 16:54:19.083 DEBUG [acme.Launcher@main] Found classpath entry '/C:/Users/usuario/.m2/repository/org/springframework/boot/spring-boot-starter-jdbc/2.4.2/spring-boot-starter-jdbc-2.4.2.jar' 
2022-04-04 16:54:19.083 DEBUG [acme.Launcher@main] Found classpath entry '/C:/Users/usuario/.m2/repository/jakarta/transaction/jakarta.transaction-api/1.3.3/jakarta.transaction-api-1.3.3.jar' 
2022-04-04 16:54:19.083 DEBUG [acme.Launcher@main] Found classpath entry '/C:/Users/usuario/.m2/repository/jakarta/persistence/jakarta.persistence-api/2.2.3/jakarta.persistence-api-2.2.3.jar' 
2022-04-04 16:54:19.083 DEBUG [acme.Launcher@main] Found classpath entry '/C:/Users/usuario/.m2/repository/org/hibernate/hibernate-core/5.4.27.Final/hibernate-core-5.4.27.Final.jar' 
2022-04-04 16:54:19.083 DEBUG [acme.Launcher@main] Found classpath entry '/C:/Users/usuario/.m2/repository/org/jboss/logging/jboss-logging/3.4.1.Final/jboss-logging-3.4.1.Final.jar' 
2022-04-04 16:54:19.084 DEBUG [acme.Launcher@main] Found classpath entry '/C:/Users/usuario/.m2/repository/org/javassist/javassist/3.27.0-GA/javassist-3.27.0-GA.jar' 
2022-04-04 16:54:19.085 DEBUG [acme.Launcher@main] Found classpath entry '/C:/Users/usuario/.m2/repository/antlr/antlr/2.7.7/antlr-2.7.7.jar' 
2022-04-04 16:54:19.085 DEBUG [acme.Launcher@main] Found classpath entry '/C:/Users/usuario/.m2/repository/org/jboss/jandex/2.1.3.Final/jandex-2.1.3.Final.jar' 
2022-04-04 16:54:19.086 DEBUG [acme.Launcher@main] Found classpath entry '/C:/Users/usuario/.m2/repository/com/fasterxml/classmate/1.5.1/classmate-1.5.1.jar' 
2022-04-04 16:54:19.087 DEBUG [acme.Launcher@main] Found classpath entry '/C:/Users/usuario/.m2/repository/org/dom4j/dom4j/2.1.3/dom4j-2.1.3.jar' 
2022-04-04 16:54:19.087 DEBUG [acme.Launcher@main] Found classpath entry '/C:/Users/usuario/.m2/repository/org/hibernate/common/hibernate-commons-annotations/5.1.2.Final/hibernate-commons-annotations-5.1.2.Final.jar' 
2022-04-04 16:54:19.087 DEBUG [acme.Launcher@main] Found classpath entry '/C:/Users/usuario/.m2/repository/org/glassfish/jaxb/jaxb-runtime/2.3.3/jaxb-runtime-2.3.3.jar' 
2022-04-04 16:54:19.088 DEBUG [acme.Launcher@main] Found classpath entry '/C:/Users/usuario/.m2/repository/org/glassfish/jaxb/txw2/2.3.3/txw2-2.3.3.jar' 
2022-04-04 16:54:19.088 DEBUG [acme.Launcher@main] Found classpath entry '/C:/Users/usuario/.m2/repository/com/sun/istack/istack-commons-runtime/3.0.11/istack-commons-runtime-3.0.11.jar' 
2022-04-04 16:54:19.089 DEBUG [acme.Launcher@main] Found classpath entry '/C:/Users/usuario/.m2/repository/com/sun/activation/jakarta.activation/1.2.2/jakarta.activation-1.2.2.jar' 
2022-04-04 16:54:19.089 DEBUG [acme.Launcher@main] Found classpath entry '/C:/Users/usuario/.m2/repository/org/springframework/data/spring-data-jpa/2.4.3/spring-data-jpa-2.4.3.jar' 
2022-04-04 16:54:19.089 DEBUG [acme.Launcher@main] Found classpath entry '/C:/Users/usuario/.m2/repository/org/springframework/data/spring-data-commons/2.4.3/spring-data-commons-2.4.3.jar' 
2022-04-04 16:54:19.089 DEBUG [acme.Launcher@main] Found classpath entry '/C:/Users/usuario/.m2/repository/org/springframework/spring-orm/5.3.3/spring-orm-5.3.3.jar' 
2022-04-04 16:54:19.089 DEBUG [acme.Launcher@main] Found classpath entry '/C:/Users/usuario/.m2/repository/org/springframework/spring-aspects/5.3.3/spring-aspects-5.3.3.jar' 
2022-04-04 16:54:19.089 DEBUG [acme.Launcher@main] Found classpath entry '/C:/Users/usuario/.m2/repository/org/springframework/boot/spring-boot-starter-validation/2.4.2/spring-boot-starter-validation-2.4.2.jar' 
2022-04-04 16:54:19.090 DEBUG [acme.Launcher@main] Found classpath entry '/C:/Users/usuario/.m2/repository/org/hibernate/validator/hibernate-validator/6.1.7.Final/hibernate-validator-6.1.7.Final.jar' 
2022-04-04 16:54:19.090 DEBUG [acme.Launcher@main] Found classpath entry '/C:/Users/usuario/.m2/repository/jakarta/validation/jakarta.validation-api/2.0.2/jakarta.validation-api-2.0.2.jar' 
2022-04-04 16:54:19.090 DEBUG [acme.Launcher@main] Found classpath entry '/C:/Users/usuario/.m2/repository/mysql/mysql-connector-java/8.0.22/mysql-connector-java-8.0.22.jar' 
2022-04-04 16:54:19.090 DEBUG [acme.Launcher@main] Found classpath entry '/C:/Users/usuario/.m2/repository/com/zaxxer/HikariCP/3.4.5/HikariCP-3.4.5.jar' 
2022-04-04 16:54:19.090 DEBUG [acme.Launcher@main] Found classpath entry '/C:/Users/usuario/.m2/repository/org/junit/jupiter/junit-jupiter-engine/5.7.0/junit-jupiter-engine-5.7.0.jar' 
2022-04-04 16:54:19.091 DEBUG [acme.Launcher@main] Found classpath entry '/C:/Users/usuario/.m2/repository/org/apiguardian/apiguardian-api/1.1.0/apiguardian-api-1.1.0.jar' 
2022-04-04 16:54:19.091 DEBUG [acme.Launcher@main] Found classpath entry '/C:/Users/usuario/.m2/repository/org/junit/platform/junit-platform-engine/1.7.0/junit-platform-engine-1.7.0.jar' 
2022-04-04 16:54:19.091 DEBUG [acme.Launcher@main] Found classpath entry '/C:/Users/usuario/.m2/repository/org/junit/jupiter/junit-jupiter-api/5.7.0/junit-jupiter-api-5.7.0.jar' 
2022-04-04 16:54:19.091 DEBUG [acme.Launcher@main] Found classpath entry '/C:/Users/usuario/.m2/repository/org/opentest4j/opentest4j/1.2.0/opentest4j-1.2.0.jar' 
2022-04-04 16:54:19.091 DEBUG [acme.Launcher@main] Found classpath entry '/C:/Users/usuario/.m2/repository/org/junit/platform/junit-platform-commons/1.7.0/junit-platform-commons-1.7.0.jar' 
2022-04-04 16:54:19.091 DEBUG [acme.Launcher@main] Found classpath entry '/C:/Users/usuario/.m2/repository/org/junit/jupiter/junit-jupiter-params/5.7.0/junit-jupiter-params-5.7.0.jar' 
2022-04-04 16:54:19.092 DEBUG [acme.Launcher@main] Found classpath entry '/C:/Users/usuario/.m2/repository/org/junit/platform/junit-platform-launcher/1.7.0/junit-platform-launcher-1.7.0.jar' 
2022-04-04 16:54:19.092 DEBUG [acme.Launcher@main] Found classpath entry '/C:/Users/usuario/.m2/repository/org/seleniumhq/selenium/selenium-java/3.141.59/selenium-java-3.141.59.jar' 
2022-04-04 16:54:19.092 DEBUG [acme.Launcher@main] Found classpath entry '/C:/Users/usuario/.m2/repository/org/seleniumhq/selenium/selenium-api/3.141.59/selenium-api-3.141.59.jar' 
2022-04-04 16:54:19.092 DEBUG [acme.Launcher@main] Found classpath entry '/C:/Users/usuario/.m2/repository/org/seleniumhq/selenium/selenium-chrome-driver/3.141.59/selenium-chrome-driver-3.141.59.jar' 
2022-04-04 16:54:19.092 DEBUG [acme.Launcher@main] Found classpath entry '/C:/Users/usuario/.m2/repository/org/seleniumhq/selenium/selenium-edge-driver/3.141.59/selenium-edge-driver-3.141.59.jar' 
2022-04-04 16:54:19.093 DEBUG [acme.Launcher@main] Found classpath entry '/C:/Users/usuario/.m2/repository/org/seleniumhq/selenium/selenium-firefox-driver/3.141.59/selenium-firefox-driver-3.141.59.jar' 
2022-04-04 16:54:19.093 DEBUG [acme.Launcher@main] Found classpath entry '/C:/Users/usuario/.m2/repository/org/seleniumhq/selenium/selenium-ie-driver/3.141.59/selenium-ie-driver-3.141.59.jar' 
2022-04-04 16:54:19.093 DEBUG [acme.Launcher@main] Found classpath entry '/C:/Users/usuario/.m2/repository/org/seleniumhq/selenium/selenium-opera-driver/3.141.59/selenium-opera-driver-3.141.59.jar' 
2022-04-04 16:54:19.093 DEBUG [acme.Launcher@main] Found classpath entry '/C:/Users/usuario/.m2/repository/org/seleniumhq/selenium/selenium-remote-driver/3.141.59/selenium-remote-driver-3.141.59.jar' 
2022-04-04 16:54:19.093 DEBUG [acme.Launcher@main] Found classpath entry '/C:/Users/usuario/.m2/repository/org/seleniumhq/selenium/selenium-safari-driver/3.141.59/selenium-safari-driver-3.141.59.jar' 
2022-04-04 16:54:19.094 DEBUG [acme.Launcher@main] Found classpath entry '/C:/Users/usuario/.m2/repository/org/seleniumhq/selenium/selenium-support/3.141.59/selenium-support-3.141.59.jar' 
2022-04-04 16:54:19.097 DEBUG [acme.Launcher@main] Found classpath entry '/C:/Users/usuario/.m2/repository/net/bytebuddy/byte-buddy/1.10.19/byte-buddy-1.10.19.jar' 
2022-04-04 16:54:19.097 DEBUG [acme.Launcher@main] Found classpath entry '/C:/Users/usuario/.m2/repository/org/apache/commons/commons-exec/1.3/commons-exec-1.3.jar' 
2022-04-04 16:54:19.098 DEBUG [acme.Launcher@main] Found classpath entry '/C:/Users/usuario/.m2/repository/com/google/guava/guava/25.0-jre/guava-25.0-jre.jar' 
2022-04-04 16:54:19.098 DEBUG [acme.Launcher@main] Found classpath entry '/C:/Users/usuario/.m2/repository/com/google/code/findbugs/jsr305/1.3.9/jsr305-1.3.9.jar' 
2022-04-04 16:54:19.098 DEBUG [acme.Launcher@main] Found classpath entry '/C:/Users/usuario/.m2/repository/org/checkerframework/checker-compat-qual/2.0.0/checker-compat-qual-2.0.0.jar' 
2022-04-04 16:54:19.098 DEBUG [acme.Launcher@main] Found classpath entry '/C:/Users/usuario/.m2/repository/com/google/errorprone/error_prone_annotations/2.1.3/error_prone_annotations-2.1.3.jar' 
2022-04-04 16:54:19.098 DEBUG [acme.Launcher@main] Found classpath entry '/C:/Users/usuario/.m2/repository/com/google/j2objc/j2objc-annotations/1.1/j2objc-annotations-1.1.jar' 
2022-04-04 16:54:19.098 DEBUG [acme.Launcher@main] Found classpath entry '/C:/Users/usuario/.m2/repository/org/codehaus/mojo/animal-sniffer-annotations/1.14/animal-sniffer-annotations-1.14.jar' 
2022-04-04 16:54:19.099 DEBUG [acme.Launcher@main] Found classpath entry '/C:/Users/usuario/.m2/repository/com/squareup/okhttp3/okhttp/3.14.9/okhttp-3.14.9.jar' 
2022-04-04 16:54:19.099 DEBUG [acme.Launcher@main] Found classpath entry '/C:/Users/usuario/.m2/repository/com/squareup/okio/okio/1.14.0/okio-1.14.0.jar' 
2022-04-04 16:54:19.099 DEBUG [acme.Launcher@main] Found classpath entry '/C:/Users/usuario/.m2/repository/org/apache/commons/commons-lang3/3.11/commons-lang3-3.11.jar' 
2022-04-04 16:54:19.099 DEBUG [acme.Launcher@main] Found classpath entry '/C:/Users/usuario/.m2/repository/org/apache/commons/commons-text/1.8/commons-text-1.8.jar' 
2022-04-04 16:54:19.099 DEBUG [acme.Launcher@main] Found classpath entry '/C:/Users/usuario/.m2/repository/commons-io/commons-io/2.6/commons-io-2.6.jar' 
2022-04-04 16:54:19.099 DEBUG [acme.Launcher@main] Found classpath entry '/C:/Users/usuario/.m2/repository/commons-cli/commons-cli/1.4/commons-cli-1.4.jar' 
2022-04-04 16:54:19.099 DEBUG [acme.Launcher@main] Found classpath entry '/C:/Users/usuario/.m2/repository/org/projectlombok/lombok/1.18.16/lombok-1.18.16.jar' 
2022-04-04 16:54:19.099 DEBUG [acme.Launcher@main] Found classpath entry '/C:/Users/usuario/.m2/repository/com/opencsv/opencsv/5.4/opencsv-5.4.jar' 
2022-04-04 16:54:19.100 DEBUG [acme.Launcher@main] Found classpath entry '/C:/Users/usuario/.m2/repository/commons-beanutils/commons-beanutils/1.9.4/commons-beanutils-1.9.4.jar' 
2022-04-04 16:54:19.100 DEBUG [acme.Launcher@main] Found classpath entry '/C:/Users/usuario/.m2/repository/commons-logging/commons-logging/1.2/commons-logging-1.2.jar' 
2022-04-04 16:54:19.100 DEBUG [acme.Launcher@main] Found classpath entry '/C:/Users/usuario/.m2/repository/commons-collections/commons-collections/3.2.2/commons-collections-3.2.2.jar' 
2022-04-04 16:54:19.100 DEBUG [acme.Launcher@main] Found classpath entry '/C:/Users/usuario/.m2/repository/org/apache/commons/commons-collections4/4.4/commons-collections4-4.4.jar' 
2022-04-04 16:54:19.100 DEBUG [acme.Launcher@main] Found classpath entry '/C:/Users/usuario/Desktop/Workspace-22.0/Frameworks/Acme-Framework-22.3/target/classes/' 
2022-04-04 16:54:19.100 DEBUG [acme.Launcher@main] Found classpath entry '/C:/Users/usuario/Desktop/Workspace-22.0/Frameworks/Acme-Framework-22.3/target/test-classes/' 
2022-04-04 16:54:19.100 DEBUG [acme.Launcher@main] Found classpath entry '/C:/Users/usuario/Desktop/Workspace-22.0/Tools/IDEs/eclipse-jee-2021-12-R/configuration/org.eclipse.osgi/418/0/.cp/lib/javaagent-shaded.jar' 
2022-04-04 16:54:19.232 DEBUG [acme.Launcher@main] Found entity class 'acme.entities.announcements.Announcement 
2022-04-04 16:54:19.233 DEBUG [acme.Launcher@main] Found entity class 'acme.entities.chirps.Chirp 
2022-04-04 16:54:19.233 DEBUG [acme.Launcher@main] Found entity class 'acme.entities.items.Item 
2022-04-04 16:54:19.233 DEBUG [acme.Launcher@main] Found entity class 'acme.entities.patronageReports.PatronageReport 
2022-04-04 16:54:19.233 DEBUG [acme.Launcher@main] Found entity class 'acme.entities.patronages.Patronage 
2022-04-04 16:54:19.233 DEBUG [acme.Launcher@main] Found entity class 'acme.entities.quantities.Quantity 
2022-04-04 16:54:19.233 DEBUG [acme.Launcher@main] Found entity class 'acme.entities.systemConfigurations.SystemConfiguration 
2022-04-04 16:54:19.233 DEBUG [acme.Launcher@main] Found entity class 'acme.entities.toolkits.Toolkit 
2022-04-04 16:54:19.234 DEBUG [acme.Launcher@main] Found entity class 'acme.roles.Consumer 
2022-04-04 16:54:19.234 DEBUG [acme.Launcher@main] Found entity class 'acme.roles.Inventor 
2022-04-04 16:54:19.234 DEBUG [acme.Launcher@main] Found entity class 'acme.roles.Patron 
2022-04-04 16:54:19.234 DEBUG [acme.Launcher@main] Found entity class 'acme.roles.Provider 
2022-04-04 16:54:19.234 DEBUG [acme.Launcher@main] Found entity class 'acme.framework.entities.UserAccount 
2022-04-04 16:54:19.234 DEBUG [acme.Launcher@main] Found entity class 'acme.framework.roles.Administrator 
2022-04-04 16:54:19.234 DEBUG [acme.Launcher@main] Found entity class 'acme.framework.roles.Anonymous 
2022-04-04 16:54:19.235 DEBUG [acme.Launcher@main] Found entity class 'acme.framework.roles.Any 
2022-04-04 16:54:19.235 DEBUG [acme.Launcher@main] Found entity class 'acme.framework.roles.Authenticated 
2022-04-04 16:54:19.240 INFO  [acme.Launcher@main] Running application (Standalone) 
2022-04-04 16:54:22.255 DEBUG [org.hibernate.SQL@http-nio-8081-exec-1] select useraccoun0_.id as id1_0_, useraccoun0_.version as version2_0_, useraccoun0_.enabled as enabled1_17_, useraccoun0_.identity as identity2_17_, useraccoun0_.password as password3_17_, useraccoun0_.username as username4_17_ from user_account useraccoun0_ where useraccoun0_.username=? 
2022-04-04 16:54:22.285 TRACE [org.hibernate.type.descriptor.sql.BasicBinder@http-nio-8081-exec-1] binding parameter [1] as [VARCHAR] - [administrator] 
2022-04-04 16:54:22.368 DEBUG [org.hibernate.SQL@http-nio-8081-exec-1] select roles0_.user_account_id as user_acc1_18_0_, roles0_.id as id1_18_0_, roles0_.id as id1_0_1_, roles0_.version as version2_0_1_, roles0_.user_account_id as user_acc1_18_1_, roles0_.company as company1_7_1_, roles0_.sector as sector2_7_1_, roles0_.company as company1_8_1_, roles0_.info as info2_8_1_, roles0_.statement as statemen3_8_1_, roles0_.company as company1_10_1_, roles0_.info as info2_10_1_, roles0_.statement as statemen3_10_1_, roles0_.company as company1_13_1_, roles0_.sector as sector2_13_1_, roles0_.clazz_ as clazz_1_ from ( select id, version, user_account_id, company, sector, null as info, null as statement, 10 as clazz_ from consumer union all select id, version, user_account_id, company, null as sector, info, statement, 11 as clazz_ from inventor union all select id, version, user_account_id, company, null as sector, info, statement, 12 as clazz_ from patron union all select id, version, user_account_id, company, sector, null as info, null as statement, 13 as clazz_ from provider union all select id, version, user_account_id, null as company, null as sector, null as info, null as statement, 15 as clazz_ from administrator union all select id, version, user_account_id, null as company, null as sector, null as info, null as statement, 16 as clazz_ from anonymous union all select id, version, user_account_id, null as company, null as sector, null as info, null as statement, 17 as clazz_ from any union all select id, version, user_account_id, null as company, null as sector, null as info, null as statement, 18 as clazz_ from authenticated ) roles0_ where roles0_.user_account_id=? 
2022-04-04 16:54:22.369 TRACE [org.hibernate.type.descriptor.sql.BasicBinder@http-nio-8081-exec-1] binding parameter [1] as [INTEGER] - [5] 
2022-04-04 16:54:22.501 DEBUG [acme.framework.components.tiles.DynamicTilesView@http-nio-8081-exec-2] View name 'fragments/welcome', model {} 
2022-04-04 16:54:22.525 DEBUG [org.apache.tiles.definition.dao.BaseLocaleUrlDefinitionDAO@http-nio-8081-exec-2] File Resource file:/C:/Users/usuario/Desktop/Workspace-22.0/Projects/Acme-Toolkits/target/classes/WEB-INF/views/master/tiles_es.xml at file:/C:/Users/usuario/Desktop/Workspace-22.0/Projects/Acme-Toolkits/target/classes/WEB-INF/views/master/tiles_es.xml not found, continue 
2022-04-04 16:54:22.539 DEBUG [org.apache.jasper.servlet.JspServlet@http-nio-8081-exec-2] JspEngine --> /WEB-INF/views/master/page.jsp 
2022-04-04 16:54:22.539 DEBUG [org.apache.jasper.servlet.JspServlet@http-nio-8081-exec-2] ServletPath: /WEB-INF/views/master/page.jsp 
2022-04-04 16:54:22.540 DEBUG [org.apache.jasper.servlet.JspServlet@http-nio-8081-exec-2] PathInfo: null 
2022-04-04 16:54:22.542 DEBUG [org.apache.jasper.servlet.JspServlet@http-nio-8081-exec-2] RealPath: C:\Users\usuario\Desktop\Workspace-22.0\Projects\Acme-Toolkits\target\classes\WEB-INF\views\master\page.jsp 
2022-04-04 16:54:22.543 DEBUG [org.apache.jasper.servlet.JspServlet@http-nio-8081-exec-2] RequestURI: /acme-toolkits-22.1/WEB-INF/views/master/page.jsp 
2022-04-04 16:54:22.544 DEBUG [org.apache.jasper.servlet.JspServlet@http-nio-8081-exec-2] QueryString: null 
2022-04-04 16:54:28.201 DEBUG [acme.framework.configuration.ExtendedMessageSource@http-nio-8081-exec-2] Loading properties [C:\Users\usuario\Desktop\Workspace-22.0\Projects\Acme-Toolkits\target\classes\WEB-INF\views\administrator\user-account\messages-en.i18n] with encoding 'utf-8' 
2022-04-04 16:54:28.202 DEBUG [acme.framework.configuration.ExtendedMessageSource@http-nio-8081-exec-2] Loading properties [C:\Users\usuario\Desktop\Workspace-22.0\Projects\Acme-Toolkits\target\classes\WEB-INF\views\anonymous\user-account\messages-en.i18n] with encoding 'utf-8' 
2022-04-04 16:54:28.203 DEBUG [acme.framework.configuration.ExtendedMessageSource@http-nio-8081-exec-2] Loading properties [C:\Users\usuario\Desktop\Workspace-22.0\Projects\Acme-Toolkits\target\classes\WEB-INF\views\any\item\messages-en.i18n] with encoding 'utf-8' 
2022-04-04 16:54:28.204 DEBUG [acme.framework.configuration.ExtendedMessageSource@http-nio-8081-exec-2] Loading properties [C:\Users\usuario\Desktop\Workspace-22.0\Projects\Acme-Toolkits\target\classes\WEB-INF\views\any\quantity\messages-en.i18n] with encoding 'utf-8' 
2022-04-04 16:54:28.205 DEBUG [acme.framework.configuration.ExtendedMessageSource@http-nio-8081-exec-2] Loading properties [C:\Users\usuario\Desktop\Workspace-22.0\Projects\Acme-Toolkits\target\classes\WEB-INF\views\any\toolkit\messages-en.i18n] with encoding 'utf-8' 
2022-04-04 16:54:28.206 DEBUG [acme.framework.configuration.ExtendedMessageSource@http-nio-8081-exec-2] Loading properties [C:\Users\usuario\Desktop\Workspace-22.0\Projects\Acme-Toolkits\target\classes\WEB-INF\views\authenticated\consumer\messsages-en.i18n] with encoding 'utf-8' 
2022-04-04 16:54:28.208 DEBUG [acme.framework.configuration.ExtendedMessageSource@http-nio-8081-exec-2] Loading properties [C:\Users\usuario\Desktop\Workspace-22.0\Projects\Acme-Toolkits\target\classes\WEB-INF\views\authenticated\provider\messsages-en.i18n] with encoding 'utf-8' 
2022-04-04 16:54:28.209 DEBUG [acme.framework.configuration.ExtendedMessageSource@http-nio-8081-exec-2] Loading properties [C:\Users\usuario\Desktop\Workspace-22.0\Projects\Acme-Toolkits\target\classes\WEB-INF\views\authenticated\user-account\messages-en.i18n] with encoding 'utf-8' 
2022-04-04 16:54:28.209 DEBUG [acme.framework.configuration.ExtendedMessageSource@http-nio-8081-exec-2] Loading properties [C:\Users\usuario\Desktop\Workspace-22.0\Projects\Acme-Toolkits\target\classes\WEB-INF\views\fragments\banner-en.i18n] with encoding 'utf-8' 
2022-04-04 16:54:28.210 DEBUG [acme.framework.configuration.ExtendedMessageSource@http-nio-8081-exec-2] Loading properties [C:\Users\usuario\Desktop\Workspace-22.0\Projects\Acme-Toolkits\target\classes\WEB-INF\views\fragments\company-en.i18n] with encoding 'utf-8' 
2022-04-04 16:54:28.211 DEBUG [acme.framework.configuration.ExtendedMessageSource@http-nio-8081-exec-2] Loading properties [C:\Users\usuario\Desktop\Workspace-22.0\Projects\Acme-Toolkits\target\classes\WEB-INF\views\fragments\footer-en.i18n] with encoding 'utf-8' 
2022-04-04 16:54:28.211 DEBUG [acme.framework.configuration.ExtendedMessageSource@http-nio-8081-exec-2] Loading properties [C:\Users\usuario\Desktop\Workspace-22.0\Projects\Acme-Toolkits\target\classes\WEB-INF\views\fragments\license-en.i18n] with encoding 'utf-8' 
2022-04-04 16:54:28.212 DEBUG [acme.framework.configuration.ExtendedMessageSource@http-nio-8081-exec-2] Loading properties [C:\Users\usuario\Desktop\Workspace-22.0\Projects\Acme-Toolkits\target\classes\WEB-INF\views\fragments\menu-en.i18n] with encoding 'utf-8' 
2022-04-04 16:54:28.213 DEBUG [acme.framework.configuration.ExtendedMessageSource@http-nio-8081-exec-2] Loading properties [C:\Users\usuario\Desktop\Workspace-22.0\Projects\Acme-Toolkits\target\classes\WEB-INF\views\fragments\messages-en.i18n] with encoding 'utf-8' 
2022-04-04 16:54:28.213 DEBUG [acme.framework.configuration.ExtendedMessageSource@http-nio-8081-exec-2] Loading properties [C:\Users\usuario\Desktop\Workspace-22.0\Projects\Acme-Toolkits\target\classes\WEB-INF\views\fragments\messsages-en.i18n] with encoding 'utf-8' 
2022-04-04 16:54:28.214 DEBUG [acme.framework.configuration.ExtendedMessageSource@http-nio-8081-exec-2] Loading properties [C:\Users\usuario\Desktop\Workspace-22.0\Projects\Acme-Toolkits\target\classes\WEB-INF\views\fragments\title-en.i18n] with encoding 'utf-8' 
2022-04-04 16:54:28.216 DEBUG [acme.framework.configuration.ExtendedMessageSource@http-nio-8081-exec-2] Loading properties [C:\Users\usuario\Desktop\Workspace-22.0\Projects\Acme-Toolkits\target\classes\WEB-INF\views\fragments\welcome-en.i18n] with encoding 'utf-8' 
2022-04-04 16:54:28.218 DEBUG [acme.framework.configuration.ExtendedMessageSource@http-nio-8081-exec-2] Loading properties [C:\Users\usuario\Desktop\Workspace-22.0\Projects\Acme-Toolkits\target\classes\WEB-INF\views\inventor\item\messages-en.i18n] with encoding 'utf-8' 
2022-04-04 16:54:28.218 DEBUG [acme.framework.configuration.ExtendedMessageSource@http-nio-8081-exec-2] Loading properties [C:\Users\usuario\Desktop\Workspace-22.0\Projects\Acme-Toolkits\target\classes\WEB-INF\views\master\defaults-en.i18n] with encoding 'utf-8' 
2022-04-04 16:54:28.219 DEBUG [acme.framework.configuration.ExtendedMessageSource@http-nio-8081-exec-2] Loading properties [C:\Users\usuario\Desktop\Workspace-22.0\Projects\Acme-Toolkits\target\classes\WEB-INF\views\master\master-en.i18n] with encoding 'utf-8' 
2022-04-04 16:54:28.220 DEBUG [acme.framework.configuration.ExtendedMessageSource@http-nio-8081-exec-2] Loading properties [C:\Users\usuario\Desktop\Workspace-22.0\Projects\Acme-Toolkits\target\classes\WEB-INF\views\master\throwables-en.i18n] with encoding 'utf-8' 
2022-04-04 16:54:28.220 DEBUG [acme.framework.configuration.ExtendedMessageSource@http-nio-8081-exec-2] Loading properties [C:\Users\usuario\Desktop\Workspace-22.0\Projects\Acme-Toolkits\target\classes\WEB-INF\views\master\validation-en.i18n] with encoding 'utf-8' 
2022-04-04 16:54:28.230 DEBUG [acme.framework.configuration.ExtendedMessageSource@http-nio-8081-exec-2] Loading properties [C:\Users\usuario\Desktop\Workspace-22.0\Projects\Acme-Toolkits\target\classes\WEB-INF\views\administrator\user-account\messages-es.i18n] with encoding 'utf-8' 
2022-04-04 16:54:28.231 DEBUG [acme.framework.configuration.ExtendedMessageSource@http-nio-8081-exec-2] Loading properties [C:\Users\usuario\Desktop\Workspace-22.0\Projects\Acme-Toolkits\target\classes\WEB-INF\views\anonymous\user-account\messages-es.i18n] with encoding 'utf-8' 
2022-04-04 16:54:28.232 DEBUG [acme.framework.configuration.ExtendedMessageSource@http-nio-8081-exec-2] Loading properties [C:\Users\usuario\Desktop\Workspace-22.0\Projects\Acme-Toolkits\target\classes\WEB-INF\views\any\item\messages-es.i18n] with encoding 'utf-8' 
2022-04-04 16:54:28.233 DEBUG [acme.framework.configuration.ExtendedMessageSource@http-nio-8081-exec-2] Loading properties [C:\Users\usuario\Desktop\Workspace-22.0\Projects\Acme-Toolkits\target\classes\WEB-INF\views\any\quantity\messages-es.i18n] with encoding 'utf-8' 
2022-04-04 16:54:28.234 DEBUG [acme.framework.configuration.ExtendedMessageSource@http-nio-8081-exec-2] Loading properties [C:\Users\usuario\Desktop\Workspace-22.0\Projects\Acme-Toolkits\target\classes\WEB-INF\views\any\toolkit\messages-es.i18n] with encoding 'utf-8' 
2022-04-04 16:54:28.236 DEBUG [acme.framework.configuration.ExtendedMessageSource@http-nio-8081-exec-2] Loading properties [C:\Users\usuario\Desktop\Workspace-22.0\Projects\Acme-Toolkits\target\classes\WEB-INF\views\authenticated\consumer\messsages-es.i18n] with encoding 'utf-8' 
2022-04-04 16:54:28.237 DEBUG [acme.framework.configuration.ExtendedMessageSource@http-nio-8081-exec-2] Loading properties [C:\Users\usuario\Desktop\Workspace-22.0\Projects\Acme-Toolkits\target\classes\WEB-INF\views\authenticated\provider\messsages-es.i18n] with encoding 'utf-8' 
2022-04-04 16:54:28.238 DEBUG [acme.framework.configuration.ExtendedMessageSource@http-nio-8081-exec-2] Loading properties [C:\Users\usuario\Desktop\Workspace-22.0\Projects\Acme-Toolkits\target\classes\WEB-INF\views\authenticated\user-account\messages-es.i18n] with encoding 'utf-8' 
2022-04-04 16:54:28.239 DEBUG [acme.framework.configuration.ExtendedMessageSource@http-nio-8081-exec-2] Loading properties [C:\Users\usuario\Desktop\Workspace-22.0\Projects\Acme-Toolkits\target\classes\WEB-INF\views\fragments\banner-es.i18n] with encoding 'utf-8' 
2022-04-04 16:54:28.240 DEBUG [acme.framework.configuration.ExtendedMessageSource@http-nio-8081-exec-2] Loading properties [C:\Users\usuario\Desktop\Workspace-22.0\Projects\Acme-Toolkits\target\classes\WEB-INF\views\fragments\company-es.i18n] with encoding 'utf-8' 
2022-04-04 16:54:28.241 DEBUG [acme.framework.configuration.ExtendedMessageSource@http-nio-8081-exec-2] Loading properties [C:\Users\usuario\Desktop\Workspace-22.0\Projects\Acme-Toolkits\target\classes\WEB-INF\views\fragments\footer-es.i18n] with encoding 'utf-8' 
2022-04-04 16:54:28.242 DEBUG [acme.framework.configuration.ExtendedMessageSource@http-nio-8081-exec-2] Loading properties [C:\Users\usuario\Desktop\Workspace-22.0\Projects\Acme-Toolkits\target\classes\WEB-INF\views\fragments\license-es.i18n] with encoding 'utf-8' 
2022-04-04 16:54:28.243 DEBUG [acme.framework.configuration.ExtendedMessageSource@http-nio-8081-exec-2] Loading properties [C:\Users\usuario\Desktop\Workspace-22.0\Projects\Acme-Toolkits\target\classes\WEB-INF\views\fragments\menu-es.i18n] with encoding 'utf-8' 
2022-04-04 16:54:28.245 DEBUG [acme.framework.configuration.ExtendedMessageSource@http-nio-8081-exec-2] Loading properties [C:\Users\usuario\Desktop\Workspace-22.0\Projects\Acme-Toolkits\target\classes\WEB-INF\views\fragments\messages-es.i18n] with encoding 'utf-8' 
2022-04-04 16:54:28.246 DEBUG [acme.framework.configuration.ExtendedMessageSource@http-nio-8081-exec-2] Loading properties [C:\Users\usuario\Desktop\Workspace-22.0\Projects\Acme-Toolkits\target\classes\WEB-INF\views\fragments\messsages-es.i18n] with encoding 'utf-8' 
2022-04-04 16:54:28.247 DEBUG [acme.framework.configuration.ExtendedMessageSource@http-nio-8081-exec-2] Loading properties [C:\Users\usuario\Desktop\Workspace-22.0\Projects\Acme-Toolkits\target\classes\WEB-INF\views\fragments\title-es.i18n] with encoding 'utf-8' 
2022-04-04 16:54:28.248 DEBUG [acme.framework.configuration.ExtendedMessageSource@http-nio-8081-exec-2] Loading properties [C:\Users\usuario\Desktop\Workspace-22.0\Projects\Acme-Toolkits\target\classes\WEB-INF\views\fragments\welcome-es.i18n] with encoding 'utf-8' 
2022-04-04 16:54:28.249 DEBUG [acme.framework.configuration.ExtendedMessageSource@http-nio-8081-exec-2] Loading properties [C:\Users\usuario\Desktop\Workspace-22.0\Projects\Acme-Toolkits\target\classes\WEB-INF\views\inventor\item\messages-es.i18n] with encoding 'utf-8' 
2022-04-04 16:54:28.250 DEBUG [acme.framework.configuration.ExtendedMessageSource@http-nio-8081-exec-2] Loading properties [C:\Users\usuario\Desktop\Workspace-22.0\Projects\Acme-Toolkits\target\classes\WEB-INF\views\master\defaults-es.i18n] with encoding 'utf-8' 
2022-04-04 16:54:28.250 DEBUG [acme.framework.configuration.ExtendedMessageSource@http-nio-8081-exec-2] Loading properties [C:\Users\usuario\Desktop\Workspace-22.0\Projects\Acme-Toolkits\target\classes\WEB-INF\views\master\master-es.i18n] with encoding 'utf-8' 
2022-04-04 16:54:28.251 DEBUG [acme.framework.configuration.ExtendedMessageSource@http-nio-8081-exec-2] Loading properties [C:\Users\usuario\Desktop\Workspace-22.0\Projects\Acme-Toolkits\target\classes\WEB-INF\views\master\throwables-es.i18n] with encoding 'utf-8' 
2022-04-04 16:54:28.252 DEBUG [acme.framework.configuration.ExtendedMessageSource@http-nio-8081-exec-2] Loading properties [C:\Users\usuario\Desktop\Workspace-22.0\Projects\Acme-Toolkits\target\classes\WEB-INF\views\master\validation-es.i18n] with encoding 'utf-8' 
2022-04-04 16:54:28.699 DEBUG [org.apache.jasper.servlet.JspServlet@http-nio-8081-exec-2] JspEngine --> /WEB-INF/views/fragments/welcome.jsp 
2022-04-04 16:54:28.700 DEBUG [org.apache.jasper.servlet.JspServlet@http-nio-8081-exec-2] ServletPath: /WEB-INF/views/master/page.jsp 
2022-04-04 16:54:28.700 DEBUG [org.apache.jasper.servlet.JspServlet@http-nio-8081-exec-2] PathInfo: null 
2022-04-04 16:54:28.702 DEBUG [org.apache.jasper.servlet.JspServlet@http-nio-8081-exec-2] RealPath: C:\Users\usuario\Desktop\Workspace-22.0\Projects\Acme-Toolkits\target\classes\WEB-INF\views\fragments\welcome.jsp 
2022-04-04 16:54:28.703 DEBUG [org.apache.jasper.servlet.JspServlet@http-nio-8081-exec-2] RequestURI: /acme-toolkits-22.1/WEB-INF/views/master/page.jsp 
2022-04-04 16:54:28.703 DEBUG [org.apache.jasper.servlet.JspServlet@http-nio-8081-exec-2] QueryString: null 
2022-04-04 16:54:31.678 DEBUG [acme.framework.controllers.AbstractController@http-nio-8081-exec-7] DISPATCHING GET /acme-toolkits-22.1/any/toolkit/list-all 
2022-04-04 16:54:31.679 DEBUG [acme.framework.controllers.AbstractController@http-nio-8081-exec-7] Command: list-all 
2022-04-04 16:54:31.679 DEBUG [acme.framework.controllers.AbstractController@http-nio-8081-exec-7] Model:   {} 
2022-04-04 16:54:31.679 DEBUG [acme.framework.controllers.AbstractController@http-nio-8081-exec-7] Locale:  es 
2022-04-04 16:54:31.704 DEBUG [org.hibernate.SQL@http-nio-8081-exec-7] select toolkit0_.id as id1_0_, toolkit0_.version as version2_0_, toolkit0_.assembly_notes as assembly1_16_, toolkit0_.code as code2_16_, toolkit0_.description as descript3_16_, toolkit0_.link as link4_16_, toolkit0_.published as publishe5_16_, toolkit0_.title as title6_16_ from toolkit toolkit0_ where toolkit0_.published=1 
2022-04-04 16:54:31.753 DEBUG [acme.framework.controllers.AbstractController@http-nio-8081-exec-7] SERVING GET /acme-toolkits-22.1/any/toolkit/list-all 
2022-04-04 16:54:31.753 DEBUG [acme.framework.controllers.AbstractController@http-nio-8081-exec-7] Result: ModelAndView [view="any/toolkit/list"; model={description[0]=Description 1, code[0]=ABC-123, version[0]=0, title[0]=Title 1, id[0]=24, list$size=1, command=list-all, principal=acme.framework.entities.Principal@5b627fee}] 
2022-04-04 16:54:31.763 DEBUG [acme.framework.components.tiles.DynamicTilesView@http-nio-8081-exec-7] View name 'any/toolkit/list', model {description[0]=Description 1, code[0]=ABC-123, version[0]=0, title[0]=Title 1, id[0]=24, list$size=1, command=list-all, principal=acme.framework.entities.Principal@5b627fee, org.springframework.validation.BindingResult.principal=org.springframework.validation.BeanPropertyBindingResult: 0 errors} 
2022-04-04 16:54:31.764 DEBUG [org.apache.jasper.servlet.JspServlet@http-nio-8081-exec-7] JspEngine --> /WEB-INF/views/master/page.jsp 
2022-04-04 16:54:31.764 DEBUG [org.apache.jasper.servlet.JspServlet@http-nio-8081-exec-7] ServletPath: /WEB-INF/views/master/page.jsp 
2022-04-04 16:54:31.765 DEBUG [org.apache.jasper.servlet.JspServlet@http-nio-8081-exec-7] PathInfo: null 
2022-04-04 16:54:31.767 DEBUG [org.apache.jasper.servlet.JspServlet@http-nio-8081-exec-7] RealPath: C:\Users\usuario\Desktop\Workspace-22.0\Projects\Acme-Toolkits\target\classes\WEB-INF\views\master\page.jsp 
2022-04-04 16:54:31.768 DEBUG [org.apache.jasper.servlet.JspServlet@http-nio-8081-exec-7] RequestURI: /acme-toolkits-22.1/WEB-INF/views/master/page.jsp 
2022-04-04 16:54:31.768 DEBUG [org.apache.jasper.servlet.JspServlet@http-nio-8081-exec-7] QueryString: null 
2022-04-04 16:54:32.250 DEBUG [org.apache.jasper.servlet.JspServlet@http-nio-8081-exec-7] JspEngine --> /WEB-INF/views/any/toolkit/list.jsp 
2022-04-04 16:54:32.250 DEBUG [org.apache.jasper.servlet.JspServlet@http-nio-8081-exec-7] ServletPath: /WEB-INF/views/master/page.jsp 
2022-04-04 16:54:32.250 DEBUG [org.apache.jasper.servlet.JspServlet@http-nio-8081-exec-7] PathInfo: null 
2022-04-04 16:54:32.252 DEBUG [org.apache.jasper.servlet.JspServlet@http-nio-8081-exec-7] RealPath: C:\Users\usuario\Desktop\Workspace-22.0\Projects\Acme-Toolkits\target\classes\WEB-INF\views\any\toolkit\list.jsp 
2022-04-04 16:54:32.252 DEBUG [org.apache.jasper.servlet.JspServlet@http-nio-8081-exec-7] RequestURI: /acme-toolkits-22.1/WEB-INF/views/master/page.jsp 
2022-04-04 16:54:32.253 DEBUG [org.apache.jasper.servlet.JspServlet@http-nio-8081-exec-7] QueryString: null 
2022-04-04 16:54:37.101 DEBUG [acme.framework.controllers.AbstractController@http-nio-8081-exec-9] DISPATCHING GET /acme-toolkits-22.1/any/quantity/list-all-toolkits 
2022-04-04 16:54:37.101 DEBUG [acme.framework.controllers.AbstractController@http-nio-8081-exec-9] Command: list-all-toolkits 
2022-04-04 16:54:37.101 DEBUG [acme.framework.controllers.AbstractController@http-nio-8081-exec-9] Model:   {} 
2022-04-04 16:54:37.101 DEBUG [acme.framework.controllers.AbstractController@http-nio-8081-exec-9] Locale:  es 
2022-04-04 16:54:37.112 DEBUG [org.hibernate.SQL@http-nio-8081-exec-9] select quantity0_.id as id1_0_, quantity0_.version as version2_0_, quantity0_.amount as amount1_14_, quantity0_.item_id as item_id2_14_, quantity0_.toolkit_id as toolkit_3_14_ from quantity quantity0_ cross join toolkit toolkit1_ where quantity0_.toolkit_id=toolkit1_.id and toolkit1_.published=1 
2022-04-04 16:54:37.115 DEBUG [org.hibernate.SQL@http-nio-8081-exec-9] select item0_.id as id1_0_0_, item0_.version as version2_0_0_, item0_.code as code1_9_0_, item0_.description as descript2_9_0_, item0_.inventor_id as inventor9_9_0_, item0_.link as link3_9_0_, item0_.name as name4_9_0_, item0_.retail_price_amount as retail_p5_9_0_, item0_.retail_price_currency as retail_p6_9_0_, item0_.technology as technolo7_9_0_, item0_.type as type8_9_0_, inventor1_.id as id1_0_1_, inventor1_.version as version2_0_1_, inventor1_.user_account_id as user_acc1_18_1_, inventor1_.company as company1_8_1_, inventor1_.info as info2_8_1_, inventor1_.statement as statemen3_8_1_, useraccoun2_.id as id1_0_2_, useraccoun2_.version as version2_0_2_, useraccoun2_.enabled as enabled1_17_2_, useraccoun2_.identity as identity2_17_2_, useraccoun2_.password as password3_17_2_, useraccoun2_.username as username4_17_2_ from item item0_ inner join inventor inventor1_ on item0_.inventor_id=inventor1_.id inner join user_account useraccoun2_ on inventor1_.user_account_id=useraccoun2_.id where item0_.id=? 
2022-04-04 16:54:37.116 TRACE [org.hibernate.type.descriptor.sql.BasicBinder@http-nio-8081-exec-9] binding parameter [1] as [INTEGER] - [21] 
2022-04-04 16:54:37.126 DEBUG [org.hibernate.SQL@http-nio-8081-exec-9] select toolkit0_.id as id1_0_0_, toolkit0_.version as version2_0_0_, toolkit0_.assembly_notes as assembly1_16_0_, toolkit0_.code as code2_16_0_, toolkit0_.description as descript3_16_0_, toolkit0_.link as link4_16_0_, toolkit0_.published as publishe5_16_0_, toolkit0_.title as title6_16_0_ from toolkit toolkit0_ where toolkit0_.id=? 
2022-04-04 16:54:37.126 TRACE [org.hibernate.type.descriptor.sql.BasicBinder@http-nio-8081-exec-9] binding parameter [1] as [INTEGER] - [24] 
2022-04-04 16:54:37.146 DEBUG [acme.framework.controllers.AbstractController@http-nio-8081-exec-9] SERVING GET /acme-toolkits-22.1/any/quantity/list-all-toolkits 
2022-04-04 16:54:37.147 DEBUG [acme.framework.controllers.AbstractController@http-nio-8081-exec-9] Result: ModelAndView [view="any/quantity/list"; model={description[0]=null, code[0]=null, version[0]=0, title[0]=null, id[0]=27, list$size=1, command=list-all-toolkits, principal=acme.framework.entities.Principal@5b627fee}] 
2022-04-04 16:54:37.147 DEBUG [acme.framework.components.tiles.DynamicTilesView@http-nio-8081-exec-9] View name 'any/quantity/list', model {description[0]=null, code[0]=null, version[0]=0, title[0]=null, id[0]=27, list$size=1, command=list-all-toolkits, principal=acme.framework.entities.Principal@5b627fee, org.springframework.validation.BindingResult.principal=org.springframework.validation.BeanPropertyBindingResult: 0 errors} 
2022-04-04 16:54:37.149 DEBUG [org.apache.jasper.servlet.JspServlet@http-nio-8081-exec-9] JspEngine --> /WEB-INF/views/master/page.jsp 
2022-04-04 16:54:37.149 DEBUG [org.apache.jasper.servlet.JspServlet@http-nio-8081-exec-9] ServletPath: /WEB-INF/views/master/page.jsp 
2022-04-04 16:54:37.150 DEBUG [org.apache.jasper.servlet.JspServlet@http-nio-8081-exec-9] PathInfo: null 
2022-04-04 16:54:37.152 DEBUG [org.apache.jasper.servlet.JspServlet@http-nio-8081-exec-9] RealPath: C:\Users\usuario\Desktop\Workspace-22.0\Projects\Acme-Toolkits\target\classes\WEB-INF\views\master\page.jsp 
2022-04-04 16:54:37.153 DEBUG [org.apache.jasper.servlet.JspServlet@http-nio-8081-exec-9] RequestURI: /acme-toolkits-22.1/WEB-INF/views/master/page.jsp 
2022-04-04 16:54:37.154 DEBUG [org.apache.jasper.servlet.JspServlet@http-nio-8081-exec-9] QueryString: null 
2022-04-04 16:54:37.427 DEBUG [org.apache.jasper.servlet.JspServlet@http-nio-8081-exec-9] JspEngine --> /WEB-INF/views/any/quantity/list.jsp 
2022-04-04 16:54:37.427 DEBUG [org.apache.jasper.servlet.JspServlet@http-nio-8081-exec-9] ServletPath: /WEB-INF/views/master/page.jsp 
2022-04-04 16:54:37.428 DEBUG [org.apache.jasper.servlet.JspServlet@http-nio-8081-exec-9] PathInfo: null 
2022-04-04 16:54:37.429 DEBUG [org.apache.jasper.servlet.JspServlet@http-nio-8081-exec-9] RealPath: C:\Users\usuario\Desktop\Workspace-22.0\Projects\Acme-Toolkits\target\classes\WEB-INF\views\any\quantity\list.jsp 
2022-04-04 16:54:37.430 DEBUG [org.apache.jasper.servlet.JspServlet@http-nio-8081-exec-9] RequestURI: /acme-toolkits-22.1/WEB-INF/views/master/page.jsp 
2022-04-04 16:54:37.430 DEBUG [org.apache.jasper.servlet.JspServlet@http-nio-8081-exec-9] QueryString: null 
2022-04-04 16:54:46.149 DEBUG [acme.framework.controllers.AbstractController@http-nio-8081-exec-2] DISPATCHING GET /acme-toolkits-22.1/any/quantity/show 
2022-04-04 16:54:46.150 DEBUG [acme.framework.controllers.AbstractController@http-nio-8081-exec-2] Command: show 
2022-04-04 16:54:46.150 DEBUG [acme.framework.controllers.AbstractController@http-nio-8081-exec-2] Model:   {id=27} 
2022-04-04 16:54:46.150 DEBUG [acme.framework.controllers.AbstractController@http-nio-8081-exec-2] Locale:  es 
2022-04-04 16:54:46.153 DEBUG [acme.framework.controllers.AbstractController@http-nio-8081-exec-2] SERVING GET /acme-toolkits-22.1/any/quantity/show 
2022-04-04 16:54:46.153 DEBUG [acme.framework.controllers.AbstractController@http-nio-8081-exec-2] Result: ModelAndView [view="master/panic"; model={oops=java.lang.IllegalStateException: End-point no disponible}] 
2022-04-04 16:54:46.154 DEBUG [acme.framework.components.tiles.DynamicTilesView@http-nio-8081-exec-2] View name 'master/panic', model {oops=java.lang.IllegalStateException: End-point no disponible, org.springframework.validation.BindingResult.oops=org.springframework.validation.BeanPropertyBindingResult: 0 errors} 
2022-04-04 16:54:46.155 DEBUG [org.apache.jasper.servlet.JspServlet@http-nio-8081-exec-2] JspEngine --> /WEB-INF/views/master/page.jsp 
2022-04-04 16:54:46.156 DEBUG [org.apache.jasper.servlet.JspServlet@http-nio-8081-exec-2] ServletPath: /WEB-INF/views/master/page.jsp 
2022-04-04 16:54:46.156 DEBUG [org.apache.jasper.servlet.JspServlet@http-nio-8081-exec-2] PathInfo: null 
2022-04-04 16:54:46.158 DEBUG [org.apache.jasper.servlet.JspServlet@http-nio-8081-exec-2] RealPath: C:\Users\usuario\Desktop\Workspace-22.0\Projects\Acme-Toolkits\target\classes\WEB-INF\views\master\page.jsp 
2022-04-04 16:54:46.159 DEBUG [org.apache.jasper.servlet.JspServlet@http-nio-8081-exec-2] RequestURI: /acme-toolkits-22.1/WEB-INF/views/master/page.jsp 
2022-04-04 16:54:46.159 DEBUG [org.apache.jasper.servlet.JspServlet@http-nio-8081-exec-2] QueryString: id=27 
2022-04-04 16:54:46.367 DEBUG [org.apache.jasper.servlet.JspServlet@http-nio-8081-exec-2] JspEngine --> /WEB-INF/views/master/panic.jsp 
2022-04-04 16:54:46.367 DEBUG [org.apache.jasper.servlet.JspServlet@http-nio-8081-exec-2] ServletPath: /WEB-INF/views/master/page.jsp 
2022-04-04 16:54:46.368 DEBUG [org.apache.jasper.servlet.JspServlet@http-nio-8081-exec-2] PathInfo: null 
2022-04-04 16:54:46.369 DEBUG [org.apache.jasper.servlet.JspServlet@http-nio-8081-exec-2] RealPath: C:\Users\usuario\Desktop\Workspace-22.0\Projects\Acme-Toolkits\target\classes\WEB-INF\views\master\panic.jsp 
2022-04-04 16:54:46.369 DEBUG [org.apache.jasper.servlet.JspServlet@http-nio-8081-exec-2] RequestURI: /acme-toolkits-22.1/WEB-INF/views/master/page.jsp 
2022-04-04 16:54:46.369 DEBUG [org.apache.jasper.servlet.JspServlet@http-nio-8081-exec-2] QueryString: id=27 
2022-04-04 16:54:46.688 ERROR [org.apache.jsp.WEB_002dINF.views.master.panic_jsp@http-nio-8081-exec-2] HTTP GET /acme-toolkits-22.1/WEB-INF/views/master/page.jsp HTTP/1.1 
2022-04-04 16:54:46.689 ERROR [org.apache.jsp.WEB_002dINF.views.master.panic_jsp@http-nio-8081-exec-2] Status: 500 
2022-04-04 16:54:46.690 ERROR [org.apache.jsp.WEB_002dINF.views.master.panic_jsp@http-nio-8081-exec-2] Exception: acme.framework.helpers.Assert.state(Assert.java:45): End-point no disponible 
2022-04-04 16:54:50.138 DEBUG [acme.framework.controllers.AbstractController@http-nio-8081-exec-1] DISPATCHING GET /acme-toolkits-22.1/any/quantity/list-all-toolkits 
2022-04-04 16:54:50.138 DEBUG [acme.framework.controllers.AbstractController@http-nio-8081-exec-1] Command: list-all-toolkits 
2022-04-04 16:54:50.139 DEBUG [acme.framework.controllers.AbstractController@http-nio-8081-exec-1] Model:   {} 
2022-04-04 16:54:50.139 DEBUG [acme.framework.controllers.AbstractController@http-nio-8081-exec-1] Locale:  es 
2022-04-04 16:54:50.140 DEBUG [org.hibernate.SQL@http-nio-8081-exec-1] select quantity0_.id as id1_0_, quantity0_.version as version2_0_, quantity0_.amount as amount1_14_, quantity0_.item_id as item_id2_14_, quantity0_.toolkit_id as toolkit_3_14_ from quantity quantity0_ cross join toolkit toolkit1_ where quantity0_.toolkit_id=toolkit1_.id and toolkit1_.published=1 
2022-04-04 16:54:50.141 DEBUG [org.hibernate.SQL@http-nio-8081-exec-1] select item0_.id as id1_0_0_, item0_.version as version2_0_0_, item0_.code as code1_9_0_, item0_.description as descript2_9_0_, item0_.inventor_id as inventor9_9_0_, item0_.link as link3_9_0_, item0_.name as name4_9_0_, item0_.retail_price_amount as retail_p5_9_0_, item0_.retail_price_currency as retail_p6_9_0_, item0_.technology as technolo7_9_0_, item0_.type as type8_9_0_, inventor1_.id as id1_0_1_, inventor1_.version as version2_0_1_, inventor1_.user_account_id as user_acc1_18_1_, inventor1_.company as company1_8_1_, inventor1_.info as info2_8_1_, inventor1_.statement as statemen3_8_1_, useraccoun2_.id as id1_0_2_, useraccoun2_.version as version2_0_2_, useraccoun2_.enabled as enabled1_17_2_, useraccoun2_.identity as identity2_17_2_, useraccoun2_.password as password3_17_2_, useraccoun2_.username as username4_17_2_ from item item0_ inner join inventor inventor1_ on item0_.inventor_id=inventor1_.id inner join user_account useraccoun2_ on inventor1_.user_account_id=useraccoun2_.id where item0_.id=? 
2022-04-04 16:54:50.142 TRACE [org.hibernate.type.descriptor.sql.BasicBinder@http-nio-8081-exec-1] binding parameter [1] as [INTEGER] - [21] 
2022-04-04 16:54:50.146 DEBUG [org.hibernate.SQL@http-nio-8081-exec-1] select toolkit0_.id as id1_0_0_, toolkit0_.version as version2_0_0_, toolkit0_.assembly_notes as assembly1_16_0_, toolkit0_.code as code2_16_0_, toolkit0_.description as descript3_16_0_, toolkit0_.link as link4_16_0_, toolkit0_.published as publishe5_16_0_, toolkit0_.title as title6_16_0_ from toolkit toolkit0_ where toolkit0_.id=? 
2022-04-04 16:54:50.146 TRACE [org.hibernate.type.descriptor.sql.BasicBinder@http-nio-8081-exec-1] binding parameter [1] as [INTEGER] - [24] 
2022-04-04 16:54:50.152 DEBUG [acme.framework.controllers.AbstractController@http-nio-8081-exec-1] SERVING GET /acme-toolkits-22.1/any/quantity/list-all-toolkits 
2022-04-04 16:54:50.152 DEBUG [acme.framework.controllers.AbstractController@http-nio-8081-exec-1] Result: ModelAndView [view="any/quantity/list"; model={description[0]=null, code[0]=null, version[0]=0, title[0]=null, id[0]=27, list$size=1, command=list-all-toolkits, principal=acme.framework.entities.Principal@5b627fee}] 
2022-04-04 16:54:50.152 DEBUG [acme.framework.components.tiles.DynamicTilesView@http-nio-8081-exec-1] View name 'any/quantity/list', model {description[0]=null, code[0]=null, version[0]=0, title[0]=null, id[0]=27, list$size=1, command=list-all-toolkits, principal=acme.framework.entities.Principal@5b627fee, org.springframework.validation.BindingResult.principal=org.springframework.validation.BeanPropertyBindingResult: 0 errors} 
2022-04-04 16:54:50.156 DEBUG [org.apache.jasper.servlet.JspServlet@http-nio-8081-exec-1] JspEngine --> /WEB-INF/views/master/page.jsp 
2022-04-04 16:54:50.157 DEBUG [org.apache.jasper.servlet.JspServlet@http-nio-8081-exec-1] ServletPath: /WEB-INF/views/master/page.jsp 
2022-04-04 16:54:50.158 DEBUG [org.apache.jasper.servlet.JspServlet@http-nio-8081-exec-1] PathInfo: null 
2022-04-04 16:54:50.160 DEBUG [org.apache.jasper.servlet.JspServlet@http-nio-8081-exec-1] RealPath: C:\Users\usuario\Desktop\Workspace-22.0\Projects\Acme-Toolkits\target\classes\WEB-INF\views\master\page.jsp 
2022-04-04 16:54:50.161 DEBUG [org.apache.jasper.servlet.JspServlet@http-nio-8081-exec-1] RequestURI: /acme-toolkits-22.1/WEB-INF/views/master/page.jsp 
2022-04-04 16:54:50.161 DEBUG [org.apache.jasper.servlet.JspServlet@http-nio-8081-exec-1] QueryString: null 
2022-04-04 16:54:50.369 DEBUG [org.apache.jasper.servlet.JspServlet@http-nio-8081-exec-1] JspEngine --> /WEB-INF/views/any/quantity/list.jsp 
2022-04-04 16:54:50.370 DEBUG [org.apache.jasper.servlet.JspServlet@http-nio-8081-exec-1] ServletPath: /WEB-INF/views/master/page.jsp 
2022-04-04 16:54:50.370 DEBUG [org.apache.jasper.servlet.JspServlet@http-nio-8081-exec-1] PathInfo: null 
2022-04-04 16:54:50.373 DEBUG [org.apache.jasper.servlet.JspServlet@http-nio-8081-exec-1] RealPath: C:\Users\usuario\Desktop\Workspace-22.0\Projects\Acme-Toolkits\target\classes\WEB-INF\views\any\quantity\list.jsp 
2022-04-04 16:54:50.374 DEBUG [org.apache.jasper.servlet.JspServlet@http-nio-8081-exec-1] RequestURI: /acme-toolkits-22.1/WEB-INF/views/master/page.jsp 
2022-04-04 16:54:50.374 DEBUG [org.apache.jasper.servlet.JspServlet@http-nio-8081-exec-1] QueryString: null 
2022-04-04 16:56:42.531 DEBUG [acme.framework.components.tiles.DynamicTilesView@http-nio-8081-exec-4] View name 'fragments/welcome', model {} 
2022-04-04 16:56:42.534 DEBUG [org.apache.jasper.servlet.JspServlet@http-nio-8081-exec-4] JspEngine --> /WEB-INF/views/master/page.jsp 
2022-04-04 16:56:42.534 DEBUG [org.apache.jasper.servlet.JspServlet@http-nio-8081-exec-4] ServletPath: /WEB-INF/views/master/page.jsp 
2022-04-04 16:56:42.535 DEBUG [org.apache.jasper.servlet.JspServlet@http-nio-8081-exec-4] PathInfo: null 
2022-04-04 16:56:42.538 DEBUG [org.apache.jasper.servlet.JspServlet@http-nio-8081-exec-4] RealPath: C:\Users\usuario\Desktop\Workspace-22.0\Projects\Acme-Toolkits\target\classes\WEB-INF\views\master\page.jsp 
2022-04-04 16:56:42.539 DEBUG [org.apache.jasper.servlet.JspServlet@http-nio-8081-exec-4] RequestURI: /acme-toolkits-22.1/WEB-INF/views/master/page.jsp 
2022-04-04 16:56:42.539 DEBUG [org.apache.jasper.servlet.JspServlet@http-nio-8081-exec-4] QueryString: null 
2022-04-04 16:56:42.791 DEBUG [org.apache.jasper.servlet.JspServlet@http-nio-8081-exec-4] JspEngine --> /WEB-INF/views/fragments/welcome.jsp 
2022-04-04 16:56:42.792 DEBUG [org.apache.jasper.servlet.JspServlet@http-nio-8081-exec-4] ServletPath: /WEB-INF/views/master/page.jsp 
2022-04-04 16:56:42.793 DEBUG [org.apache.jasper.servlet.JspServlet@http-nio-8081-exec-4] PathInfo: null 
2022-04-04 16:56:42.796 DEBUG [org.apache.jasper.servlet.JspServlet@http-nio-8081-exec-4] RealPath: C:\Users\usuario\Desktop\Workspace-22.0\Projects\Acme-Toolkits\target\classes\WEB-INF\views\fragments\welcome.jsp 
2022-04-04 16:56:42.797 DEBUG [org.apache.jasper.servlet.JspServlet@http-nio-8081-exec-4] RequestURI: /acme-toolkits-22.1/WEB-INF/views/master/page.jsp 
2022-04-04 16:56:42.797 DEBUG [org.apache.jasper.servlet.JspServlet@http-nio-8081-exec-4] QueryString: null 
2022-04-04 16:56:45.125 DEBUG [acme.framework.controllers.AbstractController@http-nio-8081-exec-7] DISPATCHING GET /acme-toolkits-22.1/any/quantity/list-all-toolkits 
2022-04-04 16:56:45.125 DEBUG [acme.framework.controllers.AbstractController@http-nio-8081-exec-7] Command: list-all-toolkits 
2022-04-04 16:56:45.125 DEBUG [acme.framework.controllers.AbstractController@http-nio-8081-exec-7] Model:   {} 
2022-04-04 16:56:45.125 DEBUG [acme.framework.controllers.AbstractController@http-nio-8081-exec-7] Locale:  es 
2022-04-04 16:56:45.127 DEBUG [org.hibernate.SQL@http-nio-8081-exec-7] select quantity0_.id as id1_0_, quantity0_.version as version2_0_, quantity0_.amount as amount1_14_, quantity0_.item_id as item_id2_14_, quantity0_.toolkit_id as toolkit_3_14_ from quantity quantity0_ cross join toolkit toolkit1_ where quantity0_.toolkit_id=toolkit1_.id and toolkit1_.published=1 
2022-04-04 16:56:45.129 DEBUG [org.hibernate.SQL@http-nio-8081-exec-7] select item0_.id as id1_0_0_, item0_.version as version2_0_0_, item0_.code as code1_9_0_, item0_.description as descript2_9_0_, item0_.inventor_id as inventor9_9_0_, item0_.link as link3_9_0_, item0_.name as name4_9_0_, item0_.retail_price_amount as retail_p5_9_0_, item0_.retail_price_currency as retail_p6_9_0_, item0_.technology as technolo7_9_0_, item0_.type as type8_9_0_, inventor1_.id as id1_0_1_, inventor1_.version as version2_0_1_, inventor1_.user_account_id as user_acc1_18_1_, inventor1_.company as company1_8_1_, inventor1_.info as info2_8_1_, inventor1_.statement as statemen3_8_1_, useraccoun2_.id as id1_0_2_, useraccoun2_.version as version2_0_2_, useraccoun2_.enabled as enabled1_17_2_, useraccoun2_.identity as identity2_17_2_, useraccoun2_.password as password3_17_2_, useraccoun2_.username as username4_17_2_ from item item0_ inner join inventor inventor1_ on item0_.inventor_id=inventor1_.id inner join user_account useraccoun2_ on inventor1_.user_account_id=useraccoun2_.id where item0_.id=? 
2022-04-04 16:56:45.129 TRACE [org.hibernate.type.descriptor.sql.BasicBinder@http-nio-8081-exec-7] binding parameter [1] as [INTEGER] - [21] 
2022-04-04 16:56:45.133 DEBUG [org.hibernate.SQL@http-nio-8081-exec-7] select toolkit0_.id as id1_0_0_, toolkit0_.version as version2_0_0_, toolkit0_.assembly_notes as assembly1_16_0_, toolkit0_.code as code2_16_0_, toolkit0_.description as descript3_16_0_, toolkit0_.link as link4_16_0_, toolkit0_.published as publishe5_16_0_, toolkit0_.title as title6_16_0_ from toolkit toolkit0_ where toolkit0_.id=? 
2022-04-04 16:56:45.133 TRACE [org.hibernate.type.descriptor.sql.BasicBinder@http-nio-8081-exec-7] binding parameter [1] as [INTEGER] - [24] 
2022-04-04 16:56:45.141 DEBUG [acme.framework.controllers.AbstractController@http-nio-8081-exec-7] SERVING GET /acme-toolkits-22.1/any/quantity/list-all-toolkits 
2022-04-04 16:56:45.142 DEBUG [acme.framework.controllers.AbstractController@http-nio-8081-exec-7] Result: ModelAndView [view="any/quantity/list"; model={toolkit.code[0]=ABC-123, toolkit.description[0]=Description 1, toolkit.title[0]=Title 1, version[0]=0, id[0]=27, list$size=1, command=list-all-toolkits, principal=acme.framework.entities.Principal@5b627fee}] 
2022-04-04 16:56:45.142 DEBUG [acme.framework.components.tiles.DynamicTilesView@http-nio-8081-exec-7] View name 'any/quantity/list', model {toolkit.code[0]=ABC-123, toolkit.description[0]=Description 1, toolkit.title[0]=Title 1, version[0]=0, id[0]=27, list$size=1, command=list-all-toolkits, principal=acme.framework.entities.Principal@5b627fee, org.springframework.validation.BindingResult.principal=org.springframework.validation.BeanPropertyBindingResult: 0 errors} 
2022-04-04 16:56:45.143 DEBUG [org.apache.jasper.servlet.JspServlet@http-nio-8081-exec-7] JspEngine --> /WEB-INF/views/master/page.jsp 
2022-04-04 16:56:45.144 DEBUG [org.apache.jasper.servlet.JspServlet@http-nio-8081-exec-7] ServletPath: /WEB-INF/views/master/page.jsp 
2022-04-04 16:56:45.145 DEBUG [org.apache.jasper.servlet.JspServlet@http-nio-8081-exec-7] PathInfo: null 
2022-04-04 16:56:45.145 DEBUG [org.apache.jasper.servlet.JspServlet@http-nio-8081-exec-7] RealPath: C:\Users\usuario\Desktop\Workspace-22.0\Projects\Acme-Toolkits\target\classes\WEB-INF\views\master\page.jsp 
2022-04-04 16:56:45.145 DEBUG [org.apache.jasper.servlet.JspServlet@http-nio-8081-exec-7] RequestURI: /acme-toolkits-22.1/WEB-INF/views/master/page.jsp 
2022-04-04 16:56:45.146 DEBUG [org.apache.jasper.servlet.JspServlet@http-nio-8081-exec-7] QueryString: null 
2022-04-04 16:56:45.370 DEBUG [org.apache.jasper.servlet.JspServlet@http-nio-8081-exec-7] JspEngine --> /WEB-INF/views/any/quantity/list.jsp 
2022-04-04 16:56:45.370 DEBUG [org.apache.jasper.servlet.JspServlet@http-nio-8081-exec-7] ServletPath: /WEB-INF/views/master/page.jsp 
2022-04-04 16:56:45.370 DEBUG [org.apache.jasper.servlet.JspServlet@http-nio-8081-exec-7] PathInfo: null 
2022-04-04 16:56:45.372 DEBUG [org.apache.jasper.servlet.JspServlet@http-nio-8081-exec-7] RealPath: C:\Users\usuario\Desktop\Workspace-22.0\Projects\Acme-Toolkits\target\classes\WEB-INF\views\any\quantity\list.jsp 
2022-04-04 16:56:45.373 DEBUG [org.apache.jasper.servlet.JspServlet@http-nio-8081-exec-7] RequestURI: /acme-toolkits-22.1/WEB-INF/views/master/page.jsp 
2022-04-04 16:56:45.374 DEBUG [org.apache.jasper.servlet.JspServlet@http-nio-8081-exec-7] QueryString: null 
