2022-04-12 11:02:57.192 INFO  [acme.Launcher@main] Starting Launcher using Java 1.8.0_281 on DESKTOP-N8OS56S with PID 16104 (C:\Users\usuario\Desktop\Workspace-22.0\Frameworks\Acme-Framework-22.3\target\classes started by usuario in C:\Users\usuario\Desktop\Workspace-22.0\Projects\Acme-Toolkits) 
2022-04-12 11:02:57.195 DEBUG [acme.Launcher@main] Running with Spring Boot v2.4.2, Spring v5.3.3 
2022-04-12 11:02:57.198 INFO  [acme.Launcher@main] The following profiles are active: development,default 
2022-04-12 11:03:04.758 DEBUG [org.apache.jasper.servlet.JasperInitializer@main] Initializing Jasper for context [application] 
2022-04-12 11:03:18.107 DEBUG [org.apache.jasper.servlet.JspServlet@main] Scratch dir for the JSP engine is: [C:\Users\usuario\AppData\Local\Temp\tomcat.8081.3828673587960085493\work\Tomcat\localhost\acme-toolkits-22.1] 
2022-04-12 11:03:18.113 DEBUG [org.apache.jasper.servlet.JspServlet@main] IMPORTANT: Do not modify the generated servlets 
2022-04-12 11:03:18.139 INFO  [acme.Launcher@main] Started Launcher in 23.666 seconds (JVM running for 25.745) 
2022-04-12 11:03:18.150 DEBUG [acme.Launcher@main] Found classpath entry '/C:/Users/usuario/Desktop/Workspace-22.0/Projects/Acme-Toolkits/target/test-classes/' 
2022-04-12 11:03:18.151 DEBUG [acme.Launcher@main] Found classpath entry '/C:/Users/usuario/Desktop/Workspace-22.0/Projects/Acme-Toolkits/target/classes/' 
2022-04-12 11:03:18.155 DEBUG [acme.Launcher@main] Found classpath entry '/C:/Users/usuario/Desktop/Workspace-22.0/Frameworks/Acme-Framework-22.3/target/classes/' 
2022-04-12 11:03:18.157 DEBUG [acme.Launcher@main] Found classpath entry '/C:/Users/usuario/Desktop/Workspace-22.0/Frameworks/Acme-Framework-22.3/target/test-classes/' 
2022-04-12 11:03:18.158 DEBUG [acme.Launcher@main] Found classpath entry '/C:/Users/usuario/.m2/repository/org/springframework/boot/spring-boot-starter-tomcat/2.4.2/spring-boot-starter-tomcat-2.4.2.jar' 
2022-04-12 11:03:18.159 DEBUG [acme.Launcher@main] Found classpath entry '/C:/Users/usuario/.m2/repository/jakarta/annotation/jakarta.annotation-api/1.3.5/jakarta.annotation-api-1.3.5.jar' 
2022-04-12 11:03:18.159 DEBUG [acme.Launcher@main] Found classpath entry '/C:/Users/usuario/.m2/repository/org/apache/tomcat/embed/tomcat-embed-core/9.0.41/tomcat-embed-core-9.0.41.jar' 
2022-04-12 11:03:18.160 DEBUG [acme.Launcher@main] Found classpath entry '/C:/Users/usuario/.m2/repository/org/glassfish/jakarta.el/3.0.3/jakarta.el-3.0.3.jar' 
2022-04-12 11:03:18.160 DEBUG [acme.Launcher@main] Found classpath entry '/C:/Users/usuario/.m2/repository/org/apache/tomcat/embed/tomcat-embed-websocket/9.0.41/tomcat-embed-websocket-9.0.41.jar' 
2022-04-12 11:03:18.161 DEBUG [acme.Launcher@main] Found classpath entry '/C:/Users/usuario/.m2/repository/org/apache/tomcat/embed/tomcat-embed-jasper/9.0.41/tomcat-embed-jasper-9.0.41.jar' 
2022-04-12 11:03:18.161 DEBUG [acme.Launcher@main] Found classpath entry '/C:/Users/usuario/.m2/repository/org/apache/tomcat/embed/tomcat-embed-el/9.0.41/tomcat-embed-el-9.0.41.jar' 
2022-04-12 11:03:18.161 DEBUG [acme.Launcher@main] Found classpath entry '/C:/Users/usuario/.m2/repository/org/eclipse/jdt/ecj/3.18.0/ecj-3.18.0.jar' 
2022-04-12 11:03:18.162 DEBUG [acme.Launcher@main] Found classpath entry '/C:/Users/usuario/.m2/repository/javax/servlet/jstl/1.2/jstl-1.2.jar' 
2022-04-12 11:03:18.162 DEBUG [acme.Launcher@main] Found classpath entry '/C:/Users/usuario/.m2/repository/org/springframework/boot/spring-boot-starter-test/2.4.2/spring-boot-starter-test-2.4.2.jar' 
2022-04-12 11:03:18.162 DEBUG [acme.Launcher@main] Found classpath entry '/C:/Users/usuario/.m2/repository/org/springframework/boot/spring-boot-starter/2.4.2/spring-boot-starter-2.4.2.jar' 
2022-04-12 11:03:18.163 DEBUG [acme.Launcher@main] Found classpath entry '/C:/Users/usuario/.m2/repository/org/springframework/boot/spring-boot/2.4.2/spring-boot-2.4.2.jar' 
2022-04-12 11:03:18.163 DEBUG [acme.Launcher@main] Found classpath entry '/C:/Users/usuario/.m2/repository/org/springframework/boot/spring-boot-autoconfigure/2.4.2/spring-boot-autoconfigure-2.4.2.jar' 
2022-04-12 11:03:18.164 DEBUG [acme.Launcher@main] Found classpath entry '/C:/Users/usuario/.m2/repository/org/springframework/boot/spring-boot-starter-logging/2.4.2/spring-boot-starter-logging-2.4.2.jar' 
2022-04-12 11:03:18.164 DEBUG [acme.Launcher@main] Found classpath entry '/C:/Users/usuario/.m2/repository/ch/qos/logback/logback-classic/1.2.3/logback-classic-1.2.3.jar' 
2022-04-12 11:03:18.164 DEBUG [acme.Launcher@main] Found classpath entry '/C:/Users/usuario/.m2/repository/ch/qos/logback/logback-core/1.2.3/logback-core-1.2.3.jar' 
2022-04-12 11:03:18.165 DEBUG [acme.Launcher@main] Found classpath entry '/C:/Users/usuario/.m2/repository/org/apache/logging/log4j/log4j-to-slf4j/2.13.3/log4j-to-slf4j-2.13.3.jar' 
2022-04-12 11:03:18.165 DEBUG [acme.Launcher@main] Found classpath entry '/C:/Users/usuario/.m2/repository/org/apache/logging/log4j/log4j-api/2.13.3/log4j-api-2.13.3.jar' 
2022-04-12 11:03:18.165 DEBUG [acme.Launcher@main] Found classpath entry '/C:/Users/usuario/.m2/repository/org/slf4j/jul-to-slf4j/1.7.30/jul-to-slf4j-1.7.30.jar' 
2022-04-12 11:03:18.172 DEBUG [acme.Launcher@main] Found classpath entry '/C:/Users/usuario/.m2/repository/org/yaml/snakeyaml/1.27/snakeyaml-1.27.jar' 
2022-04-12 11:03:18.173 DEBUG [acme.Launcher@main] Found classpath entry '/C:/Users/usuario/.m2/repository/org/springframework/boot/spring-boot-test/2.4.2/spring-boot-test-2.4.2.jar' 
2022-04-12 11:03:18.173 DEBUG [acme.Launcher@main] Found classpath entry '/C:/Users/usuario/.m2/repository/org/springframework/boot/spring-boot-test-autoconfigure/2.4.2/spring-boot-test-autoconfigure-2.4.2.jar' 
2022-04-12 11:03:18.174 DEBUG [acme.Launcher@main] Found classpath entry '/C:/Users/usuario/.m2/repository/com/jayway/jsonpath/json-path/2.4.0/json-path-2.4.0.jar' 
2022-04-12 11:03:18.174 DEBUG [acme.Launcher@main] Found classpath entry '/C:/Users/usuario/.m2/repository/net/minidev/json-smart/2.3/json-smart-2.3.jar' 
2022-04-12 11:03:18.174 DEBUG [acme.Launcher@main] Found classpath entry '/C:/Users/usuario/.m2/repository/net/minidev/accessors-smart/1.2/accessors-smart-1.2.jar' 
2022-04-12 11:03:18.174 DEBUG [acme.Launcher@main] Found classpath entry '/C:/Users/usuario/.m2/repository/org/ow2/asm/asm/5.0.4/asm-5.0.4.jar' 
2022-04-12 11:03:18.175 DEBUG [acme.Launcher@main] Found classpath entry '/C:/Users/usuario/.m2/repository/jakarta/xml/bind/jakarta.xml.bind-api/2.3.3/jakarta.xml.bind-api-2.3.3.jar' 
2022-04-12 11:03:18.175 DEBUG [acme.Launcher@main] Found classpath entry '/C:/Users/usuario/.m2/repository/jakarta/activation/jakarta.activation-api/1.2.2/jakarta.activation-api-1.2.2.jar' 
2022-04-12 11:03:18.175 DEBUG [acme.Launcher@main] Found classpath entry '/C:/Users/usuario/.m2/repository/org/assertj/assertj-core/3.18.1/assertj-core-3.18.1.jar' 
2022-04-12 11:03:18.175 DEBUG [acme.Launcher@main] Found classpath entry '/C:/Users/usuario/.m2/repository/org/hamcrest/hamcrest/2.2/hamcrest-2.2.jar' 
2022-04-12 11:03:18.176 DEBUG [acme.Launcher@main] Found classpath entry '/C:/Users/usuario/.m2/repository/org/junit/jupiter/junit-jupiter/5.7.0/junit-jupiter-5.7.0.jar' 
2022-04-12 11:03:18.178 DEBUG [acme.Launcher@main] Found classpath entry '/C:/Users/usuario/.m2/repository/org/mockito/mockito-core/3.6.28/mockito-core-3.6.28.jar' 
2022-04-12 11:03:18.178 DEBUG [acme.Launcher@main] Found classpath entry '/C:/Users/usuario/.m2/repository/net/bytebuddy/byte-buddy-agent/1.10.19/byte-buddy-agent-1.10.19.jar' 
2022-04-12 11:03:18.178 DEBUG [acme.Launcher@main] Found classpath entry '/C:/Users/usuario/.m2/repository/org/objenesis/objenesis/3.1/objenesis-3.1.jar' 
2022-04-12 11:03:18.179 DEBUG [acme.Launcher@main] Found classpath entry '/C:/Users/usuario/.m2/repository/org/mockito/mockito-junit-jupiter/3.6.28/mockito-junit-jupiter-3.6.28.jar' 
2022-04-12 11:03:18.179 DEBUG [acme.Launcher@main] Found classpath entry '/C:/Users/usuario/.m2/repository/org/skyscreamer/jsonassert/1.5.0/jsonassert-1.5.0.jar' 
2022-04-12 11:03:18.179 DEBUG [acme.Launcher@main] Found classpath entry '/C:/Users/usuario/.m2/repository/com/vaadin/external/google/android-json/0.0.20131108.vaadin1/android-json-0.0.20131108.vaadin1.jar' 
2022-04-12 11:03:18.180 DEBUG [acme.Launcher@main] Found classpath entry '/C:/Users/usuario/.m2/repository/org/springframework/spring-core/5.3.3/spring-core-5.3.3.jar' 
2022-04-12 11:03:18.180 DEBUG [acme.Launcher@main] Found classpath entry '/C:/Users/usuario/.m2/repository/org/springframework/spring-jcl/5.3.3/spring-jcl-5.3.3.jar' 
2022-04-12 11:03:18.180 DEBUG [acme.Launcher@main] Found classpath entry '/C:/Users/usuario/.m2/repository/org/springframework/spring-test/5.3.3/spring-test-5.3.3.jar' 
2022-04-12 11:03:18.181 DEBUG [acme.Launcher@main] Found classpath entry '/C:/Users/usuario/.m2/repository/org/xmlunit/xmlunit-core/2.7.0/xmlunit-core-2.7.0.jar' 
2022-04-12 11:03:18.181 DEBUG [acme.Launcher@main] Found classpath entry '/C:/Users/usuario/.m2/repository/org/springframework/boot/spring-boot-starter-security/2.4.2/spring-boot-starter-security-2.4.2.jar' 
2022-04-12 11:03:18.181 DEBUG [acme.Launcher@main] Found classpath entry '/C:/Users/usuario/.m2/repository/org/springframework/spring-aop/5.3.3/spring-aop-5.3.3.jar' 
2022-04-12 11:03:18.181 DEBUG [acme.Launcher@main] Found classpath entry '/C:/Users/usuario/.m2/repository/org/springframework/security/spring-security-web/5.4.2/spring-security-web-5.4.2.jar' 
2022-04-12 11:03:18.182 DEBUG [acme.Launcher@main] Found classpath entry '/C:/Users/usuario/.m2/repository/org/springframework/security/spring-security-core/5.4.2/spring-security-core-5.4.2.jar' 
2022-04-12 11:03:18.182 DEBUG [acme.Launcher@main] Found classpath entry '/C:/Users/usuario/.m2/repository/org/springframework/spring-beans/5.3.3/spring-beans-5.3.3.jar' 
2022-04-12 11:03:18.182 DEBUG [acme.Launcher@main] Found classpath entry '/C:/Users/usuario/.m2/repository/org/springframework/spring-context/5.3.3/spring-context-5.3.3.jar' 
2022-04-12 11:03:18.182 DEBUG [acme.Launcher@main] Found classpath entry '/C:/Users/usuario/.m2/repository/org/springframework/spring-expression/5.3.3/spring-expression-5.3.3.jar' 
2022-04-12 11:03:18.183 DEBUG [acme.Launcher@main] Found classpath entry '/C:/Users/usuario/.m2/repository/org/springframework/spring-web/5.3.3/spring-web-5.3.3.jar' 
2022-04-12 11:03:18.183 DEBUG [acme.Launcher@main] Found classpath entry '/C:/Users/usuario/.m2/repository/org/springframework/security/spring-security-config/5.4.2/spring-security-config-5.4.2.jar' 
2022-04-12 11:03:18.183 DEBUG [acme.Launcher@main] Found classpath entry '/C:/Users/usuario/.m2/repository/org/springframework/security/spring-security-taglibs/5.4.2/spring-security-taglibs-5.4.2.jar' 
2022-04-12 11:03:18.183 DEBUG [acme.Launcher@main] Found classpath entry '/C:/Users/usuario/.m2/repository/org/springframework/security/spring-security-acl/5.4.2/spring-security-acl-5.4.2.jar' 
2022-04-12 11:03:18.184 DEBUG [acme.Launcher@main] Found classpath entry '/C:/Users/usuario/.m2/repository/org/springframework/spring-jdbc/5.3.3/spring-jdbc-5.3.3.jar' 
2022-04-12 11:03:18.184 DEBUG [acme.Launcher@main] Found classpath entry '/C:/Users/usuario/.m2/repository/org/springframework/spring-tx/5.3.3/spring-tx-5.3.3.jar' 
2022-04-12 11:03:18.184 DEBUG [acme.Launcher@main] Found classpath entry '/C:/Users/usuario/.m2/repository/org/springframework/boot/spring-boot-starter-web/2.4.2/spring-boot-starter-web-2.4.2.jar' 
2022-04-12 11:03:18.184 DEBUG [acme.Launcher@main] Found classpath entry '/C:/Users/usuario/.m2/repository/org/springframework/boot/spring-boot-starter-json/2.4.2/spring-boot-starter-json-2.4.2.jar' 
2022-04-12 11:03:18.191 DEBUG [acme.Launcher@main] Found classpath entry '/C:/Users/usuario/.m2/repository/com/fasterxml/jackson/core/jackson-databind/2.11.4/jackson-databind-2.11.4.jar' 
2022-04-12 11:03:18.191 DEBUG [acme.Launcher@main] Found classpath entry '/C:/Users/usuario/.m2/repository/com/fasterxml/jackson/core/jackson-annotations/2.11.4/jackson-annotations-2.11.4.jar' 
2022-04-12 11:03:18.191 DEBUG [acme.Launcher@main] Found classpath entry '/C:/Users/usuario/.m2/repository/com/fasterxml/jackson/core/jackson-core/2.11.4/jackson-core-2.11.4.jar' 
2022-04-12 11:03:18.192 DEBUG [acme.Launcher@main] Found classpath entry '/C:/Users/usuario/.m2/repository/com/fasterxml/jackson/datatype/jackson-datatype-jdk8/2.11.4/jackson-datatype-jdk8-2.11.4.jar' 
2022-04-12 11:03:18.192 DEBUG [acme.Launcher@main] Found classpath entry '/C:/Users/usuario/.m2/repository/com/fasterxml/jackson/datatype/jackson-datatype-jsr310/2.11.4/jackson-datatype-jsr310-2.11.4.jar' 
2022-04-12 11:03:18.192 DEBUG [acme.Launcher@main] Found classpath entry '/C:/Users/usuario/.m2/repository/com/fasterxml/jackson/module/jackson-module-parameter-names/2.11.4/jackson-module-parameter-names-2.11.4.jar' 
2022-04-12 11:03:18.192 DEBUG [acme.Launcher@main] Found classpath entry '/C:/Users/usuario/.m2/repository/org/springframework/spring-webmvc/5.3.3/spring-webmvc-5.3.3.jar' 
2022-04-12 11:03:18.192 DEBUG [acme.Launcher@main] Found classpath entry '/C:/Users/usuario/.m2/repository/org/apache/tiles/tiles-jsp/3.0.8/tiles-jsp-3.0.8.jar' 
2022-04-12 11:03:18.193 DEBUG [acme.Launcher@main] Found classpath entry '/C:/Users/usuario/.m2/repository/org/apache/tiles/tiles-servlet/3.0.8/tiles-servlet-3.0.8.jar' 
2022-04-12 11:03:18.193 DEBUG [acme.Launcher@main] Found classpath entry '/C:/Users/usuario/.m2/repository/org/apache/tiles/tiles-core/3.0.8/tiles-core-3.0.8.jar' 
2022-04-12 11:03:18.193 DEBUG [acme.Launcher@main] Found classpath entry '/C:/Users/usuario/.m2/repository/commons-digester/commons-digester/2.0/commons-digester-2.0.jar' 
2022-04-12 11:03:18.193 DEBUG [acme.Launcher@main] Found classpath entry '/C:/Users/usuario/.m2/repository/org/slf4j/jcl-over-slf4j/1.7.30/jcl-over-slf4j-1.7.30.jar' 
2022-04-12 11:03:18.193 DEBUG [acme.Launcher@main] Found classpath entry '/C:/Users/usuario/.m2/repository/org/apache/tiles/tiles-request-servlet/1.0.7/tiles-request-servlet-1.0.7.jar' 
2022-04-12 11:03:18.194 DEBUG [acme.Launcher@main] Found classpath entry '/C:/Users/usuario/.m2/repository/org/apache/tiles/tiles-template/3.0.8/tiles-template-3.0.8.jar' 
2022-04-12 11:03:18.194 DEBUG [acme.Launcher@main] Found classpath entry '/C:/Users/usuario/.m2/repository/org/apache/tiles/tiles-api/3.0.8/tiles-api-3.0.8.jar' 
2022-04-12 11:03:18.194 DEBUG [acme.Launcher@main] Found classpath entry '/C:/Users/usuario/.m2/repository/org/apache/tiles/tiles-autotag-core-runtime/1.2/tiles-autotag-core-runtime-1.2.jar' 
2022-04-12 11:03:18.194 DEBUG [acme.Launcher@main] Found classpath entry '/C:/Users/usuario/.m2/repository/org/slf4j/slf4j-api/1.7.30/slf4j-api-1.7.30.jar' 
2022-04-12 11:03:18.194 DEBUG [acme.Launcher@main] Found classpath entry '/C:/Users/usuario/.m2/repository/org/apache/tiles/tiles-request-jsp/1.0.7/tiles-request-jsp-1.0.7.jar' 
2022-04-12 11:03:18.195 DEBUG [acme.Launcher@main] Found classpath entry '/C:/Users/usuario/.m2/repository/org/apache/tiles/tiles-request-api/1.0.7/tiles-request-api-1.0.7.jar' 
2022-04-12 11:03:18.195 DEBUG [acme.Launcher@main] Found classpath entry '/C:/Users/usuario/.m2/repository/org/springframework/boot/spring-boot-starter-data-jpa/2.4.2/spring-boot-starter-data-jpa-2.4.2.jar' 
2022-04-12 11:03:18.195 DEBUG [acme.Launcher@main] Found classpath entry '/C:/Users/usuario/.m2/repository/org/springframework/boot/spring-boot-starter-aop/2.4.2/spring-boot-starter-aop-2.4.2.jar' 
2022-04-12 11:03:18.195 DEBUG [acme.Launcher@main] Found classpath entry '/C:/Users/usuario/.m2/repository/org/aspectj/aspectjweaver/1.9.6/aspectjweaver-1.9.6.jar' 
2022-04-12 11:03:18.195 DEBUG [acme.Launcher@main] Found classpath entry '/C:/Users/usuario/.m2/repository/org/springframework/boot/spring-boot-starter-jdbc/2.4.2/spring-boot-starter-jdbc-2.4.2.jar' 
2022-04-12 11:03:18.196 DEBUG [acme.Launcher@main] Found classpath entry '/C:/Users/usuario/.m2/repository/jakarta/transaction/jakarta.transaction-api/1.3.3/jakarta.transaction-api-1.3.3.jar' 
2022-04-12 11:03:18.196 DEBUG [acme.Launcher@main] Found classpath entry '/C:/Users/usuario/.m2/repository/jakarta/persistence/jakarta.persistence-api/2.2.3/jakarta.persistence-api-2.2.3.jar' 
2022-04-12 11:03:18.198 DEBUG [acme.Launcher@main] Found classpath entry '/C:/Users/usuario/.m2/repository/org/hibernate/hibernate-core/5.4.27.Final/hibernate-core-5.4.27.Final.jar' 
2022-04-12 11:03:18.198 DEBUG [acme.Launcher@main] Found classpath entry '/C:/Users/usuario/.m2/repository/org/jboss/logging/jboss-logging/3.4.1.Final/jboss-logging-3.4.1.Final.jar' 
2022-04-12 11:03:18.198 DEBUG [acme.Launcher@main] Found classpath entry '/C:/Users/usuario/.m2/repository/org/javassist/javassist/3.27.0-GA/javassist-3.27.0-GA.jar' 
2022-04-12 11:03:18.199 DEBUG [acme.Launcher@main] Found classpath entry '/C:/Users/usuario/.m2/repository/antlr/antlr/2.7.7/antlr-2.7.7.jar' 
2022-04-12 11:03:18.199 DEBUG [acme.Launcher@main] Found classpath entry '/C:/Users/usuario/.m2/repository/org/jboss/jandex/2.1.3.Final/jandex-2.1.3.Final.jar' 
2022-04-12 11:03:18.199 DEBUG [acme.Launcher@main] Found classpath entry '/C:/Users/usuario/.m2/repository/com/fasterxml/classmate/1.5.1/classmate-1.5.1.jar' 
2022-04-12 11:03:18.200 DEBUG [acme.Launcher@main] Found classpath entry '/C:/Users/usuario/.m2/repository/org/dom4j/dom4j/2.1.3/dom4j-2.1.3.jar' 
2022-04-12 11:03:18.200 DEBUG [acme.Launcher@main] Found classpath entry '/C:/Users/usuario/.m2/repository/org/hibernate/common/hibernate-commons-annotations/5.1.2.Final/hibernate-commons-annotations-5.1.2.Final.jar' 
2022-04-12 11:03:18.206 DEBUG [acme.Launcher@main] Found classpath entry '/C:/Users/usuario/.m2/repository/org/glassfish/jaxb/jaxb-runtime/2.3.3/jaxb-runtime-2.3.3.jar' 
2022-04-12 11:03:18.209 DEBUG [acme.Launcher@main] Found classpath entry '/C:/Users/usuario/.m2/repository/org/glassfish/jaxb/txw2/2.3.3/txw2-2.3.3.jar' 
2022-04-12 11:03:18.210 DEBUG [acme.Launcher@main] Found classpath entry '/C:/Users/usuario/.m2/repository/com/sun/istack/istack-commons-runtime/3.0.11/istack-commons-runtime-3.0.11.jar' 
2022-04-12 11:03:18.210 DEBUG [acme.Launcher@main] Found classpath entry '/C:/Users/usuario/.m2/repository/com/sun/activation/jakarta.activation/1.2.2/jakarta.activation-1.2.2.jar' 
2022-04-12 11:03:18.210 DEBUG [acme.Launcher@main] Found classpath entry '/C:/Users/usuario/.m2/repository/org/springframework/data/spring-data-jpa/2.4.3/spring-data-jpa-2.4.3.jar' 
2022-04-12 11:03:18.210 DEBUG [acme.Launcher@main] Found classpath entry '/C:/Users/usuario/.m2/repository/org/springframework/data/spring-data-commons/2.4.3/spring-data-commons-2.4.3.jar' 
2022-04-12 11:03:18.210 DEBUG [acme.Launcher@main] Found classpath entry '/C:/Users/usuario/.m2/repository/org/springframework/spring-orm/5.3.3/spring-orm-5.3.3.jar' 
2022-04-12 11:03:18.211 DEBUG [acme.Launcher@main] Found classpath entry '/C:/Users/usuario/.m2/repository/org/springframework/spring-aspects/5.3.3/spring-aspects-5.3.3.jar' 
2022-04-12 11:03:18.211 DEBUG [acme.Launcher@main] Found classpath entry '/C:/Users/usuario/.m2/repository/org/springframework/boot/spring-boot-starter-validation/2.4.2/spring-boot-starter-validation-2.4.2.jar' 
2022-04-12 11:03:18.211 DEBUG [acme.Launcher@main] Found classpath entry '/C:/Users/usuario/.m2/repository/org/hibernate/validator/hibernate-validator/6.1.7.Final/hibernate-validator-6.1.7.Final.jar' 
2022-04-12 11:03:18.211 DEBUG [acme.Launcher@main] Found classpath entry '/C:/Users/usuario/.m2/repository/jakarta/validation/jakarta.validation-api/2.0.2/jakarta.validation-api-2.0.2.jar' 
2022-04-12 11:03:18.212 DEBUG [acme.Launcher@main] Found classpath entry '/C:/Users/usuario/.m2/repository/mysql/mysql-connector-java/8.0.22/mysql-connector-java-8.0.22.jar' 
2022-04-12 11:03:18.212 DEBUG [acme.Launcher@main] Found classpath entry '/C:/Users/usuario/.m2/repository/com/zaxxer/HikariCP/3.4.5/HikariCP-3.4.5.jar' 
2022-04-12 11:03:18.212 DEBUG [acme.Launcher@main] Found classpath entry '/C:/Users/usuario/.m2/repository/org/junit/jupiter/junit-jupiter-engine/5.7.0/junit-jupiter-engine-5.7.0.jar' 
2022-04-12 11:03:18.212 DEBUG [acme.Launcher@main] Found classpath entry '/C:/Users/usuario/.m2/repository/org/apiguardian/apiguardian-api/1.1.0/apiguardian-api-1.1.0.jar' 
2022-04-12 11:03:18.212 DEBUG [acme.Launcher@main] Found classpath entry '/C:/Users/usuario/.m2/repository/org/junit/platform/junit-platform-engine/1.7.0/junit-platform-engine-1.7.0.jar' 
2022-04-12 11:03:18.213 DEBUG [acme.Launcher@main] Found classpath entry '/C:/Users/usuario/.m2/repository/org/junit/jupiter/junit-jupiter-api/5.7.0/junit-jupiter-api-5.7.0.jar' 
2022-04-12 11:03:18.213 DEBUG [acme.Launcher@main] Found classpath entry '/C:/Users/usuario/.m2/repository/org/opentest4j/opentest4j/1.2.0/opentest4j-1.2.0.jar' 
2022-04-12 11:03:18.213 DEBUG [acme.Launcher@main] Found classpath entry '/C:/Users/usuario/.m2/repository/org/junit/platform/junit-platform-commons/1.7.0/junit-platform-commons-1.7.0.jar' 
2022-04-12 11:03:18.213 DEBUG [acme.Launcher@main] Found classpath entry '/C:/Users/usuario/.m2/repository/org/junit/jupiter/junit-jupiter-params/5.7.0/junit-jupiter-params-5.7.0.jar' 
2022-04-12 11:03:18.213 DEBUG [acme.Launcher@main] Found classpath entry '/C:/Users/usuario/.m2/repository/org/junit/platform/junit-platform-launcher/1.7.0/junit-platform-launcher-1.7.0.jar' 
2022-04-12 11:03:18.214 DEBUG [acme.Launcher@main] Found classpath entry '/C:/Users/usuario/.m2/repository/org/seleniumhq/selenium/selenium-java/3.141.59/selenium-java-3.141.59.jar' 
2022-04-12 11:03:18.214 DEBUG [acme.Launcher@main] Found classpath entry '/C:/Users/usuario/.m2/repository/org/seleniumhq/selenium/selenium-api/3.141.59/selenium-api-3.141.59.jar' 
2022-04-12 11:03:18.214 DEBUG [acme.Launcher@main] Found classpath entry '/C:/Users/usuario/.m2/repository/org/seleniumhq/selenium/selenium-chrome-driver/3.141.59/selenium-chrome-driver-3.141.59.jar' 
2022-04-12 11:03:18.214 DEBUG [acme.Launcher@main] Found classpath entry '/C:/Users/usuario/.m2/repository/org/seleniumhq/selenium/selenium-edge-driver/3.141.59/selenium-edge-driver-3.141.59.jar' 
2022-04-12 11:03:18.214 DEBUG [acme.Launcher@main] Found classpath entry '/C:/Users/usuario/.m2/repository/org/seleniumhq/selenium/selenium-firefox-driver/3.141.59/selenium-firefox-driver-3.141.59.jar' 
2022-04-12 11:03:18.215 DEBUG [acme.Launcher@main] Found classpath entry '/C:/Users/usuario/.m2/repository/org/seleniumhq/selenium/selenium-ie-driver/3.141.59/selenium-ie-driver-3.141.59.jar' 
2022-04-12 11:03:18.215 DEBUG [acme.Launcher@main] Found classpath entry '/C:/Users/usuario/.m2/repository/org/seleniumhq/selenium/selenium-opera-driver/3.141.59/selenium-opera-driver-3.141.59.jar' 
2022-04-12 11:03:18.215 DEBUG [acme.Launcher@main] Found classpath entry '/C:/Users/usuario/.m2/repository/org/seleniumhq/selenium/selenium-remote-driver/3.141.59/selenium-remote-driver-3.141.59.jar' 
2022-04-12 11:03:18.215 DEBUG [acme.Launcher@main] Found classpath entry '/C:/Users/usuario/.m2/repository/org/seleniumhq/selenium/selenium-safari-driver/3.141.59/selenium-safari-driver-3.141.59.jar' 
2022-04-12 11:03:18.215 DEBUG [acme.Launcher@main] Found classpath entry '/C:/Users/usuario/.m2/repository/org/seleniumhq/selenium/selenium-support/3.141.59/selenium-support-3.141.59.jar' 
2022-04-12 11:03:18.216 DEBUG [acme.Launcher@main] Found classpath entry '/C:/Users/usuario/.m2/repository/net/bytebuddy/byte-buddy/1.10.19/byte-buddy-1.10.19.jar' 
2022-04-12 11:03:18.216 DEBUG [acme.Launcher@main] Found classpath entry '/C:/Users/usuario/.m2/repository/org/apache/commons/commons-exec/1.3/commons-exec-1.3.jar' 
2022-04-12 11:03:18.216 DEBUG [acme.Launcher@main] Found classpath entry '/C:/Users/usuario/.m2/repository/com/google/guava/guava/25.0-jre/guava-25.0-jre.jar' 
2022-04-12 11:03:18.216 DEBUG [acme.Launcher@main] Found classpath entry '/C:/Users/usuario/.m2/repository/com/google/code/findbugs/jsr305/1.3.9/jsr305-1.3.9.jar' 
2022-04-12 11:03:18.216 DEBUG [acme.Launcher@main] Found classpath entry '/C:/Users/usuario/.m2/repository/org/checkerframework/checker-compat-qual/2.0.0/checker-compat-qual-2.0.0.jar' 
2022-04-12 11:03:18.217 DEBUG [acme.Launcher@main] Found classpath entry '/C:/Users/usuario/.m2/repository/com/google/errorprone/error_prone_annotations/2.1.3/error_prone_annotations-2.1.3.jar' 
2022-04-12 11:03:18.218 DEBUG [acme.Launcher@main] Found classpath entry '/C:/Users/usuario/.m2/repository/com/google/j2objc/j2objc-annotations/1.1/j2objc-annotations-1.1.jar' 
2022-04-12 11:03:18.222 DEBUG [acme.Launcher@main] Found classpath entry '/C:/Users/usuario/.m2/repository/org/codehaus/mojo/animal-sniffer-annotations/1.14/animal-sniffer-annotations-1.14.jar' 
2022-04-12 11:03:18.222 DEBUG [acme.Launcher@main] Found classpath entry '/C:/Users/usuario/.m2/repository/com/squareup/okhttp3/okhttp/3.14.9/okhttp-3.14.9.jar' 
2022-04-12 11:03:18.223 DEBUG [acme.Launcher@main] Found classpath entry '/C:/Users/usuario/.m2/repository/com/squareup/okio/okio/1.14.0/okio-1.14.0.jar' 
2022-04-12 11:03:18.223 DEBUG [acme.Launcher@main] Found classpath entry '/C:/Users/usuario/.m2/repository/org/apache/commons/commons-lang3/3.11/commons-lang3-3.11.jar' 
2022-04-12 11:03:18.223 DEBUG [acme.Launcher@main] Found classpath entry '/C:/Users/usuario/.m2/repository/org/apache/commons/commons-text/1.8/commons-text-1.8.jar' 
2022-04-12 11:03:18.223 DEBUG [acme.Launcher@main] Found classpath entry '/C:/Users/usuario/.m2/repository/commons-io/commons-io/2.6/commons-io-2.6.jar' 
2022-04-12 11:03:18.223 DEBUG [acme.Launcher@main] Found classpath entry '/C:/Users/usuario/.m2/repository/commons-cli/commons-cli/1.4/commons-cli-1.4.jar' 
2022-04-12 11:03:18.223 DEBUG [acme.Launcher@main] Found classpath entry '/C:/Users/usuario/.m2/repository/org/projectlombok/lombok/1.18.16/lombok-1.18.16.jar' 
2022-04-12 11:03:18.224 DEBUG [acme.Launcher@main] Found classpath entry '/C:/Users/usuario/.m2/repository/com/opencsv/opencsv/5.4/opencsv-5.4.jar' 
2022-04-12 11:03:18.224 DEBUG [acme.Launcher@main] Found classpath entry '/C:/Users/usuario/.m2/repository/commons-beanutils/commons-beanutils/1.9.4/commons-beanutils-1.9.4.jar' 
2022-04-12 11:03:18.224 DEBUG [acme.Launcher@main] Found classpath entry '/C:/Users/usuario/.m2/repository/commons-logging/commons-logging/1.2/commons-logging-1.2.jar' 
2022-04-12 11:03:18.224 DEBUG [acme.Launcher@main] Found classpath entry '/C:/Users/usuario/.m2/repository/commons-collections/commons-collections/3.2.2/commons-collections-3.2.2.jar' 
2022-04-12 11:03:18.224 DEBUG [acme.Launcher@main] Found classpath entry '/C:/Users/usuario/.m2/repository/org/apache/commons/commons-collections4/4.4/commons-collections4-4.4.jar' 
2022-04-12 11:03:18.224 DEBUG [acme.Launcher@main] Found classpath entry '/C:/Users/usuario/Desktop/Workspace-22.0/Tools/IDEs/eclipse-jee-2021-12-R/configuration/org.eclipse.osgi/418/0/.cp/lib/javaagent-shaded.jar' 
2022-04-12 11:03:18.843 DEBUG [acme.Launcher@main] Found entity class 'acme.entities.announcements.Announcement 
2022-04-12 11:03:18.844 DEBUG [acme.Launcher@main] Found entity class 'acme.entities.chirps.Chirp 
2022-04-12 11:03:18.844 DEBUG [acme.Launcher@main] Found entity class 'acme.entities.items.Item 
2022-04-12 11:03:18.844 DEBUG [acme.Launcher@main] Found entity class 'acme.entities.patronageReports.PatronageReport 
2022-04-12 11:03:18.845 DEBUG [acme.Launcher@main] Found entity class 'acme.entities.patronages.Patronage 
2022-04-12 11:03:18.845 DEBUG [acme.Launcher@main] Found entity class 'acme.entities.quantities.Quantity 
2022-04-12 11:03:18.845 DEBUG [acme.Launcher@main] Found entity class 'acme.entities.systemConfigurations.SystemConfiguration 
2022-04-12 11:03:18.845 DEBUG [acme.Launcher@main] Found entity class 'acme.entities.toolkits.Toolkit 
2022-04-12 11:03:18.845 DEBUG [acme.Launcher@main] Found entity class 'acme.roles.Consumer 
2022-04-12 11:03:18.846 DEBUG [acme.Launcher@main] Found entity class 'acme.roles.Inventor 
2022-04-12 11:03:18.846 DEBUG [acme.Launcher@main] Found entity class 'acme.roles.Patron 
2022-04-12 11:03:18.846 DEBUG [acme.Launcher@main] Found entity class 'acme.roles.Provider 
2022-04-12 11:03:18.846 DEBUG [acme.Launcher@main] Found entity class 'acme.framework.entities.UserAccount 
2022-04-12 11:03:18.846 DEBUG [acme.Launcher@main] Found entity class 'acme.framework.roles.Administrator 
2022-04-12 11:03:18.846 DEBUG [acme.Launcher@main] Found entity class 'acme.framework.roles.Anonymous 
2022-04-12 11:03:18.847 DEBUG [acme.Launcher@main] Found entity class 'acme.framework.roles.Any 
2022-04-12 11:03:18.847 DEBUG [acme.Launcher@main] Found entity class 'acme.framework.roles.Authenticated 
2022-04-12 11:03:18.855 INFO  [acme.Launcher@main] Running application (Standalone) 
2022-04-12 11:05:13.332 DEBUG [acme.framework.components.tiles.DynamicTilesView@http-nio-8081-exec-3] View name 'fragments/welcome', model {} 
2022-04-12 11:05:13.391 DEBUG [org.apache.tiles.definition.dao.BaseLocaleUrlDefinitionDAO@http-nio-8081-exec-3] File Resource file:/C:/Users/usuario/Desktop/Workspace-22.0/Projects/Acme-Toolkits/target/classes/WEB-INF/views/master/tiles_en.xml at file:/C:/Users/usuario/Desktop/Workspace-22.0/Projects/Acme-Toolkits/target/classes/WEB-INF/views/master/tiles_en.xml not found, continue 
2022-04-12 11:05:13.405 DEBUG [org.apache.jasper.servlet.JspServlet@http-nio-8081-exec-3] JspEngine --> /WEB-INF/views/master/page.jsp 
2022-04-12 11:05:13.406 DEBUG [org.apache.jasper.servlet.JspServlet@http-nio-8081-exec-3] ServletPath: /WEB-INF/views/master/page.jsp 
2022-04-12 11:05:13.407 DEBUG [org.apache.jasper.servlet.JspServlet@http-nio-8081-exec-3] PathInfo: null 
2022-04-12 11:05:13.409 DEBUG [org.apache.jasper.servlet.JspServlet@http-nio-8081-exec-3] RealPath: C:\Users\usuario\Desktop\Workspace-22.0\Projects\Acme-Toolkits\target\classes\WEB-INF\views\master\page.jsp 
2022-04-12 11:05:13.410 DEBUG [org.apache.jasper.servlet.JspServlet@http-nio-8081-exec-3] RequestURI: /acme-toolkits-22.1/WEB-INF/views/master/page.jsp 
2022-04-12 11:05:13.410 DEBUG [org.apache.jasper.servlet.JspServlet@http-nio-8081-exec-3] QueryString: null 
2022-04-12 11:05:23.828 DEBUG [acme.framework.configuration.ExtendedMessageSource@http-nio-8081-exec-3] Loading properties [C:\Users\usuario\Desktop\Workspace-22.0\Projects\Acme-Toolkits\target\classes\WEB-INF\views\administrator\user-account\messages-en.i18n] with encoding 'utf-8' 
2022-04-12 11:05:23.832 DEBUG [acme.framework.configuration.ExtendedMessageSource@http-nio-8081-exec-3] Loading properties [C:\Users\usuario\Desktop\Workspace-22.0\Projects\Acme-Toolkits\target\classes\WEB-INF\views\anonymous\user-account\messages-en.i18n] with encoding 'utf-8' 
2022-04-12 11:05:23.833 DEBUG [acme.framework.configuration.ExtendedMessageSource@http-nio-8081-exec-3] Loading properties [C:\Users\usuario\Desktop\Workspace-22.0\Projects\Acme-Toolkits\target\classes\WEB-INF\views\any\item\messages-en.i18n] with encoding 'utf-8' 
2022-04-12 11:05:23.834 DEBUG [acme.framework.configuration.ExtendedMessageSource@http-nio-8081-exec-3] Loading properties [C:\Users\usuario\Desktop\Workspace-22.0\Projects\Acme-Toolkits\target\classes\WEB-INF\views\any\quantity\messages-en.i18n] with encoding 'utf-8' 
2022-04-12 11:05:23.835 DEBUG [acme.framework.configuration.ExtendedMessageSource@http-nio-8081-exec-3] Loading properties [C:\Users\usuario\Desktop\Workspace-22.0\Projects\Acme-Toolkits\target\classes\WEB-INF\views\authenticated\announcement\messages-en.i18n] with encoding 'utf-8' 
2022-04-12 11:05:23.836 DEBUG [acme.framework.configuration.ExtendedMessageSource@http-nio-8081-exec-3] Loading properties [C:\Users\usuario\Desktop\Workspace-22.0\Projects\Acme-Toolkits\target\classes\WEB-INF\views\authenticated\consumer\messsages-en.i18n] with encoding 'utf-8' 
2022-04-12 11:05:23.838 DEBUG [acme.framework.configuration.ExtendedMessageSource@http-nio-8081-exec-3] Loading properties [C:\Users\usuario\Desktop\Workspace-22.0\Projects\Acme-Toolkits\target\classes\WEB-INF\views\authenticated\provider\messsages-en.i18n] with encoding 'utf-8' 
2022-04-12 11:05:23.840 DEBUG [acme.framework.configuration.ExtendedMessageSource@http-nio-8081-exec-3] Loading properties [C:\Users\usuario\Desktop\Workspace-22.0\Projects\Acme-Toolkits\target\classes\WEB-INF\views\authenticated\system-configuration\messsages-en.i18n] with encoding 'utf-8' 
2022-04-12 11:05:23.844 DEBUG [acme.framework.configuration.ExtendedMessageSource@http-nio-8081-exec-3] Loading properties [C:\Users\usuario\Desktop\Workspace-22.0\Projects\Acme-Toolkits\target\classes\WEB-INF\views\authenticated\user-account\messages-en.i18n] with encoding 'utf-8' 
2022-04-12 11:05:23.849 DEBUG [acme.framework.configuration.ExtendedMessageSource@http-nio-8081-exec-3] Loading properties [C:\Users\usuario\Desktop\Workspace-22.0\Projects\Acme-Toolkits\target\classes\WEB-INF\views\fragments\banner-en.i18n] with encoding 'utf-8' 
2022-04-12 11:05:23.852 DEBUG [acme.framework.configuration.ExtendedMessageSource@http-nio-8081-exec-3] Loading properties [C:\Users\usuario\Desktop\Workspace-22.0\Projects\Acme-Toolkits\target\classes\WEB-INF\views\fragments\company-en.i18n] with encoding 'utf-8' 
2022-04-12 11:05:23.853 DEBUG [acme.framework.configuration.ExtendedMessageSource@http-nio-8081-exec-3] Loading properties [C:\Users\usuario\Desktop\Workspace-22.0\Projects\Acme-Toolkits\target\classes\WEB-INF\views\fragments\footer-en.i18n] with encoding 'utf-8' 
2022-04-12 11:05:23.855 DEBUG [acme.framework.configuration.ExtendedMessageSource@http-nio-8081-exec-3] Loading properties [C:\Users\usuario\Desktop\Workspace-22.0\Projects\Acme-Toolkits\target\classes\WEB-INF\views\fragments\license-en.i18n] with encoding 'utf-8' 
2022-04-12 11:05:23.862 DEBUG [acme.framework.configuration.ExtendedMessageSource@http-nio-8081-exec-3] Loading properties [C:\Users\usuario\Desktop\Workspace-22.0\Projects\Acme-Toolkits\target\classes\WEB-INF\views\fragments\menu-en.i18n] with encoding 'utf-8' 
2022-04-12 11:05:23.864 DEBUG [acme.framework.configuration.ExtendedMessageSource@http-nio-8081-exec-3] Loading properties [C:\Users\usuario\Desktop\Workspace-22.0\Projects\Acme-Toolkits\target\classes\WEB-INF\views\fragments\messsages-en.i18n] with encoding 'utf-8' 
2022-04-12 11:05:23.865 DEBUG [acme.framework.configuration.ExtendedMessageSource@http-nio-8081-exec-3] Loading properties [C:\Users\usuario\Desktop\Workspace-22.0\Projects\Acme-Toolkits\target\classes\WEB-INF\views\fragments\title-en.i18n] with encoding 'utf-8' 
2022-04-12 11:05:23.866 DEBUG [acme.framework.configuration.ExtendedMessageSource@http-nio-8081-exec-3] Loading properties [C:\Users\usuario\Desktop\Workspace-22.0\Projects\Acme-Toolkits\target\classes\WEB-INF\views\fragments\welcome-en.i18n] with encoding 'utf-8' 
2022-04-12 11:05:23.867 DEBUG [acme.framework.configuration.ExtendedMessageSource@http-nio-8081-exec-3] Loading properties [C:\Users\usuario\Desktop\Workspace-22.0\Projects\Acme-Toolkits\target\classes\WEB-INF\views\inventor\item\messages-en.i18n] with encoding 'utf-8' 
2022-04-12 11:05:23.868 DEBUG [acme.framework.configuration.ExtendedMessageSource@http-nio-8081-exec-3] Loading properties [C:\Users\usuario\Desktop\Workspace-22.0\Projects\Acme-Toolkits\target\classes\WEB-INF\views\master\defaults-en.i18n] with encoding 'utf-8' 
2022-04-12 11:05:23.869 DEBUG [acme.framework.configuration.ExtendedMessageSource@http-nio-8081-exec-3] Loading properties [C:\Users\usuario\Desktop\Workspace-22.0\Projects\Acme-Toolkits\target\classes\WEB-INF\views\master\master-en.i18n] with encoding 'utf-8' 
2022-04-12 11:05:23.870 DEBUG [acme.framework.configuration.ExtendedMessageSource@http-nio-8081-exec-3] Loading properties [C:\Users\usuario\Desktop\Workspace-22.0\Projects\Acme-Toolkits\target\classes\WEB-INF\views\master\throwables-en.i18n] with encoding 'utf-8' 
2022-04-12 11:05:23.871 DEBUG [acme.framework.configuration.ExtendedMessageSource@http-nio-8081-exec-3] Loading properties [C:\Users\usuario\Desktop\Workspace-22.0\Projects\Acme-Toolkits\target\classes\WEB-INF\views\master\validation-en.i18n] with encoding 'utf-8' 
2022-04-12 11:05:24.317 DEBUG [org.apache.jasper.servlet.JspServlet@http-nio-8081-exec-3] JspEngine --> /WEB-INF/views/fragments/welcome.jsp 
2022-04-12 11:05:24.317 DEBUG [org.apache.jasper.servlet.JspServlet@http-nio-8081-exec-3] ServletPath: /WEB-INF/views/master/page.jsp 
2022-04-12 11:05:24.318 DEBUG [org.apache.jasper.servlet.JspServlet@http-nio-8081-exec-3] PathInfo: null 
2022-04-12 11:05:24.323 DEBUG [org.apache.jasper.servlet.JspServlet@http-nio-8081-exec-3] RealPath: C:\Users\usuario\Desktop\Workspace-22.0\Projects\Acme-Toolkits\target\classes\WEB-INF\views\fragments\welcome.jsp 
2022-04-12 11:05:24.324 DEBUG [org.apache.jasper.servlet.JspServlet@http-nio-8081-exec-3] RequestURI: /acme-toolkits-22.1/WEB-INF/views/master/page.jsp 
2022-04-12 11:05:24.324 DEBUG [org.apache.jasper.servlet.JspServlet@http-nio-8081-exec-3] QueryString: null 
2022-04-12 11:05:25.148 DEBUG [org.hibernate.SQL@http-nio-8081-exec-3] select useraccoun0_.id as id1_0_, useraccoun0_.version as version2_0_, useraccoun0_.enabled as enabled1_17_, useraccoun0_.identity as identity2_17_, useraccoun0_.password as password3_17_, useraccoun0_.username as username4_17_ from user_account useraccoun0_ where useraccoun0_.username=? 
2022-04-12 11:05:25.191 TRACE [org.hibernate.type.descriptor.sql.BasicBinder@http-nio-8081-exec-3] binding parameter [1] as [VARCHAR] - [anonymous] 
2022-04-12 11:05:25.524 DEBUG [org.hibernate.SQL@http-nio-8081-exec-3] select roles0_.user_account_id as user_acc1_18_0_, roles0_.id as id1_18_0_, roles0_.id as id1_0_1_, roles0_.version as version2_0_1_, roles0_.user_account_id as user_acc1_18_1_, roles0_.company as company1_7_1_, roles0_.sector as sector2_7_1_, roles0_.company as company1_8_1_, roles0_.info as info2_8_1_, roles0_.statement as statemen3_8_1_, roles0_.company as company1_10_1_, roles0_.info as info2_10_1_, roles0_.statement as statemen3_10_1_, roles0_.company as company1_13_1_, roles0_.sector as sector2_13_1_, roles0_.clazz_ as clazz_1_ from ( select id, version, user_account_id, company, sector, null as info, null as statement, 10 as clazz_ from consumer union all select id, version, user_account_id, company, null as sector, info, statement, 11 as clazz_ from inventor union all select id, version, user_account_id, company, null as sector, info, statement, 12 as clazz_ from patron union all select id, version, user_account_id, company, sector, null as info, null as statement, 13 as clazz_ from provider union all select id, version, user_account_id, null as company, null as sector, null as info, null as statement, 15 as clazz_ from administrator union all select id, version, user_account_id, null as company, null as sector, null as info, null as statement, 16 as clazz_ from anonymous union all select id, version, user_account_id, null as company, null as sector, null as info, null as statement, 17 as clazz_ from any union all select id, version, user_account_id, null as company, null as sector, null as info, null as statement, 18 as clazz_ from authenticated ) roles0_ where roles0_.user_account_id=? 
2022-04-12 11:05:25.525 TRACE [org.hibernate.type.descriptor.sql.BasicBinder@http-nio-8081-exec-3] binding parameter [1] as [INTEGER] - [1] 
2022-04-12 11:05:32.218 DEBUG [acme.framework.components.tiles.DynamicTilesView@http-nio-8081-exec-10] View name 'master/sign-in', model {username=, password=, remember=false} 
2022-04-12 11:05:32.220 DEBUG [org.apache.jasper.servlet.JspServlet@http-nio-8081-exec-10] JspEngine --> /WEB-INF/views/master/page.jsp 
2022-04-12 11:05:32.220 DEBUG [org.apache.jasper.servlet.JspServlet@http-nio-8081-exec-10] ServletPath: /WEB-INF/views/master/page.jsp 
2022-04-12 11:05:32.221 DEBUG [org.apache.jasper.servlet.JspServlet@http-nio-8081-exec-10] PathInfo: null 
2022-04-12 11:05:32.223 DEBUG [org.apache.jasper.servlet.JspServlet@http-nio-8081-exec-10] RealPath: C:\Users\usuario\Desktop\Workspace-22.0\Projects\Acme-Toolkits\target\classes\WEB-INF\views\master\page.jsp 
2022-04-12 11:05:32.223 DEBUG [org.apache.jasper.servlet.JspServlet@http-nio-8081-exec-10] RequestURI: /acme-toolkits-22.1/WEB-INF/views/master/page.jsp 
2022-04-12 11:05:32.224 DEBUG [org.apache.jasper.servlet.JspServlet@http-nio-8081-exec-10] QueryString: null 
2022-04-12 11:05:32.517 DEBUG [org.apache.jasper.servlet.JspServlet@http-nio-8081-exec-10] JspEngine --> /WEB-INF/views/master/sign-in.jsp 
2022-04-12 11:05:32.517 DEBUG [org.apache.jasper.servlet.JspServlet@http-nio-8081-exec-10] ServletPath: /WEB-INF/views/master/page.jsp 
2022-04-12 11:05:32.519 DEBUG [org.apache.jasper.servlet.JspServlet@http-nio-8081-exec-10] PathInfo: null 
2022-04-12 11:05:32.520 DEBUG [org.apache.jasper.servlet.JspServlet@http-nio-8081-exec-10] RealPath: C:\Users\usuario\Desktop\Workspace-22.0\Projects\Acme-Toolkits\target\classes\WEB-INF\views\master\sign-in.jsp 
2022-04-12 11:05:32.521 DEBUG [org.apache.jasper.servlet.JspServlet@http-nio-8081-exec-10] RequestURI: /acme-toolkits-22.1/WEB-INF/views/master/page.jsp 
2022-04-12 11:05:32.521 DEBUG [org.apache.jasper.servlet.JspServlet@http-nio-8081-exec-10] QueryString: null 
2022-04-12 11:05:36.211 DEBUG [org.hibernate.SQL@http-nio-8081-exec-10] select useraccoun0_.id as id1_0_, useraccoun0_.version as version2_0_, useraccoun0_.enabled as enabled1_17_, useraccoun0_.identity as identity2_17_, useraccoun0_.password as password3_17_, useraccoun0_.username as username4_17_ from user_account useraccoun0_ where useraccoun0_.username=? 
2022-04-12 11:05:36.212 TRACE [org.hibernate.type.descriptor.sql.BasicBinder@http-nio-8081-exec-10] binding parameter [1] as [VARCHAR] - [anonymous] 
2022-04-12 11:05:36.214 DEBUG [org.hibernate.SQL@http-nio-8081-exec-10] select roles0_.user_account_id as user_acc1_18_0_, roles0_.id as id1_18_0_, roles0_.id as id1_0_1_, roles0_.version as version2_0_1_, roles0_.user_account_id as user_acc1_18_1_, roles0_.company as company1_7_1_, roles0_.sector as sector2_7_1_, roles0_.company as company1_8_1_, roles0_.info as info2_8_1_, roles0_.statement as statemen3_8_1_, roles0_.company as company1_10_1_, roles0_.info as info2_10_1_, roles0_.statement as statemen3_10_1_, roles0_.company as company1_13_1_, roles0_.sector as sector2_13_1_, roles0_.clazz_ as clazz_1_ from ( select id, version, user_account_id, company, sector, null as info, null as statement, 10 as clazz_ from consumer union all select id, version, user_account_id, company, null as sector, info, statement, 11 as clazz_ from inventor union all select id, version, user_account_id, company, null as sector, info, statement, 12 as clazz_ from patron union all select id, version, user_account_id, company, sector, null as info, null as statement, 13 as clazz_ from provider union all select id, version, user_account_id, null as company, null as sector, null as info, null as statement, 15 as clazz_ from administrator union all select id, version, user_account_id, null as company, null as sector, null as info, null as statement, 16 as clazz_ from anonymous union all select id, version, user_account_id, null as company, null as sector, null as info, null as statement, 17 as clazz_ from any union all select id, version, user_account_id, null as company, null as sector, null as info, null as statement, 18 as clazz_ from authenticated ) roles0_ where roles0_.user_account_id=? 
2022-04-12 11:05:36.215 TRACE [org.hibernate.type.descriptor.sql.BasicBinder@http-nio-8081-exec-10] binding parameter [1] as [INTEGER] - [1] 
2022-04-12 11:05:45.996 DEBUG [org.hibernate.SQL@http-nio-8081-exec-7] select useraccoun0_.id as id1_0_, useraccoun0_.version as version2_0_, useraccoun0_.enabled as enabled1_17_, useraccoun0_.identity as identity2_17_, useraccoun0_.password as password3_17_, useraccoun0_.username as username4_17_ from user_account useraccoun0_ where useraccoun0_.username=? 
2022-04-12 11:05:46 TRACE [org.hibernate.type.descriptor.sql.BasicBinder@http-nio-8081-exec-7] binding parameter [1] as [VARCHAR] - [inventor1] 
2022-04-12 11:05:46.008 DEBUG [org.hibernate.SQL@http-nio-8081-exec-7] select roles0_.user_account_id as user_acc1_18_0_, roles0_.id as id1_18_0_, roles0_.id as id1_0_1_, roles0_.version as version2_0_1_, roles0_.user_account_id as user_acc1_18_1_, roles0_.company as company1_7_1_, roles0_.sector as sector2_7_1_, roles0_.company as company1_8_1_, roles0_.info as info2_8_1_, roles0_.statement as statemen3_8_1_, roles0_.company as company1_10_1_, roles0_.info as info2_10_1_, roles0_.statement as statemen3_10_1_, roles0_.company as company1_13_1_, roles0_.sector as sector2_13_1_, roles0_.clazz_ as clazz_1_ from ( select id, version, user_account_id, company, sector, null as info, null as statement, 10 as clazz_ from consumer union all select id, version, user_account_id, company, null as sector, info, statement, 11 as clazz_ from inventor union all select id, version, user_account_id, company, null as sector, info, statement, 12 as clazz_ from patron union all select id, version, user_account_id, company, sector, null as info, null as statement, 13 as clazz_ from provider union all select id, version, user_account_id, null as company, null as sector, null as info, null as statement, 15 as clazz_ from administrator union all select id, version, user_account_id, null as company, null as sector, null as info, null as statement, 16 as clazz_ from anonymous union all select id, version, user_account_id, null as company, null as sector, null as info, null as statement, 17 as clazz_ from any union all select id, version, user_account_id, null as company, null as sector, null as info, null as statement, 18 as clazz_ from authenticated ) roles0_ where roles0_.user_account_id=? 
2022-04-12 11:05:46.009 TRACE [org.hibernate.type.descriptor.sql.BasicBinder@http-nio-8081-exec-7] binding parameter [1] as [INTEGER] - [6] 
2022-04-12 11:05:46.056 DEBUG [acme.framework.components.tiles.DynamicTilesView@http-nio-8081-exec-10] View name 'fragments/welcome', model {} 
2022-04-12 11:05:46.057 DEBUG [org.apache.jasper.servlet.JspServlet@http-nio-8081-exec-10] JspEngine --> /WEB-INF/views/master/page.jsp 
2022-04-12 11:05:46.058 DEBUG [org.apache.jasper.servlet.JspServlet@http-nio-8081-exec-10] ServletPath: /WEB-INF/views/master/page.jsp 
2022-04-12 11:05:46.058 DEBUG [org.apache.jasper.servlet.JspServlet@http-nio-8081-exec-10] PathInfo: null 
2022-04-12 11:05:46.061 DEBUG [org.apache.jasper.servlet.JspServlet@http-nio-8081-exec-10] RealPath: C:\Users\usuario\Desktop\Workspace-22.0\Projects\Acme-Toolkits\target\classes\WEB-INF\views\master\page.jsp 
2022-04-12 11:05:46.063 DEBUG [org.apache.jasper.servlet.JspServlet@http-nio-8081-exec-10] RequestURI: /acme-toolkits-22.1/WEB-INF/views/master/page.jsp 
2022-04-12 11:05:46.063 DEBUG [org.apache.jasper.servlet.JspServlet@http-nio-8081-exec-10] QueryString: null 
2022-04-12 11:05:46.390 DEBUG [org.apache.jasper.servlet.JspServlet@http-nio-8081-exec-10] JspEngine --> /WEB-INF/views/fragments/welcome.jsp 
2022-04-12 11:05:46.390 DEBUG [org.apache.jasper.servlet.JspServlet@http-nio-8081-exec-10] ServletPath: /WEB-INF/views/master/page.jsp 
2022-04-12 11:05:46.391 DEBUG [org.apache.jasper.servlet.JspServlet@http-nio-8081-exec-10] PathInfo: null 
2022-04-12 11:05:46.393 DEBUG [org.apache.jasper.servlet.JspServlet@http-nio-8081-exec-10] RealPath: C:\Users\usuario\Desktop\Workspace-22.0\Projects\Acme-Toolkits\target\classes\WEB-INF\views\fragments\welcome.jsp 
2022-04-12 11:05:46.393 DEBUG [org.apache.jasper.servlet.JspServlet@http-nio-8081-exec-10] RequestURI: /acme-toolkits-22.1/WEB-INF/views/master/page.jsp 
2022-04-12 11:05:46.394 DEBUG [org.apache.jasper.servlet.JspServlet@http-nio-8081-exec-10] QueryString: null 
2022-04-12 11:05:59.469 DEBUG [acme.framework.controllers.AbstractController@http-nio-8081-exec-5] DISPATCHING GET /acme-toolkits-22.1/inventor/item/list-all-mine-components 
2022-04-12 11:05:59.469 DEBUG [acme.framework.controllers.AbstractController@http-nio-8081-exec-5] Command: list-all-mine-components 
2022-04-12 11:05:59.470 DEBUG [acme.framework.controllers.AbstractController@http-nio-8081-exec-5] Model:   {} 
2022-04-12 11:05:59.470 DEBUG [acme.framework.controllers.AbstractController@http-nio-8081-exec-5] Locale:  en 
2022-04-12 11:05:59.529 DEBUG [org.hibernate.SQL@http-nio-8081-exec-5] select item0_.id as id1_0_, item0_.version as version2_0_, item0_.code as code1_9_, item0_.description as descript2_9_, item0_.inventor_id as inventor9_9_, item0_.link as link3_9_, item0_.name as name4_9_, item0_.retail_price_amount as retail_p5_9_, item0_.retail_price_currency as retail_p6_9_, item0_.technology as technolo7_9_, item0_.type as type8_9_ from item item0_ where item0_.inventor_id=? and item0_.type=1 
2022-04-12 11:05:59.529 TRACE [org.hibernate.type.descriptor.sql.BasicBinder@http-nio-8081-exec-5] binding parameter [1] as [INTEGER] - [10] 
2022-04-12 11:05:59.533 DEBUG [org.hibernate.SQL@http-nio-8081-exec-5] select inventor0_.id as id1_0_0_, inventor0_.version as version2_0_0_, inventor0_.user_account_id as user_acc1_18_0_, inventor0_.company as company1_8_0_, inventor0_.info as info2_8_0_, inventor0_.statement as statemen3_8_0_, useraccoun1_.id as id1_0_1_, useraccoun1_.version as version2_0_1_, useraccoun1_.enabled as enabled1_17_1_, useraccoun1_.identity as identity2_17_1_, useraccoun1_.password as password3_17_1_, useraccoun1_.username as username4_17_1_ from inventor inventor0_ inner join user_account useraccoun1_ on inventor0_.user_account_id=useraccoun1_.id where inventor0_.id=? 
2022-04-12 11:05:59.534 TRACE [org.hibernate.type.descriptor.sql.BasicBinder@http-nio-8081-exec-5] binding parameter [1] as [INTEGER] - [10] 
2022-04-12 11:05:59.594 DEBUG [acme.framework.controllers.AbstractController@http-nio-8081-exec-5] SERVING GET /acme-toolkits-22.1/inventor/item/list-all-mine-components 
2022-04-12 11:05:59.594 DEBUG [acme.framework.controllers.AbstractController@http-nio-8081-exec-5] Result: ModelAndView [view="inventor/item/list"; model={code[0]=BCD-234-Z, type[0]=COMPONENT, version[0]=0, id[0]=20, list$size=1, name[0]=Component 02, command=list-all-mine-components, principal=acme.framework.entities.Principal@d252f3d}] 
2022-04-12 11:05:59.606 DEBUG [acme.framework.components.tiles.DynamicTilesView@http-nio-8081-exec-5] View name 'inventor/item/list', model {code[0]=BCD-234-Z, type[0]=COMPONENT, version[0]=0, id[0]=20, list$size=1, name[0]=Component 02, command=list-all-mine-components, principal=acme.framework.entities.Principal@d252f3d, org.springframework.validation.BindingResult.principal=org.springframework.validation.BeanPropertyBindingResult: 0 errors} 
2022-04-12 11:05:59.608 DEBUG [org.apache.jasper.servlet.JspServlet@http-nio-8081-exec-5] JspEngine --> /WEB-INF/views/master/page.jsp 
2022-04-12 11:05:59.608 DEBUG [org.apache.jasper.servlet.JspServlet@http-nio-8081-exec-5] ServletPath: /WEB-INF/views/master/page.jsp 
2022-04-12 11:05:59.609 DEBUG [org.apache.jasper.servlet.JspServlet@http-nio-8081-exec-5] PathInfo: null 
2022-04-12 11:05:59.611 DEBUG [org.apache.jasper.servlet.JspServlet@http-nio-8081-exec-5] RealPath: C:\Users\usuario\Desktop\Workspace-22.0\Projects\Acme-Toolkits\target\classes\WEB-INF\views\master\page.jsp 
2022-04-12 11:05:59.611 DEBUG [org.apache.jasper.servlet.JspServlet@http-nio-8081-exec-5] RequestURI: /acme-toolkits-22.1/WEB-INF/views/master/page.jsp 
2022-04-12 11:05:59.611 DEBUG [org.apache.jasper.servlet.JspServlet@http-nio-8081-exec-5] QueryString: null 
2022-04-12 11:05:59.894 DEBUG [org.apache.jasper.servlet.JspServlet@http-nio-8081-exec-5] JspEngine --> /WEB-INF/views/inventor/item/list.jsp 
2022-04-12 11:05:59.895 DEBUG [org.apache.jasper.servlet.JspServlet@http-nio-8081-exec-5] ServletPath: /WEB-INF/views/master/page.jsp 
2022-04-12 11:05:59.895 DEBUG [org.apache.jasper.servlet.JspServlet@http-nio-8081-exec-5] PathInfo: null 
2022-04-12 11:05:59.897 DEBUG [org.apache.jasper.servlet.JspServlet@http-nio-8081-exec-5] RealPath: C:\Users\usuario\Desktop\Workspace-22.0\Projects\Acme-Toolkits\target\classes\WEB-INF\views\inventor\item\list.jsp 
2022-04-12 11:05:59.898 DEBUG [org.apache.jasper.servlet.JspServlet@http-nio-8081-exec-5] RequestURI: /acme-toolkits-22.1/WEB-INF/views/master/page.jsp 
2022-04-12 11:05:59.899 DEBUG [org.apache.jasper.servlet.JspServlet@http-nio-8081-exec-5] QueryString: null 
2022-04-12 11:06:04.515 DEBUG [acme.framework.controllers.AbstractController@http-nio-8081-exec-1] DISPATCHING GET /acme-toolkits-22.1/inventor/item/list-all-mine-tools 
2022-04-12 11:06:04.515 DEBUG [acme.framework.controllers.AbstractController@http-nio-8081-exec-1] Command: list-all-mine-tools 
2022-04-12 11:06:04.516 DEBUG [acme.framework.controllers.AbstractController@http-nio-8081-exec-1] Model:   {} 
2022-04-12 11:06:04.516 DEBUG [acme.framework.controllers.AbstractController@http-nio-8081-exec-1] Locale:  en 
2022-04-12 11:06:04.529 DEBUG [acme.framework.controllers.AbstractController@http-nio-8081-exec-1] SERVING GET /acme-toolkits-22.1/inventor/item/list-all-mine-tools 
2022-04-12 11:06:04.529 DEBUG [acme.framework.controllers.AbstractController@http-nio-8081-exec-1] Result: ModelAndView [view="master/panic"; model={oops=java.lang.IllegalStateException: End-point not available}] 
2022-04-12 11:06:04.530 DEBUG [acme.framework.components.tiles.DynamicTilesView@http-nio-8081-exec-1] View name 'master/panic', model {oops=java.lang.IllegalStateException: End-point not available, org.springframework.validation.BindingResult.oops=org.springframework.validation.BeanPropertyBindingResult: 0 errors} 
2022-04-12 11:06:04.531 DEBUG [org.apache.jasper.servlet.JspServlet@http-nio-8081-exec-1] JspEngine --> /WEB-INF/views/master/page.jsp 
2022-04-12 11:06:04.532 DEBUG [org.apache.jasper.servlet.JspServlet@http-nio-8081-exec-1] ServletPath: /WEB-INF/views/master/page.jsp 
2022-04-12 11:06:04.532 DEBUG [org.apache.jasper.servlet.JspServlet@http-nio-8081-exec-1] PathInfo: null 
2022-04-12 11:06:04.534 DEBUG [org.apache.jasper.servlet.JspServlet@http-nio-8081-exec-1] RealPath: C:\Users\usuario\Desktop\Workspace-22.0\Projects\Acme-Toolkits\target\classes\WEB-INF\views\master\page.jsp 
2022-04-12 11:06:04.534 DEBUG [org.apache.jasper.servlet.JspServlet@http-nio-8081-exec-1] RequestURI: /acme-toolkits-22.1/WEB-INF/views/master/page.jsp 
2022-04-12 11:06:04.534 DEBUG [org.apache.jasper.servlet.JspServlet@http-nio-8081-exec-1] QueryString: null 
2022-04-12 11:06:04.810 DEBUG [org.apache.jasper.servlet.JspServlet@http-nio-8081-exec-1] JspEngine --> /WEB-INF/views/master/panic.jsp 
2022-04-12 11:06:04.811 DEBUG [org.apache.jasper.servlet.JspServlet@http-nio-8081-exec-1] ServletPath: /WEB-INF/views/master/page.jsp 
2022-04-12 11:06:04.811 DEBUG [org.apache.jasper.servlet.JspServlet@http-nio-8081-exec-1] PathInfo: null 
2022-04-12 11:06:04.812 DEBUG [org.apache.jasper.servlet.JspServlet@http-nio-8081-exec-1] RealPath: C:\Users\usuario\Desktop\Workspace-22.0\Projects\Acme-Toolkits\target\classes\WEB-INF\views\master\panic.jsp 
2022-04-12 11:06:04.812 DEBUG [org.apache.jasper.servlet.JspServlet@http-nio-8081-exec-1] RequestURI: /acme-toolkits-22.1/WEB-INF/views/master/page.jsp 
2022-04-12 11:06:04.813 DEBUG [org.apache.jasper.servlet.JspServlet@http-nio-8081-exec-1] QueryString: null 
2022-04-12 11:06:05.079 ERROR [org.apache.jsp.WEB_002dINF.views.master.panic_jsp@http-nio-8081-exec-1] HTTP GET /acme-toolkits-22.1/WEB-INF/views/master/page.jsp HTTP/1.1 
2022-04-12 11:06:05.079 ERROR [org.apache.jsp.WEB_002dINF.views.master.panic_jsp@http-nio-8081-exec-1] Status: 500 
2022-04-12 11:06:05.082 ERROR [org.apache.jsp.WEB_002dINF.views.master.panic_jsp@http-nio-8081-exec-1] Exception: acme.framework.helpers.Assert.state(Assert.java:45): End-point not available 
2022-04-12 11:06:18.983 DEBUG [acme.framework.controllers.AbstractController@http-nio-8081-exec-7] DISPATCHING GET /acme-toolkits-22.1/inventor/item/list-all-mine-components 
2022-04-12 11:06:18.983 DEBUG [acme.framework.controllers.AbstractController@http-nio-8081-exec-7] Command: list-all-mine-components 
2022-04-12 11:06:18.983 DEBUG [acme.framework.controllers.AbstractController@http-nio-8081-exec-7] Model:   {} 
2022-04-12 11:06:18.983 DEBUG [acme.framework.controllers.AbstractController@http-nio-8081-exec-7] Locale:  en 
2022-04-12 11:06:18.985 DEBUG [org.hibernate.SQL@http-nio-8081-exec-7] select item0_.id as id1_0_, item0_.version as version2_0_, item0_.code as code1_9_, item0_.description as descript2_9_, item0_.inventor_id as inventor9_9_, item0_.link as link3_9_, item0_.name as name4_9_, item0_.retail_price_amount as retail_p5_9_, item0_.retail_price_currency as retail_p6_9_, item0_.technology as technolo7_9_, item0_.type as type8_9_ from item item0_ where item0_.inventor_id=? and item0_.type=1 
2022-04-12 11:06:18.985 TRACE [org.hibernate.type.descriptor.sql.BasicBinder@http-nio-8081-exec-7] binding parameter [1] as [INTEGER] - [10] 
2022-04-12 11:06:18.986 DEBUG [org.hibernate.SQL@http-nio-8081-exec-7] select inventor0_.id as id1_0_0_, inventor0_.version as version2_0_0_, inventor0_.user_account_id as user_acc1_18_0_, inventor0_.company as company1_8_0_, inventor0_.info as info2_8_0_, inventor0_.statement as statemen3_8_0_, useraccoun1_.id as id1_0_1_, useraccoun1_.version as version2_0_1_, useraccoun1_.enabled as enabled1_17_1_, useraccoun1_.identity as identity2_17_1_, useraccoun1_.password as password3_17_1_, useraccoun1_.username as username4_17_1_ from inventor inventor0_ inner join user_account useraccoun1_ on inventor0_.user_account_id=useraccoun1_.id where inventor0_.id=? 
2022-04-12 11:06:18.987 TRACE [org.hibernate.type.descriptor.sql.BasicBinder@http-nio-8081-exec-7] binding parameter [1] as [INTEGER] - [10] 
2022-04-12 11:06:18.992 DEBUG [acme.framework.controllers.AbstractController@http-nio-8081-exec-7] SERVING GET /acme-toolkits-22.1/inventor/item/list-all-mine-components 
2022-04-12 11:06:18.993 DEBUG [acme.framework.controllers.AbstractController@http-nio-8081-exec-7] Result: ModelAndView [view="inventor/item/list"; model={code[0]=BCD-234-Z, type[0]=COMPONENT, version[0]=0, id[0]=20, list$size=1, name[0]=Component 02, command=list-all-mine-components, principal=acme.framework.entities.Principal@d252f3d}] 
2022-04-12 11:06:18.993 DEBUG [acme.framework.components.tiles.DynamicTilesView@http-nio-8081-exec-7] View name 'inventor/item/list', model {code[0]=BCD-234-Z, type[0]=COMPONENT, version[0]=0, id[0]=20, list$size=1, name[0]=Component 02, command=list-all-mine-components, principal=acme.framework.entities.Principal@d252f3d, org.springframework.validation.BindingResult.principal=org.springframework.validation.BeanPropertyBindingResult: 0 errors} 
2022-04-12 11:06:18.994 DEBUG [org.apache.jasper.servlet.JspServlet@http-nio-8081-exec-7] JspEngine --> /WEB-INF/views/master/page.jsp 
2022-04-12 11:06:18.994 DEBUG [org.apache.jasper.servlet.JspServlet@http-nio-8081-exec-7] ServletPath: /WEB-INF/views/master/page.jsp 
2022-04-12 11:06:18.995 DEBUG [org.apache.jasper.servlet.JspServlet@http-nio-8081-exec-7] PathInfo: null 
2022-04-12 11:06:18.998 DEBUG [org.apache.jasper.servlet.JspServlet@http-nio-8081-exec-7] RealPath: C:\Users\usuario\Desktop\Workspace-22.0\Projects\Acme-Toolkits\target\classes\WEB-INF\views\master\page.jsp 
2022-04-12 11:06:18.998 DEBUG [org.apache.jasper.servlet.JspServlet@http-nio-8081-exec-7] RequestURI: /acme-toolkits-22.1/WEB-INF/views/master/page.jsp 
2022-04-12 11:06:18.999 DEBUG [org.apache.jasper.servlet.JspServlet@http-nio-8081-exec-7] QueryString: null 
2022-04-12 11:06:19.261 DEBUG [org.apache.jasper.servlet.JspServlet@http-nio-8081-exec-7] JspEngine --> /WEB-INF/views/inventor/item/list.jsp 
2022-04-12 11:06:19.262 DEBUG [org.apache.jasper.servlet.JspServlet@http-nio-8081-exec-7] ServletPath: /WEB-INF/views/master/page.jsp 
2022-04-12 11:06:19.262 DEBUG [org.apache.jasper.servlet.JspServlet@http-nio-8081-exec-7] PathInfo: null 
2022-04-12 11:06:19.265 DEBUG [org.apache.jasper.servlet.JspServlet@http-nio-8081-exec-7] RealPath: C:\Users\usuario\Desktop\Workspace-22.0\Projects\Acme-Toolkits\target\classes\WEB-INF\views\inventor\item\list.jsp 
2022-04-12 11:06:19.265 DEBUG [org.apache.jasper.servlet.JspServlet@http-nio-8081-exec-7] RequestURI: /acme-toolkits-22.1/WEB-INF/views/master/page.jsp 
2022-04-12 11:06:19.265 DEBUG [org.apache.jasper.servlet.JspServlet@http-nio-8081-exec-7] QueryString: null 
2022-04-12 11:06:28.871 DEBUG [acme.framework.controllers.AbstractController@http-nio-8081-exec-5] DISPATCHING GET /acme-toolkits-22.1/inventor/item/list-all-mine-tools 
2022-04-12 11:06:28.871 DEBUG [acme.framework.controllers.AbstractController@http-nio-8081-exec-5] Command: list-all-mine-tools 
2022-04-12 11:06:28.871 DEBUG [acme.framework.controllers.AbstractController@http-nio-8081-exec-5] Model:   {} 
2022-04-12 11:06:28.871 DEBUG [acme.framework.controllers.AbstractController@http-nio-8081-exec-5] Locale:  en 
2022-04-12 11:06:28.875 DEBUG [acme.framework.controllers.AbstractController@http-nio-8081-exec-5] SERVING GET /acme-toolkits-22.1/inventor/item/list-all-mine-tools 
2022-04-12 11:06:28.876 DEBUG [acme.framework.controllers.AbstractController@http-nio-8081-exec-5] Result: ModelAndView [view="master/panic"; model={oops=java.lang.IllegalStateException: End-point not available}] 
2022-04-12 11:06:28.877 DEBUG [acme.framework.components.tiles.DynamicTilesView@http-nio-8081-exec-5] View name 'master/panic', model {oops=java.lang.IllegalStateException: End-point not available, org.springframework.validation.BindingResult.oops=org.springframework.validation.BeanPropertyBindingResult: 0 errors} 
2022-04-12 11:06:28.878 DEBUG [org.apache.jasper.servlet.JspServlet@http-nio-8081-exec-5] JspEngine --> /WEB-INF/views/master/page.jsp 
2022-04-12 11:06:28.878 DEBUG [org.apache.jasper.servlet.JspServlet@http-nio-8081-exec-5] ServletPath: /WEB-INF/views/master/page.jsp 
2022-04-12 11:06:28.878 DEBUG [org.apache.jasper.servlet.JspServlet@http-nio-8081-exec-5] PathInfo: null 
2022-04-12 11:06:28.879 DEBUG [org.apache.jasper.servlet.JspServlet@http-nio-8081-exec-5] RealPath: C:\Users\usuario\Desktop\Workspace-22.0\Projects\Acme-Toolkits\target\classes\WEB-INF\views\master\page.jsp 
2022-04-12 11:06:28.880 DEBUG [org.apache.jasper.servlet.JspServlet@http-nio-8081-exec-5] RequestURI: /acme-toolkits-22.1/WEB-INF/views/master/page.jsp 
2022-04-12 11:06:28.880 DEBUG [org.apache.jasper.servlet.JspServlet@http-nio-8081-exec-5] QueryString: null 
2022-04-12 11:06:29.089 DEBUG [org.apache.jasper.servlet.JspServlet@http-nio-8081-exec-5] JspEngine --> /WEB-INF/views/master/panic.jsp 
2022-04-12 11:06:29.090 DEBUG [org.apache.jasper.servlet.JspServlet@http-nio-8081-exec-5] ServletPath: /WEB-INF/views/master/page.jsp 
2022-04-12 11:06:29.090 DEBUG [org.apache.jasper.servlet.JspServlet@http-nio-8081-exec-5] PathInfo: null 
2022-04-12 11:06:29.091 DEBUG [org.apache.jasper.servlet.JspServlet@http-nio-8081-exec-5] RealPath: C:\Users\usuario\Desktop\Workspace-22.0\Projects\Acme-Toolkits\target\classes\WEB-INF\views\master\panic.jsp 
2022-04-12 11:06:29.092 DEBUG [org.apache.jasper.servlet.JspServlet@http-nio-8081-exec-5] RequestURI: /acme-toolkits-22.1/WEB-INF/views/master/page.jsp 
2022-04-12 11:06:29.092 DEBUG [org.apache.jasper.servlet.JspServlet@http-nio-8081-exec-5] QueryString: null 
2022-04-12 11:06:29.093 ERROR [org.apache.jsp.WEB_002dINF.views.master.panic_jsp@http-nio-8081-exec-5] HTTP GET /acme-toolkits-22.1/WEB-INF/views/master/page.jsp HTTP/1.1 
2022-04-12 11:06:29.093 ERROR [org.apache.jsp.WEB_002dINF.views.master.panic_jsp@http-nio-8081-exec-5] Status: 500 
2022-04-12 11:06:29.093 ERROR [org.apache.jsp.WEB_002dINF.views.master.panic_jsp@http-nio-8081-exec-5] Exception: acme.framework.helpers.Assert.state(Assert.java:45): End-point not available 
