2022-04-04 15:21:23.884 INFO  [acme.Launcher@main] Starting Launcher using Java 1.8.0_281 on DESKTOP-N8OS56S with PID 16768 (C:\Users\usuario\Desktop\Workspace-22.0\Frameworks\Acme-Framework-22.3\target\classes started by usuario in C:\Users\usuario\Desktop\Workspace-22.0\Projects\Acme-Toolkits) 
2022-04-04 15:21:23.899 DEBUG [acme.Launcher@main] Running with Spring Boot v2.4.2, Spring v5.3.3 
2022-04-04 15:21:23.900 INFO  [acme.Launcher@main] The following profiles are active: development,default 
2022-04-04 15:21:29.122 DEBUG [org.apache.jasper.servlet.JasperInitializer@main] Initializing Jasper for context [application] 
2022-04-04 15:21:36.751 DEBUG [org.apache.jasper.servlet.JspServlet@main] Scratch dir for the JSP engine is: [C:\Users\usuario\AppData\Local\Temp\tomcat.8081.8244609353763530290\work\Tomcat\localhost\acme-toolkits-22.1] 
2022-04-04 15:21:36.752 DEBUG [org.apache.jasper.servlet.JspServlet@main] IMPORTANT: Do not modify the generated servlets 
2022-04-04 15:21:36.770 INFO  [acme.Launcher@main] Started Launcher in 14.212 seconds (JVM running for 15.213) 
2022-04-04 15:21:36.779 DEBUG [acme.Launcher@main] Found classpath entry '/C:/Users/usuario/Desktop/Workspace-22.0/Projects/Acme-Toolkits/target/classes/' 
2022-04-04 15:21:36.780 DEBUG [acme.Launcher@main] Found classpath entry '/C:/Users/usuario/Desktop/Workspace-22.0/Projects/Acme-Toolkits/target/test-classes/' 
2022-04-04 15:21:36.780 DEBUG [acme.Launcher@main] Found classpath entry '/C:/Users/usuario/.m2/repository/org/springframework/boot/spring-boot-starter-tomcat/2.4.2/spring-boot-starter-tomcat-2.4.2.jar' 
2022-04-04 15:21:36.780 DEBUG [acme.Launcher@main] Found classpath entry '/C:/Users/usuario/.m2/repository/jakarta/annotation/jakarta.annotation-api/1.3.5/jakarta.annotation-api-1.3.5.jar' 
2022-04-04 15:21:36.780 DEBUG [acme.Launcher@main] Found classpath entry '/C:/Users/usuario/.m2/repository/org/apache/tomcat/embed/tomcat-embed-core/9.0.41/tomcat-embed-core-9.0.41.jar' 
2022-04-04 15:21:36.781 DEBUG [acme.Launcher@main] Found classpath entry '/C:/Users/usuario/.m2/repository/org/glassfish/jakarta.el/3.0.3/jakarta.el-3.0.3.jar' 
2022-04-04 15:21:36.781 DEBUG [acme.Launcher@main] Found classpath entry '/C:/Users/usuario/.m2/repository/org/apache/tomcat/embed/tomcat-embed-websocket/9.0.41/tomcat-embed-websocket-9.0.41.jar' 
2022-04-04 15:21:36.781 DEBUG [acme.Launcher@main] Found classpath entry '/C:/Users/usuario/.m2/repository/org/apache/tomcat/embed/tomcat-embed-jasper/9.0.41/tomcat-embed-jasper-9.0.41.jar' 
2022-04-04 15:21:36.781 DEBUG [acme.Launcher@main] Found classpath entry '/C:/Users/usuario/.m2/repository/org/apache/tomcat/embed/tomcat-embed-el/9.0.41/tomcat-embed-el-9.0.41.jar' 
2022-04-04 15:21:36.782 DEBUG [acme.Launcher@main] Found classpath entry '/C:/Users/usuario/.m2/repository/org/eclipse/jdt/ecj/3.18.0/ecj-3.18.0.jar' 
2022-04-04 15:21:36.782 DEBUG [acme.Launcher@main] Found classpath entry '/C:/Users/usuario/.m2/repository/javax/servlet/jstl/1.2/jstl-1.2.jar' 
2022-04-04 15:21:36.782 DEBUG [acme.Launcher@main] Found classpath entry '/C:/Users/usuario/.m2/repository/org/springframework/boot/spring-boot-starter-test/2.4.2/spring-boot-starter-test-2.4.2.jar' 
2022-04-04 15:21:36.782 DEBUG [acme.Launcher@main] Found classpath entry '/C:/Users/usuario/.m2/repository/org/springframework/boot/spring-boot-starter/2.4.2/spring-boot-starter-2.4.2.jar' 
2022-04-04 15:21:36.783 DEBUG [acme.Launcher@main] Found classpath entry '/C:/Users/usuario/.m2/repository/org/springframework/boot/spring-boot/2.4.2/spring-boot-2.4.2.jar' 
2022-04-04 15:21:36.783 DEBUG [acme.Launcher@main] Found classpath entry '/C:/Users/usuario/.m2/repository/org/springframework/boot/spring-boot-autoconfigure/2.4.2/spring-boot-autoconfigure-2.4.2.jar' 
2022-04-04 15:21:36.783 DEBUG [acme.Launcher@main] Found classpath entry '/C:/Users/usuario/.m2/repository/org/springframework/boot/spring-boot-starter-logging/2.4.2/spring-boot-starter-logging-2.4.2.jar' 
2022-04-04 15:21:36.783 DEBUG [acme.Launcher@main] Found classpath entry '/C:/Users/usuario/.m2/repository/ch/qos/logback/logback-classic/1.2.3/logback-classic-1.2.3.jar' 
2022-04-04 15:21:36.784 DEBUG [acme.Launcher@main] Found classpath entry '/C:/Users/usuario/.m2/repository/ch/qos/logback/logback-core/1.2.3/logback-core-1.2.3.jar' 
2022-04-04 15:21:36.784 DEBUG [acme.Launcher@main] Found classpath entry '/C:/Users/usuario/.m2/repository/org/apache/logging/log4j/log4j-to-slf4j/2.13.3/log4j-to-slf4j-2.13.3.jar' 
2022-04-04 15:21:36.784 DEBUG [acme.Launcher@main] Found classpath entry '/C:/Users/usuario/.m2/repository/org/apache/logging/log4j/log4j-api/2.13.3/log4j-api-2.13.3.jar' 
2022-04-04 15:21:36.784 DEBUG [acme.Launcher@main] Found classpath entry '/C:/Users/usuario/.m2/repository/org/slf4j/jul-to-slf4j/1.7.30/jul-to-slf4j-1.7.30.jar' 
2022-04-04 15:21:36.785 DEBUG [acme.Launcher@main] Found classpath entry '/C:/Users/usuario/.m2/repository/org/yaml/snakeyaml/1.27/snakeyaml-1.27.jar' 
2022-04-04 15:21:36.785 DEBUG [acme.Launcher@main] Found classpath entry '/C:/Users/usuario/.m2/repository/org/springframework/boot/spring-boot-test/2.4.2/spring-boot-test-2.4.2.jar' 
2022-04-04 15:21:36.785 DEBUG [acme.Launcher@main] Found classpath entry '/C:/Users/usuario/.m2/repository/org/springframework/boot/spring-boot-test-autoconfigure/2.4.2/spring-boot-test-autoconfigure-2.4.2.jar' 
2022-04-04 15:21:36.785 DEBUG [acme.Launcher@main] Found classpath entry '/C:/Users/usuario/.m2/repository/com/jayway/jsonpath/json-path/2.4.0/json-path-2.4.0.jar' 
2022-04-04 15:21:36.786 DEBUG [acme.Launcher@main] Found classpath entry '/C:/Users/usuario/.m2/repository/net/minidev/json-smart/2.3/json-smart-2.3.jar' 
2022-04-04 15:21:36.786 DEBUG [acme.Launcher@main] Found classpath entry '/C:/Users/usuario/.m2/repository/net/minidev/accessors-smart/1.2/accessors-smart-1.2.jar' 
2022-04-04 15:21:36.786 DEBUG [acme.Launcher@main] Found classpath entry '/C:/Users/usuario/.m2/repository/org/ow2/asm/asm/5.0.4/asm-5.0.4.jar' 
2022-04-04 15:21:36.786 DEBUG [acme.Launcher@main] Found classpath entry '/C:/Users/usuario/.m2/repository/jakarta/xml/bind/jakarta.xml.bind-api/2.3.3/jakarta.xml.bind-api-2.3.3.jar' 
2022-04-04 15:21:36.786 DEBUG [acme.Launcher@main] Found classpath entry '/C:/Users/usuario/.m2/repository/jakarta/activation/jakarta.activation-api/1.2.2/jakarta.activation-api-1.2.2.jar' 
2022-04-04 15:21:36.788 DEBUG [acme.Launcher@main] Found classpath entry '/C:/Users/usuario/.m2/repository/org/assertj/assertj-core/3.18.1/assertj-core-3.18.1.jar' 
2022-04-04 15:21:36.788 DEBUG [acme.Launcher@main] Found classpath entry '/C:/Users/usuario/.m2/repository/org/hamcrest/hamcrest/2.2/hamcrest-2.2.jar' 
2022-04-04 15:21:36.788 DEBUG [acme.Launcher@main] Found classpath entry '/C:/Users/usuario/.m2/repository/org/junit/jupiter/junit-jupiter/5.7.0/junit-jupiter-5.7.0.jar' 
2022-04-04 15:21:36.789 DEBUG [acme.Launcher@main] Found classpath entry '/C:/Users/usuario/.m2/repository/org/mockito/mockito-core/3.6.28/mockito-core-3.6.28.jar' 
2022-04-04 15:21:36.789 DEBUG [acme.Launcher@main] Found classpath entry '/C:/Users/usuario/.m2/repository/net/bytebuddy/byte-buddy-agent/1.10.19/byte-buddy-agent-1.10.19.jar' 
2022-04-04 15:21:36.789 DEBUG [acme.Launcher@main] Found classpath entry '/C:/Users/usuario/.m2/repository/org/objenesis/objenesis/3.1/objenesis-3.1.jar' 
2022-04-04 15:21:36.790 DEBUG [acme.Launcher@main] Found classpath entry '/C:/Users/usuario/.m2/repository/org/mockito/mockito-junit-jupiter/3.6.28/mockito-junit-jupiter-3.6.28.jar' 
2022-04-04 15:21:36.790 DEBUG [acme.Launcher@main] Found classpath entry '/C:/Users/usuario/.m2/repository/org/skyscreamer/jsonassert/1.5.0/jsonassert-1.5.0.jar' 
2022-04-04 15:21:36.790 DEBUG [acme.Launcher@main] Found classpath entry '/C:/Users/usuario/.m2/repository/com/vaadin/external/google/android-json/0.0.20131108.vaadin1/android-json-0.0.20131108.vaadin1.jar' 
2022-04-04 15:21:36.790 DEBUG [acme.Launcher@main] Found classpath entry '/C:/Users/usuario/.m2/repository/org/springframework/spring-core/5.3.3/spring-core-5.3.3.jar' 
2022-04-04 15:21:36.791 DEBUG [acme.Launcher@main] Found classpath entry '/C:/Users/usuario/.m2/repository/org/springframework/spring-jcl/5.3.3/spring-jcl-5.3.3.jar' 
2022-04-04 15:21:36.791 DEBUG [acme.Launcher@main] Found classpath entry '/C:/Users/usuario/.m2/repository/org/springframework/spring-test/5.3.3/spring-test-5.3.3.jar' 
2022-04-04 15:21:36.791 DEBUG [acme.Launcher@main] Found classpath entry '/C:/Users/usuario/.m2/repository/org/xmlunit/xmlunit-core/2.7.0/xmlunit-core-2.7.0.jar' 
2022-04-04 15:21:36.791 DEBUG [acme.Launcher@main] Found classpath entry '/C:/Users/usuario/.m2/repository/org/springframework/boot/spring-boot-starter-security/2.4.2/spring-boot-starter-security-2.4.2.jar' 
2022-04-04 15:21:36.792 DEBUG [acme.Launcher@main] Found classpath entry '/C:/Users/usuario/.m2/repository/org/springframework/spring-aop/5.3.3/spring-aop-5.3.3.jar' 
2022-04-04 15:21:36.792 DEBUG [acme.Launcher@main] Found classpath entry '/C:/Users/usuario/.m2/repository/org/springframework/security/spring-security-web/5.4.2/spring-security-web-5.4.2.jar' 
2022-04-04 15:21:36.792 DEBUG [acme.Launcher@main] Found classpath entry '/C:/Users/usuario/.m2/repository/org/springframework/security/spring-security-core/5.4.2/spring-security-core-5.4.2.jar' 
2022-04-04 15:21:36.792 DEBUG [acme.Launcher@main] Found classpath entry '/C:/Users/usuario/.m2/repository/org/springframework/spring-beans/5.3.3/spring-beans-5.3.3.jar' 
2022-04-04 15:21:36.793 DEBUG [acme.Launcher@main] Found classpath entry '/C:/Users/usuario/.m2/repository/org/springframework/spring-context/5.3.3/spring-context-5.3.3.jar' 
2022-04-04 15:21:36.793 DEBUG [acme.Launcher@main] Found classpath entry '/C:/Users/usuario/.m2/repository/org/springframework/spring-expression/5.3.3/spring-expression-5.3.3.jar' 
2022-04-04 15:21:36.793 DEBUG [acme.Launcher@main] Found classpath entry '/C:/Users/usuario/.m2/repository/org/springframework/spring-web/5.3.3/spring-web-5.3.3.jar' 
2022-04-04 15:21:36.793 DEBUG [acme.Launcher@main] Found classpath entry '/C:/Users/usuario/.m2/repository/org/springframework/security/spring-security-config/5.4.2/spring-security-config-5.4.2.jar' 
2022-04-04 15:21:36.793 DEBUG [acme.Launcher@main] Found classpath entry '/C:/Users/usuario/.m2/repository/org/springframework/security/spring-security-taglibs/5.4.2/spring-security-taglibs-5.4.2.jar' 
2022-04-04 15:21:36.794 DEBUG [acme.Launcher@main] Found classpath entry '/C:/Users/usuario/.m2/repository/org/springframework/security/spring-security-acl/5.4.2/spring-security-acl-5.4.2.jar' 
2022-04-04 15:21:36.794 DEBUG [acme.Launcher@main] Found classpath entry '/C:/Users/usuario/.m2/repository/org/springframework/spring-jdbc/5.3.3/spring-jdbc-5.3.3.jar' 
2022-04-04 15:21:36.794 DEBUG [acme.Launcher@main] Found classpath entry '/C:/Users/usuario/.m2/repository/org/springframework/spring-tx/5.3.3/spring-tx-5.3.3.jar' 
2022-04-04 15:21:36.794 DEBUG [acme.Launcher@main] Found classpath entry '/C:/Users/usuario/.m2/repository/org/springframework/boot/spring-boot-starter-web/2.4.2/spring-boot-starter-web-2.4.2.jar' 
2022-04-04 15:21:36.795 DEBUG [acme.Launcher@main] Found classpath entry '/C:/Users/usuario/.m2/repository/org/springframework/boot/spring-boot-starter-json/2.4.2/spring-boot-starter-json-2.4.2.jar' 
2022-04-04 15:21:36.795 DEBUG [acme.Launcher@main] Found classpath entry '/C:/Users/usuario/.m2/repository/com/fasterxml/jackson/core/jackson-databind/2.11.4/jackson-databind-2.11.4.jar' 
2022-04-04 15:21:36.795 DEBUG [acme.Launcher@main] Found classpath entry '/C:/Users/usuario/.m2/repository/com/fasterxml/jackson/core/jackson-annotations/2.11.4/jackson-annotations-2.11.4.jar' 
2022-04-04 15:21:36.795 DEBUG [acme.Launcher@main] Found classpath entry '/C:/Users/usuario/.m2/repository/com/fasterxml/jackson/core/jackson-core/2.11.4/jackson-core-2.11.4.jar' 
2022-04-04 15:21:36.796 DEBUG [acme.Launcher@main] Found classpath entry '/C:/Users/usuario/.m2/repository/com/fasterxml/jackson/datatype/jackson-datatype-jdk8/2.11.4/jackson-datatype-jdk8-2.11.4.jar' 
2022-04-04 15:21:36.796 DEBUG [acme.Launcher@main] Found classpath entry '/C:/Users/usuario/.m2/repository/com/fasterxml/jackson/datatype/jackson-datatype-jsr310/2.11.4/jackson-datatype-jsr310-2.11.4.jar' 
2022-04-04 15:21:36.796 DEBUG [acme.Launcher@main] Found classpath entry '/C:/Users/usuario/.m2/repository/com/fasterxml/jackson/module/jackson-module-parameter-names/2.11.4/jackson-module-parameter-names-2.11.4.jar' 
2022-04-04 15:21:36.796 DEBUG [acme.Launcher@main] Found classpath entry '/C:/Users/usuario/.m2/repository/org/springframework/spring-webmvc/5.3.3/spring-webmvc-5.3.3.jar' 
2022-04-04 15:21:36.798 DEBUG [acme.Launcher@main] Found classpath entry '/C:/Users/usuario/.m2/repository/org/apache/tiles/tiles-jsp/3.0.8/tiles-jsp-3.0.8.jar' 
2022-04-04 15:21:36.798 DEBUG [acme.Launcher@main] Found classpath entry '/C:/Users/usuario/.m2/repository/org/apache/tiles/tiles-servlet/3.0.8/tiles-servlet-3.0.8.jar' 
2022-04-04 15:21:36.798 DEBUG [acme.Launcher@main] Found classpath entry '/C:/Users/usuario/.m2/repository/org/apache/tiles/tiles-core/3.0.8/tiles-core-3.0.8.jar' 
2022-04-04 15:21:36.798 DEBUG [acme.Launcher@main] Found classpath entry '/C:/Users/usuario/.m2/repository/commons-digester/commons-digester/2.0/commons-digester-2.0.jar' 
2022-04-04 15:21:36.799 DEBUG [acme.Launcher@main] Found classpath entry '/C:/Users/usuario/.m2/repository/org/slf4j/jcl-over-slf4j/1.7.30/jcl-over-slf4j-1.7.30.jar' 
2022-04-04 15:21:36.799 DEBUG [acme.Launcher@main] Found classpath entry '/C:/Users/usuario/.m2/repository/org/apache/tiles/tiles-request-servlet/1.0.7/tiles-request-servlet-1.0.7.jar' 
2022-04-04 15:21:36.799 DEBUG [acme.Launcher@main] Found classpath entry '/C:/Users/usuario/.m2/repository/org/apache/tiles/tiles-template/3.0.8/tiles-template-3.0.8.jar' 
2022-04-04 15:21:36.799 DEBUG [acme.Launcher@main] Found classpath entry '/C:/Users/usuario/.m2/repository/org/apache/tiles/tiles-api/3.0.8/tiles-api-3.0.8.jar' 
2022-04-04 15:21:36.799 DEBUG [acme.Launcher@main] Found classpath entry '/C:/Users/usuario/.m2/repository/org/apache/tiles/tiles-autotag-core-runtime/1.2/tiles-autotag-core-runtime-1.2.jar' 
2022-04-04 15:21:36.799 DEBUG [acme.Launcher@main] Found classpath entry '/C:/Users/usuario/.m2/repository/org/slf4j/slf4j-api/1.7.30/slf4j-api-1.7.30.jar' 
2022-04-04 15:21:36.800 DEBUG [acme.Launcher@main] Found classpath entry '/C:/Users/usuario/.m2/repository/org/apache/tiles/tiles-request-jsp/1.0.7/tiles-request-jsp-1.0.7.jar' 
2022-04-04 15:21:36.800 DEBUG [acme.Launcher@main] Found classpath entry '/C:/Users/usuario/.m2/repository/org/apache/tiles/tiles-request-api/1.0.7/tiles-request-api-1.0.7.jar' 
2022-04-04 15:21:36.800 DEBUG [acme.Launcher@main] Found classpath entry '/C:/Users/usuario/.m2/repository/org/springframework/boot/spring-boot-starter-data-jpa/2.4.2/spring-boot-starter-data-jpa-2.4.2.jar' 
2022-04-04 15:21:36.800 DEBUG [acme.Launcher@main] Found classpath entry '/C:/Users/usuario/.m2/repository/org/springframework/boot/spring-boot-starter-aop/2.4.2/spring-boot-starter-aop-2.4.2.jar' 
2022-04-04 15:21:36.800 DEBUG [acme.Launcher@main] Found classpath entry '/C:/Users/usuario/.m2/repository/org/aspectj/aspectjweaver/1.9.6/aspectjweaver-1.9.6.jar' 
2022-04-04 15:21:36.801 DEBUG [acme.Launcher@main] Found classpath entry '/C:/Users/usuario/.m2/repository/org/springframework/boot/spring-boot-starter-jdbc/2.4.2/spring-boot-starter-jdbc-2.4.2.jar' 
2022-04-04 15:21:36.801 DEBUG [acme.Launcher@main] Found classpath entry '/C:/Users/usuario/.m2/repository/jakarta/transaction/jakarta.transaction-api/1.3.3/jakarta.transaction-api-1.3.3.jar' 
2022-04-04 15:21:36.801 DEBUG [acme.Launcher@main] Found classpath entry '/C:/Users/usuario/.m2/repository/jakarta/persistence/jakarta.persistence-api/2.2.3/jakarta.persistence-api-2.2.3.jar' 
2022-04-04 15:21:36.801 DEBUG [acme.Launcher@main] Found classpath entry '/C:/Users/usuario/.m2/repository/org/hibernate/hibernate-core/5.4.27.Final/hibernate-core-5.4.27.Final.jar' 
2022-04-04 15:21:36.801 DEBUG [acme.Launcher@main] Found classpath entry '/C:/Users/usuario/.m2/repository/org/jboss/logging/jboss-logging/3.4.1.Final/jboss-logging-3.4.1.Final.jar' 
2022-04-04 15:21:36.802 DEBUG [acme.Launcher@main] Found classpath entry '/C:/Users/usuario/.m2/repository/org/javassist/javassist/3.27.0-GA/javassist-3.27.0-GA.jar' 
2022-04-04 15:21:36.802 DEBUG [acme.Launcher@main] Found classpath entry '/C:/Users/usuario/.m2/repository/antlr/antlr/2.7.7/antlr-2.7.7.jar' 
2022-04-04 15:21:36.802 DEBUG [acme.Launcher@main] Found classpath entry '/C:/Users/usuario/.m2/repository/org/jboss/jandex/2.1.3.Final/jandex-2.1.3.Final.jar' 
2022-04-04 15:21:36.802 DEBUG [acme.Launcher@main] Found classpath entry '/C:/Users/usuario/.m2/repository/com/fasterxml/classmate/1.5.1/classmate-1.5.1.jar' 
2022-04-04 15:21:36.802 DEBUG [acme.Launcher@main] Found classpath entry '/C:/Users/usuario/.m2/repository/org/dom4j/dom4j/2.1.3/dom4j-2.1.3.jar' 
2022-04-04 15:21:36.803 DEBUG [acme.Launcher@main] Found classpath entry '/C:/Users/usuario/.m2/repository/org/hibernate/common/hibernate-commons-annotations/5.1.2.Final/hibernate-commons-annotations-5.1.2.Final.jar' 
2022-04-04 15:21:36.803 DEBUG [acme.Launcher@main] Found classpath entry '/C:/Users/usuario/.m2/repository/org/glassfish/jaxb/jaxb-runtime/2.3.3/jaxb-runtime-2.3.3.jar' 
2022-04-04 15:21:36.803 DEBUG [acme.Launcher@main] Found classpath entry '/C:/Users/usuario/.m2/repository/org/glassfish/jaxb/txw2/2.3.3/txw2-2.3.3.jar' 
2022-04-04 15:21:36.803 DEBUG [acme.Launcher@main] Found classpath entry '/C:/Users/usuario/.m2/repository/com/sun/istack/istack-commons-runtime/3.0.11/istack-commons-runtime-3.0.11.jar' 
2022-04-04 15:21:36.803 DEBUG [acme.Launcher@main] Found classpath entry '/C:/Users/usuario/.m2/repository/com/sun/activation/jakarta.activation/1.2.2/jakarta.activation-1.2.2.jar' 
2022-04-04 15:21:36.803 DEBUG [acme.Launcher@main] Found classpath entry '/C:/Users/usuario/.m2/repository/org/springframework/data/spring-data-jpa/2.4.3/spring-data-jpa-2.4.3.jar' 
2022-04-04 15:21:36.804 DEBUG [acme.Launcher@main] Found classpath entry '/C:/Users/usuario/.m2/repository/org/springframework/data/spring-data-commons/2.4.3/spring-data-commons-2.4.3.jar' 
2022-04-04 15:21:36.804 DEBUG [acme.Launcher@main] Found classpath entry '/C:/Users/usuario/.m2/repository/org/springframework/spring-orm/5.3.3/spring-orm-5.3.3.jar' 
2022-04-04 15:21:36.804 DEBUG [acme.Launcher@main] Found classpath entry '/C:/Users/usuario/.m2/repository/org/springframework/spring-aspects/5.3.3/spring-aspects-5.3.3.jar' 
2022-04-04 15:21:36.804 DEBUG [acme.Launcher@main] Found classpath entry '/C:/Users/usuario/.m2/repository/org/springframework/boot/spring-boot-starter-validation/2.4.2/spring-boot-starter-validation-2.4.2.jar' 
2022-04-04 15:21:36.804 DEBUG [acme.Launcher@main] Found classpath entry '/C:/Users/usuario/.m2/repository/org/hibernate/validator/hibernate-validator/6.1.7.Final/hibernate-validator-6.1.7.Final.jar' 
2022-04-04 15:21:36.805 DEBUG [acme.Launcher@main] Found classpath entry '/C:/Users/usuario/.m2/repository/jakarta/validation/jakarta.validation-api/2.0.2/jakarta.validation-api-2.0.2.jar' 
2022-04-04 15:21:36.805 DEBUG [acme.Launcher@main] Found classpath entry '/C:/Users/usuario/.m2/repository/mysql/mysql-connector-java/8.0.22/mysql-connector-java-8.0.22.jar' 
2022-04-04 15:21:36.805 DEBUG [acme.Launcher@main] Found classpath entry '/C:/Users/usuario/.m2/repository/com/zaxxer/HikariCP/3.4.5/HikariCP-3.4.5.jar' 
2022-04-04 15:21:36.805 DEBUG [acme.Launcher@main] Found classpath entry '/C:/Users/usuario/.m2/repository/org/junit/jupiter/junit-jupiter-engine/5.7.0/junit-jupiter-engine-5.7.0.jar' 
2022-04-04 15:21:36.805 DEBUG [acme.Launcher@main] Found classpath entry '/C:/Users/usuario/.m2/repository/org/apiguardian/apiguardian-api/1.1.0/apiguardian-api-1.1.0.jar' 
2022-04-04 15:21:36.806 DEBUG [acme.Launcher@main] Found classpath entry '/C:/Users/usuario/.m2/repository/org/junit/platform/junit-platform-engine/1.7.0/junit-platform-engine-1.7.0.jar' 
2022-04-04 15:21:36.806 DEBUG [acme.Launcher@main] Found classpath entry '/C:/Users/usuario/.m2/repository/org/junit/jupiter/junit-jupiter-api/5.7.0/junit-jupiter-api-5.7.0.jar' 
2022-04-04 15:21:36.806 DEBUG [acme.Launcher@main] Found classpath entry '/C:/Users/usuario/.m2/repository/org/opentest4j/opentest4j/1.2.0/opentest4j-1.2.0.jar' 
2022-04-04 15:21:36.806 DEBUG [acme.Launcher@main] Found classpath entry '/C:/Users/usuario/.m2/repository/org/junit/platform/junit-platform-commons/1.7.0/junit-platform-commons-1.7.0.jar' 
2022-04-04 15:21:36.806 DEBUG [acme.Launcher@main] Found classpath entry '/C:/Users/usuario/.m2/repository/org/junit/jupiter/junit-jupiter-params/5.7.0/junit-jupiter-params-5.7.0.jar' 
2022-04-04 15:21:36.806 DEBUG [acme.Launcher@main] Found classpath entry '/C:/Users/usuario/.m2/repository/org/junit/platform/junit-platform-launcher/1.7.0/junit-platform-launcher-1.7.0.jar' 
2022-04-04 15:21:36.808 DEBUG [acme.Launcher@main] Found classpath entry '/C:/Users/usuario/.m2/repository/org/seleniumhq/selenium/selenium-java/3.141.59/selenium-java-3.141.59.jar' 
2022-04-04 15:21:36.808 DEBUG [acme.Launcher@main] Found classpath entry '/C:/Users/usuario/.m2/repository/org/seleniumhq/selenium/selenium-api/3.141.59/selenium-api-3.141.59.jar' 
2022-04-04 15:21:36.808 DEBUG [acme.Launcher@main] Found classpath entry '/C:/Users/usuario/.m2/repository/org/seleniumhq/selenium/selenium-chrome-driver/3.141.59/selenium-chrome-driver-3.141.59.jar' 
2022-04-04 15:21:36.808 DEBUG [acme.Launcher@main] Found classpath entry '/C:/Users/usuario/.m2/repository/org/seleniumhq/selenium/selenium-edge-driver/3.141.59/selenium-edge-driver-3.141.59.jar' 
2022-04-04 15:21:36.809 DEBUG [acme.Launcher@main] Found classpath entry '/C:/Users/usuario/.m2/repository/org/seleniumhq/selenium/selenium-firefox-driver/3.141.59/selenium-firefox-driver-3.141.59.jar' 
2022-04-04 15:21:36.809 DEBUG [acme.Launcher@main] Found classpath entry '/C:/Users/usuario/.m2/repository/org/seleniumhq/selenium/selenium-ie-driver/3.141.59/selenium-ie-driver-3.141.59.jar' 
2022-04-04 15:21:36.809 DEBUG [acme.Launcher@main] Found classpath entry '/C:/Users/usuario/.m2/repository/org/seleniumhq/selenium/selenium-opera-driver/3.141.59/selenium-opera-driver-3.141.59.jar' 
2022-04-04 15:21:36.809 DEBUG [acme.Launcher@main] Found classpath entry '/C:/Users/usuario/.m2/repository/org/seleniumhq/selenium/selenium-remote-driver/3.141.59/selenium-remote-driver-3.141.59.jar' 
2022-04-04 15:21:36.809 DEBUG [acme.Launcher@main] Found classpath entry '/C:/Users/usuario/.m2/repository/org/seleniumhq/selenium/selenium-safari-driver/3.141.59/selenium-safari-driver-3.141.59.jar' 
2022-04-04 15:21:36.810 DEBUG [acme.Launcher@main] Found classpath entry '/C:/Users/usuario/.m2/repository/org/seleniumhq/selenium/selenium-support/3.141.59/selenium-support-3.141.59.jar' 
2022-04-04 15:21:36.810 DEBUG [acme.Launcher@main] Found classpath entry '/C:/Users/usuario/.m2/repository/net/bytebuddy/byte-buddy/1.10.19/byte-buddy-1.10.19.jar' 
2022-04-04 15:21:36.810 DEBUG [acme.Launcher@main] Found classpath entry '/C:/Users/usuario/.m2/repository/org/apache/commons/commons-exec/1.3/commons-exec-1.3.jar' 
2022-04-04 15:21:36.810 DEBUG [acme.Launcher@main] Found classpath entry '/C:/Users/usuario/.m2/repository/com/google/guava/guava/25.0-jre/guava-25.0-jre.jar' 
2022-04-04 15:21:36.810 DEBUG [acme.Launcher@main] Found classpath entry '/C:/Users/usuario/.m2/repository/com/google/code/findbugs/jsr305/1.3.9/jsr305-1.3.9.jar' 
2022-04-04 15:21:36.810 DEBUG [acme.Launcher@main] Found classpath entry '/C:/Users/usuario/.m2/repository/org/checkerframework/checker-compat-qual/2.0.0/checker-compat-qual-2.0.0.jar' 
2022-04-04 15:21:36.811 DEBUG [acme.Launcher@main] Found classpath entry '/C:/Users/usuario/.m2/repository/com/google/errorprone/error_prone_annotations/2.1.3/error_prone_annotations-2.1.3.jar' 
2022-04-04 15:21:36.811 DEBUG [acme.Launcher@main] Found classpath entry '/C:/Users/usuario/.m2/repository/com/google/j2objc/j2objc-annotations/1.1/j2objc-annotations-1.1.jar' 
2022-04-04 15:21:36.811 DEBUG [acme.Launcher@main] Found classpath entry '/C:/Users/usuario/.m2/repository/org/codehaus/mojo/animal-sniffer-annotations/1.14/animal-sniffer-annotations-1.14.jar' 
2022-04-04 15:21:36.811 DEBUG [acme.Launcher@main] Found classpath entry '/C:/Users/usuario/.m2/repository/com/squareup/okhttp3/okhttp/3.14.9/okhttp-3.14.9.jar' 
2022-04-04 15:21:36.811 DEBUG [acme.Launcher@main] Found classpath entry '/C:/Users/usuario/.m2/repository/com/squareup/okio/okio/1.14.0/okio-1.14.0.jar' 
2022-04-04 15:21:36.811 DEBUG [acme.Launcher@main] Found classpath entry '/C:/Users/usuario/.m2/repository/org/apache/commons/commons-lang3/3.11/commons-lang3-3.11.jar' 
2022-04-04 15:21:36.811 DEBUG [acme.Launcher@main] Found classpath entry '/C:/Users/usuario/.m2/repository/org/apache/commons/commons-text/1.8/commons-text-1.8.jar' 
2022-04-04 15:21:36.812 DEBUG [acme.Launcher@main] Found classpath entry '/C:/Users/usuario/.m2/repository/commons-io/commons-io/2.6/commons-io-2.6.jar' 
2022-04-04 15:21:36.812 DEBUG [acme.Launcher@main] Found classpath entry '/C:/Users/usuario/.m2/repository/commons-cli/commons-cli/1.4/commons-cli-1.4.jar' 
2022-04-04 15:21:36.812 DEBUG [acme.Launcher@main] Found classpath entry '/C:/Users/usuario/.m2/repository/org/projectlombok/lombok/1.18.16/lombok-1.18.16.jar' 
2022-04-04 15:21:36.812 DEBUG [acme.Launcher@main] Found classpath entry '/C:/Users/usuario/.m2/repository/com/opencsv/opencsv/5.4/opencsv-5.4.jar' 
2022-04-04 15:21:36.812 DEBUG [acme.Launcher@main] Found classpath entry '/C:/Users/usuario/.m2/repository/commons-beanutils/commons-beanutils/1.9.4/commons-beanutils-1.9.4.jar' 
2022-04-04 15:21:36.812 DEBUG [acme.Launcher@main] Found classpath entry '/C:/Users/usuario/.m2/repository/commons-logging/commons-logging/1.2/commons-logging-1.2.jar' 
2022-04-04 15:21:36.812 DEBUG [acme.Launcher@main] Found classpath entry '/C:/Users/usuario/.m2/repository/commons-collections/commons-collections/3.2.2/commons-collections-3.2.2.jar' 
2022-04-04 15:21:36.813 DEBUG [acme.Launcher@main] Found classpath entry '/C:/Users/usuario/.m2/repository/org/apache/commons/commons-collections4/4.4/commons-collections4-4.4.jar' 
2022-04-04 15:21:36.813 DEBUG [acme.Launcher@main] Found classpath entry '/C:/Users/usuario/Desktop/Workspace-22.0/Frameworks/Acme-Framework-22.3/target/classes/' 
2022-04-04 15:21:36.813 DEBUG [acme.Launcher@main] Found classpath entry '/C:/Users/usuario/Desktop/Workspace-22.0/Frameworks/Acme-Framework-22.3/target/test-classes/' 
2022-04-04 15:21:36.813 DEBUG [acme.Launcher@main] Found classpath entry '/C:/Users/usuario/Desktop/Workspace-22.0/Tools/IDEs/eclipse-jee-2021-12-R/configuration/org.eclipse.osgi/418/0/.cp/lib/javaagent-shaded.jar' 
2022-04-04 15:21:36.939 DEBUG [acme.Launcher@main] Found entity class 'acme.entities.announcements.Announcement 
2022-04-04 15:21:36.940 DEBUG [acme.Launcher@main] Found entity class 'acme.entities.chirps.Chirp 
2022-04-04 15:21:36.940 DEBUG [acme.Launcher@main] Found entity class 'acme.entities.items.Item 
2022-04-04 15:21:36.940 DEBUG [acme.Launcher@main] Found entity class 'acme.entities.patronageReports.PatronageReport 
2022-04-04 15:21:36.940 DEBUG [acme.Launcher@main] Found entity class 'acme.entities.patronages.Patronage 
2022-04-04 15:21:36.940 DEBUG [acme.Launcher@main] Found entity class 'acme.entities.quantities.Quantity 
2022-04-04 15:21:36.940 DEBUG [acme.Launcher@main] Found entity class 'acme.entities.systemConfigurations.SystemConfiguration 
2022-04-04 15:21:36.941 DEBUG [acme.Launcher@main] Found entity class 'acme.entities.toolkits.Toolkit 
2022-04-04 15:21:36.941 DEBUG [acme.Launcher@main] Found entity class 'acme.roles.Consumer 
2022-04-04 15:21:36.941 DEBUG [acme.Launcher@main] Found entity class 'acme.roles.Inventor 
2022-04-04 15:21:36.941 DEBUG [acme.Launcher@main] Found entity class 'acme.roles.Patron 
2022-04-04 15:21:36.941 DEBUG [acme.Launcher@main] Found entity class 'acme.roles.Provider 
2022-04-04 15:21:36.941 DEBUG [acme.Launcher@main] Found entity class 'acme.framework.entities.UserAccount 
2022-04-04 15:21:36.941 DEBUG [acme.Launcher@main] Found entity class 'acme.framework.roles.Administrator 
2022-04-04 15:21:36.941 DEBUG [acme.Launcher@main] Found entity class 'acme.framework.roles.Anonymous 
2022-04-04 15:21:36.942 DEBUG [acme.Launcher@main] Found entity class 'acme.framework.roles.Any 
2022-04-04 15:21:36.942 DEBUG [acme.Launcher@main] Found entity class 'acme.framework.roles.Authenticated 
2022-04-04 15:21:36.948 INFO  [acme.Launcher@main] Running application (Standalone) 
2022-04-04 15:21:57.007 DEBUG [org.hibernate.SQL@http-nio-8081-exec-1] select useraccoun0_.id as id1_0_, useraccoun0_.version as version2_0_, useraccoun0_.enabled as enabled1_17_, useraccoun0_.identity as identity2_17_, useraccoun0_.password as password3_17_, useraccoun0_.username as username4_17_ from user_account useraccoun0_ where useraccoun0_.username=? 
2022-04-04 15:21:57.037 TRACE [org.hibernate.type.descriptor.sql.BasicBinder@http-nio-8081-exec-1] binding parameter [1] as [VARCHAR] - [administrator] 
2022-04-04 15:21:57.125 DEBUG [org.hibernate.SQL@http-nio-8081-exec-1] select roles0_.user_account_id as user_acc1_18_0_, roles0_.id as id1_18_0_, roles0_.id as id1_0_1_, roles0_.version as version2_0_1_, roles0_.user_account_id as user_acc1_18_1_, roles0_.company as company1_7_1_, roles0_.sector as sector2_7_1_, roles0_.company as company1_8_1_, roles0_.info as info2_8_1_, roles0_.statement as statemen3_8_1_, roles0_.company as company1_10_1_, roles0_.info as info2_10_1_, roles0_.statement as statemen3_10_1_, roles0_.company as company1_13_1_, roles0_.sector as sector2_13_1_, roles0_.clazz_ as clazz_1_ from ( select id, version, user_account_id, company, sector, null as info, null as statement, 10 as clazz_ from consumer union all select id, version, user_account_id, company, null as sector, info, statement, 11 as clazz_ from inventor union all select id, version, user_account_id, company, null as sector, info, statement, 12 as clazz_ from patron union all select id, version, user_account_id, company, sector, null as info, null as statement, 13 as clazz_ from provider union all select id, version, user_account_id, null as company, null as sector, null as info, null as statement, 15 as clazz_ from administrator union all select id, version, user_account_id, null as company, null as sector, null as info, null as statement, 16 as clazz_ from anonymous union all select id, version, user_account_id, null as company, null as sector, null as info, null as statement, 17 as clazz_ from any union all select id, version, user_account_id, null as company, null as sector, null as info, null as statement, 18 as clazz_ from authenticated ) roles0_ where roles0_.user_account_id=? 
2022-04-04 15:21:57.130 TRACE [org.hibernate.type.descriptor.sql.BasicBinder@http-nio-8081-exec-1] binding parameter [1] as [INTEGER] - [5] 
2022-04-04 15:21:57.262 DEBUG [acme.framework.components.tiles.DynamicTilesView@http-nio-8081-exec-3] View name 'fragments/welcome', model {} 
2022-04-04 15:21:57.285 DEBUG [org.apache.tiles.definition.dao.BaseLocaleUrlDefinitionDAO@http-nio-8081-exec-3] File Resource file:/C:/Users/usuario/Desktop/Workspace-22.0/Projects/Acme-Toolkits/target/classes/WEB-INF/views/master/tiles_en.xml at file:/C:/Users/usuario/Desktop/Workspace-22.0/Projects/Acme-Toolkits/target/classes/WEB-INF/views/master/tiles_en.xml not found, continue 
2022-04-04 15:21:57.297 DEBUG [org.apache.jasper.servlet.JspServlet@http-nio-8081-exec-3] JspEngine --> /WEB-INF/views/master/page.jsp 
2022-04-04 15:21:57.298 DEBUG [org.apache.jasper.servlet.JspServlet@http-nio-8081-exec-3] ServletPath: /WEB-INF/views/master/page.jsp 
2022-04-04 15:21:57.299 DEBUG [org.apache.jasper.servlet.JspServlet@http-nio-8081-exec-3] PathInfo: null 
2022-04-04 15:21:57.301 DEBUG [org.apache.jasper.servlet.JspServlet@http-nio-8081-exec-3] RealPath: C:\Users\usuario\Desktop\Workspace-22.0\Projects\Acme-Toolkits\target\classes\WEB-INF\views\master\page.jsp 
2022-04-04 15:21:57.302 DEBUG [org.apache.jasper.servlet.JspServlet@http-nio-8081-exec-3] RequestURI: /acme-toolkits-22.1/WEB-INF/views/master/page.jsp 
2022-04-04 15:21:57.302 DEBUG [org.apache.jasper.servlet.JspServlet@http-nio-8081-exec-3] QueryString: null 
2022-04-04 15:22:02.434 DEBUG [acme.framework.configuration.ExtendedMessageSource@http-nio-8081-exec-3] Loading properties [C:\Users\usuario\Desktop\Workspace-22.0\Projects\Acme-Toolkits\target\classes\WEB-INF\views\administrator\user-account\messages-en.i18n] with encoding 'utf-8' 
2022-04-04 15:22:02.435 DEBUG [acme.framework.configuration.ExtendedMessageSource@http-nio-8081-exec-3] Loading properties [C:\Users\usuario\Desktop\Workspace-22.0\Projects\Acme-Toolkits\target\classes\WEB-INF\views\anonymous\user-account\messages-en.i18n] with encoding 'utf-8' 
2022-04-04 15:22:02.437 DEBUG [acme.framework.configuration.ExtendedMessageSource@http-nio-8081-exec-3] Loading properties [C:\Users\usuario\Desktop\Workspace-22.0\Projects\Acme-Toolkits\target\classes\WEB-INF\views\any\item\messages-en.i18n] with encoding 'utf-8' 
2022-04-04 15:22:02.438 DEBUG [acme.framework.configuration.ExtendedMessageSource@http-nio-8081-exec-3] Loading properties [C:\Users\usuario\Desktop\Workspace-22.0\Projects\Acme-Toolkits\target\classes\WEB-INF\views\authenticated\consumer\messsages-en.i18n] with encoding 'utf-8' 
2022-04-04 15:22:02.438 DEBUG [acme.framework.configuration.ExtendedMessageSource@http-nio-8081-exec-3] Loading properties [C:\Users\usuario\Desktop\Workspace-22.0\Projects\Acme-Toolkits\target\classes\WEB-INF\views\authenticated\provider\messsages-en.i18n] with encoding 'utf-8' 
2022-04-04 15:22:02.439 DEBUG [acme.framework.configuration.ExtendedMessageSource@http-nio-8081-exec-3] Loading properties [C:\Users\usuario\Desktop\Workspace-22.0\Projects\Acme-Toolkits\target\classes\WEB-INF\views\authenticated\user-account\messages-en.i18n] with encoding 'utf-8' 
2022-04-04 15:22:02.440 DEBUG [acme.framework.configuration.ExtendedMessageSource@http-nio-8081-exec-3] Loading properties [C:\Users\usuario\Desktop\Workspace-22.0\Projects\Acme-Toolkits\target\classes\WEB-INF\views\fragments\banner-en.i18n] with encoding 'utf-8' 
2022-04-04 15:22:02.441 DEBUG [acme.framework.configuration.ExtendedMessageSource@http-nio-8081-exec-3] Loading properties [C:\Users\usuario\Desktop\Workspace-22.0\Projects\Acme-Toolkits\target\classes\WEB-INF\views\fragments\company-en.i18n] with encoding 'utf-8' 
2022-04-04 15:22:02.441 DEBUG [acme.framework.configuration.ExtendedMessageSource@http-nio-8081-exec-3] Loading properties [C:\Users\usuario\Desktop\Workspace-22.0\Projects\Acme-Toolkits\target\classes\WEB-INF\views\fragments\footer-en.i18n] with encoding 'utf-8' 
2022-04-04 15:22:02.442 DEBUG [acme.framework.configuration.ExtendedMessageSource@http-nio-8081-exec-3] Loading properties [C:\Users\usuario\Desktop\Workspace-22.0\Projects\Acme-Toolkits\target\classes\WEB-INF\views\fragments\license-en.i18n] with encoding 'utf-8' 
2022-04-04 15:22:02.443 DEBUG [acme.framework.configuration.ExtendedMessageSource@http-nio-8081-exec-3] Loading properties [C:\Users\usuario\Desktop\Workspace-22.0\Projects\Acme-Toolkits\target\classes\WEB-INF\views\fragments\menu-en.i18n] with encoding 'utf-8' 
2022-04-04 15:22:02.444 DEBUG [acme.framework.configuration.ExtendedMessageSource@http-nio-8081-exec-3] Loading properties [C:\Users\usuario\Desktop\Workspace-22.0\Projects\Acme-Toolkits\target\classes\WEB-INF\views\fragments\messages-en.i18n] with encoding 'utf-8' 
2022-04-04 15:22:02.445 DEBUG [acme.framework.configuration.ExtendedMessageSource@http-nio-8081-exec-3] Loading properties [C:\Users\usuario\Desktop\Workspace-22.0\Projects\Acme-Toolkits\target\classes\WEB-INF\views\fragments\messsages-en.i18n] with encoding 'utf-8' 
2022-04-04 15:22:02.445 DEBUG [acme.framework.configuration.ExtendedMessageSource@http-nio-8081-exec-3] Loading properties [C:\Users\usuario\Desktop\Workspace-22.0\Projects\Acme-Toolkits\target\classes\WEB-INF\views\fragments\title-en.i18n] with encoding 'utf-8' 
2022-04-04 15:22:02.447 DEBUG [acme.framework.configuration.ExtendedMessageSource@http-nio-8081-exec-3] Loading properties [C:\Users\usuario\Desktop\Workspace-22.0\Projects\Acme-Toolkits\target\classes\WEB-INF\views\fragments\welcome-en.i18n] with encoding 'utf-8' 
2022-04-04 15:22:02.448 DEBUG [acme.framework.configuration.ExtendedMessageSource@http-nio-8081-exec-3] Loading properties [C:\Users\usuario\Desktop\Workspace-22.0\Projects\Acme-Toolkits\target\classes\WEB-INF\views\inventor\item\messages-en.i18n] with encoding 'utf-8' 
2022-04-04 15:22:02.449 DEBUG [acme.framework.configuration.ExtendedMessageSource@http-nio-8081-exec-3] Loading properties [C:\Users\usuario\Desktop\Workspace-22.0\Projects\Acme-Toolkits\target\classes\WEB-INF\views\master\defaults-en.i18n] with encoding 'utf-8' 
2022-04-04 15:22:02.450 DEBUG [acme.framework.configuration.ExtendedMessageSource@http-nio-8081-exec-3] Loading properties [C:\Users\usuario\Desktop\Workspace-22.0\Projects\Acme-Toolkits\target\classes\WEB-INF\views\master\master-en.i18n] with encoding 'utf-8' 
2022-04-04 15:22:02.451 DEBUG [acme.framework.configuration.ExtendedMessageSource@http-nio-8081-exec-3] Loading properties [C:\Users\usuario\Desktop\Workspace-22.0\Projects\Acme-Toolkits\target\classes\WEB-INF\views\master\throwables-en.i18n] with encoding 'utf-8' 
2022-04-04 15:22:02.451 DEBUG [acme.framework.configuration.ExtendedMessageSource@http-nio-8081-exec-3] Loading properties [C:\Users\usuario\Desktop\Workspace-22.0\Projects\Acme-Toolkits\target\classes\WEB-INF\views\master\validation-en.i18n] with encoding 'utf-8' 
2022-04-04 15:22:02.714 DEBUG [org.apache.jasper.servlet.JspServlet@http-nio-8081-exec-3] JspEngine --> /WEB-INF/views/fragments/welcome.jsp 
2022-04-04 15:22:02.715 DEBUG [org.apache.jasper.servlet.JspServlet@http-nio-8081-exec-3] ServletPath: /WEB-INF/views/master/page.jsp 
2022-04-04 15:22:02.715 DEBUG [org.apache.jasper.servlet.JspServlet@http-nio-8081-exec-3] PathInfo: null 
2022-04-04 15:22:02.717 DEBUG [org.apache.jasper.servlet.JspServlet@http-nio-8081-exec-3] RealPath: C:\Users\usuario\Desktop\Workspace-22.0\Projects\Acme-Toolkits\target\classes\WEB-INF\views\fragments\welcome.jsp 
2022-04-04 15:22:02.717 DEBUG [org.apache.jasper.servlet.JspServlet@http-nio-8081-exec-3] RequestURI: /acme-toolkits-22.1/WEB-INF/views/master/page.jsp 
2022-04-04 15:22:02.718 DEBUG [org.apache.jasper.servlet.JspServlet@http-nio-8081-exec-3] QueryString: null 
2022-04-04 15:22:03.152 DEBUG [org.hibernate.SQL@http-nio-8081-exec-3] select useraccoun0_.id as id1_0_, useraccoun0_.version as version2_0_, useraccoun0_.enabled as enabled1_17_, useraccoun0_.identity as identity2_17_, useraccoun0_.password as password3_17_, useraccoun0_.username as username4_17_ from user_account useraccoun0_ where useraccoun0_.username=? 
2022-04-04 15:22:03.153 TRACE [org.hibernate.type.descriptor.sql.BasicBinder@http-nio-8081-exec-3] binding parameter [1] as [VARCHAR] - [anonymous] 
2022-04-04 15:22:03.154 DEBUG [org.hibernate.SQL@http-nio-8081-exec-3] select roles0_.user_account_id as user_acc1_18_0_, roles0_.id as id1_18_0_, roles0_.id as id1_0_1_, roles0_.version as version2_0_1_, roles0_.user_account_id as user_acc1_18_1_, roles0_.company as company1_7_1_, roles0_.sector as sector2_7_1_, roles0_.company as company1_8_1_, roles0_.info as info2_8_1_, roles0_.statement as statemen3_8_1_, roles0_.company as company1_10_1_, roles0_.info as info2_10_1_, roles0_.statement as statemen3_10_1_, roles0_.company as company1_13_1_, roles0_.sector as sector2_13_1_, roles0_.clazz_ as clazz_1_ from ( select id, version, user_account_id, company, sector, null as info, null as statement, 10 as clazz_ from consumer union all select id, version, user_account_id, company, null as sector, info, statement, 11 as clazz_ from inventor union all select id, version, user_account_id, company, null as sector, info, statement, 12 as clazz_ from patron union all select id, version, user_account_id, company, sector, null as info, null as statement, 13 as clazz_ from provider union all select id, version, user_account_id, null as company, null as sector, null as info, null as statement, 15 as clazz_ from administrator union all select id, version, user_account_id, null as company, null as sector, null as info, null as statement, 16 as clazz_ from anonymous union all select id, version, user_account_id, null as company, null as sector, null as info, null as statement, 17 as clazz_ from any union all select id, version, user_account_id, null as company, null as sector, null as info, null as statement, 18 as clazz_ from authenticated ) roles0_ where roles0_.user_account_id=? 
2022-04-04 15:22:03.155 TRACE [org.hibernate.type.descriptor.sql.BasicBinder@http-nio-8081-exec-3] binding parameter [1] as [INTEGER] - [1] 
2022-04-04 15:22:08.547 DEBUG [acme.framework.controllers.AbstractController@http-nio-8081-exec-1] DISPATCHING GET /acme-toolkits-22.1/any/item/list-all-tools 
2022-04-04 15:22:08.547 DEBUG [acme.framework.controllers.AbstractController@http-nio-8081-exec-1] Command: list-all-tools 
2022-04-04 15:22:08.547 DEBUG [acme.framework.controllers.AbstractController@http-nio-8081-exec-1] Model:   {} 
2022-04-04 15:22:08.547 DEBUG [acme.framework.controllers.AbstractController@http-nio-8081-exec-1] Locale:  en 
2022-04-04 15:22:08.565 DEBUG [org.hibernate.SQL@http-nio-8081-exec-1] select useraccoun0_.id as id1_0_, useraccoun0_.version as version2_0_, useraccoun0_.enabled as enabled1_17_, useraccoun0_.identity as identity2_17_, useraccoun0_.password as password3_17_, useraccoun0_.username as username4_17_ from user_account useraccoun0_ where useraccoun0_.username=? 
2022-04-04 15:22:08.566 TRACE [org.hibernate.type.descriptor.sql.BasicBinder@http-nio-8081-exec-1] binding parameter [1] as [VARCHAR] - [anonymous] 
2022-04-04 15:22:08.568 DEBUG [org.hibernate.SQL@http-nio-8081-exec-1] select roles0_.user_account_id as user_acc1_18_0_, roles0_.id as id1_18_0_, roles0_.id as id1_0_1_, roles0_.version as version2_0_1_, roles0_.user_account_id as user_acc1_18_1_, roles0_.company as company1_7_1_, roles0_.sector as sector2_7_1_, roles0_.company as company1_8_1_, roles0_.info as info2_8_1_, roles0_.statement as statemen3_8_1_, roles0_.company as company1_10_1_, roles0_.info as info2_10_1_, roles0_.statement as statemen3_10_1_, roles0_.company as company1_13_1_, roles0_.sector as sector2_13_1_, roles0_.clazz_ as clazz_1_ from ( select id, version, user_account_id, company, sector, null as info, null as statement, 10 as clazz_ from consumer union all select id, version, user_account_id, company, null as sector, info, statement, 11 as clazz_ from inventor union all select id, version, user_account_id, company, null as sector, info, statement, 12 as clazz_ from patron union all select id, version, user_account_id, company, sector, null as info, null as statement, 13 as clazz_ from provider union all select id, version, user_account_id, null as company, null as sector, null as info, null as statement, 15 as clazz_ from administrator union all select id, version, user_account_id, null as company, null as sector, null as info, null as statement, 16 as clazz_ from anonymous union all select id, version, user_account_id, null as company, null as sector, null as info, null as statement, 17 as clazz_ from any union all select id, version, user_account_id, null as company, null as sector, null as info, null as statement, 18 as clazz_ from authenticated ) roles0_ where roles0_.user_account_id=? 
2022-04-04 15:22:08.569 TRACE [org.hibernate.type.descriptor.sql.BasicBinder@http-nio-8081-exec-1] binding parameter [1] as [INTEGER] - [1] 
2022-04-04 15:22:08.616 DEBUG [org.hibernate.SQL@http-nio-8081-exec-1] select item0_.id as id1_0_, item0_.version as version2_0_, item0_.code as code1_9_, item0_.description as descript2_9_, item0_.inventor_id as inventor9_9_, item0_.link as link3_9_, item0_.name as name4_9_, item0_.retail_price_amount as retail_p5_9_, item0_.retail_price_currency as retail_p6_9_, item0_.technology as technolo7_9_, item0_.type as type8_9_ from item item0_ where item0_.type='TOOL' 
2022-04-04 15:22:08.620 DEBUG [org.hibernate.SQL@http-nio-8081-exec-1] select inventor0_.id as id1_0_0_, inventor0_.version as version2_0_0_, inventor0_.user_account_id as user_acc1_18_0_, inventor0_.company as company1_8_0_, inventor0_.info as info2_8_0_, inventor0_.statement as statemen3_8_0_, useraccoun1_.id as id1_0_1_, useraccoun1_.version as version2_0_1_, useraccoun1_.enabled as enabled1_17_1_, useraccoun1_.identity as identity2_17_1_, useraccoun1_.password as password3_17_1_, useraccoun1_.username as username4_17_1_ from inventor inventor0_ inner join user_account useraccoun1_ on inventor0_.user_account_id=useraccoun1_.id where inventor0_.id=? 
2022-04-04 15:22:08.621 TRACE [org.hibernate.type.descriptor.sql.BasicBinder@http-nio-8081-exec-1] binding parameter [1] as [INTEGER] - [11] 
2022-04-04 15:22:08.626 DEBUG [org.hibernate.SQL@http-nio-8081-exec-1] select inventor0_.id as id1_0_0_, inventor0_.version as version2_0_0_, inventor0_.user_account_id as user_acc1_18_0_, inventor0_.company as company1_8_0_, inventor0_.info as info2_8_0_, inventor0_.statement as statemen3_8_0_, useraccoun1_.id as id1_0_1_, useraccoun1_.version as version2_0_1_, useraccoun1_.enabled as enabled1_17_1_, useraccoun1_.identity as identity2_17_1_, useraccoun1_.password as password3_17_1_, useraccoun1_.username as username4_17_1_ from inventor inventor0_ inner join user_account useraccoun1_ on inventor0_.user_account_id=useraccoun1_.id where inventor0_.id=? 
2022-04-04 15:22:08.626 TRACE [org.hibernate.type.descriptor.sql.BasicBinder@http-nio-8081-exec-1] binding parameter [1] as [INTEGER] - [12] 
2022-04-04 15:22:08.650 DEBUG [acme.framework.controllers.AbstractController@http-nio-8081-exec-1] SERVING GET /acme-toolkits-22.1/any/item/list-all-tools 
2022-04-04 15:22:08.650 DEBUG [acme.framework.controllers.AbstractController@http-nio-8081-exec-1] Result: ModelAndView [view="any/item/list"; model={version[1]=0, code[0]=ABC-123, type[0]=TOOL, version[0]=0, code[1]=ABC-123-A, id[1]=22, id[0]=20, type[1]=TOOL, list$size=2, name[1]=Tool 02, name[0]=Tool 01, command=list-all-tools, principal=acme.framework.entities.Principal@431a22e3}] 
2022-04-04 15:22:08.659 DEBUG [acme.framework.components.tiles.DynamicTilesView@http-nio-8081-exec-1] View name 'any/item/list', model {version[1]=0, code[0]=ABC-123, type[0]=TOOL, version[0]=0, code[1]=ABC-123-A, id[1]=22, id[0]=20, type[1]=TOOL, list$size=2, name[1]=Tool 02, name[0]=Tool 01, command=list-all-tools, principal=acme.framework.entities.Principal@431a22e3, org.springframework.validation.BindingResult.principal=org.springframework.validation.BeanPropertyBindingResult: 0 errors} 
2022-04-04 15:22:08.660 DEBUG [org.apache.jasper.servlet.JspServlet@http-nio-8081-exec-1] JspEngine --> /WEB-INF/views/master/page.jsp 
2022-04-04 15:22:08.661 DEBUG [org.apache.jasper.servlet.JspServlet@http-nio-8081-exec-1] ServletPath: /WEB-INF/views/master/page.jsp 
2022-04-04 15:22:08.661 DEBUG [org.apache.jasper.servlet.JspServlet@http-nio-8081-exec-1] PathInfo: null 
2022-04-04 15:22:08.663 DEBUG [org.apache.jasper.servlet.JspServlet@http-nio-8081-exec-1] RealPath: C:\Users\usuario\Desktop\Workspace-22.0\Projects\Acme-Toolkits\target\classes\WEB-INF\views\master\page.jsp 
2022-04-04 15:22:08.663 DEBUG [org.apache.jasper.servlet.JspServlet@http-nio-8081-exec-1] RequestURI: /acme-toolkits-22.1/WEB-INF/views/master/page.jsp 
2022-04-04 15:22:08.664 DEBUG [org.apache.jasper.servlet.JspServlet@http-nio-8081-exec-1] QueryString: null 
2022-04-04 15:22:08.888 DEBUG [org.apache.jasper.servlet.JspServlet@http-nio-8081-exec-1] JspEngine --> /WEB-INF/views/any/item/list.jsp 
2022-04-04 15:22:08.889 DEBUG [org.apache.jasper.servlet.JspServlet@http-nio-8081-exec-1] ServletPath: /WEB-INF/views/master/page.jsp 
2022-04-04 15:22:08.889 DEBUG [org.apache.jasper.servlet.JspServlet@http-nio-8081-exec-1] PathInfo: null 
2022-04-04 15:22:08.890 DEBUG [org.apache.jasper.servlet.JspServlet@http-nio-8081-exec-1] RealPath: C:\Users\usuario\Desktop\Workspace-22.0\Projects\Acme-Toolkits\target\classes\WEB-INF\views\any\item\list.jsp 
2022-04-04 15:22:08.891 DEBUG [org.apache.jasper.servlet.JspServlet@http-nio-8081-exec-1] RequestURI: /acme-toolkits-22.1/WEB-INF/views/master/page.jsp 
2022-04-04 15:22:08.892 DEBUG [org.apache.jasper.servlet.JspServlet@http-nio-8081-exec-1] QueryString: null 
2022-04-04 15:22:10.339 DEBUG [org.hibernate.SQL@http-nio-8081-exec-1] select useraccoun0_.id as id1_0_, useraccoun0_.version as version2_0_, useraccoun0_.enabled as enabled1_17_, useraccoun0_.identity as identity2_17_, useraccoun0_.password as password3_17_, useraccoun0_.username as username4_17_ from user_account useraccoun0_ where useraccoun0_.username=? 
2022-04-04 15:22:10.340 TRACE [org.hibernate.type.descriptor.sql.BasicBinder@http-nio-8081-exec-1] binding parameter [1] as [VARCHAR] - [anonymous] 
2022-04-04 15:22:10.343 DEBUG [org.hibernate.SQL@http-nio-8081-exec-1] select roles0_.user_account_id as user_acc1_18_0_, roles0_.id as id1_18_0_, roles0_.id as id1_0_1_, roles0_.version as version2_0_1_, roles0_.user_account_id as user_acc1_18_1_, roles0_.company as company1_7_1_, roles0_.sector as sector2_7_1_, roles0_.company as company1_8_1_, roles0_.info as info2_8_1_, roles0_.statement as statemen3_8_1_, roles0_.company as company1_10_1_, roles0_.info as info2_10_1_, roles0_.statement as statemen3_10_1_, roles0_.company as company1_13_1_, roles0_.sector as sector2_13_1_, roles0_.clazz_ as clazz_1_ from ( select id, version, user_account_id, company, sector, null as info, null as statement, 10 as clazz_ from consumer union all select id, version, user_account_id, company, null as sector, info, statement, 11 as clazz_ from inventor union all select id, version, user_account_id, company, null as sector, info, statement, 12 as clazz_ from patron union all select id, version, user_account_id, company, sector, null as info, null as statement, 13 as clazz_ from provider union all select id, version, user_account_id, null as company, null as sector, null as info, null as statement, 15 as clazz_ from administrator union all select id, version, user_account_id, null as company, null as sector, null as info, null as statement, 16 as clazz_ from anonymous union all select id, version, user_account_id, null as company, null as sector, null as info, null as statement, 17 as clazz_ from any union all select id, version, user_account_id, null as company, null as sector, null as info, null as statement, 18 as clazz_ from authenticated ) roles0_ where roles0_.user_account_id=? 
2022-04-04 15:22:10.344 TRACE [org.hibernate.type.descriptor.sql.BasicBinder@http-nio-8081-exec-1] binding parameter [1] as [INTEGER] - [1] 
2022-04-04 15:22:14.544 DEBUG [acme.framework.components.tiles.DynamicTilesView@http-nio-8081-exec-8] View name 'master/sign-in', model {username=, password=, remember=false} 
2022-04-04 15:22:14.546 DEBUG [org.apache.jasper.servlet.JspServlet@http-nio-8081-exec-8] JspEngine --> /WEB-INF/views/master/page.jsp 
2022-04-04 15:22:14.547 DEBUG [org.apache.jasper.servlet.JspServlet@http-nio-8081-exec-8] ServletPath: /WEB-INF/views/master/page.jsp 
2022-04-04 15:22:14.547 DEBUG [org.apache.jasper.servlet.JspServlet@http-nio-8081-exec-8] PathInfo: null 
2022-04-04 15:22:14.550 DEBUG [org.apache.jasper.servlet.JspServlet@http-nio-8081-exec-8] RealPath: C:\Users\usuario\Desktop\Workspace-22.0\Projects\Acme-Toolkits\target\classes\WEB-INF\views\master\page.jsp 
2022-04-04 15:22:14.550 DEBUG [org.apache.jasper.servlet.JspServlet@http-nio-8081-exec-8] RequestURI: /acme-toolkits-22.1/WEB-INF/views/master/page.jsp 
2022-04-04 15:22:14.550 DEBUG [org.apache.jasper.servlet.JspServlet@http-nio-8081-exec-8] QueryString: null 
2022-04-04 15:22:14.709 DEBUG [org.apache.jasper.servlet.JspServlet@http-nio-8081-exec-8] JspEngine --> /WEB-INF/views/master/sign-in.jsp 
2022-04-04 15:22:14.709 DEBUG [org.apache.jasper.servlet.JspServlet@http-nio-8081-exec-8] ServletPath: /WEB-INF/views/master/page.jsp 
2022-04-04 15:22:14.710 DEBUG [org.apache.jasper.servlet.JspServlet@http-nio-8081-exec-8] PathInfo: null 
2022-04-04 15:22:14.711 DEBUG [org.apache.jasper.servlet.JspServlet@http-nio-8081-exec-8] RealPath: C:\Users\usuario\Desktop\Workspace-22.0\Projects\Acme-Toolkits\target\classes\WEB-INF\views\master\sign-in.jsp 
2022-04-04 15:22:14.711 DEBUG [org.apache.jasper.servlet.JspServlet@http-nio-8081-exec-8] RequestURI: /acme-toolkits-22.1/WEB-INF/views/master/page.jsp 
2022-04-04 15:22:14.712 DEBUG [org.apache.jasper.servlet.JspServlet@http-nio-8081-exec-8] QueryString: null 
2022-04-04 15:22:16.608 DEBUG [org.hibernate.SQL@http-nio-8081-exec-8] select useraccoun0_.id as id1_0_, useraccoun0_.version as version2_0_, useraccoun0_.enabled as enabled1_17_, useraccoun0_.identity as identity2_17_, useraccoun0_.password as password3_17_, useraccoun0_.username as username4_17_ from user_account useraccoun0_ where useraccoun0_.username=? 
2022-04-04 15:22:16.609 TRACE [org.hibernate.type.descriptor.sql.BasicBinder@http-nio-8081-exec-8] binding parameter [1] as [VARCHAR] - [anonymous] 
2022-04-04 15:22:16.610 DEBUG [org.hibernate.SQL@http-nio-8081-exec-8] select roles0_.user_account_id as user_acc1_18_0_, roles0_.id as id1_18_0_, roles0_.id as id1_0_1_, roles0_.version as version2_0_1_, roles0_.user_account_id as user_acc1_18_1_, roles0_.company as company1_7_1_, roles0_.sector as sector2_7_1_, roles0_.company as company1_8_1_, roles0_.info as info2_8_1_, roles0_.statement as statemen3_8_1_, roles0_.company as company1_10_1_, roles0_.info as info2_10_1_, roles0_.statement as statemen3_10_1_, roles0_.company as company1_13_1_, roles0_.sector as sector2_13_1_, roles0_.clazz_ as clazz_1_ from ( select id, version, user_account_id, company, sector, null as info, null as statement, 10 as clazz_ from consumer union all select id, version, user_account_id, company, null as sector, info, statement, 11 as clazz_ from inventor union all select id, version, user_account_id, company, null as sector, info, statement, 12 as clazz_ from patron union all select id, version, user_account_id, company, sector, null as info, null as statement, 13 as clazz_ from provider union all select id, version, user_account_id, null as company, null as sector, null as info, null as statement, 15 as clazz_ from administrator union all select id, version, user_account_id, null as company, null as sector, null as info, null as statement, 16 as clazz_ from anonymous union all select id, version, user_account_id, null as company, null as sector, null as info, null as statement, 17 as clazz_ from any union all select id, version, user_account_id, null as company, null as sector, null as info, null as statement, 18 as clazz_ from authenticated ) roles0_ where roles0_.user_account_id=? 
2022-04-04 15:22:16.611 TRACE [org.hibernate.type.descriptor.sql.BasicBinder@http-nio-8081-exec-8] binding parameter [1] as [INTEGER] - [1] 
2022-04-04 15:22:19.855 DEBUG [org.hibernate.SQL@http-nio-8081-exec-10] select useraccoun0_.id as id1_0_, useraccoun0_.version as version2_0_, useraccoun0_.enabled as enabled1_17_, useraccoun0_.identity as identity2_17_, useraccoun0_.password as password3_17_, useraccoun0_.username as username4_17_ from user_account useraccoun0_ where useraccoun0_.username=? 
2022-04-04 15:22:19.856 TRACE [org.hibernate.type.descriptor.sql.BasicBinder@http-nio-8081-exec-10] binding parameter [1] as [VARCHAR] - [administrator] 
2022-04-04 15:22:19.859 DEBUG [org.hibernate.SQL@http-nio-8081-exec-10] select roles0_.user_account_id as user_acc1_18_0_, roles0_.id as id1_18_0_, roles0_.id as id1_0_1_, roles0_.version as version2_0_1_, roles0_.user_account_id as user_acc1_18_1_, roles0_.company as company1_7_1_, roles0_.sector as sector2_7_1_, roles0_.company as company1_8_1_, roles0_.info as info2_8_1_, roles0_.statement as statemen3_8_1_, roles0_.company as company1_10_1_, roles0_.info as info2_10_1_, roles0_.statement as statemen3_10_1_, roles0_.company as company1_13_1_, roles0_.sector as sector2_13_1_, roles0_.clazz_ as clazz_1_ from ( select id, version, user_account_id, company, sector, null as info, null as statement, 10 as clazz_ from consumer union all select id, version, user_account_id, company, null as sector, info, statement, 11 as clazz_ from inventor union all select id, version, user_account_id, company, null as sector, info, statement, 12 as clazz_ from patron union all select id, version, user_account_id, company, sector, null as info, null as statement, 13 as clazz_ from provider union all select id, version, user_account_id, null as company, null as sector, null as info, null as statement, 15 as clazz_ from administrator union all select id, version, user_account_id, null as company, null as sector, null as info, null as statement, 16 as clazz_ from anonymous union all select id, version, user_account_id, null as company, null as sector, null as info, null as statement, 17 as clazz_ from any union all select id, version, user_account_id, null as company, null as sector, null as info, null as statement, 18 as clazz_ from authenticated ) roles0_ where roles0_.user_account_id=? 
2022-04-04 15:22:19.860 TRACE [org.hibernate.type.descriptor.sql.BasicBinder@http-nio-8081-exec-10] binding parameter [1] as [INTEGER] - [5] 
2022-04-04 15:22:19.887 DEBUG [acme.framework.components.tiles.DynamicTilesView@http-nio-8081-exec-2] View name 'fragments/welcome', model {} 
2022-04-04 15:22:19.888 DEBUG [org.apache.jasper.servlet.JspServlet@http-nio-8081-exec-2] JspEngine --> /WEB-INF/views/master/page.jsp 
2022-04-04 15:22:19.888 DEBUG [org.apache.jasper.servlet.JspServlet@http-nio-8081-exec-2] ServletPath: /WEB-INF/views/master/page.jsp 
2022-04-04 15:22:19.889 DEBUG [org.apache.jasper.servlet.JspServlet@http-nio-8081-exec-2] PathInfo: null 
2022-04-04 15:22:19.890 DEBUG [org.apache.jasper.servlet.JspServlet@http-nio-8081-exec-2] RealPath: C:\Users\usuario\Desktop\Workspace-22.0\Projects\Acme-Toolkits\target\classes\WEB-INF\views\master\page.jsp 
2022-04-04 15:22:19.890 DEBUG [org.apache.jasper.servlet.JspServlet@http-nio-8081-exec-2] RequestURI: /acme-toolkits-22.1/WEB-INF/views/master/page.jsp 
2022-04-04 15:22:19.891 DEBUG [org.apache.jasper.servlet.JspServlet@http-nio-8081-exec-2] QueryString: null 
2022-04-04 15:22:20.088 DEBUG [org.apache.jasper.servlet.JspServlet@http-nio-8081-exec-2] JspEngine --> /WEB-INF/views/fragments/welcome.jsp 
2022-04-04 15:22:20.088 DEBUG [org.apache.jasper.servlet.JspServlet@http-nio-8081-exec-2] ServletPath: /WEB-INF/views/master/page.jsp 
2022-04-04 15:22:20.089 DEBUG [org.apache.jasper.servlet.JspServlet@http-nio-8081-exec-2] PathInfo: null 
2022-04-04 15:22:20.091 DEBUG [org.apache.jasper.servlet.JspServlet@http-nio-8081-exec-2] RealPath: C:\Users\usuario\Desktop\Workspace-22.0\Projects\Acme-Toolkits\target\classes\WEB-INF\views\fragments\welcome.jsp 
2022-04-04 15:22:20.092 DEBUG [org.apache.jasper.servlet.JspServlet@http-nio-8081-exec-2] RequestURI: /acme-toolkits-22.1/WEB-INF/views/master/page.jsp 
2022-04-04 15:22:20.092 DEBUG [org.apache.jasper.servlet.JspServlet@http-nio-8081-exec-2] QueryString: null 
2022-04-04 15:22:25.388 DEBUG [acme.framework.controllers.AbstractController@http-nio-8081-exec-6] DISPATCHING GET /acme-toolkits-22.1/any/item/list-all-tools 
2022-04-04 15:22:25.388 DEBUG [acme.framework.controllers.AbstractController@http-nio-8081-exec-6] Command: list-all-tools 
2022-04-04 15:22:25.389 DEBUG [acme.framework.controllers.AbstractController@http-nio-8081-exec-6] Model:   {} 
2022-04-04 15:22:25.389 DEBUG [acme.framework.controllers.AbstractController@http-nio-8081-exec-6] Locale:  en 
2022-04-04 15:22:25.390 DEBUG [org.hibernate.SQL@http-nio-8081-exec-6] select item0_.id as id1_0_, item0_.version as version2_0_, item0_.code as code1_9_, item0_.description as descript2_9_, item0_.inventor_id as inventor9_9_, item0_.link as link3_9_, item0_.name as name4_9_, item0_.retail_price_amount as retail_p5_9_, item0_.retail_price_currency as retail_p6_9_, item0_.technology as technolo7_9_, item0_.type as type8_9_ from item item0_ where item0_.type='TOOL' 
2022-04-04 15:22:25.391 DEBUG [org.hibernate.SQL@http-nio-8081-exec-6] select inventor0_.id as id1_0_0_, inventor0_.version as version2_0_0_, inventor0_.user_account_id as user_acc1_18_0_, inventor0_.company as company1_8_0_, inventor0_.info as info2_8_0_, inventor0_.statement as statemen3_8_0_, useraccoun1_.id as id1_0_1_, useraccoun1_.version as version2_0_1_, useraccoun1_.enabled as enabled1_17_1_, useraccoun1_.identity as identity2_17_1_, useraccoun1_.password as password3_17_1_, useraccoun1_.username as username4_17_1_ from inventor inventor0_ inner join user_account useraccoun1_ on inventor0_.user_account_id=useraccoun1_.id where inventor0_.id=? 
2022-04-04 15:22:25.392 TRACE [org.hibernate.type.descriptor.sql.BasicBinder@http-nio-8081-exec-6] binding parameter [1] as [INTEGER] - [11] 
2022-04-04 15:22:25.394 DEBUG [org.hibernate.SQL@http-nio-8081-exec-6] select inventor0_.id as id1_0_0_, inventor0_.version as version2_0_0_, inventor0_.user_account_id as user_acc1_18_0_, inventor0_.company as company1_8_0_, inventor0_.info as info2_8_0_, inventor0_.statement as statemen3_8_0_, useraccoun1_.id as id1_0_1_, useraccoun1_.version as version2_0_1_, useraccoun1_.enabled as enabled1_17_1_, useraccoun1_.identity as identity2_17_1_, useraccoun1_.password as password3_17_1_, useraccoun1_.username as username4_17_1_ from inventor inventor0_ inner join user_account useraccoun1_ on inventor0_.user_account_id=useraccoun1_.id where inventor0_.id=? 
2022-04-04 15:22:25.395 TRACE [org.hibernate.type.descriptor.sql.BasicBinder@http-nio-8081-exec-6] binding parameter [1] as [INTEGER] - [12] 
2022-04-04 15:22:25.399 DEBUG [acme.framework.controllers.AbstractController@http-nio-8081-exec-6] SERVING GET /acme-toolkits-22.1/any/item/list-all-tools 
2022-04-04 15:22:25.400 DEBUG [acme.framework.controllers.AbstractController@http-nio-8081-exec-6] Result: ModelAndView [view="any/item/list"; model={version[1]=0, code[0]=ABC-123, type[0]=TOOL, version[0]=0, code[1]=ABC-123-A, id[1]=22, id[0]=20, type[1]=TOOL, list$size=2, name[1]=Tool 02, name[0]=Tool 01, command=list-all-tools, principal=acme.framework.entities.Principal@4d464b3c}] 
2022-04-04 15:22:25.401 DEBUG [acme.framework.components.tiles.DynamicTilesView@http-nio-8081-exec-6] View name 'any/item/list', model {version[1]=0, code[0]=ABC-123, type[0]=TOOL, version[0]=0, code[1]=ABC-123-A, id[1]=22, id[0]=20, type[1]=TOOL, list$size=2, name[1]=Tool 02, name[0]=Tool 01, command=list-all-tools, principal=acme.framework.entities.Principal@4d464b3c, org.springframework.validation.BindingResult.principal=org.springframework.validation.BeanPropertyBindingResult: 0 errors} 
2022-04-04 15:22:25.403 DEBUG [org.apache.jasper.servlet.JspServlet@http-nio-8081-exec-6] JspEngine --> /WEB-INF/views/master/page.jsp 
2022-04-04 15:22:25.403 DEBUG [org.apache.jasper.servlet.JspServlet@http-nio-8081-exec-6] ServletPath: /WEB-INF/views/master/page.jsp 
2022-04-04 15:22:25.404 DEBUG [org.apache.jasper.servlet.JspServlet@http-nio-8081-exec-6] PathInfo: null 
2022-04-04 15:22:25.404 DEBUG [org.apache.jasper.servlet.JspServlet@http-nio-8081-exec-6] RealPath: C:\Users\usuario\Desktop\Workspace-22.0\Projects\Acme-Toolkits\target\classes\WEB-INF\views\master\page.jsp 
2022-04-04 15:22:25.405 DEBUG [org.apache.jasper.servlet.JspServlet@http-nio-8081-exec-6] RequestURI: /acme-toolkits-22.1/WEB-INF/views/master/page.jsp 
2022-04-04 15:22:25.405 DEBUG [org.apache.jasper.servlet.JspServlet@http-nio-8081-exec-6] QueryString: null 
2022-04-04 15:22:25.583 DEBUG [org.apache.jasper.servlet.JspServlet@http-nio-8081-exec-6] JspEngine --> /WEB-INF/views/any/item/list.jsp 
2022-04-04 15:22:25.584 DEBUG [org.apache.jasper.servlet.JspServlet@http-nio-8081-exec-6] ServletPath: /WEB-INF/views/master/page.jsp 
2022-04-04 15:22:25.584 DEBUG [org.apache.jasper.servlet.JspServlet@http-nio-8081-exec-6] PathInfo: null 
2022-04-04 15:22:25.586 DEBUG [org.apache.jasper.servlet.JspServlet@http-nio-8081-exec-6] RealPath: C:\Users\usuario\Desktop\Workspace-22.0\Projects\Acme-Toolkits\target\classes\WEB-INF\views\any\item\list.jsp 
2022-04-04 15:22:25.587 DEBUG [org.apache.jasper.servlet.JspServlet@http-nio-8081-exec-6] RequestURI: /acme-toolkits-22.1/WEB-INF/views/master/page.jsp 
2022-04-04 15:22:25.587 DEBUG [org.apache.jasper.servlet.JspServlet@http-nio-8081-exec-6] QueryString: null 
2022-04-04 15:22:30.149 DEBUG [acme.framework.controllers.AbstractController@http-nio-8081-exec-4] DISPATCHING GET /acme-toolkits-22.1/any/item/show 
2022-04-04 15:22:30.149 DEBUG [acme.framework.controllers.AbstractController@http-nio-8081-exec-4] Command: show 
2022-04-04 15:22:30.149 DEBUG [acme.framework.controllers.AbstractController@http-nio-8081-exec-4] Model:   {id=20} 
2022-04-04 15:22:30.149 DEBUG [acme.framework.controllers.AbstractController@http-nio-8081-exec-4] Locale:  en 
2022-04-04 15:22:30.155 DEBUG [org.hibernate.SQL@http-nio-8081-exec-4] select item0_.id as id1_0_, item0_.version as version2_0_, item0_.code as code1_9_, item0_.description as descript2_9_, item0_.inventor_id as inventor9_9_, item0_.link as link3_9_, item0_.name as name4_9_, item0_.retail_price_amount as retail_p5_9_, item0_.retail_price_currency as retail_p6_9_, item0_.technology as technolo7_9_, item0_.type as type8_9_ from item item0_ where item0_.id=? 
2022-04-04 15:22:30.156 TRACE [org.hibernate.type.descriptor.sql.BasicBinder@http-nio-8081-exec-4] binding parameter [1] as [INTEGER] - [20] 
2022-04-04 15:22:30.157 DEBUG [org.hibernate.SQL@http-nio-8081-exec-4] select inventor0_.id as id1_0_0_, inventor0_.version as version2_0_0_, inventor0_.user_account_id as user_acc1_18_0_, inventor0_.company as company1_8_0_, inventor0_.info as info2_8_0_, inventor0_.statement as statemen3_8_0_, useraccoun1_.id as id1_0_1_, useraccoun1_.version as version2_0_1_, useraccoun1_.enabled as enabled1_17_1_, useraccoun1_.identity as identity2_17_1_, useraccoun1_.password as password3_17_1_, useraccoun1_.username as username4_17_1_ from inventor inventor0_ inner join user_account useraccoun1_ on inventor0_.user_account_id=useraccoun1_.id where inventor0_.id=? 
2022-04-04 15:22:30.157 TRACE [org.hibernate.type.descriptor.sql.BasicBinder@http-nio-8081-exec-4] binding parameter [1] as [INTEGER] - [11] 
2022-04-04 15:22:30.167 DEBUG [acme.framework.controllers.AbstractController@http-nio-8081-exec-4] SERVING GET /acme-toolkits-22.1/any/item/show 
2022-04-04 15:22:30.169 DEBUG [acme.framework.controllers.AbstractController@http-nio-8081-exec-4] Result: ModelAndView [view="any/item/form"; model={code=ABC-123, readonly=true, name=Tool 01, link=null, description=Description of tool 1, technology=Technology 1, id=20, confirmation=false, type=TOOL, retailPrice=<<EUR 20.00>>, version=0, command=show, principal=acme.framework.entities.Principal@4d464b3c}] 
2022-04-04 15:22:30.170 DEBUG [acme.framework.components.tiles.DynamicTilesView@http-nio-8081-exec-4] View name 'any/item/form', model {code=ABC-123, readonly=true, name=Tool 01, link=null, description=Description of tool 1, technology=Technology 1, id=20, confirmation=false, type=TOOL, retailPrice=<<EUR 20.00>>, version=0, command=show, principal=acme.framework.entities.Principal@4d464b3c, org.springframework.validation.BindingResult.retailPrice=org.springframework.validation.BeanPropertyBindingResult: 0 errors, org.springframework.validation.BindingResult.principal=org.springframework.validation.BeanPropertyBindingResult: 0 errors} 
2022-04-04 15:22:30.171 DEBUG [org.apache.jasper.servlet.JspServlet@http-nio-8081-exec-4] JspEngine --> /WEB-INF/views/master/page.jsp 
2022-04-04 15:22:30.172 DEBUG [org.apache.jasper.servlet.JspServlet@http-nio-8081-exec-4] ServletPath: /WEB-INF/views/master/page.jsp 
2022-04-04 15:22:30.172 DEBUG [org.apache.jasper.servlet.JspServlet@http-nio-8081-exec-4] PathInfo: null 
2022-04-04 15:22:30.173 DEBUG [org.apache.jasper.servlet.JspServlet@http-nio-8081-exec-4] RealPath: C:\Users\usuario\Desktop\Workspace-22.0\Projects\Acme-Toolkits\target\classes\WEB-INF\views\master\page.jsp 
2022-04-04 15:22:30.173 DEBUG [org.apache.jasper.servlet.JspServlet@http-nio-8081-exec-4] RequestURI: /acme-toolkits-22.1/WEB-INF/views/master/page.jsp 
2022-04-04 15:22:30.174 DEBUG [org.apache.jasper.servlet.JspServlet@http-nio-8081-exec-4] QueryString: id=20 
2022-04-04 15:22:30.384 DEBUG [org.apache.jasper.servlet.JspServlet@http-nio-8081-exec-4] JspEngine --> /WEB-INF/views/any/item/form.jsp 
2022-04-04 15:22:30.385 DEBUG [org.apache.jasper.servlet.JspServlet@http-nio-8081-exec-4] ServletPath: /WEB-INF/views/master/page.jsp 
2022-04-04 15:22:30.385 DEBUG [org.apache.jasper.servlet.JspServlet@http-nio-8081-exec-4] PathInfo: null 
2022-04-04 15:22:30.387 DEBUG [org.apache.jasper.servlet.JspServlet@http-nio-8081-exec-4] RealPath: C:\Users\usuario\Desktop\Workspace-22.0\Projects\Acme-Toolkits\target\classes\WEB-INF\views\any\item\form.jsp 
2022-04-04 15:22:30.387 DEBUG [org.apache.jasper.servlet.JspServlet@http-nio-8081-exec-4] RequestURI: /acme-toolkits-22.1/WEB-INF/views/master/page.jsp 
2022-04-04 15:22:30.388 DEBUG [org.apache.jasper.servlet.JspServlet@http-nio-8081-exec-4] QueryString: id=20 
2022-04-04 15:22:31.249 DEBUG [acme.framework.controllers.AbstractController@http-nio-8081-exec-3] DISPATCHING GET /acme-toolkits-22.1/any/item/show 
2022-04-04 15:22:31.250 DEBUG [acme.framework.controllers.AbstractController@http-nio-8081-exec-3] Command: show 
2022-04-04 15:22:31.250 DEBUG [acme.framework.controllers.AbstractController@http-nio-8081-exec-3] Model:   {id=20} 
2022-04-04 15:22:31.250 DEBUG [acme.framework.controllers.AbstractController@http-nio-8081-exec-3] Locale:  en 
2022-04-04 15:22:31.252 DEBUG [org.hibernate.SQL@http-nio-8081-exec-3] select item0_.id as id1_0_, item0_.version as version2_0_, item0_.code as code1_9_, item0_.description as descript2_9_, item0_.inventor_id as inventor9_9_, item0_.link as link3_9_, item0_.name as name4_9_, item0_.retail_price_amount as retail_p5_9_, item0_.retail_price_currency as retail_p6_9_, item0_.technology as technolo7_9_, item0_.type as type8_9_ from item item0_ where item0_.id=? 
2022-04-04 15:22:31.252 TRACE [org.hibernate.type.descriptor.sql.BasicBinder@http-nio-8081-exec-3] binding parameter [1] as [INTEGER] - [20] 
2022-04-04 15:22:31.254 DEBUG [org.hibernate.SQL@http-nio-8081-exec-3] select inventor0_.id as id1_0_0_, inventor0_.version as version2_0_0_, inventor0_.user_account_id as user_acc1_18_0_, inventor0_.company as company1_8_0_, inventor0_.info as info2_8_0_, inventor0_.statement as statemen3_8_0_, useraccoun1_.id as id1_0_1_, useraccoun1_.version as version2_0_1_, useraccoun1_.enabled as enabled1_17_1_, useraccoun1_.identity as identity2_17_1_, useraccoun1_.password as password3_17_1_, useraccoun1_.username as username4_17_1_ from inventor inventor0_ inner join user_account useraccoun1_ on inventor0_.user_account_id=useraccoun1_.id where inventor0_.id=? 
2022-04-04 15:22:31.255 TRACE [org.hibernate.type.descriptor.sql.BasicBinder@http-nio-8081-exec-3] binding parameter [1] as [INTEGER] - [11] 
2022-04-04 15:22:31.260 DEBUG [acme.framework.controllers.AbstractController@http-nio-8081-exec-3] SERVING GET /acme-toolkits-22.1/any/item/show 
2022-04-04 15:22:31.261 DEBUG [acme.framework.controllers.AbstractController@http-nio-8081-exec-3] Result: ModelAndView [view="any/item/form"; model={code=ABC-123, readonly=true, name=Tool 01, link=null, description=Description of tool 1, technology=Technology 1, id=20, confirmation=false, type=TOOL, retailPrice=<<EUR 20.00>>, version=0, command=show, principal=acme.framework.entities.Principal@4d464b3c}] 
2022-04-04 15:22:31.261 DEBUG [acme.framework.components.tiles.DynamicTilesView@http-nio-8081-exec-3] View name 'any/item/form', model {code=ABC-123, readonly=true, name=Tool 01, link=null, description=Description of tool 1, technology=Technology 1, id=20, confirmation=false, type=TOOL, retailPrice=<<EUR 20.00>>, version=0, command=show, principal=acme.framework.entities.Principal@4d464b3c, org.springframework.validation.BindingResult.retailPrice=org.springframework.validation.BeanPropertyBindingResult: 0 errors, org.springframework.validation.BindingResult.principal=org.springframework.validation.BeanPropertyBindingResult: 0 errors} 
2022-04-04 15:22:31.263 DEBUG [org.apache.jasper.servlet.JspServlet@http-nio-8081-exec-3] JspEngine --> /WEB-INF/views/master/page.jsp 
2022-04-04 15:22:31.263 DEBUG [org.apache.jasper.servlet.JspServlet@http-nio-8081-exec-3] ServletPath: /WEB-INF/views/master/page.jsp 
2022-04-04 15:22:31.264 DEBUG [org.apache.jasper.servlet.JspServlet@http-nio-8081-exec-3] PathInfo: null 
2022-04-04 15:22:31.266 DEBUG [org.apache.jasper.servlet.JspServlet@http-nio-8081-exec-3] RealPath: C:\Users\usuario\Desktop\Workspace-22.0\Projects\Acme-Toolkits\target\classes\WEB-INF\views\master\page.jsp 
2022-04-04 15:22:31.267 DEBUG [org.apache.jasper.servlet.JspServlet@http-nio-8081-exec-3] RequestURI: /acme-toolkits-22.1/WEB-INF/views/master/page.jsp 
2022-04-04 15:22:31.268 DEBUG [org.apache.jasper.servlet.JspServlet@http-nio-8081-exec-3] QueryString: id=20 
2022-04-04 15:22:31.634 DEBUG [org.apache.jasper.servlet.JspServlet@http-nio-8081-exec-3] JspEngine --> /WEB-INF/views/any/item/form.jsp 
2022-04-04 15:22:31.634 DEBUG [org.apache.jasper.servlet.JspServlet@http-nio-8081-exec-3] ServletPath: /WEB-INF/views/master/page.jsp 
2022-04-04 15:22:31.634 DEBUG [org.apache.jasper.servlet.JspServlet@http-nio-8081-exec-3] PathInfo: null 
2022-04-04 15:22:31.635 DEBUG [org.apache.jasper.servlet.JspServlet@http-nio-8081-exec-3] RealPath: C:\Users\usuario\Desktop\Workspace-22.0\Projects\Acme-Toolkits\target\classes\WEB-INF\views\any\item\form.jsp 
2022-04-04 15:22:31.636 DEBUG [org.apache.jasper.servlet.JspServlet@http-nio-8081-exec-3] RequestURI: /acme-toolkits-22.1/WEB-INF/views/master/page.jsp 
2022-04-04 15:22:31.636 DEBUG [org.apache.jasper.servlet.JspServlet@http-nio-8081-exec-3] QueryString: id=20 
