2022-04-04 16:45:51.842 INFO  [acme.Launcher@main] Starting Launcher using Java 1.8.0_281 on DESKTOP-N8OS56S with PID 14480 (C:\Users\usuario\Desktop\Workspace-22.0\Frameworks\Acme-Framework-22.3\target\classes started by usuario in C:\Users\usuario\Desktop\Workspace-22.0\Projects\Acme-Toolkits) 
2022-04-04 16:45:51.844 DEBUG [acme.Launcher@main] Running with Spring Boot v2.4.2, Spring v5.3.3 
2022-04-04 16:45:51.846 INFO  [acme.Launcher@main] The following profiles are active: development,default 
2022-04-04 16:45:57.704 DEBUG [org.apache.jasper.servlet.JasperInitializer@main] Initializing Jasper for context [application] 
2022-04-04 16:46:04.798 DEBUG [org.apache.jasper.servlet.JspServlet@main] Scratch dir for the JSP engine is: [C:\Users\usuario\AppData\Local\Temp\tomcat.8081.8491251862280840179\work\Tomcat\localhost\acme-toolkits-22.1] 
2022-04-04 16:46:04.799 DEBUG [org.apache.jasper.servlet.JspServlet@main] IMPORTANT: Do not modify the generated servlets 
2022-04-04 16:46:04.816 INFO  [acme.Launcher@main] Started Launcher in 14.057 seconds (JVM running for 14.988) 
2022-04-04 16:46:04.822 DEBUG [acme.Launcher@main] Found classpath entry '/C:/Users/usuario/Desktop/Workspace-22.0/Projects/Acme-Toolkits/target/classes/' 
2022-04-04 16:46:04.823 DEBUG [acme.Launcher@main] Found classpath entry '/C:/Users/usuario/Desktop/Workspace-22.0/Projects/Acme-Toolkits/target/test-classes/' 
2022-04-04 16:46:04.823 DEBUG [acme.Launcher@main] Found classpath entry '/C:/Users/usuario/.m2/repository/org/springframework/boot/spring-boot-starter-tomcat/2.4.2/spring-boot-starter-tomcat-2.4.2.jar' 
2022-04-04 16:46:04.823 DEBUG [acme.Launcher@main] Found classpath entry '/C:/Users/usuario/.m2/repository/jakarta/annotation/jakarta.annotation-api/1.3.5/jakarta.annotation-api-1.3.5.jar' 
2022-04-04 16:46:04.823 DEBUG [acme.Launcher@main] Found classpath entry '/C:/Users/usuario/.m2/repository/org/apache/tomcat/embed/tomcat-embed-core/9.0.41/tomcat-embed-core-9.0.41.jar' 
2022-04-04 16:46:04.824 DEBUG [acme.Launcher@main] Found classpath entry '/C:/Users/usuario/.m2/repository/org/glassfish/jakarta.el/3.0.3/jakarta.el-3.0.3.jar' 
2022-04-04 16:46:04.824 DEBUG [acme.Launcher@main] Found classpath entry '/C:/Users/usuario/.m2/repository/org/apache/tomcat/embed/tomcat-embed-websocket/9.0.41/tomcat-embed-websocket-9.0.41.jar' 
2022-04-04 16:46:04.824 DEBUG [acme.Launcher@main] Found classpath entry '/C:/Users/usuario/.m2/repository/org/apache/tomcat/embed/tomcat-embed-jasper/9.0.41/tomcat-embed-jasper-9.0.41.jar' 
2022-04-04 16:46:04.824 DEBUG [acme.Launcher@main] Found classpath entry '/C:/Users/usuario/.m2/repository/org/apache/tomcat/embed/tomcat-embed-el/9.0.41/tomcat-embed-el-9.0.41.jar' 
2022-04-04 16:46:04.825 DEBUG [acme.Launcher@main] Found classpath entry '/C:/Users/usuario/.m2/repository/org/eclipse/jdt/ecj/3.18.0/ecj-3.18.0.jar' 
2022-04-04 16:46:04.825 DEBUG [acme.Launcher@main] Found classpath entry '/C:/Users/usuario/.m2/repository/javax/servlet/jstl/1.2/jstl-1.2.jar' 
2022-04-04 16:46:04.825 DEBUG [acme.Launcher@main] Found classpath entry '/C:/Users/usuario/.m2/repository/org/springframework/boot/spring-boot-starter-test/2.4.2/spring-boot-starter-test-2.4.2.jar' 
2022-04-04 16:46:04.825 DEBUG [acme.Launcher@main] Found classpath entry '/C:/Users/usuario/.m2/repository/org/springframework/boot/spring-boot-starter/2.4.2/spring-boot-starter-2.4.2.jar' 
2022-04-04 16:46:04.826 DEBUG [acme.Launcher@main] Found classpath entry '/C:/Users/usuario/.m2/repository/org/springframework/boot/spring-boot/2.4.2/spring-boot-2.4.2.jar' 
2022-04-04 16:46:04.826 DEBUG [acme.Launcher@main] Found classpath entry '/C:/Users/usuario/.m2/repository/org/springframework/boot/spring-boot-autoconfigure/2.4.2/spring-boot-autoconfigure-2.4.2.jar' 
2022-04-04 16:46:04.827 DEBUG [acme.Launcher@main] Found classpath entry '/C:/Users/usuario/.m2/repository/org/springframework/boot/spring-boot-starter-logging/2.4.2/spring-boot-starter-logging-2.4.2.jar' 
2022-04-04 16:46:04.827 DEBUG [acme.Launcher@main] Found classpath entry '/C:/Users/usuario/.m2/repository/ch/qos/logback/logback-classic/1.2.3/logback-classic-1.2.3.jar' 
2022-04-04 16:46:04.827 DEBUG [acme.Launcher@main] Found classpath entry '/C:/Users/usuario/.m2/repository/ch/qos/logback/logback-core/1.2.3/logback-core-1.2.3.jar' 
2022-04-04 16:46:04.828 DEBUG [acme.Launcher@main] Found classpath entry '/C:/Users/usuario/.m2/repository/org/apache/logging/log4j/log4j-to-slf4j/2.13.3/log4j-to-slf4j-2.13.3.jar' 
2022-04-04 16:46:04.828 DEBUG [acme.Launcher@main] Found classpath entry '/C:/Users/usuario/.m2/repository/org/apache/logging/log4j/log4j-api/2.13.3/log4j-api-2.13.3.jar' 
2022-04-04 16:46:04.828 DEBUG [acme.Launcher@main] Found classpath entry '/C:/Users/usuario/.m2/repository/org/slf4j/jul-to-slf4j/1.7.30/jul-to-slf4j-1.7.30.jar' 
2022-04-04 16:46:04.829 DEBUG [acme.Launcher@main] Found classpath entry '/C:/Users/usuario/.m2/repository/org/yaml/snakeyaml/1.27/snakeyaml-1.27.jar' 
2022-04-04 16:46:04.830 DEBUG [acme.Launcher@main] Found classpath entry '/C:/Users/usuario/.m2/repository/org/springframework/boot/spring-boot-test/2.4.2/spring-boot-test-2.4.2.jar' 
2022-04-04 16:46:04.830 DEBUG [acme.Launcher@main] Found classpath entry '/C:/Users/usuario/.m2/repository/org/springframework/boot/spring-boot-test-autoconfigure/2.4.2/spring-boot-test-autoconfigure-2.4.2.jar' 
2022-04-04 16:46:04.830 DEBUG [acme.Launcher@main] Found classpath entry '/C:/Users/usuario/.m2/repository/com/jayway/jsonpath/json-path/2.4.0/json-path-2.4.0.jar' 
2022-04-04 16:46:04.830 DEBUG [acme.Launcher@main] Found classpath entry '/C:/Users/usuario/.m2/repository/net/minidev/json-smart/2.3/json-smart-2.3.jar' 
2022-04-04 16:46:04.831 DEBUG [acme.Launcher@main] Found classpath entry '/C:/Users/usuario/.m2/repository/net/minidev/accessors-smart/1.2/accessors-smart-1.2.jar' 
2022-04-04 16:46:04.831 DEBUG [acme.Launcher@main] Found classpath entry '/C:/Users/usuario/.m2/repository/org/ow2/asm/asm/5.0.4/asm-5.0.4.jar' 
2022-04-04 16:46:04.831 DEBUG [acme.Launcher@main] Found classpath entry '/C:/Users/usuario/.m2/repository/jakarta/xml/bind/jakarta.xml.bind-api/2.3.3/jakarta.xml.bind-api-2.3.3.jar' 
2022-04-04 16:46:04.831 DEBUG [acme.Launcher@main] Found classpath entry '/C:/Users/usuario/.m2/repository/jakarta/activation/jakarta.activation-api/1.2.2/jakarta.activation-api-1.2.2.jar' 
2022-04-04 16:46:04.832 DEBUG [acme.Launcher@main] Found classpath entry '/C:/Users/usuario/.m2/repository/org/assertj/assertj-core/3.18.1/assertj-core-3.18.1.jar' 
2022-04-04 16:46:04.832 DEBUG [acme.Launcher@main] Found classpath entry '/C:/Users/usuario/.m2/repository/org/hamcrest/hamcrest/2.2/hamcrest-2.2.jar' 
2022-04-04 16:46:04.832 DEBUG [acme.Launcher@main] Found classpath entry '/C:/Users/usuario/.m2/repository/org/junit/jupiter/junit-jupiter/5.7.0/junit-jupiter-5.7.0.jar' 
2022-04-04 16:46:04.832 DEBUG [acme.Launcher@main] Found classpath entry '/C:/Users/usuario/.m2/repository/org/mockito/mockito-core/3.6.28/mockito-core-3.6.28.jar' 
2022-04-04 16:46:04.833 DEBUG [acme.Launcher@main] Found classpath entry '/C:/Users/usuario/.m2/repository/net/bytebuddy/byte-buddy-agent/1.10.19/byte-buddy-agent-1.10.19.jar' 
2022-04-04 16:46:04.833 DEBUG [acme.Launcher@main] Found classpath entry '/C:/Users/usuario/.m2/repository/org/objenesis/objenesis/3.1/objenesis-3.1.jar' 
2022-04-04 16:46:04.833 DEBUG [acme.Launcher@main] Found classpath entry '/C:/Users/usuario/.m2/repository/org/mockito/mockito-junit-jupiter/3.6.28/mockito-junit-jupiter-3.6.28.jar' 
2022-04-04 16:46:04.833 DEBUG [acme.Launcher@main] Found classpath entry '/C:/Users/usuario/.m2/repository/org/skyscreamer/jsonassert/1.5.0/jsonassert-1.5.0.jar' 
2022-04-04 16:46:04.833 DEBUG [acme.Launcher@main] Found classpath entry '/C:/Users/usuario/.m2/repository/com/vaadin/external/google/android-json/0.0.20131108.vaadin1/android-json-0.0.20131108.vaadin1.jar' 
2022-04-04 16:46:04.834 DEBUG [acme.Launcher@main] Found classpath entry '/C:/Users/usuario/.m2/repository/org/springframework/spring-core/5.3.3/spring-core-5.3.3.jar' 
2022-04-04 16:46:04.834 DEBUG [acme.Launcher@main] Found classpath entry '/C:/Users/usuario/.m2/repository/org/springframework/spring-jcl/5.3.3/spring-jcl-5.3.3.jar' 
2022-04-04 16:46:04.834 DEBUG [acme.Launcher@main] Found classpath entry '/C:/Users/usuario/.m2/repository/org/springframework/spring-test/5.3.3/spring-test-5.3.3.jar' 
2022-04-04 16:46:04.835 DEBUG [acme.Launcher@main] Found classpath entry '/C:/Users/usuario/.m2/repository/org/xmlunit/xmlunit-core/2.7.0/xmlunit-core-2.7.0.jar' 
2022-04-04 16:46:04.835 DEBUG [acme.Launcher@main] Found classpath entry '/C:/Users/usuario/.m2/repository/org/springframework/boot/spring-boot-starter-security/2.4.2/spring-boot-starter-security-2.4.2.jar' 
2022-04-04 16:46:04.835 DEBUG [acme.Launcher@main] Found classpath entry '/C:/Users/usuario/.m2/repository/org/springframework/spring-aop/5.3.3/spring-aop-5.3.3.jar' 
2022-04-04 16:46:04.835 DEBUG [acme.Launcher@main] Found classpath entry '/C:/Users/usuario/.m2/repository/org/springframework/security/spring-security-web/5.4.2/spring-security-web-5.4.2.jar' 
2022-04-04 16:46:04.835 DEBUG [acme.Launcher@main] Found classpath entry '/C:/Users/usuario/.m2/repository/org/springframework/security/spring-security-core/5.4.2/spring-security-core-5.4.2.jar' 
2022-04-04 16:46:04.836 DEBUG [acme.Launcher@main] Found classpath entry '/C:/Users/usuario/.m2/repository/org/springframework/spring-beans/5.3.3/spring-beans-5.3.3.jar' 
2022-04-04 16:46:04.836 DEBUG [acme.Launcher@main] Found classpath entry '/C:/Users/usuario/.m2/repository/org/springframework/spring-context/5.3.3/spring-context-5.3.3.jar' 
2022-04-04 16:46:04.837 DEBUG [acme.Launcher@main] Found classpath entry '/C:/Users/usuario/.m2/repository/org/springframework/spring-expression/5.3.3/spring-expression-5.3.3.jar' 
2022-04-04 16:46:04.837 DEBUG [acme.Launcher@main] Found classpath entry '/C:/Users/usuario/.m2/repository/org/springframework/spring-web/5.3.3/spring-web-5.3.3.jar' 
2022-04-04 16:46:04.838 DEBUG [acme.Launcher@main] Found classpath entry '/C:/Users/usuario/.m2/repository/org/springframework/security/spring-security-config/5.4.2/spring-security-config-5.4.2.jar' 
2022-04-04 16:46:04.838 DEBUG [acme.Launcher@main] Found classpath entry '/C:/Users/usuario/.m2/repository/org/springframework/security/spring-security-taglibs/5.4.2/spring-security-taglibs-5.4.2.jar' 
2022-04-04 16:46:04.838 DEBUG [acme.Launcher@main] Found classpath entry '/C:/Users/usuario/.m2/repository/org/springframework/security/spring-security-acl/5.4.2/spring-security-acl-5.4.2.jar' 
2022-04-04 16:46:04.838 DEBUG [acme.Launcher@main] Found classpath entry '/C:/Users/usuario/.m2/repository/org/springframework/spring-jdbc/5.3.3/spring-jdbc-5.3.3.jar' 
2022-04-04 16:46:04.839 DEBUG [acme.Launcher@main] Found classpath entry '/C:/Users/usuario/.m2/repository/org/springframework/spring-tx/5.3.3/spring-tx-5.3.3.jar' 
2022-04-04 16:46:04.840 DEBUG [acme.Launcher@main] Found classpath entry '/C:/Users/usuario/.m2/repository/org/springframework/boot/spring-boot-starter-web/2.4.2/spring-boot-starter-web-2.4.2.jar' 
2022-04-04 16:46:04.840 DEBUG [acme.Launcher@main] Found classpath entry '/C:/Users/usuario/.m2/repository/org/springframework/boot/spring-boot-starter-json/2.4.2/spring-boot-starter-json-2.4.2.jar' 
2022-04-04 16:46:04.840 DEBUG [acme.Launcher@main] Found classpath entry '/C:/Users/usuario/.m2/repository/com/fasterxml/jackson/core/jackson-databind/2.11.4/jackson-databind-2.11.4.jar' 
2022-04-04 16:46:04.840 DEBUG [acme.Launcher@main] Found classpath entry '/C:/Users/usuario/.m2/repository/com/fasterxml/jackson/core/jackson-annotations/2.11.4/jackson-annotations-2.11.4.jar' 
2022-04-04 16:46:04.840 DEBUG [acme.Launcher@main] Found classpath entry '/C:/Users/usuario/.m2/repository/com/fasterxml/jackson/core/jackson-core/2.11.4/jackson-core-2.11.4.jar' 
2022-04-04 16:46:04.841 DEBUG [acme.Launcher@main] Found classpath entry '/C:/Users/usuario/.m2/repository/com/fasterxml/jackson/datatype/jackson-datatype-jdk8/2.11.4/jackson-datatype-jdk8-2.11.4.jar' 
2022-04-04 16:46:04.841 DEBUG [acme.Launcher@main] Found classpath entry '/C:/Users/usuario/.m2/repository/com/fasterxml/jackson/datatype/jackson-datatype-jsr310/2.11.4/jackson-datatype-jsr310-2.11.4.jar' 
2022-04-04 16:46:04.841 DEBUG [acme.Launcher@main] Found classpath entry '/C:/Users/usuario/.m2/repository/com/fasterxml/jackson/module/jackson-module-parameter-names/2.11.4/jackson-module-parameter-names-2.11.4.jar' 
2022-04-04 16:46:04.841 DEBUG [acme.Launcher@main] Found classpath entry '/C:/Users/usuario/.m2/repository/org/springframework/spring-webmvc/5.3.3/spring-webmvc-5.3.3.jar' 
2022-04-04 16:46:04.841 DEBUG [acme.Launcher@main] Found classpath entry '/C:/Users/usuario/.m2/repository/org/apache/tiles/tiles-jsp/3.0.8/tiles-jsp-3.0.8.jar' 
2022-04-04 16:46:04.842 DEBUG [acme.Launcher@main] Found classpath entry '/C:/Users/usuario/.m2/repository/org/apache/tiles/tiles-servlet/3.0.8/tiles-servlet-3.0.8.jar' 
2022-04-04 16:46:04.842 DEBUG [acme.Launcher@main] Found classpath entry '/C:/Users/usuario/.m2/repository/org/apache/tiles/tiles-core/3.0.8/tiles-core-3.0.8.jar' 
2022-04-04 16:46:04.842 DEBUG [acme.Launcher@main] Found classpath entry '/C:/Users/usuario/.m2/repository/commons-digester/commons-digester/2.0/commons-digester-2.0.jar' 
2022-04-04 16:46:04.842 DEBUG [acme.Launcher@main] Found classpath entry '/C:/Users/usuario/.m2/repository/org/slf4j/jcl-over-slf4j/1.7.30/jcl-over-slf4j-1.7.30.jar' 
2022-04-04 16:46:04.842 DEBUG [acme.Launcher@main] Found classpath entry '/C:/Users/usuario/.m2/repository/org/apache/tiles/tiles-request-servlet/1.0.7/tiles-request-servlet-1.0.7.jar' 
2022-04-04 16:46:04.843 DEBUG [acme.Launcher@main] Found classpath entry '/C:/Users/usuario/.m2/repository/org/apache/tiles/tiles-template/3.0.8/tiles-template-3.0.8.jar' 
2022-04-04 16:46:04.843 DEBUG [acme.Launcher@main] Found classpath entry '/C:/Users/usuario/.m2/repository/org/apache/tiles/tiles-api/3.0.8/tiles-api-3.0.8.jar' 
2022-04-04 16:46:04.843 DEBUG [acme.Launcher@main] Found classpath entry '/C:/Users/usuario/.m2/repository/org/apache/tiles/tiles-autotag-core-runtime/1.2/tiles-autotag-core-runtime-1.2.jar' 
2022-04-04 16:46:04.843 DEBUG [acme.Launcher@main] Found classpath entry '/C:/Users/usuario/.m2/repository/org/slf4j/slf4j-api/1.7.30/slf4j-api-1.7.30.jar' 
2022-04-04 16:46:04.843 DEBUG [acme.Launcher@main] Found classpath entry '/C:/Users/usuario/.m2/repository/org/apache/tiles/tiles-request-jsp/1.0.7/tiles-request-jsp-1.0.7.jar' 
2022-04-04 16:46:04.844 DEBUG [acme.Launcher@main] Found classpath entry '/C:/Users/usuario/.m2/repository/org/apache/tiles/tiles-request-api/1.0.7/tiles-request-api-1.0.7.jar' 
2022-04-04 16:46:04.844 DEBUG [acme.Launcher@main] Found classpath entry '/C:/Users/usuario/.m2/repository/org/springframework/boot/spring-boot-starter-data-jpa/2.4.2/spring-boot-starter-data-jpa-2.4.2.jar' 
2022-04-04 16:46:04.844 DEBUG [acme.Launcher@main] Found classpath entry '/C:/Users/usuario/.m2/repository/org/springframework/boot/spring-boot-starter-aop/2.4.2/spring-boot-starter-aop-2.4.2.jar' 
2022-04-04 16:46:04.844 DEBUG [acme.Launcher@main] Found classpath entry '/C:/Users/usuario/.m2/repository/org/aspectj/aspectjweaver/1.9.6/aspectjweaver-1.9.6.jar' 
2022-04-04 16:46:04.844 DEBUG [acme.Launcher@main] Found classpath entry '/C:/Users/usuario/.m2/repository/org/springframework/boot/spring-boot-starter-jdbc/2.4.2/spring-boot-starter-jdbc-2.4.2.jar' 
2022-04-04 16:46:04.844 DEBUG [acme.Launcher@main] Found classpath entry '/C:/Users/usuario/.m2/repository/jakarta/transaction/jakarta.transaction-api/1.3.3/jakarta.transaction-api-1.3.3.jar' 
2022-04-04 16:46:04.845 DEBUG [acme.Launcher@main] Found classpath entry '/C:/Users/usuario/.m2/repository/jakarta/persistence/jakarta.persistence-api/2.2.3/jakarta.persistence-api-2.2.3.jar' 
2022-04-04 16:46:04.845 DEBUG [acme.Launcher@main] Found classpath entry '/C:/Users/usuario/.m2/repository/org/hibernate/hibernate-core/5.4.27.Final/hibernate-core-5.4.27.Final.jar' 
2022-04-04 16:46:04.845 DEBUG [acme.Launcher@main] Found classpath entry '/C:/Users/usuario/.m2/repository/org/jboss/logging/jboss-logging/3.4.1.Final/jboss-logging-3.4.1.Final.jar' 
2022-04-04 16:46:04.845 DEBUG [acme.Launcher@main] Found classpath entry '/C:/Users/usuario/.m2/repository/org/javassist/javassist/3.27.0-GA/javassist-3.27.0-GA.jar' 
2022-04-04 16:46:04.845 DEBUG [acme.Launcher@main] Found classpath entry '/C:/Users/usuario/.m2/repository/antlr/antlr/2.7.7/antlr-2.7.7.jar' 
2022-04-04 16:46:04.846 DEBUG [acme.Launcher@main] Found classpath entry '/C:/Users/usuario/.m2/repository/org/jboss/jandex/2.1.3.Final/jandex-2.1.3.Final.jar' 
2022-04-04 16:46:04.846 DEBUG [acme.Launcher@main] Found classpath entry '/C:/Users/usuario/.m2/repository/com/fasterxml/classmate/1.5.1/classmate-1.5.1.jar' 
2022-04-04 16:46:04.847 DEBUG [acme.Launcher@main] Found classpath entry '/C:/Users/usuario/.m2/repository/org/dom4j/dom4j/2.1.3/dom4j-2.1.3.jar' 
2022-04-04 16:46:04.847 DEBUG [acme.Launcher@main] Found classpath entry '/C:/Users/usuario/.m2/repository/org/hibernate/common/hibernate-commons-annotations/5.1.2.Final/hibernate-commons-annotations-5.1.2.Final.jar' 
2022-04-04 16:46:04.847 DEBUG [acme.Launcher@main] Found classpath entry '/C:/Users/usuario/.m2/repository/org/glassfish/jaxb/jaxb-runtime/2.3.3/jaxb-runtime-2.3.3.jar' 
2022-04-04 16:46:04.847 DEBUG [acme.Launcher@main] Found classpath entry '/C:/Users/usuario/.m2/repository/org/glassfish/jaxb/txw2/2.3.3/txw2-2.3.3.jar' 
2022-04-04 16:46:04.847 DEBUG [acme.Launcher@main] Found classpath entry '/C:/Users/usuario/.m2/repository/com/sun/istack/istack-commons-runtime/3.0.11/istack-commons-runtime-3.0.11.jar' 
2022-04-04 16:46:04.847 DEBUG [acme.Launcher@main] Found classpath entry '/C:/Users/usuario/.m2/repository/com/sun/activation/jakarta.activation/1.2.2/jakarta.activation-1.2.2.jar' 
2022-04-04 16:46:04.848 DEBUG [acme.Launcher@main] Found classpath entry '/C:/Users/usuario/.m2/repository/org/springframework/data/spring-data-jpa/2.4.3/spring-data-jpa-2.4.3.jar' 
2022-04-04 16:46:04.848 DEBUG [acme.Launcher@main] Found classpath entry '/C:/Users/usuario/.m2/repository/org/springframework/data/spring-data-commons/2.4.3/spring-data-commons-2.4.3.jar' 
2022-04-04 16:46:04.848 DEBUG [acme.Launcher@main] Found classpath entry '/C:/Users/usuario/.m2/repository/org/springframework/spring-orm/5.3.3/spring-orm-5.3.3.jar' 
2022-04-04 16:46:04.848 DEBUG [acme.Launcher@main] Found classpath entry '/C:/Users/usuario/.m2/repository/org/springframework/spring-aspects/5.3.3/spring-aspects-5.3.3.jar' 
2022-04-04 16:46:04.848 DEBUG [acme.Launcher@main] Found classpath entry '/C:/Users/usuario/.m2/repository/org/springframework/boot/spring-boot-starter-validation/2.4.2/spring-boot-starter-validation-2.4.2.jar' 
2022-04-04 16:46:04.849 DEBUG [acme.Launcher@main] Found classpath entry '/C:/Users/usuario/.m2/repository/org/hibernate/validator/hibernate-validator/6.1.7.Final/hibernate-validator-6.1.7.Final.jar' 
2022-04-04 16:46:04.849 DEBUG [acme.Launcher@main] Found classpath entry '/C:/Users/usuario/.m2/repository/jakarta/validation/jakarta.validation-api/2.0.2/jakarta.validation-api-2.0.2.jar' 
2022-04-04 16:46:04.849 DEBUG [acme.Launcher@main] Found classpath entry '/C:/Users/usuario/.m2/repository/mysql/mysql-connector-java/8.0.22/mysql-connector-java-8.0.22.jar' 
2022-04-04 16:46:04.849 DEBUG [acme.Launcher@main] Found classpath entry '/C:/Users/usuario/.m2/repository/com/zaxxer/HikariCP/3.4.5/HikariCP-3.4.5.jar' 
2022-04-04 16:46:04.849 DEBUG [acme.Launcher@main] Found classpath entry '/C:/Users/usuario/.m2/repository/org/junit/jupiter/junit-jupiter-engine/5.7.0/junit-jupiter-engine-5.7.0.jar' 
2022-04-04 16:46:04.849 DEBUG [acme.Launcher@main] Found classpath entry '/C:/Users/usuario/.m2/repository/org/apiguardian/apiguardian-api/1.1.0/apiguardian-api-1.1.0.jar' 
2022-04-04 16:46:04.850 DEBUG [acme.Launcher@main] Found classpath entry '/C:/Users/usuario/.m2/repository/org/junit/platform/junit-platform-engine/1.7.0/junit-platform-engine-1.7.0.jar' 
2022-04-04 16:46:04.850 DEBUG [acme.Launcher@main] Found classpath entry '/C:/Users/usuario/.m2/repository/org/junit/jupiter/junit-jupiter-api/5.7.0/junit-jupiter-api-5.7.0.jar' 
2022-04-04 16:46:04.850 DEBUG [acme.Launcher@main] Found classpath entry '/C:/Users/usuario/.m2/repository/org/opentest4j/opentest4j/1.2.0/opentest4j-1.2.0.jar' 
2022-04-04 16:46:04.850 DEBUG [acme.Launcher@main] Found classpath entry '/C:/Users/usuario/.m2/repository/org/junit/platform/junit-platform-commons/1.7.0/junit-platform-commons-1.7.0.jar' 
2022-04-04 16:46:04.850 DEBUG [acme.Launcher@main] Found classpath entry '/C:/Users/usuario/.m2/repository/org/junit/jupiter/junit-jupiter-params/5.7.0/junit-jupiter-params-5.7.0.jar' 
2022-04-04 16:46:04.850 DEBUG [acme.Launcher@main] Found classpath entry '/C:/Users/usuario/.m2/repository/org/junit/platform/junit-platform-launcher/1.7.0/junit-platform-launcher-1.7.0.jar' 
2022-04-04 16:46:04.851 DEBUG [acme.Launcher@main] Found classpath entry '/C:/Users/usuario/.m2/repository/org/seleniumhq/selenium/selenium-java/3.141.59/selenium-java-3.141.59.jar' 
2022-04-04 16:46:04.851 DEBUG [acme.Launcher@main] Found classpath entry '/C:/Users/usuario/.m2/repository/org/seleniumhq/selenium/selenium-api/3.141.59/selenium-api-3.141.59.jar' 
2022-04-04 16:46:04.851 DEBUG [acme.Launcher@main] Found classpath entry '/C:/Users/usuario/.m2/repository/org/seleniumhq/selenium/selenium-chrome-driver/3.141.59/selenium-chrome-driver-3.141.59.jar' 
2022-04-04 16:46:04.851 DEBUG [acme.Launcher@main] Found classpath entry '/C:/Users/usuario/.m2/repository/org/seleniumhq/selenium/selenium-edge-driver/3.141.59/selenium-edge-driver-3.141.59.jar' 
2022-04-04 16:46:04.851 DEBUG [acme.Launcher@main] Found classpath entry '/C:/Users/usuario/.m2/repository/org/seleniumhq/selenium/selenium-firefox-driver/3.141.59/selenium-firefox-driver-3.141.59.jar' 
2022-04-04 16:46:04.851 DEBUG [acme.Launcher@main] Found classpath entry '/C:/Users/usuario/.m2/repository/org/seleniumhq/selenium/selenium-ie-driver/3.141.59/selenium-ie-driver-3.141.59.jar' 
2022-04-04 16:46:04.852 DEBUG [acme.Launcher@main] Found classpath entry '/C:/Users/usuario/.m2/repository/org/seleniumhq/selenium/selenium-opera-driver/3.141.59/selenium-opera-driver-3.141.59.jar' 
2022-04-04 16:46:04.852 DEBUG [acme.Launcher@main] Found classpath entry '/C:/Users/usuario/.m2/repository/org/seleniumhq/selenium/selenium-remote-driver/3.141.59/selenium-remote-driver-3.141.59.jar' 
2022-04-04 16:46:04.852 DEBUG [acme.Launcher@main] Found classpath entry '/C:/Users/usuario/.m2/repository/org/seleniumhq/selenium/selenium-safari-driver/3.141.59/selenium-safari-driver-3.141.59.jar' 
2022-04-04 16:46:04.852 DEBUG [acme.Launcher@main] Found classpath entry '/C:/Users/usuario/.m2/repository/org/seleniumhq/selenium/selenium-support/3.141.59/selenium-support-3.141.59.jar' 
2022-04-04 16:46:04.852 DEBUG [acme.Launcher@main] Found classpath entry '/C:/Users/usuario/.m2/repository/net/bytebuddy/byte-buddy/1.10.19/byte-buddy-1.10.19.jar' 
2022-04-04 16:46:04.852 DEBUG [acme.Launcher@main] Found classpath entry '/C:/Users/usuario/.m2/repository/org/apache/commons/commons-exec/1.3/commons-exec-1.3.jar' 
2022-04-04 16:46:04.853 DEBUG [acme.Launcher@main] Found classpath entry '/C:/Users/usuario/.m2/repository/com/google/guava/guava/25.0-jre/guava-25.0-jre.jar' 
2022-04-04 16:46:04.853 DEBUG [acme.Launcher@main] Found classpath entry '/C:/Users/usuario/.m2/repository/com/google/code/findbugs/jsr305/1.3.9/jsr305-1.3.9.jar' 
2022-04-04 16:46:04.853 DEBUG [acme.Launcher@main] Found classpath entry '/C:/Users/usuario/.m2/repository/org/checkerframework/checker-compat-qual/2.0.0/checker-compat-qual-2.0.0.jar' 
2022-04-04 16:46:04.853 DEBUG [acme.Launcher@main] Found classpath entry '/C:/Users/usuario/.m2/repository/com/google/errorprone/error_prone_annotations/2.1.3/error_prone_annotations-2.1.3.jar' 
2022-04-04 16:46:04.853 DEBUG [acme.Launcher@main] Found classpath entry '/C:/Users/usuario/.m2/repository/com/google/j2objc/j2objc-annotations/1.1/j2objc-annotations-1.1.jar' 
2022-04-04 16:46:04.853 DEBUG [acme.Launcher@main] Found classpath entry '/C:/Users/usuario/.m2/repository/org/codehaus/mojo/animal-sniffer-annotations/1.14/animal-sniffer-annotations-1.14.jar' 
2022-04-04 16:46:04.854 DEBUG [acme.Launcher@main] Found classpath entry '/C:/Users/usuario/.m2/repository/com/squareup/okhttp3/okhttp/3.14.9/okhttp-3.14.9.jar' 
2022-04-04 16:46:04.854 DEBUG [acme.Launcher@main] Found classpath entry '/C:/Users/usuario/.m2/repository/com/squareup/okio/okio/1.14.0/okio-1.14.0.jar' 
2022-04-04 16:46:04.854 DEBUG [acme.Launcher@main] Found classpath entry '/C:/Users/usuario/.m2/repository/org/apache/commons/commons-lang3/3.11/commons-lang3-3.11.jar' 
2022-04-04 16:46:04.854 DEBUG [acme.Launcher@main] Found classpath entry '/C:/Users/usuario/.m2/repository/org/apache/commons/commons-text/1.8/commons-text-1.8.jar' 
2022-04-04 16:46:04.854 DEBUG [acme.Launcher@main] Found classpath entry '/C:/Users/usuario/.m2/repository/commons-io/commons-io/2.6/commons-io-2.6.jar' 
2022-04-04 16:46:04.854 DEBUG [acme.Launcher@main] Found classpath entry '/C:/Users/usuario/.m2/repository/commons-cli/commons-cli/1.4/commons-cli-1.4.jar' 
2022-04-04 16:46:04.854 DEBUG [acme.Launcher@main] Found classpath entry '/C:/Users/usuario/.m2/repository/org/projectlombok/lombok/1.18.16/lombok-1.18.16.jar' 
2022-04-04 16:46:04.854 DEBUG [acme.Launcher@main] Found classpath entry '/C:/Users/usuario/.m2/repository/com/opencsv/opencsv/5.4/opencsv-5.4.jar' 
2022-04-04 16:46:04.855 DEBUG [acme.Launcher@main] Found classpath entry '/C:/Users/usuario/.m2/repository/commons-beanutils/commons-beanutils/1.9.4/commons-beanutils-1.9.4.jar' 
2022-04-04 16:46:04.855 DEBUG [acme.Launcher@main] Found classpath entry '/C:/Users/usuario/.m2/repository/commons-logging/commons-logging/1.2/commons-logging-1.2.jar' 
2022-04-04 16:46:04.855 DEBUG [acme.Launcher@main] Found classpath entry '/C:/Users/usuario/.m2/repository/commons-collections/commons-collections/3.2.2/commons-collections-3.2.2.jar' 
2022-04-04 16:46:04.855 DEBUG [acme.Launcher@main] Found classpath entry '/C:/Users/usuario/.m2/repository/org/apache/commons/commons-collections4/4.4/commons-collections4-4.4.jar' 
2022-04-04 16:46:04.855 DEBUG [acme.Launcher@main] Found classpath entry '/C:/Users/usuario/Desktop/Workspace-22.0/Frameworks/Acme-Framework-22.3/target/classes/' 
2022-04-04 16:46:04.855 DEBUG [acme.Launcher@main] Found classpath entry '/C:/Users/usuario/Desktop/Workspace-22.0/Frameworks/Acme-Framework-22.3/target/test-classes/' 
2022-04-04 16:46:04.855 DEBUG [acme.Launcher@main] Found classpath entry '/C:/Users/usuario/Desktop/Workspace-22.0/Tools/IDEs/eclipse-jee-2021-12-R/configuration/org.eclipse.osgi/418/0/.cp/lib/javaagent-shaded.jar' 
2022-04-04 16:46:04.970 DEBUG [acme.Launcher@main] Found entity class 'acme.entities.announcements.Announcement 
2022-04-04 16:46:04.970 DEBUG [acme.Launcher@main] Found entity class 'acme.entities.chirps.Chirp 
2022-04-04 16:46:04.970 DEBUG [acme.Launcher@main] Found entity class 'acme.entities.items.Item 
2022-04-04 16:46:04.971 DEBUG [acme.Launcher@main] Found entity class 'acme.entities.patronageReports.PatronageReport 
2022-04-04 16:46:04.971 DEBUG [acme.Launcher@main] Found entity class 'acme.entities.patronages.Patronage 
2022-04-04 16:46:04.971 DEBUG [acme.Launcher@main] Found entity class 'acme.entities.quantities.Quantity 
2022-04-04 16:46:04.971 DEBUG [acme.Launcher@main] Found entity class 'acme.entities.systemConfigurations.SystemConfiguration 
2022-04-04 16:46:04.972 DEBUG [acme.Launcher@main] Found entity class 'acme.entities.toolkits.Toolkit 
2022-04-04 16:46:04.972 DEBUG [acme.Launcher@main] Found entity class 'acme.roles.Consumer 
2022-04-04 16:46:04.972 DEBUG [acme.Launcher@main] Found entity class 'acme.roles.Inventor 
2022-04-04 16:46:04.972 DEBUG [acme.Launcher@main] Found entity class 'acme.roles.Patron 
2022-04-04 16:46:04.972 DEBUG [acme.Launcher@main] Found entity class 'acme.roles.Provider 
2022-04-04 16:46:04.972 DEBUG [acme.Launcher@main] Found entity class 'acme.framework.entities.UserAccount 
2022-04-04 16:46:04.972 DEBUG [acme.Launcher@main] Found entity class 'acme.framework.roles.Administrator 
2022-04-04 16:46:04.973 DEBUG [acme.Launcher@main] Found entity class 'acme.framework.roles.Anonymous 
2022-04-04 16:46:04.973 DEBUG [acme.Launcher@main] Found entity class 'acme.framework.roles.Any 
2022-04-04 16:46:04.973 DEBUG [acme.Launcher@main] Found entity class 'acme.framework.roles.Authenticated 
2022-04-04 16:46:04.977 INFO  [acme.Launcher@main] Running application (Standalone) 
2022-04-04 16:46:58.846 DEBUG [org.hibernate.SQL@http-nio-8081-exec-1] select useraccoun0_.id as id1_0_, useraccoun0_.version as version2_0_, useraccoun0_.enabled as enabled1_17_, useraccoun0_.identity as identity2_17_, useraccoun0_.password as password3_17_, useraccoun0_.username as username4_17_ from user_account useraccoun0_ where useraccoun0_.username=? 
2022-04-04 16:46:58.885 TRACE [org.hibernate.type.descriptor.sql.BasicBinder@http-nio-8081-exec-1] binding parameter [1] as [VARCHAR] - [administrator] 
2022-04-04 16:46:58.979 DEBUG [org.hibernate.SQL@http-nio-8081-exec-1] select roles0_.user_account_id as user_acc1_18_0_, roles0_.id as id1_18_0_, roles0_.id as id1_0_1_, roles0_.version as version2_0_1_, roles0_.user_account_id as user_acc1_18_1_, roles0_.company as company1_7_1_, roles0_.sector as sector2_7_1_, roles0_.company as company1_8_1_, roles0_.info as info2_8_1_, roles0_.statement as statemen3_8_1_, roles0_.company as company1_10_1_, roles0_.info as info2_10_1_, roles0_.statement as statemen3_10_1_, roles0_.company as company1_13_1_, roles0_.sector as sector2_13_1_, roles0_.clazz_ as clazz_1_ from ( select id, version, user_account_id, company, sector, null as info, null as statement, 10 as clazz_ from consumer union all select id, version, user_account_id, company, null as sector, info, statement, 11 as clazz_ from inventor union all select id, version, user_account_id, company, null as sector, info, statement, 12 as clazz_ from patron union all select id, version, user_account_id, company, sector, null as info, null as statement, 13 as clazz_ from provider union all select id, version, user_account_id, null as company, null as sector, null as info, null as statement, 15 as clazz_ from administrator union all select id, version, user_account_id, null as company, null as sector, null as info, null as statement, 16 as clazz_ from anonymous union all select id, version, user_account_id, null as company, null as sector, null as info, null as statement, 17 as clazz_ from any union all select id, version, user_account_id, null as company, null as sector, null as info, null as statement, 18 as clazz_ from authenticated ) roles0_ where roles0_.user_account_id=? 
2022-04-04 16:46:58.981 TRACE [org.hibernate.type.descriptor.sql.BasicBinder@http-nio-8081-exec-1] binding parameter [1] as [INTEGER] - [5] 
2022-04-04 16:46:59.123 DEBUG [acme.framework.components.tiles.DynamicTilesView@http-nio-8081-exec-2] View name 'fragments/welcome', model {} 
2022-04-04 16:46:59.144 DEBUG [org.apache.tiles.definition.dao.BaseLocaleUrlDefinitionDAO@http-nio-8081-exec-2] File Resource file:/C:/Users/usuario/Desktop/Workspace-22.0/Projects/Acme-Toolkits/target/classes/WEB-INF/views/master/tiles_es.xml at file:/C:/Users/usuario/Desktop/Workspace-22.0/Projects/Acme-Toolkits/target/classes/WEB-INF/views/master/tiles_es.xml not found, continue 
2022-04-04 16:46:59.154 DEBUG [org.apache.jasper.servlet.JspServlet@http-nio-8081-exec-2] JspEngine --> /WEB-INF/views/master/page.jsp 
2022-04-04 16:46:59.154 DEBUG [org.apache.jasper.servlet.JspServlet@http-nio-8081-exec-2] ServletPath: /WEB-INF/views/master/page.jsp 
2022-04-04 16:46:59.154 DEBUG [org.apache.jasper.servlet.JspServlet@http-nio-8081-exec-2] PathInfo: null 
2022-04-04 16:46:59.156 DEBUG [org.apache.jasper.servlet.JspServlet@http-nio-8081-exec-2] RealPath: C:\Users\usuario\Desktop\Workspace-22.0\Projects\Acme-Toolkits\target\classes\WEB-INF\views\master\page.jsp 
2022-04-04 16:46:59.156 DEBUG [org.apache.jasper.servlet.JspServlet@http-nio-8081-exec-2] RequestURI: /acme-toolkits-22.1/WEB-INF/views/master/page.jsp 
2022-04-04 16:46:59.157 DEBUG [org.apache.jasper.servlet.JspServlet@http-nio-8081-exec-2] QueryString: null 
2022-04-04 16:47:05.397 DEBUG [acme.framework.configuration.ExtendedMessageSource@http-nio-8081-exec-2] Loading properties [C:\Users\usuario\Desktop\Workspace-22.0\Projects\Acme-Toolkits\target\classes\WEB-INF\views\administrator\user-account\messages-en.i18n] with encoding 'utf-8' 
2022-04-04 16:47:05.399 DEBUG [acme.framework.configuration.ExtendedMessageSource@http-nio-8081-exec-2] Loading properties [C:\Users\usuario\Desktop\Workspace-22.0\Projects\Acme-Toolkits\target\classes\WEB-INF\views\anonymous\user-account\messages-en.i18n] with encoding 'utf-8' 
2022-04-04 16:47:05.400 DEBUG [acme.framework.configuration.ExtendedMessageSource@http-nio-8081-exec-2] Loading properties [C:\Users\usuario\Desktop\Workspace-22.0\Projects\Acme-Toolkits\target\classes\WEB-INF\views\any\item\messages-en.i18n] with encoding 'utf-8' 
2022-04-04 16:47:05.401 DEBUG [acme.framework.configuration.ExtendedMessageSource@http-nio-8081-exec-2] Loading properties [C:\Users\usuario\Desktop\Workspace-22.0\Projects\Acme-Toolkits\target\classes\WEB-INF\views\any\toolkit\messages-en.i18n] with encoding 'utf-8' 
2022-04-04 16:47:05.402 DEBUG [acme.framework.configuration.ExtendedMessageSource@http-nio-8081-exec-2] Loading properties [C:\Users\usuario\Desktop\Workspace-22.0\Projects\Acme-Toolkits\target\classes\WEB-INF\views\authenticated\consumer\messsages-en.i18n] with encoding 'utf-8' 
2022-04-04 16:47:05.403 DEBUG [acme.framework.configuration.ExtendedMessageSource@http-nio-8081-exec-2] Loading properties [C:\Users\usuario\Desktop\Workspace-22.0\Projects\Acme-Toolkits\target\classes\WEB-INF\views\authenticated\provider\messsages-en.i18n] with encoding 'utf-8' 
2022-04-04 16:47:05.404 DEBUG [acme.framework.configuration.ExtendedMessageSource@http-nio-8081-exec-2] Loading properties [C:\Users\usuario\Desktop\Workspace-22.0\Projects\Acme-Toolkits\target\classes\WEB-INF\views\authenticated\user-account\messages-en.i18n] with encoding 'utf-8' 
2022-04-04 16:47:05.405 DEBUG [acme.framework.configuration.ExtendedMessageSource@http-nio-8081-exec-2] Loading properties [C:\Users\usuario\Desktop\Workspace-22.0\Projects\Acme-Toolkits\target\classes\WEB-INF\views\fragments\banner-en.i18n] with encoding 'utf-8' 
2022-04-04 16:47:05.405 DEBUG [acme.framework.configuration.ExtendedMessageSource@http-nio-8081-exec-2] Loading properties [C:\Users\usuario\Desktop\Workspace-22.0\Projects\Acme-Toolkits\target\classes\WEB-INF\views\fragments\company-en.i18n] with encoding 'utf-8' 
2022-04-04 16:47:05.406 DEBUG [acme.framework.configuration.ExtendedMessageSource@http-nio-8081-exec-2] Loading properties [C:\Users\usuario\Desktop\Workspace-22.0\Projects\Acme-Toolkits\target\classes\WEB-INF\views\fragments\footer-en.i18n] with encoding 'utf-8' 
2022-04-04 16:47:05.407 DEBUG [acme.framework.configuration.ExtendedMessageSource@http-nio-8081-exec-2] Loading properties [C:\Users\usuario\Desktop\Workspace-22.0\Projects\Acme-Toolkits\target\classes\WEB-INF\views\fragments\license-en.i18n] with encoding 'utf-8' 
2022-04-04 16:47:05.408 DEBUG [acme.framework.configuration.ExtendedMessageSource@http-nio-8081-exec-2] Loading properties [C:\Users\usuario\Desktop\Workspace-22.0\Projects\Acme-Toolkits\target\classes\WEB-INF\views\fragments\menu-en.i18n] with encoding 'utf-8' 
2022-04-04 16:47:05.410 DEBUG [acme.framework.configuration.ExtendedMessageSource@http-nio-8081-exec-2] Loading properties [C:\Users\usuario\Desktop\Workspace-22.0\Projects\Acme-Toolkits\target\classes\WEB-INF\views\fragments\messages-en.i18n] with encoding 'utf-8' 
2022-04-04 16:47:05.411 DEBUG [acme.framework.configuration.ExtendedMessageSource@http-nio-8081-exec-2] Loading properties [C:\Users\usuario\Desktop\Workspace-22.0\Projects\Acme-Toolkits\target\classes\WEB-INF\views\fragments\messsages-en.i18n] with encoding 'utf-8' 
2022-04-04 16:47:05.412 DEBUG [acme.framework.configuration.ExtendedMessageSource@http-nio-8081-exec-2] Loading properties [C:\Users\usuario\Desktop\Workspace-22.0\Projects\Acme-Toolkits\target\classes\WEB-INF\views\fragments\title-en.i18n] with encoding 'utf-8' 
2022-04-04 16:47:05.412 DEBUG [acme.framework.configuration.ExtendedMessageSource@http-nio-8081-exec-2] Loading properties [C:\Users\usuario\Desktop\Workspace-22.0\Projects\Acme-Toolkits\target\classes\WEB-INF\views\fragments\welcome-en.i18n] with encoding 'utf-8' 
2022-04-04 16:47:05.413 DEBUG [acme.framework.configuration.ExtendedMessageSource@http-nio-8081-exec-2] Loading properties [C:\Users\usuario\Desktop\Workspace-22.0\Projects\Acme-Toolkits\target\classes\WEB-INF\views\inventor\item\messages-en.i18n] with encoding 'utf-8' 
2022-04-04 16:47:05.413 DEBUG [acme.framework.configuration.ExtendedMessageSource@http-nio-8081-exec-2] Loading properties [C:\Users\usuario\Desktop\Workspace-22.0\Projects\Acme-Toolkits\target\classes\WEB-INF\views\master\defaults-en.i18n] with encoding 'utf-8' 
2022-04-04 16:47:05.414 DEBUG [acme.framework.configuration.ExtendedMessageSource@http-nio-8081-exec-2] Loading properties [C:\Users\usuario\Desktop\Workspace-22.0\Projects\Acme-Toolkits\target\classes\WEB-INF\views\master\master-en.i18n] with encoding 'utf-8' 
2022-04-04 16:47:05.414 DEBUG [acme.framework.configuration.ExtendedMessageSource@http-nio-8081-exec-2] Loading properties [C:\Users\usuario\Desktop\Workspace-22.0\Projects\Acme-Toolkits\target\classes\WEB-INF\views\master\throwables-en.i18n] with encoding 'utf-8' 
2022-04-04 16:47:05.415 DEBUG [acme.framework.configuration.ExtendedMessageSource@http-nio-8081-exec-2] Loading properties [C:\Users\usuario\Desktop\Workspace-22.0\Projects\Acme-Toolkits\target\classes\WEB-INF\views\master\validation-en.i18n] with encoding 'utf-8' 
2022-04-04 16:47:05.422 DEBUG [acme.framework.configuration.ExtendedMessageSource@http-nio-8081-exec-2] Loading properties [C:\Users\usuario\Desktop\Workspace-22.0\Projects\Acme-Toolkits\target\classes\WEB-INF\views\administrator\user-account\messages-es.i18n] with encoding 'utf-8' 
2022-04-04 16:47:05.423 DEBUG [acme.framework.configuration.ExtendedMessageSource@http-nio-8081-exec-2] Loading properties [C:\Users\usuario\Desktop\Workspace-22.0\Projects\Acme-Toolkits\target\classes\WEB-INF\views\anonymous\user-account\messages-es.i18n] with encoding 'utf-8' 
2022-04-04 16:47:05.427 DEBUG [acme.framework.configuration.ExtendedMessageSource@http-nio-8081-exec-2] Loading properties [C:\Users\usuario\Desktop\Workspace-22.0\Projects\Acme-Toolkits\target\classes\WEB-INF\views\any\item\messages-es.i18n] with encoding 'utf-8' 
2022-04-04 16:47:05.428 DEBUG [acme.framework.configuration.ExtendedMessageSource@http-nio-8081-exec-2] Loading properties [C:\Users\usuario\Desktop\Workspace-22.0\Projects\Acme-Toolkits\target\classes\WEB-INF\views\any\toolkit\messages-es.i18n] with encoding 'utf-8' 
2022-04-04 16:47:05.429 DEBUG [acme.framework.configuration.ExtendedMessageSource@http-nio-8081-exec-2] Loading properties [C:\Users\usuario\Desktop\Workspace-22.0\Projects\Acme-Toolkits\target\classes\WEB-INF\views\authenticated\consumer\messsages-es.i18n] with encoding 'utf-8' 
2022-04-04 16:47:05.430 DEBUG [acme.framework.configuration.ExtendedMessageSource@http-nio-8081-exec-2] Loading properties [C:\Users\usuario\Desktop\Workspace-22.0\Projects\Acme-Toolkits\target\classes\WEB-INF\views\authenticated\provider\messsages-es.i18n] with encoding 'utf-8' 
2022-04-04 16:47:05.431 DEBUG [acme.framework.configuration.ExtendedMessageSource@http-nio-8081-exec-2] Loading properties [C:\Users\usuario\Desktop\Workspace-22.0\Projects\Acme-Toolkits\target\classes\WEB-INF\views\authenticated\user-account\messages-es.i18n] with encoding 'utf-8' 
2022-04-04 16:47:05.432 DEBUG [acme.framework.configuration.ExtendedMessageSource@http-nio-8081-exec-2] Loading properties [C:\Users\usuario\Desktop\Workspace-22.0\Projects\Acme-Toolkits\target\classes\WEB-INF\views\fragments\banner-es.i18n] with encoding 'utf-8' 
2022-04-04 16:47:05.433 DEBUG [acme.framework.configuration.ExtendedMessageSource@http-nio-8081-exec-2] Loading properties [C:\Users\usuario\Desktop\Workspace-22.0\Projects\Acme-Toolkits\target\classes\WEB-INF\views\fragments\company-es.i18n] with encoding 'utf-8' 
2022-04-04 16:47:05.434 DEBUG [acme.framework.configuration.ExtendedMessageSource@http-nio-8081-exec-2] Loading properties [C:\Users\usuario\Desktop\Workspace-22.0\Projects\Acme-Toolkits\target\classes\WEB-INF\views\fragments\footer-es.i18n] with encoding 'utf-8' 
2022-04-04 16:47:05.435 DEBUG [acme.framework.configuration.ExtendedMessageSource@http-nio-8081-exec-2] Loading properties [C:\Users\usuario\Desktop\Workspace-22.0\Projects\Acme-Toolkits\target\classes\WEB-INF\views\fragments\license-es.i18n] with encoding 'utf-8' 
2022-04-04 16:47:05.437 DEBUG [acme.framework.configuration.ExtendedMessageSource@http-nio-8081-exec-2] Loading properties [C:\Users\usuario\Desktop\Workspace-22.0\Projects\Acme-Toolkits\target\classes\WEB-INF\views\fragments\menu-es.i18n] with encoding 'utf-8' 
2022-04-04 16:47:05.438 DEBUG [acme.framework.configuration.ExtendedMessageSource@http-nio-8081-exec-2] Loading properties [C:\Users\usuario\Desktop\Workspace-22.0\Projects\Acme-Toolkits\target\classes\WEB-INF\views\fragments\messages-es.i18n] with encoding 'utf-8' 
2022-04-04 16:47:05.439 DEBUG [acme.framework.configuration.ExtendedMessageSource@http-nio-8081-exec-2] Loading properties [C:\Users\usuario\Desktop\Workspace-22.0\Projects\Acme-Toolkits\target\classes\WEB-INF\views\fragments\messsages-es.i18n] with encoding 'utf-8' 
2022-04-04 16:47:05.440 DEBUG [acme.framework.configuration.ExtendedMessageSource@http-nio-8081-exec-2] Loading properties [C:\Users\usuario\Desktop\Workspace-22.0\Projects\Acme-Toolkits\target\classes\WEB-INF\views\fragments\title-es.i18n] with encoding 'utf-8' 
2022-04-04 16:47:05.441 DEBUG [acme.framework.configuration.ExtendedMessageSource@http-nio-8081-exec-2] Loading properties [C:\Users\usuario\Desktop\Workspace-22.0\Projects\Acme-Toolkits\target\classes\WEB-INF\views\fragments\welcome-es.i18n] with encoding 'utf-8' 
2022-04-04 16:47:05.442 DEBUG [acme.framework.configuration.ExtendedMessageSource@http-nio-8081-exec-2] Loading properties [C:\Users\usuario\Desktop\Workspace-22.0\Projects\Acme-Toolkits\target\classes\WEB-INF\views\inventor\item\messages-es.i18n] with encoding 'utf-8' 
2022-04-04 16:47:05.443 DEBUG [acme.framework.configuration.ExtendedMessageSource@http-nio-8081-exec-2] Loading properties [C:\Users\usuario\Desktop\Workspace-22.0\Projects\Acme-Toolkits\target\classes\WEB-INF\views\master\defaults-es.i18n] with encoding 'utf-8' 
2022-04-04 16:47:05.444 DEBUG [acme.framework.configuration.ExtendedMessageSource@http-nio-8081-exec-2] Loading properties [C:\Users\usuario\Desktop\Workspace-22.0\Projects\Acme-Toolkits\target\classes\WEB-INF\views\master\master-es.i18n] with encoding 'utf-8' 
2022-04-04 16:47:05.445 DEBUG [acme.framework.configuration.ExtendedMessageSource@http-nio-8081-exec-2] Loading properties [C:\Users\usuario\Desktop\Workspace-22.0\Projects\Acme-Toolkits\target\classes\WEB-INF\views\master\throwables-es.i18n] with encoding 'utf-8' 
2022-04-04 16:47:05.445 DEBUG [acme.framework.configuration.ExtendedMessageSource@http-nio-8081-exec-2] Loading properties [C:\Users\usuario\Desktop\Workspace-22.0\Projects\Acme-Toolkits\target\classes\WEB-INF\views\master\validation-es.i18n] with encoding 'utf-8' 
2022-04-04 16:47:05.839 DEBUG [org.apache.jasper.servlet.JspServlet@http-nio-8081-exec-2] JspEngine --> /WEB-INF/views/fragments/welcome.jsp 
2022-04-04 16:47:05.840 DEBUG [org.apache.jasper.servlet.JspServlet@http-nio-8081-exec-2] ServletPath: /WEB-INF/views/master/page.jsp 
2022-04-04 16:47:05.840 DEBUG [org.apache.jasper.servlet.JspServlet@http-nio-8081-exec-2] PathInfo: null 
2022-04-04 16:47:05.841 DEBUG [org.apache.jasper.servlet.JspServlet@http-nio-8081-exec-2] RealPath: C:\Users\usuario\Desktop\Workspace-22.0\Projects\Acme-Toolkits\target\classes\WEB-INF\views\fragments\welcome.jsp 
2022-04-04 16:47:05.842 DEBUG [org.apache.jasper.servlet.JspServlet@http-nio-8081-exec-2] RequestURI: /acme-toolkits-22.1/WEB-INF/views/master/page.jsp 
2022-04-04 16:47:05.842 DEBUG [org.apache.jasper.servlet.JspServlet@http-nio-8081-exec-2] QueryString: null 
2022-04-04 16:47:10.493 DEBUG [acme.framework.controllers.AbstractController@http-nio-8081-exec-8] DISPATCHING GET /acme-toolkits-22.1/any/toolkit/list-all 
2022-04-04 16:47:10.493 DEBUG [acme.framework.controllers.AbstractController@http-nio-8081-exec-8] Command: list-all 
2022-04-04 16:47:10.493 DEBUG [acme.framework.controllers.AbstractController@http-nio-8081-exec-8] Model:   {} 
2022-04-04 16:47:10.493 DEBUG [acme.framework.controllers.AbstractController@http-nio-8081-exec-8] Locale:  es 
2022-04-04 16:47:10.524 DEBUG [org.hibernate.SQL@http-nio-8081-exec-8] select toolkit0_.id as id1_0_, toolkit0_.version as version2_0_, toolkit0_.assembly_notes as assembly1_16_, toolkit0_.code as code2_16_, toolkit0_.description as descript3_16_, toolkit0_.link as link4_16_, toolkit0_.published as publishe5_16_, toolkit0_.title as title6_16_ from toolkit toolkit0_ where toolkit0_.published=1 
2022-04-04 16:47:10.566 DEBUG [acme.framework.controllers.AbstractController@http-nio-8081-exec-8] SERVING GET /acme-toolkits-22.1/any/toolkit/list-all 
2022-04-04 16:47:10.566 DEBUG [acme.framework.controllers.AbstractController@http-nio-8081-exec-8] Result: ModelAndView [view="any/toolkit/list"; model={description[0]=Description 1, code[0]=ABC-123, version[0]=0, title[0]=Title 1, id[0]=24, list$size=1, command=list-all, principal=acme.framework.entities.Principal@13c37521}] 
2022-04-04 16:47:10.576 DEBUG [acme.framework.components.tiles.DynamicTilesView@http-nio-8081-exec-8] View name 'any/toolkit/list', model {description[0]=Description 1, code[0]=ABC-123, version[0]=0, title[0]=Title 1, id[0]=24, list$size=1, command=list-all, principal=acme.framework.entities.Principal@13c37521, org.springframework.validation.BindingResult.principal=org.springframework.validation.BeanPropertyBindingResult: 0 errors} 
2022-04-04 16:47:10.577 DEBUG [org.apache.jasper.servlet.JspServlet@http-nio-8081-exec-8] JspEngine --> /WEB-INF/views/master/page.jsp 
2022-04-04 16:47:10.578 DEBUG [org.apache.jasper.servlet.JspServlet@http-nio-8081-exec-8] ServletPath: /WEB-INF/views/master/page.jsp 
2022-04-04 16:47:10.578 DEBUG [org.apache.jasper.servlet.JspServlet@http-nio-8081-exec-8] PathInfo: null 
2022-04-04 16:47:10.581 DEBUG [org.apache.jasper.servlet.JspServlet@http-nio-8081-exec-8] RealPath: C:\Users\usuario\Desktop\Workspace-22.0\Projects\Acme-Toolkits\target\classes\WEB-INF\views\master\page.jsp 
2022-04-04 16:47:10.581 DEBUG [org.apache.jasper.servlet.JspServlet@http-nio-8081-exec-8] RequestURI: /acme-toolkits-22.1/WEB-INF/views/master/page.jsp 
2022-04-04 16:47:10.582 DEBUG [org.apache.jasper.servlet.JspServlet@http-nio-8081-exec-8] QueryString: null 
2022-04-04 16:47:10.876 DEBUG [org.apache.jasper.servlet.JspServlet@http-nio-8081-exec-8] JspEngine --> /WEB-INF/views/any/toolkit/list.jsp 
2022-04-04 16:47:10.877 DEBUG [org.apache.jasper.servlet.JspServlet@http-nio-8081-exec-8] ServletPath: /WEB-INF/views/master/page.jsp 
2022-04-04 16:47:10.877 DEBUG [org.apache.jasper.servlet.JspServlet@http-nio-8081-exec-8] PathInfo: null 
2022-04-04 16:47:10.879 DEBUG [org.apache.jasper.servlet.JspServlet@http-nio-8081-exec-8] RealPath: C:\Users\usuario\Desktop\Workspace-22.0\Projects\Acme-Toolkits\target\classes\WEB-INF\views\any\toolkit\list.jsp 
2022-04-04 16:47:10.879 DEBUG [org.apache.jasper.servlet.JspServlet@http-nio-8081-exec-8] RequestURI: /acme-toolkits-22.1/WEB-INF/views/master/page.jsp 
2022-04-04 16:47:10.880 DEBUG [org.apache.jasper.servlet.JspServlet@http-nio-8081-exec-8] QueryString: null 
2022-04-04 16:52:14.519 DEBUG [acme.framework.components.tiles.DynamicTilesView@http-nio-8081-exec-6] View name 'fragments/welcome', model {} 
2022-04-04 16:52:14.520 DEBUG [org.apache.jasper.servlet.JspServlet@http-nio-8081-exec-6] JspEngine --> /WEB-INF/views/master/page.jsp 
2022-04-04 16:52:14.521 DEBUG [org.apache.jasper.servlet.JspServlet@http-nio-8081-exec-6] ServletPath: /WEB-INF/views/master/page.jsp 
2022-04-04 16:52:14.522 DEBUG [org.apache.jasper.servlet.JspServlet@http-nio-8081-exec-6] PathInfo: null 
2022-04-04 16:52:14.524 DEBUG [org.apache.jasper.servlet.JspServlet@http-nio-8081-exec-6] RealPath: C:\Users\usuario\Desktop\Workspace-22.0\Projects\Acme-Toolkits\target\classes\WEB-INF\views\master\page.jsp 
2022-04-04 16:52:14.526 DEBUG [org.apache.jasper.servlet.JspServlet@http-nio-8081-exec-6] RequestURI: /acme-toolkits-22.1/WEB-INF/views/master/page.jsp 
2022-04-04 16:52:14.527 DEBUG [org.apache.jasper.servlet.JspServlet@http-nio-8081-exec-6] QueryString: null 
2022-04-04 16:52:14.761 DEBUG [org.apache.jasper.servlet.JspServlet@http-nio-8081-exec-6] JspEngine --> /WEB-INF/views/fragments/welcome.jsp 
2022-04-04 16:52:14.762 DEBUG [org.apache.jasper.servlet.JspServlet@http-nio-8081-exec-6] ServletPath: /WEB-INF/views/master/page.jsp 
2022-04-04 16:52:14.762 DEBUG [org.apache.jasper.servlet.JspServlet@http-nio-8081-exec-6] PathInfo: null 
2022-04-04 16:52:14.764 DEBUG [org.apache.jasper.servlet.JspServlet@http-nio-8081-exec-6] RealPath: C:\Users\usuario\Desktop\Workspace-22.0\Projects\Acme-Toolkits\target\classes\WEB-INF\views\fragments\welcome.jsp 
2022-04-04 16:52:14.765 DEBUG [org.apache.jasper.servlet.JspServlet@http-nio-8081-exec-6] RequestURI: /acme-toolkits-22.1/WEB-INF/views/master/page.jsp 
2022-04-04 16:52:14.765 DEBUG [org.apache.jasper.servlet.JspServlet@http-nio-8081-exec-6] QueryString: null 
2022-04-04 16:52:17.093 DEBUG [acme.framework.controllers.AbstractController@http-nio-8081-exec-4] DISPATCHING GET /acme-toolkits-22.1/any/toolkit/list-all 
2022-04-04 16:52:17.093 DEBUG [acme.framework.controllers.AbstractController@http-nio-8081-exec-4] Command: list-all 
2022-04-04 16:52:17.093 DEBUG [acme.framework.controllers.AbstractController@http-nio-8081-exec-4] Model:   {} 
2022-04-04 16:52:17.093 DEBUG [acme.framework.controllers.AbstractController@http-nio-8081-exec-4] Locale:  es 
2022-04-04 16:52:17.095 DEBUG [org.hibernate.SQL@http-nio-8081-exec-4] select toolkit0_.id as id1_0_, toolkit0_.version as version2_0_, toolkit0_.assembly_notes as assembly1_16_, toolkit0_.code as code2_16_, toolkit0_.description as descript3_16_, toolkit0_.link as link4_16_, toolkit0_.published as publishe5_16_, toolkit0_.title as title6_16_ from toolkit toolkit0_ where toolkit0_.published=1 
2022-04-04 16:52:17.100 DEBUG [acme.framework.controllers.AbstractController@http-nio-8081-exec-4] SERVING GET /acme-toolkits-22.1/any/toolkit/list-all 
2022-04-04 16:52:17.100 DEBUG [acme.framework.controllers.AbstractController@http-nio-8081-exec-4] Result: ModelAndView [view="any/toolkit/list"; model={description[0]=Description 1, code[0]=ABC-123, version[0]=0, title[0]=Title 1, id[0]=24, list$size=1, command=list-all, principal=acme.framework.entities.Principal@13c37521}] 
2022-04-04 16:52:17.100 DEBUG [acme.framework.components.tiles.DynamicTilesView@http-nio-8081-exec-4] View name 'any/toolkit/list', model {description[0]=Description 1, code[0]=ABC-123, version[0]=0, title[0]=Title 1, id[0]=24, list$size=1, command=list-all, principal=acme.framework.entities.Principal@13c37521, org.springframework.validation.BindingResult.principal=org.springframework.validation.BeanPropertyBindingResult: 0 errors} 
2022-04-04 16:52:17.101 DEBUG [org.apache.jasper.servlet.JspServlet@http-nio-8081-exec-4] JspEngine --> /WEB-INF/views/master/page.jsp 
2022-04-04 16:52:17.101 DEBUG [org.apache.jasper.servlet.JspServlet@http-nio-8081-exec-4] ServletPath: /WEB-INF/views/master/page.jsp 
2022-04-04 16:52:17.101 DEBUG [org.apache.jasper.servlet.JspServlet@http-nio-8081-exec-4] PathInfo: null 
2022-04-04 16:52:17.102 DEBUG [org.apache.jasper.servlet.JspServlet@http-nio-8081-exec-4] RealPath: C:\Users\usuario\Desktop\Workspace-22.0\Projects\Acme-Toolkits\target\classes\WEB-INF\views\master\page.jsp 
2022-04-04 16:52:17.102 DEBUG [org.apache.jasper.servlet.JspServlet@http-nio-8081-exec-4] RequestURI: /acme-toolkits-22.1/WEB-INF/views/master/page.jsp 
2022-04-04 16:52:17.102 DEBUG [org.apache.jasper.servlet.JspServlet@http-nio-8081-exec-4] QueryString: null 
2022-04-04 16:52:17.317 DEBUG [org.apache.jasper.servlet.JspServlet@http-nio-8081-exec-4] JspEngine --> /WEB-INF/views/any/toolkit/list.jsp 
2022-04-04 16:52:17.317 DEBUG [org.apache.jasper.servlet.JspServlet@http-nio-8081-exec-4] ServletPath: /WEB-INF/views/master/page.jsp 
2022-04-04 16:52:17.317 DEBUG [org.apache.jasper.servlet.JspServlet@http-nio-8081-exec-4] PathInfo: null 
2022-04-04 16:52:17.319 DEBUG [org.apache.jasper.servlet.JspServlet@http-nio-8081-exec-4] RealPath: C:\Users\usuario\Desktop\Workspace-22.0\Projects\Acme-Toolkits\target\classes\WEB-INF\views\any\toolkit\list.jsp 
2022-04-04 16:52:17.320 DEBUG [org.apache.jasper.servlet.JspServlet@http-nio-8081-exec-4] RequestURI: /acme-toolkits-22.1/WEB-INF/views/master/page.jsp 
2022-04-04 16:52:17.320 DEBUG [org.apache.jasper.servlet.JspServlet@http-nio-8081-exec-4] QueryString: null 
2022-04-04 16:52:27.158 DEBUG [acme.framework.controllers.AbstractController@http-nio-8081-exec-8] DISPATCHING GET /acme-toolkits-22.1/any/toolkit/list-all 
2022-04-04 16:52:27.159 DEBUG [acme.framework.controllers.AbstractController@http-nio-8081-exec-8] Command: list-all 
2022-04-04 16:52:27.159 DEBUG [acme.framework.controllers.AbstractController@http-nio-8081-exec-8] Model:   {} 
2022-04-04 16:52:27.159 DEBUG [acme.framework.controllers.AbstractController@http-nio-8081-exec-8] Locale:  es 
2022-04-04 16:52:27.161 DEBUG [org.hibernate.SQL@http-nio-8081-exec-8] select toolkit0_.id as id1_0_, toolkit0_.version as version2_0_, toolkit0_.assembly_notes as assembly1_16_, toolkit0_.code as code2_16_, toolkit0_.description as descript3_16_, toolkit0_.link as link4_16_, toolkit0_.published as publishe5_16_, toolkit0_.title as title6_16_ from toolkit toolkit0_ where toolkit0_.published=1 
2022-04-04 16:52:27.164 DEBUG [acme.framework.controllers.AbstractController@http-nio-8081-exec-8] SERVING GET /acme-toolkits-22.1/any/toolkit/list-all 
2022-04-04 16:52:27.164 DEBUG [acme.framework.controllers.AbstractController@http-nio-8081-exec-8] Result: ModelAndView [view="any/toolkit/list"; model={description[0]=Description 1, code[0]=ABC-123, version[0]=0, title[0]=Title 1, id[0]=24, list$size=1, command=list-all, principal=acme.framework.entities.Principal@13c37521}] 
2022-04-04 16:52:27.164 DEBUG [acme.framework.components.tiles.DynamicTilesView@http-nio-8081-exec-8] View name 'any/toolkit/list', model {description[0]=Description 1, code[0]=ABC-123, version[0]=0, title[0]=Title 1, id[0]=24, list$size=1, command=list-all, principal=acme.framework.entities.Principal@13c37521, org.springframework.validation.BindingResult.principal=org.springframework.validation.BeanPropertyBindingResult: 0 errors} 
2022-04-04 16:52:27.165 DEBUG [org.apache.jasper.servlet.JspServlet@http-nio-8081-exec-8] JspEngine --> /WEB-INF/views/master/page.jsp 
2022-04-04 16:52:27.165 DEBUG [org.apache.jasper.servlet.JspServlet@http-nio-8081-exec-8] ServletPath: /WEB-INF/views/master/page.jsp 
2022-04-04 16:52:27.165 DEBUG [org.apache.jasper.servlet.JspServlet@http-nio-8081-exec-8] PathInfo: null 
2022-04-04 16:52:27.166 DEBUG [org.apache.jasper.servlet.JspServlet@http-nio-8081-exec-8] RealPath: C:\Users\usuario\Desktop\Workspace-22.0\Projects\Acme-Toolkits\target\classes\WEB-INF\views\master\page.jsp 
2022-04-04 16:52:27.167 DEBUG [org.apache.jasper.servlet.JspServlet@http-nio-8081-exec-8] RequestURI: /acme-toolkits-22.1/WEB-INF/views/master/page.jsp 
2022-04-04 16:52:27.168 DEBUG [org.apache.jasper.servlet.JspServlet@http-nio-8081-exec-8] QueryString: null 
2022-04-04 16:52:27.357 DEBUG [org.apache.jasper.servlet.JspServlet@http-nio-8081-exec-8] JspEngine --> /WEB-INF/views/any/toolkit/list.jsp 
2022-04-04 16:52:27.358 DEBUG [org.apache.jasper.servlet.JspServlet@http-nio-8081-exec-8] ServletPath: /WEB-INF/views/master/page.jsp 
2022-04-04 16:52:27.358 DEBUG [org.apache.jasper.servlet.JspServlet@http-nio-8081-exec-8] PathInfo: null 
2022-04-04 16:52:27.359 DEBUG [org.apache.jasper.servlet.JspServlet@http-nio-8081-exec-8] RealPath: C:\Users\usuario\Desktop\Workspace-22.0\Projects\Acme-Toolkits\target\classes\WEB-INF\views\any\toolkit\list.jsp 
2022-04-04 16:52:27.359 DEBUG [org.apache.jasper.servlet.JspServlet@http-nio-8081-exec-8] RequestURI: /acme-toolkits-22.1/WEB-INF/views/master/page.jsp 
2022-04-04 16:52:27.359 DEBUG [org.apache.jasper.servlet.JspServlet@http-nio-8081-exec-8] QueryString: null 
2022-04-04 16:52:44.013 DEBUG [acme.framework.controllers.AbstractController@http-nio-8081-exec-5] DISPATCHING GET /acme-toolkits-22.1/any/toolkit/list-all 
2022-04-04 16:52:44.014 DEBUG [acme.framework.controllers.AbstractController@http-nio-8081-exec-5] Command: list-all 
2022-04-04 16:52:44.014 DEBUG [acme.framework.controllers.AbstractController@http-nio-8081-exec-5] Model:   {} 
2022-04-04 16:52:44.014 DEBUG [acme.framework.controllers.AbstractController@http-nio-8081-exec-5] Locale:  es 
2022-04-04 16:52:44.016 DEBUG [org.hibernate.SQL@http-nio-8081-exec-5] select toolkit0_.id as id1_0_, toolkit0_.version as version2_0_, toolkit0_.assembly_notes as assembly1_16_, toolkit0_.code as code2_16_, toolkit0_.description as descript3_16_, toolkit0_.link as link4_16_, toolkit0_.published as publishe5_16_, toolkit0_.title as title6_16_ from toolkit toolkit0_ where toolkit0_.published=1 
2022-04-04 16:52:44.020 DEBUG [acme.framework.controllers.AbstractController@http-nio-8081-exec-5] SERVING GET /acme-toolkits-22.1/any/toolkit/list-all 
2022-04-04 16:52:44.020 DEBUG [acme.framework.controllers.AbstractController@http-nio-8081-exec-5] Result: ModelAndView [view="any/toolkit/list"; model={description[0]=Description 1, code[0]=ABC-123, version[0]=0, title[0]=Title 1, id[0]=24, list$size=1, command=list-all, principal=acme.framework.entities.Principal@13c37521}] 
2022-04-04 16:52:44.020 DEBUG [acme.framework.components.tiles.DynamicTilesView@http-nio-8081-exec-5] View name 'any/toolkit/list', model {description[0]=Description 1, code[0]=ABC-123, version[0]=0, title[0]=Title 1, id[0]=24, list$size=1, command=list-all, principal=acme.framework.entities.Principal@13c37521, org.springframework.validation.BindingResult.principal=org.springframework.validation.BeanPropertyBindingResult: 0 errors} 
2022-04-04 16:52:44.021 DEBUG [org.apache.jasper.servlet.JspServlet@http-nio-8081-exec-5] JspEngine --> /WEB-INF/views/master/page.jsp 
2022-04-04 16:52:44.022 DEBUG [org.apache.jasper.servlet.JspServlet@http-nio-8081-exec-5] ServletPath: /WEB-INF/views/master/page.jsp 
2022-04-04 16:52:44.022 DEBUG [org.apache.jasper.servlet.JspServlet@http-nio-8081-exec-5] PathInfo: null 
2022-04-04 16:52:44.023 DEBUG [org.apache.jasper.servlet.JspServlet@http-nio-8081-exec-5] RealPath: C:\Users\usuario\Desktop\Workspace-22.0\Projects\Acme-Toolkits\target\classes\WEB-INF\views\master\page.jsp 
2022-04-04 16:52:44.023 DEBUG [org.apache.jasper.servlet.JspServlet@http-nio-8081-exec-5] RequestURI: /acme-toolkits-22.1/WEB-INF/views/master/page.jsp 
2022-04-04 16:52:44.024 DEBUG [org.apache.jasper.servlet.JspServlet@http-nio-8081-exec-5] QueryString: null 
2022-04-04 16:52:44.233 DEBUG [org.apache.jasper.servlet.JspServlet@http-nio-8081-exec-5] JspEngine --> /WEB-INF/views/any/toolkit/list.jsp 
2022-04-04 16:52:44.233 DEBUG [org.apache.jasper.servlet.JspServlet@http-nio-8081-exec-5] ServletPath: /WEB-INF/views/master/page.jsp 
2022-04-04 16:52:44.234 DEBUG [org.apache.jasper.servlet.JspServlet@http-nio-8081-exec-5] PathInfo: null 
2022-04-04 16:52:44.235 DEBUG [org.apache.jasper.servlet.JspServlet@http-nio-8081-exec-5] RealPath: C:\Users\usuario\Desktop\Workspace-22.0\Projects\Acme-Toolkits\target\classes\WEB-INF\views\any\toolkit\list.jsp 
2022-04-04 16:52:44.235 DEBUG [org.apache.jasper.servlet.JspServlet@http-nio-8081-exec-5] RequestURI: /acme-toolkits-22.1/WEB-INF/views/master/page.jsp 
2022-04-04 16:52:44.236 DEBUG [org.apache.jasper.servlet.JspServlet@http-nio-8081-exec-5] QueryString: null 
2022-04-04 16:53:28.983 DEBUG [acme.framework.controllers.AbstractController@http-nio-8081-exec-10] DISPATCHING GET /acme-toolkits-22.1/any/toolkit/list-all 
2022-04-04 16:53:28.983 DEBUG [acme.framework.controllers.AbstractController@http-nio-8081-exec-10] Command: list-all 
2022-04-04 16:53:28.983 DEBUG [acme.framework.controllers.AbstractController@http-nio-8081-exec-10] Model:   {} 
2022-04-04 16:53:28.983 DEBUG [acme.framework.controllers.AbstractController@http-nio-8081-exec-10] Locale:  es 
2022-04-04 16:53:28.985 DEBUG [org.hibernate.SQL@http-nio-8081-exec-10] select toolkit0_.id as id1_0_, toolkit0_.version as version2_0_, toolkit0_.assembly_notes as assembly1_16_, toolkit0_.code as code2_16_, toolkit0_.description as descript3_16_, toolkit0_.link as link4_16_, toolkit0_.published as publishe5_16_, toolkit0_.title as title6_16_ from toolkit toolkit0_ where toolkit0_.published=1 
2022-04-04 16:53:28.989 DEBUG [acme.framework.controllers.AbstractController@http-nio-8081-exec-10] SERVING GET /acme-toolkits-22.1/any/toolkit/list-all 
2022-04-04 16:53:28.990 DEBUG [acme.framework.controllers.AbstractController@http-nio-8081-exec-10] Result: ModelAndView [view="any/toolkit/list"; model={description[0]=Description 1, code[0]=ABC-123, version[0]=0, title[0]=Title 1, id[0]=24, list$size=1, command=list-all, principal=acme.framework.entities.Principal@13c37521}] 
2022-04-04 16:53:28.990 DEBUG [acme.framework.components.tiles.DynamicTilesView@http-nio-8081-exec-10] View name 'any/toolkit/list', model {description[0]=Description 1, code[0]=ABC-123, version[0]=0, title[0]=Title 1, id[0]=24, list$size=1, command=list-all, principal=acme.framework.entities.Principal@13c37521, org.springframework.validation.BindingResult.principal=org.springframework.validation.BeanPropertyBindingResult: 0 errors} 
2022-04-04 16:53:28.991 DEBUG [org.apache.jasper.servlet.JspServlet@http-nio-8081-exec-10] JspEngine --> /WEB-INF/views/master/page.jsp 
2022-04-04 16:53:28.991 DEBUG [org.apache.jasper.servlet.JspServlet@http-nio-8081-exec-10] ServletPath: /WEB-INF/views/master/page.jsp 
2022-04-04 16:53:28.991 DEBUG [org.apache.jasper.servlet.JspServlet@http-nio-8081-exec-10] PathInfo: null 
2022-04-04 16:53:28.993 DEBUG [org.apache.jasper.servlet.JspServlet@http-nio-8081-exec-10] RealPath: C:\Users\usuario\Desktop\Workspace-22.0\Projects\Acme-Toolkits\target\classes\WEB-INF\views\master\page.jsp 
2022-04-04 16:53:28.994 DEBUG [org.apache.jasper.servlet.JspServlet@http-nio-8081-exec-10] RequestURI: /acme-toolkits-22.1/WEB-INF/views/master/page.jsp 
2022-04-04 16:53:28.994 DEBUG [org.apache.jasper.servlet.JspServlet@http-nio-8081-exec-10] QueryString: null 
2022-04-04 16:53:29.213 DEBUG [org.apache.jasper.servlet.JspServlet@http-nio-8081-exec-10] JspEngine --> /WEB-INF/views/any/toolkit/list.jsp 
2022-04-04 16:53:29.213 DEBUG [org.apache.jasper.servlet.JspServlet@http-nio-8081-exec-10] ServletPath: /WEB-INF/views/master/page.jsp 
2022-04-04 16:53:29.213 DEBUG [org.apache.jasper.servlet.JspServlet@http-nio-8081-exec-10] PathInfo: null 
2022-04-04 16:53:29.215 DEBUG [org.apache.jasper.servlet.JspServlet@http-nio-8081-exec-10] RealPath: C:\Users\usuario\Desktop\Workspace-22.0\Projects\Acme-Toolkits\target\classes\WEB-INF\views\any\toolkit\list.jsp 
2022-04-04 16:53:29.216 DEBUG [org.apache.jasper.servlet.JspServlet@http-nio-8081-exec-10] RequestURI: /acme-toolkits-22.1/WEB-INF/views/master/page.jsp 
2022-04-04 16:53:29.216 DEBUG [org.apache.jasper.servlet.JspServlet@http-nio-8081-exec-10] QueryString: null 
