2022-04-23 11:28:48.720 INFO  [acme.Launcher@main] Starting Launcher using Java 1.8.0_281 on DESKTOP-N8OS56S with PID 4576 (C:\Users\usuario\Desktop\Workspace-22.0\Frameworks\Acme-Framework-22.3\target\classes started by usuario in C:\Users\usuario\Desktop\Workspace-22.0\Projects\Acme-Toolkits) 
2022-04-23 11:28:48.721 DEBUG [acme.Launcher@main] Running with Spring Boot v2.4.2, Spring v5.3.3 
2022-04-23 11:28:48.723 INFO  [acme.Launcher@main] The following profiles are active: development,default 
2022-04-23 11:28:56.769 DEBUG [org.apache.jasper.servlet.JasperInitializer@main] Initializing Jasper for context [application] 
2022-04-23 11:29:13.281 DEBUG [org.apache.jasper.servlet.JspServlet@main] Scratch dir for the JSP engine is: [C:\Users\usuario\AppData\Local\Temp\tomcat.8081.6486521106932561502\work\Tomcat\localhost\acme-toolkits-22.1] 
2022-04-23 11:29:13.282 DEBUG [org.apache.jasper.servlet.JspServlet@main] IMPORTANT: Do not modify the generated servlets 
2022-04-23 11:29:13.346 INFO  [acme.Launcher@main] Started Launcher in 27.276 seconds (JVM running for 29.073) 
2022-04-23 11:29:13.357 DEBUG [acme.Launcher@main] Found classpath entry '/C:/Users/usuario/Desktop/Workspace-22.0/Projects/Acme-Toolkits/target/test-classes/' 
2022-04-23 11:29:13.358 DEBUG [acme.Launcher@main] Found classpath entry '/C:/Users/usuario/Desktop/Workspace-22.0/Projects/Acme-Toolkits/target/classes/' 
2022-04-23 11:29:13.358 DEBUG [acme.Launcher@main] Found classpath entry '/C:/Users/usuario/Desktop/Workspace-22.0/Frameworks/Acme-Framework-22.3/target/classes/' 
2022-04-23 11:29:13.358 DEBUG [acme.Launcher@main] Found classpath entry '/C:/Users/usuario/Desktop/Workspace-22.0/Frameworks/Acme-Framework-22.3/target/test-classes/' 
2022-04-23 11:29:13.360 DEBUG [acme.Launcher@main] Found classpath entry '/C:/Users/usuario/.m2/repository/org/springframework/boot/spring-boot-starter-tomcat/2.4.2/spring-boot-starter-tomcat-2.4.2.jar' 
2022-04-23 11:29:13.367 DEBUG [acme.Launcher@main] Found classpath entry '/C:/Users/usuario/.m2/repository/jakarta/annotation/jakarta.annotation-api/1.3.5/jakarta.annotation-api-1.3.5.jar' 
2022-04-23 11:29:13.367 DEBUG [acme.Launcher@main] Found classpath entry '/C:/Users/usuario/.m2/repository/org/apache/tomcat/embed/tomcat-embed-core/9.0.41/tomcat-embed-core-9.0.41.jar' 
2022-04-23 11:29:13.367 DEBUG [acme.Launcher@main] Found classpath entry '/C:/Users/usuario/.m2/repository/org/glassfish/jakarta.el/3.0.3/jakarta.el-3.0.3.jar' 
2022-04-23 11:29:13.368 DEBUG [acme.Launcher@main] Found classpath entry '/C:/Users/usuario/.m2/repository/org/apache/tomcat/embed/tomcat-embed-websocket/9.0.41/tomcat-embed-websocket-9.0.41.jar' 
2022-04-23 11:29:13.368 DEBUG [acme.Launcher@main] Found classpath entry '/C:/Users/usuario/.m2/repository/org/apache/tomcat/embed/tomcat-embed-jasper/9.0.41/tomcat-embed-jasper-9.0.41.jar' 
2022-04-23 11:29:13.368 DEBUG [acme.Launcher@main] Found classpath entry '/C:/Users/usuario/.m2/repository/org/apache/tomcat/embed/tomcat-embed-el/9.0.41/tomcat-embed-el-9.0.41.jar' 
2022-04-23 11:29:13.368 DEBUG [acme.Launcher@main] Found classpath entry '/C:/Users/usuario/.m2/repository/org/eclipse/jdt/ecj/3.18.0/ecj-3.18.0.jar' 
2022-04-23 11:29:13.368 DEBUG [acme.Launcher@main] Found classpath entry '/C:/Users/usuario/.m2/repository/javax/servlet/jstl/1.2/jstl-1.2.jar' 
2022-04-23 11:29:13.369 DEBUG [acme.Launcher@main] Found classpath entry '/C:/Users/usuario/.m2/repository/org/springframework/boot/spring-boot-starter-test/2.4.2/spring-boot-starter-test-2.4.2.jar' 
2022-04-23 11:29:13.371 DEBUG [acme.Launcher@main] Found classpath entry '/C:/Users/usuario/.m2/repository/org/springframework/boot/spring-boot-starter/2.4.2/spring-boot-starter-2.4.2.jar' 
2022-04-23 11:29:13.372 DEBUG [acme.Launcher@main] Found classpath entry '/C:/Users/usuario/.m2/repository/org/springframework/boot/spring-boot/2.4.2/spring-boot-2.4.2.jar' 
2022-04-23 11:29:13.372 DEBUG [acme.Launcher@main] Found classpath entry '/C:/Users/usuario/.m2/repository/org/springframework/boot/spring-boot-autoconfigure/2.4.2/spring-boot-autoconfigure-2.4.2.jar' 
2022-04-23 11:29:13.375 DEBUG [acme.Launcher@main] Found classpath entry '/C:/Users/usuario/.m2/repository/org/springframework/boot/spring-boot-starter-logging/2.4.2/spring-boot-starter-logging-2.4.2.jar' 
2022-04-23 11:29:13.375 DEBUG [acme.Launcher@main] Found classpath entry '/C:/Users/usuario/.m2/repository/ch/qos/logback/logback-classic/1.2.3/logback-classic-1.2.3.jar' 
2022-04-23 11:29:13.375 DEBUG [acme.Launcher@main] Found classpath entry '/C:/Users/usuario/.m2/repository/ch/qos/logback/logback-core/1.2.3/logback-core-1.2.3.jar' 
2022-04-23 11:29:13.375 DEBUG [acme.Launcher@main] Found classpath entry '/C:/Users/usuario/.m2/repository/org/apache/logging/log4j/log4j-to-slf4j/2.13.3/log4j-to-slf4j-2.13.3.jar' 
2022-04-23 11:29:13.376 DEBUG [acme.Launcher@main] Found classpath entry '/C:/Users/usuario/.m2/repository/org/apache/logging/log4j/log4j-api/2.13.3/log4j-api-2.13.3.jar' 
2022-04-23 11:29:13.376 DEBUG [acme.Launcher@main] Found classpath entry '/C:/Users/usuario/.m2/repository/org/slf4j/jul-to-slf4j/1.7.30/jul-to-slf4j-1.7.30.jar' 
2022-04-23 11:29:13.376 DEBUG [acme.Launcher@main] Found classpath entry '/C:/Users/usuario/.m2/repository/org/yaml/snakeyaml/1.27/snakeyaml-1.27.jar' 
2022-04-23 11:29:13.376 DEBUG [acme.Launcher@main] Found classpath entry '/C:/Users/usuario/.m2/repository/org/springframework/boot/spring-boot-test/2.4.2/spring-boot-test-2.4.2.jar' 
2022-04-23 11:29:13.376 DEBUG [acme.Launcher@main] Found classpath entry '/C:/Users/usuario/.m2/repository/org/springframework/boot/spring-boot-test-autoconfigure/2.4.2/spring-boot-test-autoconfigure-2.4.2.jar' 
2022-04-23 11:29:13.376 DEBUG [acme.Launcher@main] Found classpath entry '/C:/Users/usuario/.m2/repository/com/jayway/jsonpath/json-path/2.4.0/json-path-2.4.0.jar' 
2022-04-23 11:29:13.377 DEBUG [acme.Launcher@main] Found classpath entry '/C:/Users/usuario/.m2/repository/net/minidev/json-smart/2.3/json-smart-2.3.jar' 
2022-04-23 11:29:13.377 DEBUG [acme.Launcher@main] Found classpath entry '/C:/Users/usuario/.m2/repository/net/minidev/accessors-smart/1.2/accessors-smart-1.2.jar' 
2022-04-23 11:29:13.377 DEBUG [acme.Launcher@main] Found classpath entry '/C:/Users/usuario/.m2/repository/org/ow2/asm/asm/5.0.4/asm-5.0.4.jar' 
2022-04-23 11:29:13.377 DEBUG [acme.Launcher@main] Found classpath entry '/C:/Users/usuario/.m2/repository/jakarta/xml/bind/jakarta.xml.bind-api/2.3.3/jakarta.xml.bind-api-2.3.3.jar' 
2022-04-23 11:29:13.377 DEBUG [acme.Launcher@main] Found classpath entry '/C:/Users/usuario/.m2/repository/jakarta/activation/jakarta.activation-api/1.2.2/jakarta.activation-api-1.2.2.jar' 
2022-04-23 11:29:13.377 DEBUG [acme.Launcher@main] Found classpath entry '/C:/Users/usuario/.m2/repository/org/assertj/assertj-core/3.18.1/assertj-core-3.18.1.jar' 
2022-04-23 11:29:13.378 DEBUG [acme.Launcher@main] Found classpath entry '/C:/Users/usuario/.m2/repository/org/hamcrest/hamcrest/2.2/hamcrest-2.2.jar' 
2022-04-23 11:29:13.378 DEBUG [acme.Launcher@main] Found classpath entry '/C:/Users/usuario/.m2/repository/org/junit/jupiter/junit-jupiter/5.7.0/junit-jupiter-5.7.0.jar' 
2022-04-23 11:29:13.378 DEBUG [acme.Launcher@main] Found classpath entry '/C:/Users/usuario/.m2/repository/org/mockito/mockito-core/3.6.28/mockito-core-3.6.28.jar' 
2022-04-23 11:29:13.378 DEBUG [acme.Launcher@main] Found classpath entry '/C:/Users/usuario/.m2/repository/net/bytebuddy/byte-buddy-agent/1.10.19/byte-buddy-agent-1.10.19.jar' 
2022-04-23 11:29:13.378 DEBUG [acme.Launcher@main] Found classpath entry '/C:/Users/usuario/.m2/repository/org/objenesis/objenesis/3.1/objenesis-3.1.jar' 
2022-04-23 11:29:13.378 DEBUG [acme.Launcher@main] Found classpath entry '/C:/Users/usuario/.m2/repository/org/mockito/mockito-junit-jupiter/3.6.28/mockito-junit-jupiter-3.6.28.jar' 
2022-04-23 11:29:13.382 DEBUG [acme.Launcher@main] Found classpath entry '/C:/Users/usuario/.m2/repository/org/skyscreamer/jsonassert/1.5.0/jsonassert-1.5.0.jar' 
2022-04-23 11:29:13.386 DEBUG [acme.Launcher@main] Found classpath entry '/C:/Users/usuario/.m2/repository/com/vaadin/external/google/android-json/0.0.20131108.vaadin1/android-json-0.0.20131108.vaadin1.jar' 
2022-04-23 11:29:13.386 DEBUG [acme.Launcher@main] Found classpath entry '/C:/Users/usuario/.m2/repository/org/springframework/spring-core/5.3.3/spring-core-5.3.3.jar' 
2022-04-23 11:29:13.388 DEBUG [acme.Launcher@main] Found classpath entry '/C:/Users/usuario/.m2/repository/org/springframework/spring-jcl/5.3.3/spring-jcl-5.3.3.jar' 
2022-04-23 11:29:13.388 DEBUG [acme.Launcher@main] Found classpath entry '/C:/Users/usuario/.m2/repository/org/springframework/spring-test/5.3.3/spring-test-5.3.3.jar' 
2022-04-23 11:29:13.388 DEBUG [acme.Launcher@main] Found classpath entry '/C:/Users/usuario/.m2/repository/org/xmlunit/xmlunit-core/2.7.0/xmlunit-core-2.7.0.jar' 
2022-04-23 11:29:13.389 DEBUG [acme.Launcher@main] Found classpath entry '/C:/Users/usuario/.m2/repository/org/springframework/boot/spring-boot-starter-security/2.4.2/spring-boot-starter-security-2.4.2.jar' 
2022-04-23 11:29:13.389 DEBUG [acme.Launcher@main] Found classpath entry '/C:/Users/usuario/.m2/repository/org/springframework/spring-aop/5.3.3/spring-aop-5.3.3.jar' 
2022-04-23 11:29:13.389 DEBUG [acme.Launcher@main] Found classpath entry '/C:/Users/usuario/.m2/repository/org/springframework/security/spring-security-web/5.4.2/spring-security-web-5.4.2.jar' 
2022-04-23 11:29:13.390 DEBUG [acme.Launcher@main] Found classpath entry '/C:/Users/usuario/.m2/repository/org/springframework/security/spring-security-core/5.4.2/spring-security-core-5.4.2.jar' 
2022-04-23 11:29:13.391 DEBUG [acme.Launcher@main] Found classpath entry '/C:/Users/usuario/.m2/repository/org/springframework/spring-beans/5.3.3/spring-beans-5.3.3.jar' 
2022-04-23 11:29:13.391 DEBUG [acme.Launcher@main] Found classpath entry '/C:/Users/usuario/.m2/repository/org/springframework/spring-context/5.3.3/spring-context-5.3.3.jar' 
2022-04-23 11:29:13.392 DEBUG [acme.Launcher@main] Found classpath entry '/C:/Users/usuario/.m2/repository/org/springframework/spring-expression/5.3.3/spring-expression-5.3.3.jar' 
2022-04-23 11:29:13.392 DEBUG [acme.Launcher@main] Found classpath entry '/C:/Users/usuario/.m2/repository/org/springframework/spring-web/5.3.3/spring-web-5.3.3.jar' 
2022-04-23 11:29:13.392 DEBUG [acme.Launcher@main] Found classpath entry '/C:/Users/usuario/.m2/repository/org/springframework/security/spring-security-config/5.4.2/spring-security-config-5.4.2.jar' 
2022-04-23 11:29:13.395 DEBUG [acme.Launcher@main] Found classpath entry '/C:/Users/usuario/.m2/repository/org/springframework/security/spring-security-taglibs/5.4.2/spring-security-taglibs-5.4.2.jar' 
2022-04-23 11:29:13.395 DEBUG [acme.Launcher@main] Found classpath entry '/C:/Users/usuario/.m2/repository/org/springframework/security/spring-security-acl/5.4.2/spring-security-acl-5.4.2.jar' 
2022-04-23 11:29:13.401 DEBUG [acme.Launcher@main] Found classpath entry '/C:/Users/usuario/.m2/repository/org/springframework/spring-jdbc/5.3.3/spring-jdbc-5.3.3.jar' 
2022-04-23 11:29:13.402 DEBUG [acme.Launcher@main] Found classpath entry '/C:/Users/usuario/.m2/repository/org/springframework/spring-tx/5.3.3/spring-tx-5.3.3.jar' 
2022-04-23 11:29:13.403 DEBUG [acme.Launcher@main] Found classpath entry '/C:/Users/usuario/.m2/repository/org/springframework/boot/spring-boot-starter-web/2.4.2/spring-boot-starter-web-2.4.2.jar' 
2022-04-23 11:29:13.405 DEBUG [acme.Launcher@main] Found classpath entry '/C:/Users/usuario/.m2/repository/org/springframework/boot/spring-boot-starter-json/2.4.2/spring-boot-starter-json-2.4.2.jar' 
2022-04-23 11:29:13.405 DEBUG [acme.Launcher@main] Found classpath entry '/C:/Users/usuario/.m2/repository/com/fasterxml/jackson/core/jackson-databind/2.11.4/jackson-databind-2.11.4.jar' 
2022-04-23 11:29:13.406 DEBUG [acme.Launcher@main] Found classpath entry '/C:/Users/usuario/.m2/repository/com/fasterxml/jackson/core/jackson-annotations/2.11.4/jackson-annotations-2.11.4.jar' 
2022-04-23 11:29:13.406 DEBUG [acme.Launcher@main] Found classpath entry '/C:/Users/usuario/.m2/repository/com/fasterxml/jackson/core/jackson-core/2.11.4/jackson-core-2.11.4.jar' 
2022-04-23 11:29:13.406 DEBUG [acme.Launcher@main] Found classpath entry '/C:/Users/usuario/.m2/repository/com/fasterxml/jackson/datatype/jackson-datatype-jdk8/2.11.4/jackson-datatype-jdk8-2.11.4.jar' 
2022-04-23 11:29:13.406 DEBUG [acme.Launcher@main] Found classpath entry '/C:/Users/usuario/.m2/repository/com/fasterxml/jackson/datatype/jackson-datatype-jsr310/2.11.4/jackson-datatype-jsr310-2.11.4.jar' 
2022-04-23 11:29:13.407 DEBUG [acme.Launcher@main] Found classpath entry '/C:/Users/usuario/.m2/repository/com/fasterxml/jackson/module/jackson-module-parameter-names/2.11.4/jackson-module-parameter-names-2.11.4.jar' 
2022-04-23 11:29:13.408 DEBUG [acme.Launcher@main] Found classpath entry '/C:/Users/usuario/.m2/repository/org/springframework/spring-webmvc/5.3.3/spring-webmvc-5.3.3.jar' 
2022-04-23 11:29:13.409 DEBUG [acme.Launcher@main] Found classpath entry '/C:/Users/usuario/.m2/repository/org/apache/tiles/tiles-jsp/3.0.8/tiles-jsp-3.0.8.jar' 
2022-04-23 11:29:13.409 DEBUG [acme.Launcher@main] Found classpath entry '/C:/Users/usuario/.m2/repository/org/apache/tiles/tiles-servlet/3.0.8/tiles-servlet-3.0.8.jar' 
2022-04-23 11:29:13.409 DEBUG [acme.Launcher@main] Found classpath entry '/C:/Users/usuario/.m2/repository/org/apache/tiles/tiles-core/3.0.8/tiles-core-3.0.8.jar' 
2022-04-23 11:29:13.410 DEBUG [acme.Launcher@main] Found classpath entry '/C:/Users/usuario/.m2/repository/commons-digester/commons-digester/2.0/commons-digester-2.0.jar' 
2022-04-23 11:29:13.410 DEBUG [acme.Launcher@main] Found classpath entry '/C:/Users/usuario/.m2/repository/org/slf4j/jcl-over-slf4j/1.7.30/jcl-over-slf4j-1.7.30.jar' 
2022-04-23 11:29:13.410 DEBUG [acme.Launcher@main] Found classpath entry '/C:/Users/usuario/.m2/repository/org/apache/tiles/tiles-request-servlet/1.0.7/tiles-request-servlet-1.0.7.jar' 
2022-04-23 11:29:13.410 DEBUG [acme.Launcher@main] Found classpath entry '/C:/Users/usuario/.m2/repository/org/apache/tiles/tiles-template/3.0.8/tiles-template-3.0.8.jar' 
2022-04-23 11:29:13.411 DEBUG [acme.Launcher@main] Found classpath entry '/C:/Users/usuario/.m2/repository/org/apache/tiles/tiles-api/3.0.8/tiles-api-3.0.8.jar' 
2022-04-23 11:29:13.425 DEBUG [acme.Launcher@main] Found classpath entry '/C:/Users/usuario/.m2/repository/org/apache/tiles/tiles-autotag-core-runtime/1.2/tiles-autotag-core-runtime-1.2.jar' 
2022-04-23 11:29:13.425 DEBUG [acme.Launcher@main] Found classpath entry '/C:/Users/usuario/.m2/repository/org/slf4j/slf4j-api/1.7.30/slf4j-api-1.7.30.jar' 
2022-04-23 11:29:13.426 DEBUG [acme.Launcher@main] Found classpath entry '/C:/Users/usuario/.m2/repository/org/apache/tiles/tiles-request-jsp/1.0.7/tiles-request-jsp-1.0.7.jar' 
2022-04-23 11:29:13.427 DEBUG [acme.Launcher@main] Found classpath entry '/C:/Users/usuario/.m2/repository/org/apache/tiles/tiles-request-api/1.0.7/tiles-request-api-1.0.7.jar' 
2022-04-23 11:29:13.430 DEBUG [acme.Launcher@main] Found classpath entry '/C:/Users/usuario/.m2/repository/org/springframework/boot/spring-boot-starter-data-jpa/2.4.2/spring-boot-starter-data-jpa-2.4.2.jar' 
2022-04-23 11:29:13.430 DEBUG [acme.Launcher@main] Found classpath entry '/C:/Users/usuario/.m2/repository/org/springframework/boot/spring-boot-starter-aop/2.4.2/spring-boot-starter-aop-2.4.2.jar' 
2022-04-23 11:29:13.430 DEBUG [acme.Launcher@main] Found classpath entry '/C:/Users/usuario/.m2/repository/org/aspectj/aspectjweaver/1.9.6/aspectjweaver-1.9.6.jar' 
2022-04-23 11:29:13.431 DEBUG [acme.Launcher@main] Found classpath entry '/C:/Users/usuario/.m2/repository/org/springframework/boot/spring-boot-starter-jdbc/2.4.2/spring-boot-starter-jdbc-2.4.2.jar' 
2022-04-23 11:29:13.431 DEBUG [acme.Launcher@main] Found classpath entry '/C:/Users/usuario/.m2/repository/jakarta/transaction/jakarta.transaction-api/1.3.3/jakarta.transaction-api-1.3.3.jar' 
2022-04-23 11:29:13.432 DEBUG [acme.Launcher@main] Found classpath entry '/C:/Users/usuario/.m2/repository/jakarta/persistence/jakarta.persistence-api/2.2.3/jakarta.persistence-api-2.2.3.jar' 
2022-04-23 11:29:13.432 DEBUG [acme.Launcher@main] Found classpath entry '/C:/Users/usuario/.m2/repository/org/hibernate/hibernate-core/5.4.27.Final/hibernate-core-5.4.27.Final.jar' 
2022-04-23 11:29:13.435 DEBUG [acme.Launcher@main] Found classpath entry '/C:/Users/usuario/.m2/repository/org/jboss/logging/jboss-logging/3.4.1.Final/jboss-logging-3.4.1.Final.jar' 
2022-04-23 11:29:13.435 DEBUG [acme.Launcher@main] Found classpath entry '/C:/Users/usuario/.m2/repository/org/javassist/javassist/3.27.0-GA/javassist-3.27.0-GA.jar' 
2022-04-23 11:29:13.435 DEBUG [acme.Launcher@main] Found classpath entry '/C:/Users/usuario/.m2/repository/antlr/antlr/2.7.7/antlr-2.7.7.jar' 
2022-04-23 11:29:13.435 DEBUG [acme.Launcher@main] Found classpath entry '/C:/Users/usuario/.m2/repository/org/jboss/jandex/2.1.3.Final/jandex-2.1.3.Final.jar' 
2022-04-23 11:29:13.435 DEBUG [acme.Launcher@main] Found classpath entry '/C:/Users/usuario/.m2/repository/com/fasterxml/classmate/1.5.1/classmate-1.5.1.jar' 
2022-04-23 11:29:13.435 DEBUG [acme.Launcher@main] Found classpath entry '/C:/Users/usuario/.m2/repository/org/dom4j/dom4j/2.1.3/dom4j-2.1.3.jar' 
2022-04-23 11:29:13.436 DEBUG [acme.Launcher@main] Found classpath entry '/C:/Users/usuario/.m2/repository/org/hibernate/common/hibernate-commons-annotations/5.1.2.Final/hibernate-commons-annotations-5.1.2.Final.jar' 
2022-04-23 11:29:13.436 DEBUG [acme.Launcher@main] Found classpath entry '/C:/Users/usuario/.m2/repository/org/glassfish/jaxb/jaxb-runtime/2.3.3/jaxb-runtime-2.3.3.jar' 
2022-04-23 11:29:13.437 DEBUG [acme.Launcher@main] Found classpath entry '/C:/Users/usuario/.m2/repository/org/glassfish/jaxb/txw2/2.3.3/txw2-2.3.3.jar' 
2022-04-23 11:29:13.457 DEBUG [acme.Launcher@main] Found classpath entry '/C:/Users/usuario/.m2/repository/com/sun/istack/istack-commons-runtime/3.0.11/istack-commons-runtime-3.0.11.jar' 
2022-04-23 11:29:13.457 DEBUG [acme.Launcher@main] Found classpath entry '/C:/Users/usuario/.m2/repository/com/sun/activation/jakarta.activation/1.2.2/jakarta.activation-1.2.2.jar' 
2022-04-23 11:29:13.457 DEBUG [acme.Launcher@main] Found classpath entry '/C:/Users/usuario/.m2/repository/org/springframework/data/spring-data-jpa/2.4.3/spring-data-jpa-2.4.3.jar' 
2022-04-23 11:29:13.457 DEBUG [acme.Launcher@main] Found classpath entry '/C:/Users/usuario/.m2/repository/org/springframework/data/spring-data-commons/2.4.3/spring-data-commons-2.4.3.jar' 
2022-04-23 11:29:13.457 DEBUG [acme.Launcher@main] Found classpath entry '/C:/Users/usuario/.m2/repository/org/springframework/spring-orm/5.3.3/spring-orm-5.3.3.jar' 
2022-04-23 11:29:13.458 DEBUG [acme.Launcher@main] Found classpath entry '/C:/Users/usuario/.m2/repository/org/springframework/spring-aspects/5.3.3/spring-aspects-5.3.3.jar' 
2022-04-23 11:29:13.458 DEBUG [acme.Launcher@main] Found classpath entry '/C:/Users/usuario/.m2/repository/org/springframework/boot/spring-boot-starter-validation/2.4.2/spring-boot-starter-validation-2.4.2.jar' 
2022-04-23 11:29:13.459 DEBUG [acme.Launcher@main] Found classpath entry '/C:/Users/usuario/.m2/repository/org/hibernate/validator/hibernate-validator/6.1.7.Final/hibernate-validator-6.1.7.Final.jar' 
2022-04-23 11:29:13.459 DEBUG [acme.Launcher@main] Found classpath entry '/C:/Users/usuario/.m2/repository/jakarta/validation/jakarta.validation-api/2.0.2/jakarta.validation-api-2.0.2.jar' 
2022-04-23 11:29:13.459 DEBUG [acme.Launcher@main] Found classpath entry '/C:/Users/usuario/.m2/repository/mysql/mysql-connector-java/8.0.22/mysql-connector-java-8.0.22.jar' 
2022-04-23 11:29:13.459 DEBUG [acme.Launcher@main] Found classpath entry '/C:/Users/usuario/.m2/repository/com/zaxxer/HikariCP/3.4.5/HikariCP-3.4.5.jar' 
2022-04-23 11:29:13.460 DEBUG [acme.Launcher@main] Found classpath entry '/C:/Users/usuario/.m2/repository/org/junit/jupiter/junit-jupiter-engine/5.7.0/junit-jupiter-engine-5.7.0.jar' 
2022-04-23 11:29:13.460 DEBUG [acme.Launcher@main] Found classpath entry '/C:/Users/usuario/.m2/repository/org/apiguardian/apiguardian-api/1.1.0/apiguardian-api-1.1.0.jar' 
2022-04-23 11:29:13.460 DEBUG [acme.Launcher@main] Found classpath entry '/C:/Users/usuario/.m2/repository/org/junit/platform/junit-platform-engine/1.7.0/junit-platform-engine-1.7.0.jar' 
2022-04-23 11:29:13.461 DEBUG [acme.Launcher@main] Found classpath entry '/C:/Users/usuario/.m2/repository/org/junit/jupiter/junit-jupiter-api/5.7.0/junit-jupiter-api-5.7.0.jar' 
2022-04-23 11:29:13.461 DEBUG [acme.Launcher@main] Found classpath entry '/C:/Users/usuario/.m2/repository/org/opentest4j/opentest4j/1.2.0/opentest4j-1.2.0.jar' 
2022-04-23 11:29:13.461 DEBUG [acme.Launcher@main] Found classpath entry '/C:/Users/usuario/.m2/repository/org/junit/platform/junit-platform-commons/1.7.0/junit-platform-commons-1.7.0.jar' 
2022-04-23 11:29:13.462 DEBUG [acme.Launcher@main] Found classpath entry '/C:/Users/usuario/.m2/repository/org/junit/jupiter/junit-jupiter-params/5.7.0/junit-jupiter-params-5.7.0.jar' 
2022-04-23 11:29:13.462 DEBUG [acme.Launcher@main] Found classpath entry '/C:/Users/usuario/.m2/repository/org/junit/platform/junit-platform-launcher/1.7.0/junit-platform-launcher-1.7.0.jar' 
2022-04-23 11:29:13.462 DEBUG [acme.Launcher@main] Found classpath entry '/C:/Users/usuario/.m2/repository/org/seleniumhq/selenium/selenium-java/3.141.59/selenium-java-3.141.59.jar' 
2022-04-23 11:29:13.462 DEBUG [acme.Launcher@main] Found classpath entry '/C:/Users/usuario/.m2/repository/org/seleniumhq/selenium/selenium-api/3.141.59/selenium-api-3.141.59.jar' 
2022-04-23 11:29:13.465 DEBUG [acme.Launcher@main] Found classpath entry '/C:/Users/usuario/.m2/repository/org/seleniumhq/selenium/selenium-chrome-driver/3.141.59/selenium-chrome-driver-3.141.59.jar' 
2022-04-23 11:29:13.466 DEBUG [acme.Launcher@main] Found classpath entry '/C:/Users/usuario/.m2/repository/org/seleniumhq/selenium/selenium-edge-driver/3.141.59/selenium-edge-driver-3.141.59.jar' 
2022-04-23 11:29:13.466 DEBUG [acme.Launcher@main] Found classpath entry '/C:/Users/usuario/.m2/repository/org/seleniumhq/selenium/selenium-firefox-driver/3.141.59/selenium-firefox-driver-3.141.59.jar' 
2022-04-23 11:29:13.466 DEBUG [acme.Launcher@main] Found classpath entry '/C:/Users/usuario/.m2/repository/org/seleniumhq/selenium/selenium-ie-driver/3.141.59/selenium-ie-driver-3.141.59.jar' 
2022-04-23 11:29:13.467 DEBUG [acme.Launcher@main] Found classpath entry '/C:/Users/usuario/.m2/repository/org/seleniumhq/selenium/selenium-opera-driver/3.141.59/selenium-opera-driver-3.141.59.jar' 
2022-04-23 11:29:13.467 DEBUG [acme.Launcher@main] Found classpath entry '/C:/Users/usuario/.m2/repository/org/seleniumhq/selenium/selenium-remote-driver/3.141.59/selenium-remote-driver-3.141.59.jar' 
2022-04-23 11:29:13.467 DEBUG [acme.Launcher@main] Found classpath entry '/C:/Users/usuario/.m2/repository/org/seleniumhq/selenium/selenium-safari-driver/3.141.59/selenium-safari-driver-3.141.59.jar' 
2022-04-23 11:29:13.467 DEBUG [acme.Launcher@main] Found classpath entry '/C:/Users/usuario/.m2/repository/org/seleniumhq/selenium/selenium-support/3.141.59/selenium-support-3.141.59.jar' 
2022-04-23 11:29:13.467 DEBUG [acme.Launcher@main] Found classpath entry '/C:/Users/usuario/.m2/repository/net/bytebuddy/byte-buddy/1.10.19/byte-buddy-1.10.19.jar' 
2022-04-23 11:29:13.467 DEBUG [acme.Launcher@main] Found classpath entry '/C:/Users/usuario/.m2/repository/org/apache/commons/commons-exec/1.3/commons-exec-1.3.jar' 
2022-04-23 11:29:13.467 DEBUG [acme.Launcher@main] Found classpath entry '/C:/Users/usuario/.m2/repository/com/google/guava/guava/25.0-jre/guava-25.0-jre.jar' 
2022-04-23 11:29:13.467 DEBUG [acme.Launcher@main] Found classpath entry '/C:/Users/usuario/.m2/repository/com/google/code/findbugs/jsr305/1.3.9/jsr305-1.3.9.jar' 
2022-04-23 11:29:13.467 DEBUG [acme.Launcher@main] Found classpath entry '/C:/Users/usuario/.m2/repository/org/checkerframework/checker-compat-qual/2.0.0/checker-compat-qual-2.0.0.jar' 
2022-04-23 11:29:13.468 DEBUG [acme.Launcher@main] Found classpath entry '/C:/Users/usuario/.m2/repository/com/google/errorprone/error_prone_annotations/2.1.3/error_prone_annotations-2.1.3.jar' 
2022-04-23 11:29:13.468 DEBUG [acme.Launcher@main] Found classpath entry '/C:/Users/usuario/.m2/repository/com/google/j2objc/j2objc-annotations/1.1/j2objc-annotations-1.1.jar' 
2022-04-23 11:29:13.468 DEBUG [acme.Launcher@main] Found classpath entry '/C:/Users/usuario/.m2/repository/org/codehaus/mojo/animal-sniffer-annotations/1.14/animal-sniffer-annotations-1.14.jar' 
2022-04-23 11:29:13.468 DEBUG [acme.Launcher@main] Found classpath entry '/C:/Users/usuario/.m2/repository/com/squareup/okhttp3/okhttp/3.14.9/okhttp-3.14.9.jar' 
2022-04-23 11:29:13.468 DEBUG [acme.Launcher@main] Found classpath entry '/C:/Users/usuario/.m2/repository/com/squareup/okio/okio/1.14.0/okio-1.14.0.jar' 
2022-04-23 11:29:13.468 DEBUG [acme.Launcher@main] Found classpath entry '/C:/Users/usuario/.m2/repository/org/apache/commons/commons-lang3/3.11/commons-lang3-3.11.jar' 
2022-04-23 11:29:13.468 DEBUG [acme.Launcher@main] Found classpath entry '/C:/Users/usuario/.m2/repository/org/apache/commons/commons-text/1.8/commons-text-1.8.jar' 
2022-04-23 11:29:13.469 DEBUG [acme.Launcher@main] Found classpath entry '/C:/Users/usuario/.m2/repository/commons-io/commons-io/2.6/commons-io-2.6.jar' 
2022-04-23 11:29:13.469 DEBUG [acme.Launcher@main] Found classpath entry '/C:/Users/usuario/.m2/repository/commons-cli/commons-cli/1.4/commons-cli-1.4.jar' 
2022-04-23 11:29:13.469 DEBUG [acme.Launcher@main] Found classpath entry '/C:/Users/usuario/.m2/repository/org/projectlombok/lombok/1.18.16/lombok-1.18.16.jar' 
2022-04-23 11:29:13.469 DEBUG [acme.Launcher@main] Found classpath entry '/C:/Users/usuario/.m2/repository/com/opencsv/opencsv/5.4/opencsv-5.4.jar' 
2022-04-23 11:29:13.469 DEBUG [acme.Launcher@main] Found classpath entry '/C:/Users/usuario/.m2/repository/commons-beanutils/commons-beanutils/1.9.4/commons-beanutils-1.9.4.jar' 
2022-04-23 11:29:13.469 DEBUG [acme.Launcher@main] Found classpath entry '/C:/Users/usuario/.m2/repository/commons-logging/commons-logging/1.2/commons-logging-1.2.jar' 
2022-04-23 11:29:13.469 DEBUG [acme.Launcher@main] Found classpath entry '/C:/Users/usuario/.m2/repository/commons-collections/commons-collections/3.2.2/commons-collections-3.2.2.jar' 
2022-04-23 11:29:13.469 DEBUG [acme.Launcher@main] Found classpath entry '/C:/Users/usuario/.m2/repository/org/apache/commons/commons-collections4/4.4/commons-collections4-4.4.jar' 
2022-04-23 11:29:13.469 DEBUG [acme.Launcher@main] Found classpath entry '/C:/Users/usuario/Desktop/Workspace-22.0/Tools/IDEs/eclipse-jee-2021-12-R/configuration/org.eclipse.osgi/418/0/.cp/lib/javaagent-shaded.jar' 
2022-04-23 11:29:13.755 DEBUG [acme.Launcher@main] Found entity class 'acme.entities.announcements.Announcement 
2022-04-23 11:29:13.756 DEBUG [acme.Launcher@main] Found entity class 'acme.entities.chirps.Chirp 
2022-04-23 11:29:13.756 DEBUG [acme.Launcher@main] Found entity class 'acme.entities.items.Item 
2022-04-23 11:29:13.756 DEBUG [acme.Launcher@main] Found entity class 'acme.entities.patronageReports.PatronageReport 
2022-04-23 11:29:13.756 DEBUG [acme.Launcher@main] Found entity class 'acme.entities.patronages.Patronage 
2022-04-23 11:29:13.756 DEBUG [acme.Launcher@main] Found entity class 'acme.entities.quantities.Quantity 
2022-04-23 11:29:13.756 DEBUG [acme.Launcher@main] Found entity class 'acme.entities.systemConfigurations.SystemConfiguration 
2022-04-23 11:29:13.756 DEBUG [acme.Launcher@main] Found entity class 'acme.entities.toolkits.Toolkit 
2022-04-23 11:29:13.756 DEBUG [acme.Launcher@main] Found entity class 'acme.roles.Consumer 
2022-04-23 11:29:13.757 DEBUG [acme.Launcher@main] Found entity class 'acme.roles.Inventor 
2022-04-23 11:29:13.757 DEBUG [acme.Launcher@main] Found entity class 'acme.roles.Patron 
2022-04-23 11:29:13.757 DEBUG [acme.Launcher@main] Found entity class 'acme.roles.Provider 
2022-04-23 11:29:13.757 DEBUG [acme.Launcher@main] Found entity class 'acme.framework.entities.UserAccount 
2022-04-23 11:29:13.757 DEBUG [acme.Launcher@main] Found entity class 'acme.framework.roles.Administrator 
2022-04-23 11:29:13.758 DEBUG [acme.Launcher@main] Found entity class 'acme.framework.roles.Anonymous 
2022-04-23 11:29:13.758 DEBUG [acme.Launcher@main] Found entity class 'acme.framework.roles.Any 
2022-04-23 11:29:13.758 DEBUG [acme.Launcher@main] Found entity class 'acme.framework.roles.Authenticated 
2022-04-23 11:29:13.768 INFO  [acme.Launcher@main] Running application (Standalone) 
2022-04-23 11:29:20.096 DEBUG [acme.framework.components.tiles.DynamicTilesView@http-nio-8081-exec-2] View name 'fragments/welcome', model {} 
2022-04-23 11:29:20.127 DEBUG [org.apache.tiles.definition.dao.BaseLocaleUrlDefinitionDAO@http-nio-8081-exec-2] File Resource file:/C:/Users/usuario/Desktop/Workspace-22.0/Projects/Acme-Toolkits/target/classes/WEB-INF/views/master/tiles_en.xml at file:/C:/Users/usuario/Desktop/Workspace-22.0/Projects/Acme-Toolkits/target/classes/WEB-INF/views/master/tiles_en.xml not found, continue 
2022-04-23 11:29:20.146 DEBUG [org.apache.jasper.servlet.JspServlet@http-nio-8081-exec-2] JspEngine --> /WEB-INF/views/master/page.jsp 
2022-04-23 11:29:20.146 DEBUG [org.apache.jasper.servlet.JspServlet@http-nio-8081-exec-2] ServletPath: /WEB-INF/views/master/page.jsp 
2022-04-23 11:29:20.147 DEBUG [org.apache.jasper.servlet.JspServlet@http-nio-8081-exec-2] PathInfo: null 
2022-04-23 11:29:20.149 DEBUG [org.apache.jasper.servlet.JspServlet@http-nio-8081-exec-2] RealPath: C:\Users\usuario\Desktop\Workspace-22.0\Projects\Acme-Toolkits\target\classes\WEB-INF\views\master\page.jsp 
2022-04-23 11:29:20.155 DEBUG [org.apache.jasper.servlet.JspServlet@http-nio-8081-exec-2] RequestURI: /acme-toolkits-22.1/WEB-INF/views/master/page.jsp 
2022-04-23 11:29:20.156 DEBUG [org.apache.jasper.servlet.JspServlet@http-nio-8081-exec-2] QueryString: null 
2022-04-23 11:29:35.369 DEBUG [acme.framework.configuration.ExtendedMessageSource@http-nio-8081-exec-2] Loading properties [C:\Users\usuario\Desktop\Workspace-22.0\Projects\Acme-Toolkits\target\classes\WEB-INF\views\administrator\user-account\messages-en.i18n] with encoding 'utf-8' 
2022-04-23 11:29:35.374 DEBUG [acme.framework.configuration.ExtendedMessageSource@http-nio-8081-exec-2] Loading properties [C:\Users\usuario\Desktop\Workspace-22.0\Projects\Acme-Toolkits\target\classes\WEB-INF\views\anonymous\user-account\messages-en.i18n] with encoding 'utf-8' 
2022-04-23 11:29:35.375 DEBUG [acme.framework.configuration.ExtendedMessageSource@http-nio-8081-exec-2] Loading properties [C:\Users\usuario\Desktop\Workspace-22.0\Projects\Acme-Toolkits\target\classes\WEB-INF\views\any\item\messages-en.i18n] with encoding 'utf-8' 
2022-04-23 11:29:35.377 DEBUG [acme.framework.configuration.ExtendedMessageSource@http-nio-8081-exec-2] Loading properties [C:\Users\usuario\Desktop\Workspace-22.0\Projects\Acme-Toolkits\target\classes\WEB-INF\views\any\patron\messages-en.i18n] with encoding 'utf-8' 
2022-04-23 11:29:35.378 DEBUG [acme.framework.configuration.ExtendedMessageSource@http-nio-8081-exec-2] Loading properties [C:\Users\usuario\Desktop\Workspace-22.0\Projects\Acme-Toolkits\target\classes\WEB-INF\views\any\quantity\messages-en.i18n] with encoding 'utf-8' 
2022-04-23 11:29:35.380 DEBUG [acme.framework.configuration.ExtendedMessageSource@http-nio-8081-exec-2] Loading properties [C:\Users\usuario\Desktop\Workspace-22.0\Projects\Acme-Toolkits\target\classes\WEB-INF\views\any\user-account\messages-en.i18n] with encoding 'utf-8' 
2022-04-23 11:29:35.381 DEBUG [acme.framework.configuration.ExtendedMessageSource@http-nio-8081-exec-2] Loading properties [C:\Users\usuario\Desktop\Workspace-22.0\Projects\Acme-Toolkits\target\classes\WEB-INF\views\authenticated\announcement\messages-en.i18n] with encoding 'utf-8' 
2022-04-23 11:29:35.382 DEBUG [acme.framework.configuration.ExtendedMessageSource@http-nio-8081-exec-2] Loading properties [C:\Users\usuario\Desktop\Workspace-22.0\Projects\Acme-Toolkits\target\classes\WEB-INF\views\authenticated\consumer\messsages-en.i18n] with encoding 'utf-8' 
2022-04-23 11:29:35.384 DEBUG [acme.framework.configuration.ExtendedMessageSource@http-nio-8081-exec-2] Loading properties [C:\Users\usuario\Desktop\Workspace-22.0\Projects\Acme-Toolkits\target\classes\WEB-INF\views\authenticated\provider\messsages-en.i18n] with encoding 'utf-8' 
2022-04-23 11:29:35.386 DEBUG [acme.framework.configuration.ExtendedMessageSource@http-nio-8081-exec-2] Loading properties [C:\Users\usuario\Desktop\Workspace-22.0\Projects\Acme-Toolkits\target\classes\WEB-INF\views\authenticated\system-configuration\messsages-en.i18n] with encoding 'utf-8' 
2022-04-23 11:29:35.391 DEBUG [acme.framework.configuration.ExtendedMessageSource@http-nio-8081-exec-2] Loading properties [C:\Users\usuario\Desktop\Workspace-22.0\Projects\Acme-Toolkits\target\classes\WEB-INF\views\authenticated\user-account\messages-en.i18n] with encoding 'utf-8' 
2022-04-23 11:29:35.396 DEBUG [acme.framework.configuration.ExtendedMessageSource@http-nio-8081-exec-2] Loading properties [C:\Users\usuario\Desktop\Workspace-22.0\Projects\Acme-Toolkits\target\classes\WEB-INF\views\fragments\banner-en.i18n] with encoding 'utf-8' 
2022-04-23 11:29:35.398 DEBUG [acme.framework.configuration.ExtendedMessageSource@http-nio-8081-exec-2] Loading properties [C:\Users\usuario\Desktop\Workspace-22.0\Projects\Acme-Toolkits\target\classes\WEB-INF\views\fragments\company-en.i18n] with encoding 'utf-8' 
2022-04-23 11:29:35.400 DEBUG [acme.framework.configuration.ExtendedMessageSource@http-nio-8081-exec-2] Loading properties [C:\Users\usuario\Desktop\Workspace-22.0\Projects\Acme-Toolkits\target\classes\WEB-INF\views\fragments\footer-en.i18n] with encoding 'utf-8' 
2022-04-23 11:29:35.401 DEBUG [acme.framework.configuration.ExtendedMessageSource@http-nio-8081-exec-2] Loading properties [C:\Users\usuario\Desktop\Workspace-22.0\Projects\Acme-Toolkits\target\classes\WEB-INF\views\fragments\license-en.i18n] with encoding 'utf-8' 
2022-04-23 11:29:35.403 DEBUG [acme.framework.configuration.ExtendedMessageSource@http-nio-8081-exec-2] Loading properties [C:\Users\usuario\Desktop\Workspace-22.0\Projects\Acme-Toolkits\target\classes\WEB-INF\views\fragments\menu-en.i18n] with encoding 'utf-8' 
2022-04-23 11:29:35.405 DEBUG [acme.framework.configuration.ExtendedMessageSource@http-nio-8081-exec-2] Loading properties [C:\Users\usuario\Desktop\Workspace-22.0\Projects\Acme-Toolkits\target\classes\WEB-INF\views\fragments\messsages-en.i18n] with encoding 'utf-8' 
2022-04-23 11:29:35.406 DEBUG [acme.framework.configuration.ExtendedMessageSource@http-nio-8081-exec-2] Loading properties [C:\Users\usuario\Desktop\Workspace-22.0\Projects\Acme-Toolkits\target\classes\WEB-INF\views\fragments\title-en.i18n] with encoding 'utf-8' 
2022-04-23 11:29:35.408 DEBUG [acme.framework.configuration.ExtendedMessageSource@http-nio-8081-exec-2] Loading properties [C:\Users\usuario\Desktop\Workspace-22.0\Projects\Acme-Toolkits\target\classes\WEB-INF\views\fragments\welcome-en.i18n] with encoding 'utf-8' 
2022-04-23 11:29:35.410 DEBUG [acme.framework.configuration.ExtendedMessageSource@http-nio-8081-exec-2] Loading properties [C:\Users\usuario\Desktop\Workspace-22.0\Projects\Acme-Toolkits\target\classes\WEB-INF\views\inventor\item\messages-en.i18n] with encoding 'utf-8' 
2022-04-23 11:29:35.412 DEBUG [acme.framework.configuration.ExtendedMessageSource@http-nio-8081-exec-2] Loading properties [C:\Users\usuario\Desktop\Workspace-22.0\Projects\Acme-Toolkits\target\classes\WEB-INF\views\inventor\patronage\messages-en.i18n] with encoding 'utf-8' 
2022-04-23 11:29:35.413 DEBUG [acme.framework.configuration.ExtendedMessageSource@http-nio-8081-exec-2] Loading properties [C:\Users\usuario\Desktop\Workspace-22.0\Projects\Acme-Toolkits\target\classes\WEB-INF\views\inventor\patronage-report\messages-en.i18n] with encoding 'utf-8' 
2022-04-23 11:29:35.414 DEBUG [acme.framework.configuration.ExtendedMessageSource@http-nio-8081-exec-2] Loading properties [C:\Users\usuario\Desktop\Workspace-22.0\Projects\Acme-Toolkits\target\classes\WEB-INF\views\inventor\toolkit\messages-en.i18n] with encoding 'utf-8' 
2022-04-23 11:29:35.416 DEBUG [acme.framework.configuration.ExtendedMessageSource@http-nio-8081-exec-2] Loading properties [C:\Users\usuario\Desktop\Workspace-22.0\Projects\Acme-Toolkits\target\classes\WEB-INF\views\master\defaults-en.i18n] with encoding 'utf-8' 
2022-04-23 11:29:35.418 DEBUG [acme.framework.configuration.ExtendedMessageSource@http-nio-8081-exec-2] Loading properties [C:\Users\usuario\Desktop\Workspace-22.0\Projects\Acme-Toolkits\target\classes\WEB-INF\views\master\master-en.i18n] with encoding 'utf-8' 
2022-04-23 11:29:35.420 DEBUG [acme.framework.configuration.ExtendedMessageSource@http-nio-8081-exec-2] Loading properties [C:\Users\usuario\Desktop\Workspace-22.0\Projects\Acme-Toolkits\target\classes\WEB-INF\views\master\throwables-en.i18n] with encoding 'utf-8' 
2022-04-23 11:29:35.421 DEBUG [acme.framework.configuration.ExtendedMessageSource@http-nio-8081-exec-2] Loading properties [C:\Users\usuario\Desktop\Workspace-22.0\Projects\Acme-Toolkits\target\classes\WEB-INF\views\master\validation-en.i18n] with encoding 'utf-8' 
2022-04-23 11:29:35.921 DEBUG [org.apache.jasper.servlet.JspServlet@http-nio-8081-exec-2] JspEngine --> /WEB-INF/views/fragments/welcome.jsp 
2022-04-23 11:29:35.922 DEBUG [org.apache.jasper.servlet.JspServlet@http-nio-8081-exec-2] ServletPath: /WEB-INF/views/master/page.jsp 
2022-04-23 11:29:35.922 DEBUG [org.apache.jasper.servlet.JspServlet@http-nio-8081-exec-2] PathInfo: null 
2022-04-23 11:29:35.925 DEBUG [org.apache.jasper.servlet.JspServlet@http-nio-8081-exec-2] RealPath: C:\Users\usuario\Desktop\Workspace-22.0\Projects\Acme-Toolkits\target\classes\WEB-INF\views\fragments\welcome.jsp 
2022-04-23 11:29:35.926 DEBUG [org.apache.jasper.servlet.JspServlet@http-nio-8081-exec-2] RequestURI: /acme-toolkits-22.1/WEB-INF/views/master/page.jsp 
2022-04-23 11:29:35.927 DEBUG [org.apache.jasper.servlet.JspServlet@http-nio-8081-exec-2] QueryString: null 
2022-04-23 11:29:37.434 DEBUG [org.hibernate.SQL@http-nio-8081-exec-2] select useraccoun0_.id as id1_0_, useraccoun0_.version as version2_0_, useraccoun0_.enabled as enabled1_17_, useraccoun0_.identity as identity2_17_, useraccoun0_.password as password3_17_, useraccoun0_.username as username4_17_ from user_account useraccoun0_ where useraccoun0_.username=? 
2022-04-23 11:29:37.494 TRACE [org.hibernate.type.descriptor.sql.BasicBinder@http-nio-8081-exec-2] binding parameter [1] as [VARCHAR] - [anonymous] 
2022-04-23 11:29:37.676 DEBUG [org.hibernate.SQL@http-nio-8081-exec-2] select roles0_.user_account_id as user_acc1_18_0_, roles0_.id as id1_18_0_, roles0_.id as id1_0_1_, roles0_.version as version2_0_1_, roles0_.user_account_id as user_acc1_18_1_, roles0_.company as company1_7_1_, roles0_.sector as sector2_7_1_, roles0_.company as company1_8_1_, roles0_.info as info2_8_1_, roles0_.statement as statemen3_8_1_, roles0_.company as company1_10_1_, roles0_.info as info2_10_1_, roles0_.statement as statemen3_10_1_, roles0_.company as company1_13_1_, roles0_.sector as sector2_13_1_, roles0_.clazz_ as clazz_1_ from ( select id, version, user_account_id, company, sector, null as info, null as statement, 10 as clazz_ from consumer union all select id, version, user_account_id, company, null as sector, info, statement, 11 as clazz_ from inventor union all select id, version, user_account_id, company, null as sector, info, statement, 12 as clazz_ from patron union all select id, version, user_account_id, company, sector, null as info, null as statement, 13 as clazz_ from provider union all select id, version, user_account_id, null as company, null as sector, null as info, null as statement, 15 as clazz_ from administrator union all select id, version, user_account_id, null as company, null as sector, null as info, null as statement, 16 as clazz_ from anonymous union all select id, version, user_account_id, null as company, null as sector, null as info, null as statement, 17 as clazz_ from any union all select id, version, user_account_id, null as company, null as sector, null as info, null as statement, 18 as clazz_ from authenticated ) roles0_ where roles0_.user_account_id=? 
2022-04-23 11:29:37.678 TRACE [org.hibernate.type.descriptor.sql.BasicBinder@http-nio-8081-exec-2] binding parameter [1] as [INTEGER] - [1] 
2022-04-23 11:29:40.805 DEBUG [acme.framework.components.tiles.DynamicTilesView@http-nio-8081-exec-2] View name 'master/sign-in', model {username=, password=, remember=false} 
2022-04-23 11:29:40.807 DEBUG [org.apache.jasper.servlet.JspServlet@http-nio-8081-exec-2] JspEngine --> /WEB-INF/views/master/page.jsp 
2022-04-23 11:29:40.808 DEBUG [org.apache.jasper.servlet.JspServlet@http-nio-8081-exec-2] ServletPath: /WEB-INF/views/master/page.jsp 
2022-04-23 11:29:40.808 DEBUG [org.apache.jasper.servlet.JspServlet@http-nio-8081-exec-2] PathInfo: null 
2022-04-23 11:29:40.811 DEBUG [org.apache.jasper.servlet.JspServlet@http-nio-8081-exec-2] RealPath: C:\Users\usuario\Desktop\Workspace-22.0\Projects\Acme-Toolkits\target\classes\WEB-INF\views\master\page.jsp 
2022-04-23 11:29:40.812 DEBUG [org.apache.jasper.servlet.JspServlet@http-nio-8081-exec-2] RequestURI: /acme-toolkits-22.1/WEB-INF/views/master/page.jsp 
2022-04-23 11:29:40.816 DEBUG [org.apache.jasper.servlet.JspServlet@http-nio-8081-exec-2] QueryString: null 
2022-04-23 11:29:41.115 DEBUG [org.apache.jasper.servlet.JspServlet@http-nio-8081-exec-2] JspEngine --> /WEB-INF/views/master/sign-in.jsp 
2022-04-23 11:29:41.116 DEBUG [org.apache.jasper.servlet.JspServlet@http-nio-8081-exec-2] ServletPath: /WEB-INF/views/master/page.jsp 
2022-04-23 11:29:41.116 DEBUG [org.apache.jasper.servlet.JspServlet@http-nio-8081-exec-2] PathInfo: null 
2022-04-23 11:29:41.118 DEBUG [org.apache.jasper.servlet.JspServlet@http-nio-8081-exec-2] RealPath: C:\Users\usuario\Desktop\Workspace-22.0\Projects\Acme-Toolkits\target\classes\WEB-INF\views\master\sign-in.jsp 
2022-04-23 11:29:41.118 DEBUG [org.apache.jasper.servlet.JspServlet@http-nio-8081-exec-2] RequestURI: /acme-toolkits-22.1/WEB-INF/views/master/page.jsp 
2022-04-23 11:29:41.119 DEBUG [org.apache.jasper.servlet.JspServlet@http-nio-8081-exec-2] QueryString: null 
2022-04-23 11:29:45.947 DEBUG [org.hibernate.SQL@http-nio-8081-exec-2] select useraccoun0_.id as id1_0_, useraccoun0_.version as version2_0_, useraccoun0_.enabled as enabled1_17_, useraccoun0_.identity as identity2_17_, useraccoun0_.password as password3_17_, useraccoun0_.username as username4_17_ from user_account useraccoun0_ where useraccoun0_.username=? 
2022-04-23 11:29:45.951 TRACE [org.hibernate.type.descriptor.sql.BasicBinder@http-nio-8081-exec-2] binding parameter [1] as [VARCHAR] - [anonymous] 
2022-04-23 11:29:45.964 DEBUG [org.hibernate.SQL@http-nio-8081-exec-2] select roles0_.user_account_id as user_acc1_18_0_, roles0_.id as id1_18_0_, roles0_.id as id1_0_1_, roles0_.version as version2_0_1_, roles0_.user_account_id as user_acc1_18_1_, roles0_.company as company1_7_1_, roles0_.sector as sector2_7_1_, roles0_.company as company1_8_1_, roles0_.info as info2_8_1_, roles0_.statement as statemen3_8_1_, roles0_.company as company1_10_1_, roles0_.info as info2_10_1_, roles0_.statement as statemen3_10_1_, roles0_.company as company1_13_1_, roles0_.sector as sector2_13_1_, roles0_.clazz_ as clazz_1_ from ( select id, version, user_account_id, company, sector, null as info, null as statement, 10 as clazz_ from consumer union all select id, version, user_account_id, company, null as sector, info, statement, 11 as clazz_ from inventor union all select id, version, user_account_id, company, null as sector, info, statement, 12 as clazz_ from patron union all select id, version, user_account_id, company, sector, null as info, null as statement, 13 as clazz_ from provider union all select id, version, user_account_id, null as company, null as sector, null as info, null as statement, 15 as clazz_ from administrator union all select id, version, user_account_id, null as company, null as sector, null as info, null as statement, 16 as clazz_ from anonymous union all select id, version, user_account_id, null as company, null as sector, null as info, null as statement, 17 as clazz_ from any union all select id, version, user_account_id, null as company, null as sector, null as info, null as statement, 18 as clazz_ from authenticated ) roles0_ where roles0_.user_account_id=? 
2022-04-23 11:29:45.965 TRACE [org.hibernate.type.descriptor.sql.BasicBinder@http-nio-8081-exec-2] binding parameter [1] as [INTEGER] - [1] 
2022-04-23 11:29:48.256 DEBUG [org.hibernate.SQL@http-nio-8081-exec-9] select useraccoun0_.id as id1_0_, useraccoun0_.version as version2_0_, useraccoun0_.enabled as enabled1_17_, useraccoun0_.identity as identity2_17_, useraccoun0_.password as password3_17_, useraccoun0_.username as username4_17_ from user_account useraccoun0_ where useraccoun0_.username=? 
2022-04-23 11:29:48.257 TRACE [org.hibernate.type.descriptor.sql.BasicBinder@http-nio-8081-exec-9] binding parameter [1] as [VARCHAR] - [inventor1] 
2022-04-23 11:29:48.259 DEBUG [org.hibernate.SQL@http-nio-8081-exec-9] select roles0_.user_account_id as user_acc1_18_0_, roles0_.id as id1_18_0_, roles0_.id as id1_0_1_, roles0_.version as version2_0_1_, roles0_.user_account_id as user_acc1_18_1_, roles0_.company as company1_7_1_, roles0_.sector as sector2_7_1_, roles0_.company as company1_8_1_, roles0_.info as info2_8_1_, roles0_.statement as statemen3_8_1_, roles0_.company as company1_10_1_, roles0_.info as info2_10_1_, roles0_.statement as statemen3_10_1_, roles0_.company as company1_13_1_, roles0_.sector as sector2_13_1_, roles0_.clazz_ as clazz_1_ from ( select id, version, user_account_id, company, sector, null as info, null as statement, 10 as clazz_ from consumer union all select id, version, user_account_id, company, null as sector, info, statement, 11 as clazz_ from inventor union all select id, version, user_account_id, company, null as sector, info, statement, 12 as clazz_ from patron union all select id, version, user_account_id, company, sector, null as info, null as statement, 13 as clazz_ from provider union all select id, version, user_account_id, null as company, null as sector, null as info, null as statement, 15 as clazz_ from administrator union all select id, version, user_account_id, null as company, null as sector, null as info, null as statement, 16 as clazz_ from anonymous union all select id, version, user_account_id, null as company, null as sector, null as info, null as statement, 17 as clazz_ from any union all select id, version, user_account_id, null as company, null as sector, null as info, null as statement, 18 as clazz_ from authenticated ) roles0_ where roles0_.user_account_id=? 
2022-04-23 11:29:48.261 TRACE [org.hibernate.type.descriptor.sql.BasicBinder@http-nio-8081-exec-9] binding parameter [1] as [INTEGER] - [6] 
2022-04-23 11:29:48.300 DEBUG [acme.framework.components.tiles.DynamicTilesView@http-nio-8081-exec-6] View name 'fragments/welcome', model {} 
2022-04-23 11:29:48.303 DEBUG [org.apache.jasper.servlet.JspServlet@http-nio-8081-exec-6] JspEngine --> /WEB-INF/views/master/page.jsp 
2022-04-23 11:29:48.304 DEBUG [org.apache.jasper.servlet.JspServlet@http-nio-8081-exec-6] ServletPath: /WEB-INF/views/master/page.jsp 
2022-04-23 11:29:48.305 DEBUG [org.apache.jasper.servlet.JspServlet@http-nio-8081-exec-6] PathInfo: null 
2022-04-23 11:29:48.308 DEBUG [org.apache.jasper.servlet.JspServlet@http-nio-8081-exec-6] RealPath: C:\Users\usuario\Desktop\Workspace-22.0\Projects\Acme-Toolkits\target\classes\WEB-INF\views\master\page.jsp 
2022-04-23 11:29:48.309 DEBUG [org.apache.jasper.servlet.JspServlet@http-nio-8081-exec-6] RequestURI: /acme-toolkits-22.1/WEB-INF/views/master/page.jsp 
2022-04-23 11:29:48.310 DEBUG [org.apache.jasper.servlet.JspServlet@http-nio-8081-exec-6] QueryString: null 
2022-04-23 11:29:48.711 DEBUG [org.apache.jasper.servlet.JspServlet@http-nio-8081-exec-6] JspEngine --> /WEB-INF/views/fragments/welcome.jsp 
2022-04-23 11:29:48.712 DEBUG [org.apache.jasper.servlet.JspServlet@http-nio-8081-exec-6] ServletPath: /WEB-INF/views/master/page.jsp 
2022-04-23 11:29:48.712 DEBUG [org.apache.jasper.servlet.JspServlet@http-nio-8081-exec-6] PathInfo: null 
2022-04-23 11:29:48.716 DEBUG [org.apache.jasper.servlet.JspServlet@http-nio-8081-exec-6] RealPath: C:\Users\usuario\Desktop\Workspace-22.0\Projects\Acme-Toolkits\target\classes\WEB-INF\views\fragments\welcome.jsp 
2022-04-23 11:29:48.717 DEBUG [org.apache.jasper.servlet.JspServlet@http-nio-8081-exec-6] RequestURI: /acme-toolkits-22.1/WEB-INF/views/master/page.jsp 
2022-04-23 11:29:48.717 DEBUG [org.apache.jasper.servlet.JspServlet@http-nio-8081-exec-6] QueryString: null 
2022-04-23 11:29:57.740 DEBUG [acme.framework.controllers.AbstractController@http-nio-8081-exec-7] DISPATCHING GET /acme-toolkits-22.1/inventor/patronage/list-all-mine-patronages 
2022-04-23 11:29:57.740 DEBUG [acme.framework.controllers.AbstractController@http-nio-8081-exec-7] Command: list-all-mine-patronages 
2022-04-23 11:29:57.740 DEBUG [acme.framework.controllers.AbstractController@http-nio-8081-exec-7] Model:   {} 
2022-04-23 11:29:57.741 DEBUG [acme.framework.controllers.AbstractController@http-nio-8081-exec-7] Locale:  en 
2022-04-23 11:29:57.780 DEBUG [org.hibernate.SQL@http-nio-8081-exec-7] select patronage0_.id as id1_0_, patronage0_.version as version2_0_, patronage0_.budget_amount as budget_a1_11_, patronage0_.budget_currency as budget_c2_11_, patronage0_.code as code3_11_, patronage0_.creation_moment as creation4_11_, patronage0_.end_moment as end_mome5_11_, patronage0_.info as info6_11_, patronage0_.inventor_id as invento10_11_, patronage0_.legal_stuff as legal_st7_11_, patronage0_.patron_id as patron_11_11_, patronage0_.start_moment as start_mo8_11_, patronage0_.status as status9_11_ from patronage patronage0_ where patronage0_.inventor_id=? 
2022-04-23 11:29:57.781 TRACE [org.hibernate.type.descriptor.sql.BasicBinder@http-nio-8081-exec-7] binding parameter [1] as [INTEGER] - [11] 
2022-04-23 11:29:57.796 DEBUG [org.hibernate.SQL@http-nio-8081-exec-7] select inventor0_.id as id1_0_0_, inventor0_.version as version2_0_0_, inventor0_.user_account_id as user_acc1_18_0_, inventor0_.company as company1_8_0_, inventor0_.info as info2_8_0_, inventor0_.statement as statemen3_8_0_, useraccoun1_.id as id1_0_1_, useraccoun1_.version as version2_0_1_, useraccoun1_.enabled as enabled1_17_1_, useraccoun1_.identity as identity2_17_1_, useraccoun1_.password as password3_17_1_, useraccoun1_.username as username4_17_1_ from inventor inventor0_ inner join user_account useraccoun1_ on inventor0_.user_account_id=useraccoun1_.id where inventor0_.id=? 
2022-04-23 11:29:57.797 TRACE [org.hibernate.type.descriptor.sql.BasicBinder@http-nio-8081-exec-7] binding parameter [1] as [INTEGER] - [11] 
2022-04-23 11:29:57.805 DEBUG [org.hibernate.SQL@http-nio-8081-exec-7] select patron0_.id as id1_0_0_, patron0_.version as version2_0_0_, patron0_.user_account_id as user_acc1_18_0_, patron0_.company as company1_10_0_, patron0_.info as info2_10_0_, patron0_.statement as statemen3_10_0_, useraccoun1_.id as id1_0_1_, useraccoun1_.version as version2_0_1_, useraccoun1_.enabled as enabled1_17_1_, useraccoun1_.identity as identity2_17_1_, useraccoun1_.password as password3_17_1_, useraccoun1_.username as username4_17_1_ from patron patron0_ inner join user_account useraccoun1_ on patron0_.user_account_id=useraccoun1_.id where patron0_.id=? 
2022-04-23 11:29:57.806 TRACE [org.hibernate.type.descriptor.sql.BasicBinder@http-nio-8081-exec-7] binding parameter [1] as [INTEGER] - [17] 
2022-04-23 11:29:57.811 DEBUG [org.hibernate.SQL@http-nio-8081-exec-7] select patron0_.id as id1_0_0_, patron0_.version as version2_0_0_, patron0_.user_account_id as user_acc1_18_0_, patron0_.company as company1_10_0_, patron0_.info as info2_10_0_, patron0_.statement as statemen3_10_0_, useraccoun1_.id as id1_0_1_, useraccoun1_.version as version2_0_1_, useraccoun1_.enabled as enabled1_17_1_, useraccoun1_.identity as identity2_17_1_, useraccoun1_.password as password3_17_1_, useraccoun1_.username as username4_17_1_ from patron patron0_ inner join user_account useraccoun1_ on patron0_.user_account_id=useraccoun1_.id where patron0_.id=? 
2022-04-23 11:29:57.811 TRACE [org.hibernate.type.descriptor.sql.BasicBinder@http-nio-8081-exec-7] binding parameter [1] as [INTEGER] - [18] 
2022-04-23 11:29:57.877 DEBUG [acme.framework.controllers.AbstractController@http-nio-8081-exec-7] SERVING GET /acme-toolkits-22.1/inventor/patronage/list-all-mine-patronages 
2022-04-23 11:29:57.877 DEBUG [acme.framework.controllers.AbstractController@http-nio-8081-exec-7] Result: ModelAndView [view="inventor/patronage/list"; model={legalStuff[1]=This is a test, legalStuff[0]=This is a test, version[1]=0, code[0]=ABC-123, version[0]=0, code[1]=BCD-123, id[1]=21, id[0]=19, info[1]=http://www.example.com, list$size=2, info[0]=null, command=list-all-mine-patronages, principal=acme.framework.entities.Principal@1384eedc}] 
2022-04-23 11:29:57.889 DEBUG [acme.framework.components.tiles.DynamicTilesView@http-nio-8081-exec-7] View name 'inventor/patronage/list', model {legalStuff[1]=This is a test, legalStuff[0]=This is a test, version[1]=0, code[0]=ABC-123, version[0]=0, code[1]=BCD-123, id[1]=21, id[0]=19, info[1]=http://www.example.com, list$size=2, info[0]=null, command=list-all-mine-patronages, principal=acme.framework.entities.Principal@1384eedc, org.springframework.validation.BindingResult.principal=org.springframework.validation.BeanPropertyBindingResult: 0 errors} 
2022-04-23 11:29:57.892 DEBUG [org.apache.jasper.servlet.JspServlet@http-nio-8081-exec-7] JspEngine --> /WEB-INF/views/master/page.jsp 
2022-04-23 11:29:57.893 DEBUG [org.apache.jasper.servlet.JspServlet@http-nio-8081-exec-7] ServletPath: /WEB-INF/views/master/page.jsp 
2022-04-23 11:29:57.893 DEBUG [org.apache.jasper.servlet.JspServlet@http-nio-8081-exec-7] PathInfo: null 
2022-04-23 11:29:57.895 DEBUG [org.apache.jasper.servlet.JspServlet@http-nio-8081-exec-7] RealPath: C:\Users\usuario\Desktop\Workspace-22.0\Projects\Acme-Toolkits\target\classes\WEB-INF\views\master\page.jsp 
2022-04-23 11:29:57.896 DEBUG [org.apache.jasper.servlet.JspServlet@http-nio-8081-exec-7] RequestURI: /acme-toolkits-22.1/WEB-INF/views/master/page.jsp 
2022-04-23 11:29:57.896 DEBUG [org.apache.jasper.servlet.JspServlet@http-nio-8081-exec-7] QueryString: null 
2022-04-23 11:29:58.275 DEBUG [org.apache.jasper.servlet.JspServlet@http-nio-8081-exec-7] JspEngine --> /WEB-INF/views/inventor/patronage/list.jsp 
2022-04-23 11:29:58.276 DEBUG [org.apache.jasper.servlet.JspServlet@http-nio-8081-exec-7] ServletPath: /WEB-INF/views/master/page.jsp 
2022-04-23 11:29:58.276 DEBUG [org.apache.jasper.servlet.JspServlet@http-nio-8081-exec-7] PathInfo: null 
2022-04-23 11:29:58.279 DEBUG [org.apache.jasper.servlet.JspServlet@http-nio-8081-exec-7] RealPath: C:\Users\usuario\Desktop\Workspace-22.0\Projects\Acme-Toolkits\target\classes\WEB-INF\views\inventor\patronage\list.jsp 
2022-04-23 11:29:58.279 DEBUG [org.apache.jasper.servlet.JspServlet@http-nio-8081-exec-7] RequestURI: /acme-toolkits-22.1/WEB-INF/views/master/page.jsp 
2022-04-23 11:29:58.279 DEBUG [org.apache.jasper.servlet.JspServlet@http-nio-8081-exec-7] QueryString: null 
