2022-03-30 15:34:29.774 INFO  [acme.Launcher@main] Starting Launcher using Java 1.8.0_281 on DESKTOP-HACG05I with PID 14596 (C:\Users\MRF\Desktop\Workspace-22.0\Frameworks\Acme-Framework-22.2\target\classes started by MRF in C:\Users\MRF\Desktop\Workspace-22.0\Projects\Acme-Toolkits) 
2022-03-30 15:34:29.776 DEBUG [acme.Launcher@main] Running with Spring Boot v2.4.2, Spring v5.3.3 
2022-03-30 15:34:29.778 INFO  [acme.Launcher@main] The following profiles are active: development,default 
2022-03-30 15:34:33.821 DEBUG [org.apache.jasper.servlet.JasperInitializer@main] Initializing Jasper for context [application] 
2022-03-30 15:34:41.005 DEBUG [org.apache.jasper.servlet.JspServlet@main] Scratch dir for the JSP engine is: [C:\Users\MRF\AppData\Local\Temp\tomcat.8081.843784288341785065\work\Tomcat\localhost\acme-toolkits-22.1] 
2022-03-30 15:34:41.006 DEBUG [org.apache.jasper.servlet.JspServlet@main] IMPORTANT: Do not modify the generated servlets 
2022-03-30 15:34:41.020 INFO  [acme.Launcher@main] Started Launcher in 12.263 seconds (JVM running for 13.667) 
2022-03-30 15:34:41.027 DEBUG [acme.Launcher@main] Found classpath entry '/C:/Users/MRF/Desktop/Workspace-22.0/Projects/Acme-Toolkits/target/test-classes/' 
2022-03-30 15:34:41.028 DEBUG [acme.Launcher@main] Found classpath entry '/C:/Users/MRF/Desktop/Workspace-22.0/Projects/Acme-Toolkits/target/classes/' 
2022-03-30 15:34:41.028 DEBUG [acme.Launcher@main] Found classpath entry '/C:/Users/MRF/Desktop/Workspace-22.0/Frameworks/Acme-Framework-22.2/target/classes/' 
2022-03-30 15:34:41.029 DEBUG [acme.Launcher@main] Found classpath entry '/C:/Users/MRF/Desktop/Workspace-22.0/Frameworks/Acme-Framework-22.2/target/test-classes/' 
2022-03-30 15:34:41.029 DEBUG [acme.Launcher@main] Found classpath entry '/C:/Users/MRF/.m2/repository/org/springframework/boot/spring-boot-starter-tomcat/2.4.2/spring-boot-starter-tomcat-2.4.2.jar' 
2022-03-30 15:34:41.030 DEBUG [acme.Launcher@main] Found classpath entry '/C:/Users/MRF/.m2/repository/jakarta/annotation/jakarta.annotation-api/1.3.5/jakarta.annotation-api-1.3.5.jar' 
2022-03-30 15:34:41.030 DEBUG [acme.Launcher@main] Found classpath entry '/C:/Users/MRF/.m2/repository/org/apache/tomcat/embed/tomcat-embed-core/9.0.41/tomcat-embed-core-9.0.41.jar' 
2022-03-30 15:34:41.030 DEBUG [acme.Launcher@main] Found classpath entry '/C:/Users/MRF/.m2/repository/org/glassfish/jakarta.el/3.0.3/jakarta.el-3.0.3.jar' 
2022-03-30 15:34:41.030 DEBUG [acme.Launcher@main] Found classpath entry '/C:/Users/MRF/.m2/repository/org/apache/tomcat/embed/tomcat-embed-websocket/9.0.41/tomcat-embed-websocket-9.0.41.jar' 
2022-03-30 15:34:41.031 DEBUG [acme.Launcher@main] Found classpath entry '/C:/Users/MRF/.m2/repository/org/apache/tomcat/embed/tomcat-embed-jasper/9.0.41/tomcat-embed-jasper-9.0.41.jar' 
2022-03-30 15:34:41.031 DEBUG [acme.Launcher@main] Found classpath entry '/C:/Users/MRF/.m2/repository/org/apache/tomcat/embed/tomcat-embed-el/9.0.41/tomcat-embed-el-9.0.41.jar' 
2022-03-30 15:34:41.032 DEBUG [acme.Launcher@main] Found classpath entry '/C:/Users/MRF/.m2/repository/org/eclipse/jdt/ecj/3.18.0/ecj-3.18.0.jar' 
2022-03-30 15:34:41.033 DEBUG [acme.Launcher@main] Found classpath entry '/C:/Users/MRF/.m2/repository/javax/servlet/jstl/1.2/jstl-1.2.jar' 
2022-03-30 15:34:41.034 DEBUG [acme.Launcher@main] Found classpath entry '/C:/Users/MRF/.m2/repository/org/springframework/boot/spring-boot-starter-test/2.4.2/spring-boot-starter-test-2.4.2.jar' 
2022-03-30 15:34:41.034 DEBUG [acme.Launcher@main] Found classpath entry '/C:/Users/MRF/.m2/repository/org/springframework/boot/spring-boot-starter/2.4.2/spring-boot-starter-2.4.2.jar' 
2022-03-30 15:34:41.034 DEBUG [acme.Launcher@main] Found classpath entry '/C:/Users/MRF/.m2/repository/org/springframework/boot/spring-boot/2.4.2/spring-boot-2.4.2.jar' 
2022-03-30 15:34:41.035 DEBUG [acme.Launcher@main] Found classpath entry '/C:/Users/MRF/.m2/repository/org/springframework/boot/spring-boot-autoconfigure/2.4.2/spring-boot-autoconfigure-2.4.2.jar' 
2022-03-30 15:34:41.035 DEBUG [acme.Launcher@main] Found classpath entry '/C:/Users/MRF/.m2/repository/org/springframework/boot/spring-boot-starter-logging/2.4.2/spring-boot-starter-logging-2.4.2.jar' 
2022-03-30 15:34:41.036 DEBUG [acme.Launcher@main] Found classpath entry '/C:/Users/MRF/.m2/repository/ch/qos/logback/logback-classic/1.2.3/logback-classic-1.2.3.jar' 
2022-03-30 15:34:41.036 DEBUG [acme.Launcher@main] Found classpath entry '/C:/Users/MRF/.m2/repository/ch/qos/logback/logback-core/1.2.3/logback-core-1.2.3.jar' 
2022-03-30 15:34:41.036 DEBUG [acme.Launcher@main] Found classpath entry '/C:/Users/MRF/.m2/repository/org/apache/logging/log4j/log4j-to-slf4j/2.13.3/log4j-to-slf4j-2.13.3.jar' 
2022-03-30 15:34:41.036 DEBUG [acme.Launcher@main] Found classpath entry '/C:/Users/MRF/.m2/repository/org/apache/logging/log4j/log4j-api/2.13.3/log4j-api-2.13.3.jar' 
2022-03-30 15:34:41.037 DEBUG [acme.Launcher@main] Found classpath entry '/C:/Users/MRF/.m2/repository/org/slf4j/jul-to-slf4j/1.7.30/jul-to-slf4j-1.7.30.jar' 
2022-03-30 15:34:41.037 DEBUG [acme.Launcher@main] Found classpath entry '/C:/Users/MRF/.m2/repository/org/yaml/snakeyaml/1.27/snakeyaml-1.27.jar' 
2022-03-30 15:34:41.037 DEBUG [acme.Launcher@main] Found classpath entry '/C:/Users/MRF/.m2/repository/org/springframework/boot/spring-boot-test/2.4.2/spring-boot-test-2.4.2.jar' 
2022-03-30 15:34:41.037 DEBUG [acme.Launcher@main] Found classpath entry '/C:/Users/MRF/.m2/repository/org/springframework/boot/spring-boot-test-autoconfigure/2.4.2/spring-boot-test-autoconfigure-2.4.2.jar' 
2022-03-30 15:34:41.038 DEBUG [acme.Launcher@main] Found classpath entry '/C:/Users/MRF/.m2/repository/com/jayway/jsonpath/json-path/2.4.0/json-path-2.4.0.jar' 
2022-03-30 15:34:41.038 DEBUG [acme.Launcher@main] Found classpath entry '/C:/Users/MRF/.m2/repository/net/minidev/json-smart/2.3/json-smart-2.3.jar' 
2022-03-30 15:34:41.038 DEBUG [acme.Launcher@main] Found classpath entry '/C:/Users/MRF/.m2/repository/net/minidev/accessors-smart/1.2/accessors-smart-1.2.jar' 
2022-03-30 15:34:41.039 DEBUG [acme.Launcher@main] Found classpath entry '/C:/Users/MRF/.m2/repository/org/ow2/asm/asm/5.0.4/asm-5.0.4.jar' 
2022-03-30 15:34:41.039 DEBUG [acme.Launcher@main] Found classpath entry '/C:/Users/MRF/.m2/repository/jakarta/xml/bind/jakarta.xml.bind-api/2.3.3/jakarta.xml.bind-api-2.3.3.jar' 
2022-03-30 15:34:41.039 DEBUG [acme.Launcher@main] Found classpath entry '/C:/Users/MRF/.m2/repository/jakarta/activation/jakarta.activation-api/1.2.2/jakarta.activation-api-1.2.2.jar' 
2022-03-30 15:34:41.039 DEBUG [acme.Launcher@main] Found classpath entry '/C:/Users/MRF/.m2/repository/org/assertj/assertj-core/3.18.1/assertj-core-3.18.1.jar' 
2022-03-30 15:34:41.039 DEBUG [acme.Launcher@main] Found classpath entry '/C:/Users/MRF/.m2/repository/org/hamcrest/hamcrest/2.2/hamcrest-2.2.jar' 
2022-03-30 15:34:41.040 DEBUG [acme.Launcher@main] Found classpath entry '/C:/Users/MRF/.m2/repository/org/junit/jupiter/junit-jupiter/5.7.0/junit-jupiter-5.7.0.jar' 
2022-03-30 15:34:41.040 DEBUG [acme.Launcher@main] Found classpath entry '/C:/Users/MRF/.m2/repository/org/mockito/mockito-core/3.6.28/mockito-core-3.6.28.jar' 
2022-03-30 15:34:41.040 DEBUG [acme.Launcher@main] Found classpath entry '/C:/Users/MRF/.m2/repository/net/bytebuddy/byte-buddy-agent/1.10.19/byte-buddy-agent-1.10.19.jar' 
2022-03-30 15:34:41.040 DEBUG [acme.Launcher@main] Found classpath entry '/C:/Users/MRF/.m2/repository/org/objenesis/objenesis/3.1/objenesis-3.1.jar' 
2022-03-30 15:34:41.040 DEBUG [acme.Launcher@main] Found classpath entry '/C:/Users/MRF/.m2/repository/org/mockito/mockito-junit-jupiter/3.6.28/mockito-junit-jupiter-3.6.28.jar' 
2022-03-30 15:34:41.041 DEBUG [acme.Launcher@main] Found classpath entry '/C:/Users/MRF/.m2/repository/org/skyscreamer/jsonassert/1.5.0/jsonassert-1.5.0.jar' 
2022-03-30 15:34:41.041 DEBUG [acme.Launcher@main] Found classpath entry '/C:/Users/MRF/.m2/repository/com/vaadin/external/google/android-json/0.0.20131108.vaadin1/android-json-0.0.20131108.vaadin1.jar' 
2022-03-30 15:34:41.041 DEBUG [acme.Launcher@main] Found classpath entry '/C:/Users/MRF/.m2/repository/org/springframework/spring-core/5.3.3/spring-core-5.3.3.jar' 
2022-03-30 15:34:41.041 DEBUG [acme.Launcher@main] Found classpath entry '/C:/Users/MRF/.m2/repository/org/springframework/spring-jcl/5.3.3/spring-jcl-5.3.3.jar' 
2022-03-30 15:34:41.041 DEBUG [acme.Launcher@main] Found classpath entry '/C:/Users/MRF/.m2/repository/org/springframework/spring-test/5.3.3/spring-test-5.3.3.jar' 
2022-03-30 15:34:41.042 DEBUG [acme.Launcher@main] Found classpath entry '/C:/Users/MRF/.m2/repository/org/xmlunit/xmlunit-core/2.7.0/xmlunit-core-2.7.0.jar' 
2022-03-30 15:34:41.042 DEBUG [acme.Launcher@main] Found classpath entry '/C:/Users/MRF/.m2/repository/org/springframework/boot/spring-boot-starter-security/2.4.2/spring-boot-starter-security-2.4.2.jar' 
2022-03-30 15:34:41.042 DEBUG [acme.Launcher@main] Found classpath entry '/C:/Users/MRF/.m2/repository/org/springframework/spring-aop/5.3.3/spring-aop-5.3.3.jar' 
2022-03-30 15:34:41.042 DEBUG [acme.Launcher@main] Found classpath entry '/C:/Users/MRF/.m2/repository/org/springframework/security/spring-security-web/5.4.2/spring-security-web-5.4.2.jar' 
2022-03-30 15:34:41.043 DEBUG [acme.Launcher@main] Found classpath entry '/C:/Users/MRF/.m2/repository/org/springframework/security/spring-security-core/5.4.2/spring-security-core-5.4.2.jar' 
2022-03-30 15:34:41.043 DEBUG [acme.Launcher@main] Found classpath entry '/C:/Users/MRF/.m2/repository/org/springframework/spring-beans/5.3.3/spring-beans-5.3.3.jar' 
2022-03-30 15:34:41.043 DEBUG [acme.Launcher@main] Found classpath entry '/C:/Users/MRF/.m2/repository/org/springframework/spring-context/5.3.3/spring-context-5.3.3.jar' 
2022-03-30 15:34:41.043 DEBUG [acme.Launcher@main] Found classpath entry '/C:/Users/MRF/.m2/repository/org/springframework/spring-expression/5.3.3/spring-expression-5.3.3.jar' 
2022-03-30 15:34:41.043 DEBUG [acme.Launcher@main] Found classpath entry '/C:/Users/MRF/.m2/repository/org/springframework/spring-web/5.3.3/spring-web-5.3.3.jar' 
2022-03-30 15:34:41.044 DEBUG [acme.Launcher@main] Found classpath entry '/C:/Users/MRF/.m2/repository/org/springframework/security/spring-security-config/5.4.2/spring-security-config-5.4.2.jar' 
2022-03-30 15:34:41.044 DEBUG [acme.Launcher@main] Found classpath entry '/C:/Users/MRF/.m2/repository/org/springframework/security/spring-security-taglibs/5.4.2/spring-security-taglibs-5.4.2.jar' 
2022-03-30 15:34:41.044 DEBUG [acme.Launcher@main] Found classpath entry '/C:/Users/MRF/.m2/repository/org/springframework/security/spring-security-acl/5.4.2/spring-security-acl-5.4.2.jar' 
2022-03-30 15:34:41.044 DEBUG [acme.Launcher@main] Found classpath entry '/C:/Users/MRF/.m2/repository/org/springframework/spring-jdbc/5.3.3/spring-jdbc-5.3.3.jar' 
2022-03-30 15:34:41.045 DEBUG [acme.Launcher@main] Found classpath entry '/C:/Users/MRF/.m2/repository/org/springframework/spring-tx/5.3.3/spring-tx-5.3.3.jar' 
2022-03-30 15:34:41.045 DEBUG [acme.Launcher@main] Found classpath entry '/C:/Users/MRF/.m2/repository/org/springframework/boot/spring-boot-starter-web/2.4.2/spring-boot-starter-web-2.4.2.jar' 
2022-03-30 15:34:41.045 DEBUG [acme.Launcher@main] Found classpath entry '/C:/Users/MRF/.m2/repository/org/springframework/boot/spring-boot-starter-json/2.4.2/spring-boot-starter-json-2.4.2.jar' 
2022-03-30 15:34:41.045 DEBUG [acme.Launcher@main] Found classpath entry '/C:/Users/MRF/.m2/repository/com/fasterxml/jackson/core/jackson-databind/2.11.4/jackson-databind-2.11.4.jar' 
2022-03-30 15:34:41.046 DEBUG [acme.Launcher@main] Found classpath entry '/C:/Users/MRF/.m2/repository/com/fasterxml/jackson/core/jackson-annotations/2.11.4/jackson-annotations-2.11.4.jar' 
2022-03-30 15:34:41.046 DEBUG [acme.Launcher@main] Found classpath entry '/C:/Users/MRF/.m2/repository/com/fasterxml/jackson/core/jackson-core/2.11.4/jackson-core-2.11.4.jar' 
2022-03-30 15:34:41.046 DEBUG [acme.Launcher@main] Found classpath entry '/C:/Users/MRF/.m2/repository/com/fasterxml/jackson/datatype/jackson-datatype-jdk8/2.11.4/jackson-datatype-jdk8-2.11.4.jar' 
2022-03-30 15:34:41.046 DEBUG [acme.Launcher@main] Found classpath entry '/C:/Users/MRF/.m2/repository/com/fasterxml/jackson/datatype/jackson-datatype-jsr310/2.11.4/jackson-datatype-jsr310-2.11.4.jar' 
2022-03-30 15:34:41.046 DEBUG [acme.Launcher@main] Found classpath entry '/C:/Users/MRF/.m2/repository/com/fasterxml/jackson/module/jackson-module-parameter-names/2.11.4/jackson-module-parameter-names-2.11.4.jar' 
2022-03-30 15:34:41.047 DEBUG [acme.Launcher@main] Found classpath entry '/C:/Users/MRF/.m2/repository/org/springframework/spring-webmvc/5.3.3/spring-webmvc-5.3.3.jar' 
2022-03-30 15:34:41.047 DEBUG [acme.Launcher@main] Found classpath entry '/C:/Users/MRF/.m2/repository/org/apache/tiles/tiles-jsp/3.0.8/tiles-jsp-3.0.8.jar' 
2022-03-30 15:34:41.047 DEBUG [acme.Launcher@main] Found classpath entry '/C:/Users/MRF/.m2/repository/org/apache/tiles/tiles-servlet/3.0.8/tiles-servlet-3.0.8.jar' 
2022-03-30 15:34:41.047 DEBUG [acme.Launcher@main] Found classpath entry '/C:/Users/MRF/.m2/repository/org/apache/tiles/tiles-core/3.0.8/tiles-core-3.0.8.jar' 
2022-03-30 15:34:41.048 DEBUG [acme.Launcher@main] Found classpath entry '/C:/Users/MRF/.m2/repository/commons-digester/commons-digester/2.0/commons-digester-2.0.jar' 
2022-03-30 15:34:41.048 DEBUG [acme.Launcher@main] Found classpath entry '/C:/Users/MRF/.m2/repository/org/slf4j/jcl-over-slf4j/1.7.30/jcl-over-slf4j-1.7.30.jar' 
2022-03-30 15:34:41.048 DEBUG [acme.Launcher@main] Found classpath entry '/C:/Users/MRF/.m2/repository/org/apache/tiles/tiles-request-servlet/1.0.7/tiles-request-servlet-1.0.7.jar' 
2022-03-30 15:34:41.048 DEBUG [acme.Launcher@main] Found classpath entry '/C:/Users/MRF/.m2/repository/org/apache/tiles/tiles-template/3.0.8/tiles-template-3.0.8.jar' 
2022-03-30 15:34:41.048 DEBUG [acme.Launcher@main] Found classpath entry '/C:/Users/MRF/.m2/repository/org/apache/tiles/tiles-api/3.0.8/tiles-api-3.0.8.jar' 
2022-03-30 15:34:41.049 DEBUG [acme.Launcher@main] Found classpath entry '/C:/Users/MRF/.m2/repository/org/apache/tiles/tiles-autotag-core-runtime/1.2/tiles-autotag-core-runtime-1.2.jar' 
2022-03-30 15:34:41.049 DEBUG [acme.Launcher@main] Found classpath entry '/C:/Users/MRF/.m2/repository/org/slf4j/slf4j-api/1.7.30/slf4j-api-1.7.30.jar' 
2022-03-30 15:34:41.049 DEBUG [acme.Launcher@main] Found classpath entry '/C:/Users/MRF/.m2/repository/org/apache/tiles/tiles-request-jsp/1.0.7/tiles-request-jsp-1.0.7.jar' 
2022-03-30 15:34:41.049 DEBUG [acme.Launcher@main] Found classpath entry '/C:/Users/MRF/.m2/repository/org/apache/tiles/tiles-request-api/1.0.7/tiles-request-api-1.0.7.jar' 
2022-03-30 15:34:41.049 DEBUG [acme.Launcher@main] Found classpath entry '/C:/Users/MRF/.m2/repository/org/springframework/boot/spring-boot-starter-data-jpa/2.4.2/spring-boot-starter-data-jpa-2.4.2.jar' 
2022-03-30 15:34:41.050 DEBUG [acme.Launcher@main] Found classpath entry '/C:/Users/MRF/.m2/repository/org/springframework/boot/spring-boot-starter-aop/2.4.2/spring-boot-starter-aop-2.4.2.jar' 
2022-03-30 15:34:41.050 DEBUG [acme.Launcher@main] Found classpath entry '/C:/Users/MRF/.m2/repository/org/aspectj/aspectjweaver/1.9.6/aspectjweaver-1.9.6.jar' 
2022-03-30 15:34:41.050 DEBUG [acme.Launcher@main] Found classpath entry '/C:/Users/MRF/.m2/repository/org/springframework/boot/spring-boot-starter-jdbc/2.4.2/spring-boot-starter-jdbc-2.4.2.jar' 
2022-03-30 15:34:41.050 DEBUG [acme.Launcher@main] Found classpath entry '/C:/Users/MRF/.m2/repository/jakarta/transaction/jakarta.transaction-api/1.3.3/jakarta.transaction-api-1.3.3.jar' 
2022-03-30 15:34:41.050 DEBUG [acme.Launcher@main] Found classpath entry '/C:/Users/MRF/.m2/repository/jakarta/persistence/jakarta.persistence-api/2.2.3/jakarta.persistence-api-2.2.3.jar' 
2022-03-30 15:34:41.050 DEBUG [acme.Launcher@main] Found classpath entry '/C:/Users/MRF/.m2/repository/org/hibernate/hibernate-core/5.4.27.Final/hibernate-core-5.4.27.Final.jar' 
2022-03-30 15:34:41.051 DEBUG [acme.Launcher@main] Found classpath entry '/C:/Users/MRF/.m2/repository/org/jboss/logging/jboss-logging/3.4.1.Final/jboss-logging-3.4.1.Final.jar' 
2022-03-30 15:34:41.051 DEBUG [acme.Launcher@main] Found classpath entry '/C:/Users/MRF/.m2/repository/org/javassist/javassist/3.27.0-GA/javassist-3.27.0-GA.jar' 
2022-03-30 15:34:41.051 DEBUG [acme.Launcher@main] Found classpath entry '/C:/Users/MRF/.m2/repository/antlr/antlr/2.7.7/antlr-2.7.7.jar' 
2022-03-30 15:34:41.051 DEBUG [acme.Launcher@main] Found classpath entry '/C:/Users/MRF/.m2/repository/org/jboss/jandex/2.1.3.Final/jandex-2.1.3.Final.jar' 
2022-03-30 15:34:41.052 DEBUG [acme.Launcher@main] Found classpath entry '/C:/Users/MRF/.m2/repository/com/fasterxml/classmate/1.5.1/classmate-1.5.1.jar' 
2022-03-30 15:34:41.052 DEBUG [acme.Launcher@main] Found classpath entry '/C:/Users/MRF/.m2/repository/org/dom4j/dom4j/2.1.3/dom4j-2.1.3.jar' 
2022-03-30 15:34:41.052 DEBUG [acme.Launcher@main] Found classpath entry '/C:/Users/MRF/.m2/repository/org/hibernate/common/hibernate-commons-annotations/5.1.2.Final/hibernate-commons-annotations-5.1.2.Final.jar' 
2022-03-30 15:34:41.052 DEBUG [acme.Launcher@main] Found classpath entry '/C:/Users/MRF/.m2/repository/org/glassfish/jaxb/jaxb-runtime/2.3.3/jaxb-runtime-2.3.3.jar' 
2022-03-30 15:34:41.052 DEBUG [acme.Launcher@main] Found classpath entry '/C:/Users/MRF/.m2/repository/org/glassfish/jaxb/txw2/2.3.3/txw2-2.3.3.jar' 
2022-03-30 15:34:41.053 DEBUG [acme.Launcher@main] Found classpath entry '/C:/Users/MRF/.m2/repository/com/sun/istack/istack-commons-runtime/3.0.11/istack-commons-runtime-3.0.11.jar' 
2022-03-30 15:34:41.053 DEBUG [acme.Launcher@main] Found classpath entry '/C:/Users/MRF/.m2/repository/com/sun/activation/jakarta.activation/1.2.2/jakarta.activation-1.2.2.jar' 
2022-03-30 15:34:41.053 DEBUG [acme.Launcher@main] Found classpath entry '/C:/Users/MRF/.m2/repository/org/springframework/data/spring-data-jpa/2.4.3/spring-data-jpa-2.4.3.jar' 
2022-03-30 15:34:41.054 DEBUG [acme.Launcher@main] Found classpath entry '/C:/Users/MRF/.m2/repository/org/springframework/data/spring-data-commons/2.4.3/spring-data-commons-2.4.3.jar' 
2022-03-30 15:34:41.054 DEBUG [acme.Launcher@main] Found classpath entry '/C:/Users/MRF/.m2/repository/org/springframework/spring-orm/5.3.3/spring-orm-5.3.3.jar' 
2022-03-30 15:34:41.054 DEBUG [acme.Launcher@main] Found classpath entry '/C:/Users/MRF/.m2/repository/org/springframework/spring-aspects/5.3.3/spring-aspects-5.3.3.jar' 
2022-03-30 15:34:41.054 DEBUG [acme.Launcher@main] Found classpath entry '/C:/Users/MRF/.m2/repository/org/springframework/boot/spring-boot-starter-validation/2.4.2/spring-boot-starter-validation-2.4.2.jar' 
2022-03-30 15:34:41.054 DEBUG [acme.Launcher@main] Found classpath entry '/C:/Users/MRF/.m2/repository/org/hibernate/validator/hibernate-validator/6.1.7.Final/hibernate-validator-6.1.7.Final.jar' 
2022-03-30 15:34:41.054 DEBUG [acme.Launcher@main] Found classpath entry '/C:/Users/MRF/.m2/repository/jakarta/validation/jakarta.validation-api/2.0.2/jakarta.validation-api-2.0.2.jar' 
2022-03-30 15:34:41.055 DEBUG [acme.Launcher@main] Found classpath entry '/C:/Users/MRF/.m2/repository/mysql/mysql-connector-java/8.0.22/mysql-connector-java-8.0.22.jar' 
2022-03-30 15:34:41.055 DEBUG [acme.Launcher@main] Found classpath entry '/C:/Users/MRF/.m2/repository/com/zaxxer/HikariCP/3.4.5/HikariCP-3.4.5.jar' 
2022-03-30 15:34:41.055 DEBUG [acme.Launcher@main] Found classpath entry '/C:/Users/MRF/.m2/repository/org/junit/jupiter/junit-jupiter-engine/5.7.0/junit-jupiter-engine-5.7.0.jar' 
2022-03-30 15:34:41.055 DEBUG [acme.Launcher@main] Found classpath entry '/C:/Users/MRF/.m2/repository/org/apiguardian/apiguardian-api/1.1.0/apiguardian-api-1.1.0.jar' 
2022-03-30 15:34:41.055 DEBUG [acme.Launcher@main] Found classpath entry '/C:/Users/MRF/.m2/repository/org/junit/platform/junit-platform-engine/1.7.0/junit-platform-engine-1.7.0.jar' 
2022-03-30 15:34:41.056 DEBUG [acme.Launcher@main] Found classpath entry '/C:/Users/MRF/.m2/repository/org/junit/jupiter/junit-jupiter-api/5.7.0/junit-jupiter-api-5.7.0.jar' 
2022-03-30 15:34:41.056 DEBUG [acme.Launcher@main] Found classpath entry '/C:/Users/MRF/.m2/repository/org/opentest4j/opentest4j/1.2.0/opentest4j-1.2.0.jar' 
2022-03-30 15:34:41.056 DEBUG [acme.Launcher@main] Found classpath entry '/C:/Users/MRF/.m2/repository/org/junit/platform/junit-platform-commons/1.7.0/junit-platform-commons-1.7.0.jar' 
2022-03-30 15:34:41.056 DEBUG [acme.Launcher@main] Found classpath entry '/C:/Users/MRF/.m2/repository/org/junit/jupiter/junit-jupiter-params/5.7.0/junit-jupiter-params-5.7.0.jar' 
2022-03-30 15:34:41.057 DEBUG [acme.Launcher@main] Found classpath entry '/C:/Users/MRF/.m2/repository/org/junit/platform/junit-platform-launcher/1.7.0/junit-platform-launcher-1.7.0.jar' 
2022-03-30 15:34:41.057 DEBUG [acme.Launcher@main] Found classpath entry '/C:/Users/MRF/.m2/repository/org/seleniumhq/selenium/selenium-java/3.141.59/selenium-java-3.141.59.jar' 
2022-03-30 15:34:41.057 DEBUG [acme.Launcher@main] Found classpath entry '/C:/Users/MRF/.m2/repository/org/seleniumhq/selenium/selenium-api/3.141.59/selenium-api-3.141.59.jar' 
2022-03-30 15:34:41.057 DEBUG [acme.Launcher@main] Found classpath entry '/C:/Users/MRF/.m2/repository/org/seleniumhq/selenium/selenium-chrome-driver/3.141.59/selenium-chrome-driver-3.141.59.jar' 
2022-03-30 15:34:41.057 DEBUG [acme.Launcher@main] Found classpath entry '/C:/Users/MRF/.m2/repository/org/seleniumhq/selenium/selenium-edge-driver/3.141.59/selenium-edge-driver-3.141.59.jar' 
2022-03-30 15:34:41.058 DEBUG [acme.Launcher@main] Found classpath entry '/C:/Users/MRF/.m2/repository/org/seleniumhq/selenium/selenium-firefox-driver/3.141.59/selenium-firefox-driver-3.141.59.jar' 
2022-03-30 15:34:41.058 DEBUG [acme.Launcher@main] Found classpath entry '/C:/Users/MRF/.m2/repository/org/seleniumhq/selenium/selenium-ie-driver/3.141.59/selenium-ie-driver-3.141.59.jar' 
2022-03-30 15:34:41.058 DEBUG [acme.Launcher@main] Found classpath entry '/C:/Users/MRF/.m2/repository/org/seleniumhq/selenium/selenium-opera-driver/3.141.59/selenium-opera-driver-3.141.59.jar' 
2022-03-30 15:34:41.058 DEBUG [acme.Launcher@main] Found classpath entry '/C:/Users/MRF/.m2/repository/org/seleniumhq/selenium/selenium-remote-driver/3.141.59/selenium-remote-driver-3.141.59.jar' 
2022-03-30 15:34:41.058 DEBUG [acme.Launcher@main] Found classpath entry '/C:/Users/MRF/.m2/repository/org/seleniumhq/selenium/selenium-safari-driver/3.141.59/selenium-safari-driver-3.141.59.jar' 
2022-03-30 15:34:41.059 DEBUG [acme.Launcher@main] Found classpath entry '/C:/Users/MRF/.m2/repository/org/seleniumhq/selenium/selenium-support/3.141.59/selenium-support-3.141.59.jar' 
2022-03-30 15:34:41.059 DEBUG [acme.Launcher@main] Found classpath entry '/C:/Users/MRF/.m2/repository/net/bytebuddy/byte-buddy/1.10.19/byte-buddy-1.10.19.jar' 
2022-03-30 15:34:41.059 DEBUG [acme.Launcher@main] Found classpath entry '/C:/Users/MRF/.m2/repository/org/apache/commons/commons-exec/1.3/commons-exec-1.3.jar' 
2022-03-30 15:34:41.059 DEBUG [acme.Launcher@main] Found classpath entry '/C:/Users/MRF/.m2/repository/com/google/guava/guava/25.0-jre/guava-25.0-jre.jar' 
2022-03-30 15:34:41.059 DEBUG [acme.Launcher@main] Found classpath entry '/C:/Users/MRF/.m2/repository/com/google/code/findbugs/jsr305/1.3.9/jsr305-1.3.9.jar' 
2022-03-30 15:34:41.059 DEBUG [acme.Launcher@main] Found classpath entry '/C:/Users/MRF/.m2/repository/org/checkerframework/checker-compat-qual/2.0.0/checker-compat-qual-2.0.0.jar' 
2022-03-30 15:34:41.059 DEBUG [acme.Launcher@main] Found classpath entry '/C:/Users/MRF/.m2/repository/com/google/errorprone/error_prone_annotations/2.1.3/error_prone_annotations-2.1.3.jar' 
2022-03-30 15:34:41.060 DEBUG [acme.Launcher@main] Found classpath entry '/C:/Users/MRF/.m2/repository/com/google/j2objc/j2objc-annotations/1.1/j2objc-annotations-1.1.jar' 
2022-03-30 15:34:41.060 DEBUG [acme.Launcher@main] Found classpath entry '/C:/Users/MRF/.m2/repository/org/codehaus/mojo/animal-sniffer-annotations/1.14/animal-sniffer-annotations-1.14.jar' 
2022-03-30 15:34:41.060 DEBUG [acme.Launcher@main] Found classpath entry '/C:/Users/MRF/.m2/repository/com/squareup/okhttp3/okhttp/3.14.9/okhttp-3.14.9.jar' 
2022-03-30 15:34:41.060 DEBUG [acme.Launcher@main] Found classpath entry '/C:/Users/MRF/.m2/repository/com/squareup/okio/okio/1.14.0/okio-1.14.0.jar' 
2022-03-30 15:34:41.060 DEBUG [acme.Launcher@main] Found classpath entry '/C:/Users/MRF/.m2/repository/org/apache/commons/commons-lang3/3.11/commons-lang3-3.11.jar' 
2022-03-30 15:34:41.060 DEBUG [acme.Launcher@main] Found classpath entry '/C:/Users/MRF/.m2/repository/org/apache/commons/commons-text/1.8/commons-text-1.8.jar' 
2022-03-30 15:34:41.060 DEBUG [acme.Launcher@main] Found classpath entry '/C:/Users/MRF/.m2/repository/commons-io/commons-io/2.6/commons-io-2.6.jar' 
2022-03-30 15:34:41.060 DEBUG [acme.Launcher@main] Found classpath entry '/C:/Users/MRF/.m2/repository/commons-cli/commons-cli/1.4/commons-cli-1.4.jar' 
2022-03-30 15:34:41.060 DEBUG [acme.Launcher@main] Found classpath entry '/C:/Users/MRF/.m2/repository/org/projectlombok/lombok/1.18.16/lombok-1.18.16.jar' 
2022-03-30 15:34:41.060 DEBUG [acme.Launcher@main] Found classpath entry '/C:/Users/MRF/.m2/repository/com/opencsv/opencsv/5.4/opencsv-5.4.jar' 
2022-03-30 15:34:41.062 DEBUG [acme.Launcher@main] Found classpath entry '/C:/Users/MRF/.m2/repository/commons-beanutils/commons-beanutils/1.9.4/commons-beanutils-1.9.4.jar' 
2022-03-30 15:34:41.062 DEBUG [acme.Launcher@main] Found classpath entry '/C:/Users/MRF/.m2/repository/commons-logging/commons-logging/1.2/commons-logging-1.2.jar' 
2022-03-30 15:34:41.062 DEBUG [acme.Launcher@main] Found classpath entry '/C:/Users/MRF/.m2/repository/commons-collections/commons-collections/3.2.2/commons-collections-3.2.2.jar' 
2022-03-30 15:34:41.062 DEBUG [acme.Launcher@main] Found classpath entry '/C:/Users/MRF/.m2/repository/org/apache/commons/commons-collections4/4.4/commons-collections4-4.4.jar' 
2022-03-30 15:34:41.062 DEBUG [acme.Launcher@main] Found classpath entry '/C:/Users/MRF/Desktop/Workspace-22.0/Tools/IDEs/eclipse-jee-2021-12-R/configuration/org.eclipse.osgi/418/0/.cp/lib/javaagent-shaded.jar' 
2022-03-30 15:34:41.190 DEBUG [acme.Launcher@main] Found entity class 'acme.entities.announcement.Announcement 
2022-03-30 15:34:41.191 DEBUG [acme.Launcher@main] Found entity class 'acme.entities.chirp.Chirp 
2022-03-30 15:34:41.191 DEBUG [acme.Launcher@main] Found entity class 'acme.entities.item.Item 
2022-03-30 15:34:41.191 DEBUG [acme.Launcher@main] Found entity class 'acme.entities.patronageReport.PatronageReport 
2022-03-30 15:34:41.191 DEBUG [acme.Launcher@main] Found entity class 'acme.entities.patronages.Patronage 
2022-03-30 15:34:41.192 DEBUG [acme.Launcher@main] Found entity class 'acme.entities.quantity.Quantity 
2022-03-30 15:34:41.192 DEBUG [acme.Launcher@main] Found entity class 'acme.entities.systemConfiguration.SystemConfiguration 
2022-03-30 15:34:41.192 DEBUG [acme.Launcher@main] Found entity class 'acme.entities.toolkit.Toolkit 
2022-03-30 15:34:41.192 DEBUG [acme.Launcher@main] Found entity class 'acme.roles.Consumer 
2022-03-30 15:34:41.192 DEBUG [acme.Launcher@main] Found entity class 'acme.roles.Inventor 
2022-03-30 15:34:41.192 DEBUG [acme.Launcher@main] Found entity class 'acme.roles.Patron 
2022-03-30 15:34:41.192 DEBUG [acme.Launcher@main] Found entity class 'acme.roles.Provider 
2022-03-30 15:34:41.193 DEBUG [acme.Launcher@main] Found entity class 'acme.framework.entities.UserAccount 
2022-03-30 15:34:41.193 DEBUG [acme.Launcher@main] Found entity class 'acme.framework.roles.Administrator 
2022-03-30 15:34:41.193 DEBUG [acme.Launcher@main] Found entity class 'acme.framework.roles.Anonymous 
2022-03-30 15:34:41.193 DEBUG [acme.Launcher@main] Found entity class 'acme.framework.roles.Authenticated 
2022-03-30 15:34:41.199 INFO  [acme.Launcher@main] Running application (Standalone) 
2022-03-30 15:35:00.976 DEBUG [acme.framework.components.tiles.DynamicTilesView@http-nio-8081-exec-3] View name 'fragments/welcome', model {} 
2022-03-30 15:35:00.996 DEBUG [org.apache.tiles.definition.dao.BaseLocaleUrlDefinitionDAO@http-nio-8081-exec-3] File Resource file:/C:/Users/MRF/Desktop/Workspace-22.0/Projects/Acme-Toolkits/target/classes/WEB-INF/views/master/tiles_en.xml at file:/C:/Users/MRF/Desktop/Workspace-22.0/Projects/Acme-Toolkits/target/classes/WEB-INF/views/master/tiles_en.xml not found, continue 
2022-03-30 15:35:01.009 DEBUG [org.apache.jasper.servlet.JspServlet@http-nio-8081-exec-3] JspEngine --> /WEB-INF/views/master/page.jsp 
2022-03-30 15:35:01.010 DEBUG [org.apache.jasper.servlet.JspServlet@http-nio-8081-exec-3] ServletPath: /WEB-INF/views/master/page.jsp 
2022-03-30 15:35:01.010 DEBUG [org.apache.jasper.servlet.JspServlet@http-nio-8081-exec-3] PathInfo: null 
2022-03-30 15:35:01.014 DEBUG [org.apache.jasper.servlet.JspServlet@http-nio-8081-exec-3] RealPath: C:\Users\MRF\Desktop\Workspace-22.0\Projects\Acme-Toolkits\target\classes\WEB-INF\views\master\page.jsp 
2022-03-30 15:35:01.014 DEBUG [org.apache.jasper.servlet.JspServlet@http-nio-8081-exec-3] RequestURI: /acme-toolkits-22.1/WEB-INF/views/master/page.jsp 
2022-03-30 15:35:01.014 DEBUG [org.apache.jasper.servlet.JspServlet@http-nio-8081-exec-3] QueryString: null 
2022-03-30 15:35:06.268 DEBUG [acme.framework.configuration.ExtendedMessageSource@http-nio-8081-exec-3] Loading properties [C:\Users\MRF\Desktop\Workspace-22.0\Projects\Acme-Toolkits\target\classes\WEB-INF\views\administrator\item\messages-en.i18n] with encoding 'utf-8' 
2022-03-30 15:35:06.270 DEBUG [acme.framework.configuration.ExtendedMessageSource@http-nio-8081-exec-3] Loading properties [C:\Users\MRF\Desktop\Workspace-22.0\Projects\Acme-Toolkits\target\classes\WEB-INF\views\administrator\user-account\messages-en.i18n] with encoding 'utf-8' 
2022-03-30 15:35:06.272 DEBUG [acme.framework.configuration.ExtendedMessageSource@http-nio-8081-exec-3] Loading properties [C:\Users\MRF\Desktop\Workspace-22.0\Projects\Acme-Toolkits\target\classes\WEB-INF\views\anonymous\item\messages-en.i18n] with encoding 'utf-8' 
2022-03-30 15:35:06.274 DEBUG [acme.framework.configuration.ExtendedMessageSource@http-nio-8081-exec-3] Loading properties [C:\Users\MRF\Desktop\Workspace-22.0\Projects\Acme-Toolkits\target\classes\WEB-INF\views\anonymous\user-account\messages-en.i18n] with encoding 'utf-8' 
2022-03-30 15:35:06.276 DEBUG [acme.framework.configuration.ExtendedMessageSource@http-nio-8081-exec-3] Loading properties [C:\Users\MRF\Desktop\Workspace-22.0\Projects\Acme-Toolkits\target\classes\WEB-INF\views\authenticated\consumer\messsages-en.i18n] with encoding 'utf-8' 
2022-03-30 15:35:06.278 DEBUG [acme.framework.configuration.ExtendedMessageSource@http-nio-8081-exec-3] Loading properties [C:\Users\MRF\Desktop\Workspace-22.0\Projects\Acme-Toolkits\target\classes\WEB-INF\views\authenticated\item\messages-en.i18n] with encoding 'utf-8' 
2022-03-30 15:35:06.279 DEBUG [acme.framework.configuration.ExtendedMessageSource@http-nio-8081-exec-3] Loading properties [C:\Users\MRF\Desktop\Workspace-22.0\Projects\Acme-Toolkits\target\classes\WEB-INF\views\authenticated\provider\messsages-en.i18n] with encoding 'utf-8' 
2022-03-30 15:35:06.281 DEBUG [acme.framework.configuration.ExtendedMessageSource@http-nio-8081-exec-3] Loading properties [C:\Users\MRF\Desktop\Workspace-22.0\Projects\Acme-Toolkits\target\classes\WEB-INF\views\authenticated\user-account\messages-en.i18n] with encoding 'utf-8' 
2022-03-30 15:35:06.282 DEBUG [acme.framework.configuration.ExtendedMessageSource@http-nio-8081-exec-3] Loading properties [C:\Users\MRF\Desktop\Workspace-22.0\Projects\Acme-Toolkits\target\classes\WEB-INF\views\fragments\banner-en.i18n] with encoding 'utf-8' 
2022-03-30 15:35:06.283 DEBUG [acme.framework.configuration.ExtendedMessageSource@http-nio-8081-exec-3] Loading properties [C:\Users\MRF\Desktop\Workspace-22.0\Projects\Acme-Toolkits\target\classes\WEB-INF\views\fragments\company-en.i18n] with encoding 'utf-8' 
2022-03-30 15:35:06.285 DEBUG [acme.framework.configuration.ExtendedMessageSource@http-nio-8081-exec-3] Loading properties [C:\Users\MRF\Desktop\Workspace-22.0\Projects\Acme-Toolkits\target\classes\WEB-INF\views\fragments\footer-en.i18n] with encoding 'utf-8' 
2022-03-30 15:35:06.286 DEBUG [acme.framework.configuration.ExtendedMessageSource@http-nio-8081-exec-3] Loading properties [C:\Users\MRF\Desktop\Workspace-22.0\Projects\Acme-Toolkits\target\classes\WEB-INF\views\fragments\license-en.i18n] with encoding 'utf-8' 
2022-03-30 15:35:06.289 DEBUG [acme.framework.configuration.ExtendedMessageSource@http-nio-8081-exec-3] Loading properties [C:\Users\MRF\Desktop\Workspace-22.0\Projects\Acme-Toolkits\target\classes\WEB-INF\views\fragments\menu-en.i18n] with encoding 'utf-8' 
2022-03-30 15:35:06.291 DEBUG [acme.framework.configuration.ExtendedMessageSource@http-nio-8081-exec-3] Loading properties [C:\Users\MRF\Desktop\Workspace-22.0\Projects\Acme-Toolkits\target\classes\WEB-INF\views\fragments\messsages-en.i18n] with encoding 'utf-8' 
2022-03-30 15:35:06.293 DEBUG [acme.framework.configuration.ExtendedMessageSource@http-nio-8081-exec-3] Loading properties [C:\Users\MRF\Desktop\Workspace-22.0\Projects\Acme-Toolkits\target\classes\WEB-INF\views\fragments\title-en.i18n] with encoding 'utf-8' 
2022-03-30 15:35:06.294 DEBUG [acme.framework.configuration.ExtendedMessageSource@http-nio-8081-exec-3] Loading properties [C:\Users\MRF\Desktop\Workspace-22.0\Projects\Acme-Toolkits\target\classes\WEB-INF\views\fragments\welcome-en.i18n] with encoding 'utf-8' 
2022-03-30 15:35:06.295 DEBUG [acme.framework.configuration.ExtendedMessageSource@http-nio-8081-exec-3] Loading properties [C:\Users\MRF\Desktop\Workspace-22.0\Projects\Acme-Toolkits\target\classes\WEB-INF\views\inventor\item\messages-en.i18n] with encoding 'utf-8' 
2022-03-30 15:35:06.296 DEBUG [acme.framework.configuration.ExtendedMessageSource@http-nio-8081-exec-3] Loading properties [C:\Users\MRF\Desktop\Workspace-22.0\Projects\Acme-Toolkits\target\classes\WEB-INF\views\master\defaults-en.i18n] with encoding 'utf-8' 
2022-03-30 15:35:06.299 DEBUG [acme.framework.configuration.ExtendedMessageSource@http-nio-8081-exec-3] Loading properties [C:\Users\MRF\Desktop\Workspace-22.0\Projects\Acme-Toolkits\target\classes\WEB-INF\views\master\master-en.i18n] with encoding 'utf-8' 
2022-03-30 15:35:06.301 DEBUG [acme.framework.configuration.ExtendedMessageSource@http-nio-8081-exec-3] Loading properties [C:\Users\MRF\Desktop\Workspace-22.0\Projects\Acme-Toolkits\target\classes\WEB-INF\views\master\throwables-en.i18n] with encoding 'utf-8' 
2022-03-30 15:35:06.302 DEBUG [acme.framework.configuration.ExtendedMessageSource@http-nio-8081-exec-3] Loading properties [C:\Users\MRF\Desktop\Workspace-22.0\Projects\Acme-Toolkits\target\classes\WEB-INF\views\master\validation-en.i18n] with encoding 'utf-8' 
2022-03-30 15:35:06.304 DEBUG [acme.framework.configuration.ExtendedMessageSource@http-nio-8081-exec-3] Loading properties [C:\Users\MRF\Desktop\Workspace-22.0\Projects\Acme-Toolkits\target\classes\WEB-INF\views\patron\item\messages-en.i18n] with encoding 'utf-8' 
2022-03-30 15:35:06.651 DEBUG [org.apache.jasper.servlet.JspServlet@http-nio-8081-exec-3] JspEngine --> /WEB-INF/views/fragments/welcome.jsp 
2022-03-30 15:35:06.651 DEBUG [org.apache.jasper.servlet.JspServlet@http-nio-8081-exec-3] ServletPath: /WEB-INF/views/master/page.jsp 
2022-03-30 15:35:06.652 DEBUG [org.apache.jasper.servlet.JspServlet@http-nio-8081-exec-3] PathInfo: null 
2022-03-30 15:35:06.655 DEBUG [org.apache.jasper.servlet.JspServlet@http-nio-8081-exec-3] RealPath: C:\Users\MRF\Desktop\Workspace-22.0\Projects\Acme-Toolkits\target\classes\WEB-INF\views\fragments\welcome.jsp 
2022-03-30 15:35:06.655 DEBUG [org.apache.jasper.servlet.JspServlet@http-nio-8081-exec-3] RequestURI: /acme-toolkits-22.1/WEB-INF/views/master/page.jsp 
2022-03-30 15:35:06.656 DEBUG [org.apache.jasper.servlet.JspServlet@http-nio-8081-exec-3] QueryString: null 
2022-03-30 15:35:07.249 DEBUG [org.hibernate.SQL@http-nio-8081-exec-3] select useraccoun0_.id as id1_0_, useraccoun0_.version as version2_0_, useraccoun0_.enabled as enabled1_16_, useraccoun0_.identity as identity2_16_, useraccoun0_.password as password3_16_, useraccoun0_.username as username4_16_ from user_account useraccoun0_ where useraccoun0_.username=? 
2022-03-30 15:35:07.293 TRACE [org.hibernate.type.descriptor.sql.BasicBinder@http-nio-8081-exec-3] binding parameter [1] as [VARCHAR] - [anonymous] 
2022-03-30 15:35:07.403 DEBUG [org.hibernate.SQL@http-nio-8081-exec-3] select roles0_.user_account_id as user_acc1_17_0_, roles0_.id as id1_17_0_, roles0_.id as id1_0_1_, roles0_.version as version2_0_1_, roles0_.user_account_id as user_acc1_17_1_, roles0_.company as company1_6_1_, roles0_.sector as sector2_6_1_, roles0_.company as company1_7_1_, roles0_.info as info2_7_1_, roles0_.statement as statemen3_7_1_, roles0_.company as company1_9_1_, roles0_.info as info2_9_1_, roles0_.statement as statemen3_9_1_, roles0_.company as company1_12_1_, roles0_.sector as sector2_12_1_, roles0_.clazz_ as clazz_1_ from ( select id, version, user_account_id, company, sector, null as info, null as statement, 10 as clazz_ from consumer union all select id, version, user_account_id, company, null as sector, info, statement, 11 as clazz_ from inventor union all select id, version, user_account_id, company, null as sector, info, statement, 12 as clazz_ from patron union all select id, version, user_account_id, company, sector, null as info, null as statement, 13 as clazz_ from provider union all select id, version, user_account_id, null as company, null as sector, null as info, null as statement, 15 as clazz_ from administrator union all select id, version, user_account_id, null as company, null as sector, null as info, null as statement, 16 as clazz_ from anonymous union all select id, version, user_account_id, null as company, null as sector, null as info, null as statement, 17 as clazz_ from authenticated ) roles0_ where roles0_.user_account_id=? 
2022-03-30 15:35:07.405 TRACE [org.hibernate.type.descriptor.sql.BasicBinder@http-nio-8081-exec-3] binding parameter [1] as [INTEGER] - [1] 
2022-03-30 15:35:10.599 DEBUG [acme.framework.components.tiles.DynamicTilesView@http-nio-8081-exec-9] View name 'master/sign-in', model {username=, password=, remember=false} 
2022-03-30 15:35:10.601 DEBUG [org.apache.jasper.servlet.JspServlet@http-nio-8081-exec-9] JspEngine --> /WEB-INF/views/master/page.jsp 
2022-03-30 15:35:10.602 DEBUG [org.apache.jasper.servlet.JspServlet@http-nio-8081-exec-9] ServletPath: /WEB-INF/views/master/page.jsp 
2022-03-30 15:35:10.603 DEBUG [org.apache.jasper.servlet.JspServlet@http-nio-8081-exec-9] PathInfo: null 
2022-03-30 15:35:10.606 DEBUG [org.apache.jasper.servlet.JspServlet@http-nio-8081-exec-9] RealPath: C:\Users\MRF\Desktop\Workspace-22.0\Projects\Acme-Toolkits\target\classes\WEB-INF\views\master\page.jsp 
2022-03-30 15:35:10.608 DEBUG [org.apache.jasper.servlet.JspServlet@http-nio-8081-exec-9] RequestURI: /acme-toolkits-22.1/WEB-INF/views/master/page.jsp 
2022-03-30 15:35:10.609 DEBUG [org.apache.jasper.servlet.JspServlet@http-nio-8081-exec-9] QueryString: null 
2022-03-30 15:35:11.052 DEBUG [org.apache.jasper.servlet.JspServlet@http-nio-8081-exec-9] JspEngine --> /WEB-INF/views/master/sign-in.jsp 
2022-03-30 15:35:11.054 DEBUG [org.apache.jasper.servlet.JspServlet@http-nio-8081-exec-9] ServletPath: /WEB-INF/views/master/page.jsp 
2022-03-30 15:35:11.056 DEBUG [org.apache.jasper.servlet.JspServlet@http-nio-8081-exec-9] PathInfo: null 
2022-03-30 15:35:11.059 DEBUG [org.apache.jasper.servlet.JspServlet@http-nio-8081-exec-9] RealPath: C:\Users\MRF\Desktop\Workspace-22.0\Projects\Acme-Toolkits\target\classes\WEB-INF\views\master\sign-in.jsp 
2022-03-30 15:35:11.061 DEBUG [org.apache.jasper.servlet.JspServlet@http-nio-8081-exec-9] RequestURI: /acme-toolkits-22.1/WEB-INF/views/master/page.jsp 
2022-03-30 15:35:11.062 DEBUG [org.apache.jasper.servlet.JspServlet@http-nio-8081-exec-9] QueryString: null 
2022-03-30 15:35:13.514 DEBUG [org.hibernate.SQL@http-nio-8081-exec-9] select useraccoun0_.id as id1_0_, useraccoun0_.version as version2_0_, useraccoun0_.enabled as enabled1_16_, useraccoun0_.identity as identity2_16_, useraccoun0_.password as password3_16_, useraccoun0_.username as username4_16_ from user_account useraccoun0_ where useraccoun0_.username=? 
2022-03-30 15:35:13.516 TRACE [org.hibernate.type.descriptor.sql.BasicBinder@http-nio-8081-exec-9] binding parameter [1] as [VARCHAR] - [anonymous] 
2022-03-30 15:35:13.519 DEBUG [org.hibernate.SQL@http-nio-8081-exec-9] select roles0_.user_account_id as user_acc1_17_0_, roles0_.id as id1_17_0_, roles0_.id as id1_0_1_, roles0_.version as version2_0_1_, roles0_.user_account_id as user_acc1_17_1_, roles0_.company as company1_6_1_, roles0_.sector as sector2_6_1_, roles0_.company as company1_7_1_, roles0_.info as info2_7_1_, roles0_.statement as statemen3_7_1_, roles0_.company as company1_9_1_, roles0_.info as info2_9_1_, roles0_.statement as statemen3_9_1_, roles0_.company as company1_12_1_, roles0_.sector as sector2_12_1_, roles0_.clazz_ as clazz_1_ from ( select id, version, user_account_id, company, sector, null as info, null as statement, 10 as clazz_ from consumer union all select id, version, user_account_id, company, null as sector, info, statement, 11 as clazz_ from inventor union all select id, version, user_account_id, company, null as sector, info, statement, 12 as clazz_ from patron union all select id, version, user_account_id, company, sector, null as info, null as statement, 13 as clazz_ from provider union all select id, version, user_account_id, null as company, null as sector, null as info, null as statement, 15 as clazz_ from administrator union all select id, version, user_account_id, null as company, null as sector, null as info, null as statement, 16 as clazz_ from anonymous union all select id, version, user_account_id, null as company, null as sector, null as info, null as statement, 17 as clazz_ from authenticated ) roles0_ where roles0_.user_account_id=? 
2022-03-30 15:35:13.520 TRACE [org.hibernate.type.descriptor.sql.BasicBinder@http-nio-8081-exec-9] binding parameter [1] as [INTEGER] - [1] 
2022-03-30 15:35:27.090 DEBUG [org.hibernate.SQL@http-nio-8081-exec-3] select useraccoun0_.id as id1_0_, useraccoun0_.version as version2_0_, useraccoun0_.enabled as enabled1_16_, useraccoun0_.identity as identity2_16_, useraccoun0_.password as password3_16_, useraccoun0_.username as username4_16_ from user_account useraccoun0_ where useraccoun0_.username=? 
2022-03-30 15:35:27.091 TRACE [org.hibernate.type.descriptor.sql.BasicBinder@http-nio-8081-exec-3] binding parameter [1] as [VARCHAR] - [inventor1] 
2022-03-30 15:35:27.095 DEBUG [org.hibernate.SQL@http-nio-8081-exec-3] select roles0_.user_account_id as user_acc1_17_0_, roles0_.id as id1_17_0_, roles0_.id as id1_0_1_, roles0_.version as version2_0_1_, roles0_.user_account_id as user_acc1_17_1_, roles0_.company as company1_6_1_, roles0_.sector as sector2_6_1_, roles0_.company as company1_7_1_, roles0_.info as info2_7_1_, roles0_.statement as statemen3_7_1_, roles0_.company as company1_9_1_, roles0_.info as info2_9_1_, roles0_.statement as statemen3_9_1_, roles0_.company as company1_12_1_, roles0_.sector as sector2_12_1_, roles0_.clazz_ as clazz_1_ from ( select id, version, user_account_id, company, sector, null as info, null as statement, 10 as clazz_ from consumer union all select id, version, user_account_id, company, null as sector, info, statement, 11 as clazz_ from inventor union all select id, version, user_account_id, company, null as sector, info, statement, 12 as clazz_ from patron union all select id, version, user_account_id, company, sector, null as info, null as statement, 13 as clazz_ from provider union all select id, version, user_account_id, null as company, null as sector, null as info, null as statement, 15 as clazz_ from administrator union all select id, version, user_account_id, null as company, null as sector, null as info, null as statement, 16 as clazz_ from anonymous union all select id, version, user_account_id, null as company, null as sector, null as info, null as statement, 17 as clazz_ from authenticated ) roles0_ where roles0_.user_account_id=? 
2022-03-30 15:35:27.096 TRACE [org.hibernate.type.descriptor.sql.BasicBinder@http-nio-8081-exec-3] binding parameter [1] as [INTEGER] - [6] 
2022-03-30 15:35:27.126 DEBUG [acme.framework.components.tiles.DynamicTilesView@http-nio-8081-exec-10] View name 'fragments/welcome', model {} 
2022-03-30 15:35:27.127 DEBUG [org.apache.jasper.servlet.JspServlet@http-nio-8081-exec-10] JspEngine --> /WEB-INF/views/master/page.jsp 
2022-03-30 15:35:27.128 DEBUG [org.apache.jasper.servlet.JspServlet@http-nio-8081-exec-10] ServletPath: /WEB-INF/views/master/page.jsp 
2022-03-30 15:35:27.128 DEBUG [org.apache.jasper.servlet.JspServlet@http-nio-8081-exec-10] PathInfo: null 
2022-03-30 15:35:27.133 DEBUG [org.apache.jasper.servlet.JspServlet@http-nio-8081-exec-10] RealPath: C:\Users\MRF\Desktop\Workspace-22.0\Projects\Acme-Toolkits\target\classes\WEB-INF\views\master\page.jsp 
2022-03-30 15:35:27.135 DEBUG [org.apache.jasper.servlet.JspServlet@http-nio-8081-exec-10] RequestURI: /acme-toolkits-22.1/WEB-INF/views/master/page.jsp 
2022-03-30 15:35:27.135 DEBUG [org.apache.jasper.servlet.JspServlet@http-nio-8081-exec-10] QueryString: null 
2022-03-30 15:35:27.394 DEBUG [org.apache.jasper.servlet.JspServlet@http-nio-8081-exec-10] JspEngine --> /WEB-INF/views/fragments/welcome.jsp 
2022-03-30 15:35:27.395 DEBUG [org.apache.jasper.servlet.JspServlet@http-nio-8081-exec-10] ServletPath: /WEB-INF/views/master/page.jsp 
2022-03-30 15:35:27.395 DEBUG [org.apache.jasper.servlet.JspServlet@http-nio-8081-exec-10] PathInfo: null 
2022-03-30 15:35:27.397 DEBUG [org.apache.jasper.servlet.JspServlet@http-nio-8081-exec-10] RealPath: C:\Users\MRF\Desktop\Workspace-22.0\Projects\Acme-Toolkits\target\classes\WEB-INF\views\fragments\welcome.jsp 
2022-03-30 15:35:27.398 DEBUG [org.apache.jasper.servlet.JspServlet@http-nio-8081-exec-10] RequestURI: /acme-toolkits-22.1/WEB-INF/views/master/page.jsp 
2022-03-30 15:35:27.399 DEBUG [org.apache.jasper.servlet.JspServlet@http-nio-8081-exec-10] QueryString: null 
2022-03-30 15:35:45.280 DEBUG [acme.framework.controllers.AbstractController@http-nio-8081-exec-7] DISPATCHING GET /acme-toolkits-22.1/inventor/item/list-all-mine-components 
2022-03-30 15:35:45.280 DEBUG [acme.framework.controllers.AbstractController@http-nio-8081-exec-7] Command: list-all-mine-components 
2022-03-30 15:35:45.280 DEBUG [acme.framework.controllers.AbstractController@http-nio-8081-exec-7] Model:   {} 
2022-03-30 15:35:45.280 DEBUG [acme.framework.controllers.AbstractController@http-nio-8081-exec-7] Locale:  en 
2022-03-30 15:35:45.311 DEBUG [org.hibernate.SQL@http-nio-8081-exec-7] select item0_.id as id1_0_, item0_.version as version2_0_, item0_.code as code1_8_, item0_.description as descript2_8_, item0_.inventor_id as inventor9_8_, item0_.link as link3_8_, item0_.name as name4_8_, item0_.retail_price_amount as retail_p5_8_, item0_.retail_price_currency as retail_p6_8_, item0_.technology as technolo7_8_, item0_.type as type8_8_ from item item0_ where item0_.inventor_id=? and item0_.type='COMPONENT' 
2022-03-30 15:35:45.312 TRACE [org.hibernate.type.descriptor.sql.BasicBinder@http-nio-8081-exec-7] binding parameter [1] as [INTEGER] - [13] 
2022-03-30 15:35:45.317 DEBUG [org.hibernate.SQL@http-nio-8081-exec-7] select inventor0_.id as id1_0_0_, inventor0_.version as version2_0_0_, inventor0_.user_account_id as user_acc1_17_0_, inventor0_.company as company1_7_0_, inventor0_.info as info2_7_0_, inventor0_.statement as statemen3_7_0_, useraccoun1_.id as id1_0_1_, useraccoun1_.version as version2_0_1_, useraccoun1_.enabled as enabled1_16_1_, useraccoun1_.identity as identity2_16_1_, useraccoun1_.password as password3_16_1_, useraccoun1_.username as username4_16_1_ from inventor inventor0_ inner join user_account useraccoun1_ on inventor0_.user_account_id=useraccoun1_.id where inventor0_.id=? 
2022-03-30 15:35:45.317 TRACE [org.hibernate.type.descriptor.sql.BasicBinder@http-nio-8081-exec-7] binding parameter [1] as [INTEGER] - [13] 
2022-03-30 15:35:45.367 DEBUG [acme.framework.controllers.AbstractController@http-nio-8081-exec-7] SERVING GET /acme-toolkits-22.1/inventor/item/list-all-mine-components 
2022-03-30 15:35:45.369 DEBUG [acme.framework.controllers.AbstractController@http-nio-8081-exec-7] Result: ModelAndView [view="inventor/item/list"; model={code[0]=ABC-123-A, type[0]=TOOL, version[0]=0, id[0]=21, list$size=1, name[0]=Tool 02, command=list-all-mine-components, principal=acme.framework.entities.Principal@7925bebe}] 
2022-03-30 15:35:45.376 DEBUG [acme.framework.components.tiles.DynamicTilesView@http-nio-8081-exec-7] View name 'inventor/item/list', model {code[0]=ABC-123-A, type[0]=TOOL, version[0]=0, id[0]=21, list$size=1, name[0]=Tool 02, command=list-all-mine-components, principal=acme.framework.entities.Principal@7925bebe, org.springframework.validation.BindingResult.principal=org.springframework.validation.BeanPropertyBindingResult: 0 errors} 
2022-03-30 15:35:45.378 DEBUG [org.apache.jasper.servlet.JspServlet@http-nio-8081-exec-7] JspEngine --> /WEB-INF/views/master/page.jsp 
2022-03-30 15:35:45.378 DEBUG [org.apache.jasper.servlet.JspServlet@http-nio-8081-exec-7] ServletPath: /WEB-INF/views/master/page.jsp 
2022-03-30 15:35:45.379 DEBUG [org.apache.jasper.servlet.JspServlet@http-nio-8081-exec-7] PathInfo: null 
2022-03-30 15:35:45.380 DEBUG [org.apache.jasper.servlet.JspServlet@http-nio-8081-exec-7] RealPath: C:\Users\MRF\Desktop\Workspace-22.0\Projects\Acme-Toolkits\target\classes\WEB-INF\views\master\page.jsp 
2022-03-30 15:35:45.381 DEBUG [org.apache.jasper.servlet.JspServlet@http-nio-8081-exec-7] RequestURI: /acme-toolkits-22.1/WEB-INF/views/master/page.jsp 
2022-03-30 15:35:45.381 DEBUG [org.apache.jasper.servlet.JspServlet@http-nio-8081-exec-7] QueryString: null 
2022-03-30 15:35:45.571 DEBUG [org.apache.jasper.servlet.JspServlet@http-nio-8081-exec-7] JspEngine --> /WEB-INF/views/inventor/item/list.jsp 
2022-03-30 15:35:45.572 DEBUG [org.apache.jasper.servlet.JspServlet@http-nio-8081-exec-7] ServletPath: /WEB-INF/views/master/page.jsp 
2022-03-30 15:35:45.572 DEBUG [org.apache.jasper.servlet.JspServlet@http-nio-8081-exec-7] PathInfo: null 
2022-03-30 15:35:45.574 DEBUG [org.apache.jasper.servlet.JspServlet@http-nio-8081-exec-7] RealPath: C:\Users\MRF\Desktop\Workspace-22.0\Projects\Acme-Toolkits\target\classes\WEB-INF\views\inventor\item\list.jsp 
2022-03-30 15:35:45.575 DEBUG [org.apache.jasper.servlet.JspServlet@http-nio-8081-exec-7] RequestURI: /acme-toolkits-22.1/WEB-INF/views/master/page.jsp 
2022-03-30 15:35:45.575 DEBUG [org.apache.jasper.servlet.JspServlet@http-nio-8081-exec-7] QueryString: null 
2022-03-30 15:35:48.210 DEBUG [acme.framework.controllers.AbstractController@http-nio-8081-exec-3] DISPATCHING GET /acme-toolkits-22.1/inventor/item/show 
2022-03-30 15:35:48.210 DEBUG [acme.framework.controllers.AbstractController@http-nio-8081-exec-3] Command: show 
2022-03-30 15:35:48.210 DEBUG [acme.framework.controllers.AbstractController@http-nio-8081-exec-3] Model:   {id=21} 
2022-03-30 15:35:48.210 DEBUG [acme.framework.controllers.AbstractController@http-nio-8081-exec-3] Locale:  en 
2022-03-30 15:35:48.224 DEBUG [org.hibernate.SQL@http-nio-8081-exec-3] select item0_.id as id1_0_, item0_.version as version2_0_, item0_.code as code1_8_, item0_.description as descript2_8_, item0_.inventor_id as inventor9_8_, item0_.link as link3_8_, item0_.name as name4_8_, item0_.retail_price_amount as retail_p5_8_, item0_.retail_price_currency as retail_p6_8_, item0_.technology as technolo7_8_, item0_.type as type8_8_ from item item0_ where item0_.id=? 
2022-03-30 15:35:48.225 TRACE [org.hibernate.type.descriptor.sql.BasicBinder@http-nio-8081-exec-3] binding parameter [1] as [INTEGER] - [21] 
2022-03-30 15:35:48.227 DEBUG [org.hibernate.SQL@http-nio-8081-exec-3] select inventor0_.id as id1_0_0_, inventor0_.version as version2_0_0_, inventor0_.user_account_id as user_acc1_17_0_, inventor0_.company as company1_7_0_, inventor0_.info as info2_7_0_, inventor0_.statement as statemen3_7_0_, useraccoun1_.id as id1_0_1_, useraccoun1_.version as version2_0_1_, useraccoun1_.enabled as enabled1_16_1_, useraccoun1_.identity as identity2_16_1_, useraccoun1_.password as password3_16_1_, useraccoun1_.username as username4_16_1_ from inventor inventor0_ inner join user_account useraccoun1_ on inventor0_.user_account_id=useraccoun1_.id where inventor0_.id=? 
2022-03-30 15:35:48.228 TRACE [org.hibernate.type.descriptor.sql.BasicBinder@http-nio-8081-exec-3] binding parameter [1] as [INTEGER] - [13] 
2022-03-30 15:35:48.239 DEBUG [acme.framework.controllers.AbstractController@http-nio-8081-exec-3] SERVING GET /acme-toolkits-22.1/inventor/item/show 
2022-03-30 15:35:48.241 DEBUG [acme.framework.controllers.AbstractController@http-nio-8081-exec-3] Result: ModelAndView [view="inventor/item/form"; model={code=ABC-123-A, readonly=true, name=Tool 02, link=https://www.example.com, description=Description of tool 2, technology=Technology 2, id=21, confirmation=false, title=null, type=TOOL, retailPrice=<<EUR 40.00>>, version=0, command=show, principal=acme.framework.entities.Principal@7925bebe}] 
2022-03-30 15:35:48.241 DEBUG [acme.framework.components.tiles.DynamicTilesView@http-nio-8081-exec-3] View name 'inventor/item/form', model {code=ABC-123-A, readonly=true, name=Tool 02, link=https://www.example.com, description=Description of tool 2, technology=Technology 2, id=21, confirmation=false, title=null, type=TOOL, retailPrice=<<EUR 40.00>>, version=0, command=show, principal=acme.framework.entities.Principal@7925bebe, org.springframework.validation.BindingResult.retailPrice=org.springframework.validation.BeanPropertyBindingResult: 0 errors, org.springframework.validation.BindingResult.principal=org.springframework.validation.BeanPropertyBindingResult: 0 errors} 
2022-03-30 15:35:48.242 DEBUG [org.apache.jasper.servlet.JspServlet@http-nio-8081-exec-3] JspEngine --> /WEB-INF/views/master/page.jsp 
2022-03-30 15:35:48.243 DEBUG [org.apache.jasper.servlet.JspServlet@http-nio-8081-exec-3] ServletPath: /WEB-INF/views/master/page.jsp 
2022-03-30 15:35:48.244 DEBUG [org.apache.jasper.servlet.JspServlet@http-nio-8081-exec-3] PathInfo: null 
2022-03-30 15:35:48.245 DEBUG [org.apache.jasper.servlet.JspServlet@http-nio-8081-exec-3] RealPath: C:\Users\MRF\Desktop\Workspace-22.0\Projects\Acme-Toolkits\target\classes\WEB-INF\views\master\page.jsp 
2022-03-30 15:35:48.245 DEBUG [org.apache.jasper.servlet.JspServlet@http-nio-8081-exec-3] RequestURI: /acme-toolkits-22.1/WEB-INF/views/master/page.jsp 
2022-03-30 15:35:48.245 DEBUG [org.apache.jasper.servlet.JspServlet@http-nio-8081-exec-3] QueryString: id=21 
2022-03-30 15:35:48.393 DEBUG [org.apache.jasper.servlet.JspServlet@http-nio-8081-exec-3] JspEngine --> /WEB-INF/views/inventor/item/form.jsp 
2022-03-30 15:35:48.393 DEBUG [org.apache.jasper.servlet.JspServlet@http-nio-8081-exec-3] ServletPath: /WEB-INF/views/master/page.jsp 
2022-03-30 15:35:48.394 DEBUG [org.apache.jasper.servlet.JspServlet@http-nio-8081-exec-3] PathInfo: null 
2022-03-30 15:35:48.396 DEBUG [org.apache.jasper.servlet.JspServlet@http-nio-8081-exec-3] RealPath: C:\Users\MRF\Desktop\Workspace-22.0\Projects\Acme-Toolkits\target\classes\WEB-INF\views\inventor\item\form.jsp 
2022-03-30 15:35:48.396 DEBUG [org.apache.jasper.servlet.JspServlet@http-nio-8081-exec-3] RequestURI: /acme-toolkits-22.1/WEB-INF/views/master/page.jsp 
2022-03-30 15:35:48.397 DEBUG [org.apache.jasper.servlet.JspServlet@http-nio-8081-exec-3] QueryString: id=21 
2022-03-30 15:35:49.420 DEBUG [acme.framework.controllers.AbstractController@http-nio-8081-exec-1] DISPATCHING GET /acme-toolkits-22.1/inventor/item/show 
2022-03-30 15:35:49.421 DEBUG [acme.framework.controllers.AbstractController@http-nio-8081-exec-1] Command: show 
2022-03-30 15:35:49.421 DEBUG [acme.framework.controllers.AbstractController@http-nio-8081-exec-1] Model:   {id=21} 
2022-03-30 15:35:49.421 DEBUG [acme.framework.controllers.AbstractController@http-nio-8081-exec-1] Locale:  en 
2022-03-30 15:35:49.424 DEBUG [org.hibernate.SQL@http-nio-8081-exec-1] select item0_.id as id1_0_, item0_.version as version2_0_, item0_.code as code1_8_, item0_.description as descript2_8_, item0_.inventor_id as inventor9_8_, item0_.link as link3_8_, item0_.name as name4_8_, item0_.retail_price_amount as retail_p5_8_, item0_.retail_price_currency as retail_p6_8_, item0_.technology as technolo7_8_, item0_.type as type8_8_ from item item0_ where item0_.id=? 
2022-03-30 15:35:49.425 TRACE [org.hibernate.type.descriptor.sql.BasicBinder@http-nio-8081-exec-1] binding parameter [1] as [INTEGER] - [21] 
2022-03-30 15:35:49.426 DEBUG [org.hibernate.SQL@http-nio-8081-exec-1] select inventor0_.id as id1_0_0_, inventor0_.version as version2_0_0_, inventor0_.user_account_id as user_acc1_17_0_, inventor0_.company as company1_7_0_, inventor0_.info as info2_7_0_, inventor0_.statement as statemen3_7_0_, useraccoun1_.id as id1_0_1_, useraccoun1_.version as version2_0_1_, useraccoun1_.enabled as enabled1_16_1_, useraccoun1_.identity as identity2_16_1_, useraccoun1_.password as password3_16_1_, useraccoun1_.username as username4_16_1_ from inventor inventor0_ inner join user_account useraccoun1_ on inventor0_.user_account_id=useraccoun1_.id where inventor0_.id=? 
2022-03-30 15:35:49.427 TRACE [org.hibernate.type.descriptor.sql.BasicBinder@http-nio-8081-exec-1] binding parameter [1] as [INTEGER] - [13] 
2022-03-30 15:35:49.438 DEBUG [acme.framework.controllers.AbstractController@http-nio-8081-exec-1] SERVING GET /acme-toolkits-22.1/inventor/item/show 
2022-03-30 15:35:49.438 DEBUG [acme.framework.controllers.AbstractController@http-nio-8081-exec-1] Result: ModelAndView [view="inventor/item/form"; model={code=ABC-123-A, readonly=true, name=Tool 02, link=https://www.example.com, description=Description of tool 2, technology=Technology 2, id=21, confirmation=false, title=null, type=TOOL, retailPrice=<<EUR 40.00>>, version=0, command=show, principal=acme.framework.entities.Principal@7925bebe}] 
2022-03-30 15:35:49.438 DEBUG [acme.framework.components.tiles.DynamicTilesView@http-nio-8081-exec-1] View name 'inventor/item/form', model {code=ABC-123-A, readonly=true, name=Tool 02, link=https://www.example.com, description=Description of tool 2, technology=Technology 2, id=21, confirmation=false, title=null, type=TOOL, retailPrice=<<EUR 40.00>>, version=0, command=show, principal=acme.framework.entities.Principal@7925bebe, org.springframework.validation.BindingResult.retailPrice=org.springframework.validation.BeanPropertyBindingResult: 0 errors, org.springframework.validation.BindingResult.principal=org.springframework.validation.BeanPropertyBindingResult: 0 errors} 
2022-03-30 15:35:49.441 DEBUG [org.apache.jasper.servlet.JspServlet@http-nio-8081-exec-1] JspEngine --> /WEB-INF/views/master/page.jsp 
2022-03-30 15:35:49.441 DEBUG [org.apache.jasper.servlet.JspServlet@http-nio-8081-exec-1] ServletPath: /WEB-INF/views/master/page.jsp 
2022-03-30 15:35:49.442 DEBUG [org.apache.jasper.servlet.JspServlet@http-nio-8081-exec-1] PathInfo: null 
2022-03-30 15:35:49.444 DEBUG [org.apache.jasper.servlet.JspServlet@http-nio-8081-exec-1] RealPath: C:\Users\MRF\Desktop\Workspace-22.0\Projects\Acme-Toolkits\target\classes\WEB-INF\views\master\page.jsp 
2022-03-30 15:35:49.445 DEBUG [org.apache.jasper.servlet.JspServlet@http-nio-8081-exec-1] RequestURI: /acme-toolkits-22.1/WEB-INF/views/master/page.jsp 
2022-03-30 15:35:49.446 DEBUG [org.apache.jasper.servlet.JspServlet@http-nio-8081-exec-1] QueryString: id=21 
2022-03-30 15:35:49.687 DEBUG [org.apache.jasper.servlet.JspServlet@http-nio-8081-exec-1] JspEngine --> /WEB-INF/views/inventor/item/form.jsp 
2022-03-30 15:35:49.687 DEBUG [org.apache.jasper.servlet.JspServlet@http-nio-8081-exec-1] ServletPath: /WEB-INF/views/master/page.jsp 
2022-03-30 15:35:49.688 DEBUG [org.apache.jasper.servlet.JspServlet@http-nio-8081-exec-1] PathInfo: null 
2022-03-30 15:35:49.689 DEBUG [org.apache.jasper.servlet.JspServlet@http-nio-8081-exec-1] RealPath: C:\Users\MRF\Desktop\Workspace-22.0\Projects\Acme-Toolkits\target\classes\WEB-INF\views\inventor\item\form.jsp 
2022-03-30 15:35:49.689 DEBUG [org.apache.jasper.servlet.JspServlet@http-nio-8081-exec-1] RequestURI: /acme-toolkits-22.1/WEB-INF/views/master/page.jsp 
2022-03-30 15:35:49.689 DEBUG [org.apache.jasper.servlet.JspServlet@http-nio-8081-exec-1] QueryString: id=21 
2022-03-30 15:35:55.622 DEBUG [acme.framework.controllers.AbstractController@http-nio-8081-exec-1] DISPATCHING GET /acme-toolkits-22.1/inventor/item/list-all-mine-components 
2022-03-30 15:35:55.622 DEBUG [acme.framework.controllers.AbstractController@http-nio-8081-exec-1] Command: list-all-mine-components 
2022-03-30 15:35:55.622 DEBUG [acme.framework.controllers.AbstractController@http-nio-8081-exec-1] Model:   {} 
2022-03-30 15:35:55.622 DEBUG [acme.framework.controllers.AbstractController@http-nio-8081-exec-1] Locale:  en 
2022-03-30 15:35:55.624 DEBUG [org.hibernate.SQL@http-nio-8081-exec-1] select item0_.id as id1_0_, item0_.version as version2_0_, item0_.code as code1_8_, item0_.description as descript2_8_, item0_.inventor_id as inventor9_8_, item0_.link as link3_8_, item0_.name as name4_8_, item0_.retail_price_amount as retail_p5_8_, item0_.retail_price_currency as retail_p6_8_, item0_.technology as technolo7_8_, item0_.type as type8_8_ from item item0_ where item0_.inventor_id=? and item0_.type='COMPONENT' 
2022-03-30 15:35:55.625 TRACE [org.hibernate.type.descriptor.sql.BasicBinder@http-nio-8081-exec-1] binding parameter [1] as [INTEGER] - [13] 
2022-03-30 15:35:55.626 DEBUG [org.hibernate.SQL@http-nio-8081-exec-1] select inventor0_.id as id1_0_0_, inventor0_.version as version2_0_0_, inventor0_.user_account_id as user_acc1_17_0_, inventor0_.company as company1_7_0_, inventor0_.info as info2_7_0_, inventor0_.statement as statemen3_7_0_, useraccoun1_.id as id1_0_1_, useraccoun1_.version as version2_0_1_, useraccoun1_.enabled as enabled1_16_1_, useraccoun1_.identity as identity2_16_1_, useraccoun1_.password as password3_16_1_, useraccoun1_.username as username4_16_1_ from inventor inventor0_ inner join user_account useraccoun1_ on inventor0_.user_account_id=useraccoun1_.id where inventor0_.id=? 
2022-03-30 15:35:55.627 TRACE [org.hibernate.type.descriptor.sql.BasicBinder@http-nio-8081-exec-1] binding parameter [1] as [INTEGER] - [13] 
2022-03-30 15:35:55.636 DEBUG [acme.framework.controllers.AbstractController@http-nio-8081-exec-1] SERVING GET /acme-toolkits-22.1/inventor/item/list-all-mine-components 
2022-03-30 15:35:55.636 DEBUG [acme.framework.controllers.AbstractController@http-nio-8081-exec-1] Result: ModelAndView [view="inventor/item/list"; model={code[0]=ABC-123-A, type[0]=TOOL, version[0]=0, id[0]=21, list$size=1, name[0]=Tool 02, command=list-all-mine-components, principal=acme.framework.entities.Principal@7925bebe}] 
2022-03-30 15:35:55.637 DEBUG [acme.framework.components.tiles.DynamicTilesView@http-nio-8081-exec-1] View name 'inventor/item/list', model {code[0]=ABC-123-A, type[0]=TOOL, version[0]=0, id[0]=21, list$size=1, name[0]=Tool 02, command=list-all-mine-components, principal=acme.framework.entities.Principal@7925bebe, org.springframework.validation.BindingResult.principal=org.springframework.validation.BeanPropertyBindingResult: 0 errors} 
2022-03-30 15:35:55.639 DEBUG [org.apache.jasper.servlet.JspServlet@http-nio-8081-exec-1] JspEngine --> /WEB-INF/views/master/page.jsp 
2022-03-30 15:35:55.639 DEBUG [org.apache.jasper.servlet.JspServlet@http-nio-8081-exec-1] ServletPath: /WEB-INF/views/master/page.jsp 
2022-03-30 15:35:55.639 DEBUG [org.apache.jasper.servlet.JspServlet@http-nio-8081-exec-1] PathInfo: null 
2022-03-30 15:35:55.641 DEBUG [org.apache.jasper.servlet.JspServlet@http-nio-8081-exec-1] RealPath: C:\Users\MRF\Desktop\Workspace-22.0\Projects\Acme-Toolkits\target\classes\WEB-INF\views\master\page.jsp 
2022-03-30 15:35:55.641 DEBUG [org.apache.jasper.servlet.JspServlet@http-nio-8081-exec-1] RequestURI: /acme-toolkits-22.1/WEB-INF/views/master/page.jsp 
2022-03-30 15:35:55.641 DEBUG [org.apache.jasper.servlet.JspServlet@http-nio-8081-exec-1] QueryString: null 
2022-03-30 15:35:55.943 DEBUG [org.apache.jasper.servlet.JspServlet@http-nio-8081-exec-1] JspEngine --> /WEB-INF/views/inventor/item/list.jsp 
2022-03-30 15:35:55.944 DEBUG [org.apache.jasper.servlet.JspServlet@http-nio-8081-exec-1] ServletPath: /WEB-INF/views/master/page.jsp 
2022-03-30 15:35:55.946 DEBUG [org.apache.jasper.servlet.JspServlet@http-nio-8081-exec-1] PathInfo: null 
2022-03-30 15:35:55.951 DEBUG [org.apache.jasper.servlet.JspServlet@http-nio-8081-exec-1] RealPath: C:\Users\MRF\Desktop\Workspace-22.0\Projects\Acme-Toolkits\target\classes\WEB-INF\views\inventor\item\list.jsp 
2022-03-30 15:35:55.952 DEBUG [org.apache.jasper.servlet.JspServlet@http-nio-8081-exec-1] RequestURI: /acme-toolkits-22.1/WEB-INF/views/master/page.jsp 
2022-03-30 15:35:55.953 DEBUG [org.apache.jasper.servlet.JspServlet@http-nio-8081-exec-1] QueryString: null 
2022-03-30 15:36:12.939 DEBUG [acme.framework.controllers.AbstractController@http-nio-8081-exec-5] DISPATCHING GET /acme-toolkits-22.1/inventor/item/list-all-mine-components 
2022-03-30 15:36:12.939 DEBUG [acme.framework.controllers.AbstractController@http-nio-8081-exec-5] Command: list-all-mine-components 
2022-03-30 15:36:12.939 DEBUG [acme.framework.controllers.AbstractController@http-nio-8081-exec-5] Model:   {} 
2022-03-30 15:36:12.939 DEBUG [acme.framework.controllers.AbstractController@http-nio-8081-exec-5] Locale:  en 
2022-03-30 15:36:12.941 DEBUG [org.hibernate.SQL@http-nio-8081-exec-5] select item0_.id as id1_0_, item0_.version as version2_0_, item0_.code as code1_8_, item0_.description as descript2_8_, item0_.inventor_id as inventor9_8_, item0_.link as link3_8_, item0_.name as name4_8_, item0_.retail_price_amount as retail_p5_8_, item0_.retail_price_currency as retail_p6_8_, item0_.technology as technolo7_8_, item0_.type as type8_8_ from item item0_ where item0_.inventor_id=? and item0_.type='COMPONENT' 
2022-03-30 15:36:12.942 TRACE [org.hibernate.type.descriptor.sql.BasicBinder@http-nio-8081-exec-5] binding parameter [1] as [INTEGER] - [13] 
2022-03-30 15:36:12.943 DEBUG [org.hibernate.SQL@http-nio-8081-exec-5] select inventor0_.id as id1_0_0_, inventor0_.version as version2_0_0_, inventor0_.user_account_id as user_acc1_17_0_, inventor0_.company as company1_7_0_, inventor0_.info as info2_7_0_, inventor0_.statement as statemen3_7_0_, useraccoun1_.id as id1_0_1_, useraccoun1_.version as version2_0_1_, useraccoun1_.enabled as enabled1_16_1_, useraccoun1_.identity as identity2_16_1_, useraccoun1_.password as password3_16_1_, useraccoun1_.username as username4_16_1_ from inventor inventor0_ inner join user_account useraccoun1_ on inventor0_.user_account_id=useraccoun1_.id where inventor0_.id=? 
2022-03-30 15:36:12.944 TRACE [org.hibernate.type.descriptor.sql.BasicBinder@http-nio-8081-exec-5] binding parameter [1] as [INTEGER] - [13] 
2022-03-30 15:36:12.951 DEBUG [acme.framework.controllers.AbstractController@http-nio-8081-exec-5] SERVING GET /acme-toolkits-22.1/inventor/item/list-all-mine-components 
2022-03-30 15:36:12.952 DEBUG [acme.framework.controllers.AbstractController@http-nio-8081-exec-5] Result: ModelAndView [view="inventor/item/list"; model={code[0]=ABC-123-A, type[0]=TOOL, version[0]=0, id[0]=21, list$size=1, name[0]=Tool 02, command=list-all-mine-components, principal=acme.framework.entities.Principal@7925bebe}] 
2022-03-30 15:36:12.952 DEBUG [acme.framework.components.tiles.DynamicTilesView@http-nio-8081-exec-5] View name 'inventor/item/list', model {code[0]=ABC-123-A, type[0]=TOOL, version[0]=0, id[0]=21, list$size=1, name[0]=Tool 02, command=list-all-mine-components, principal=acme.framework.entities.Principal@7925bebe, org.springframework.validation.BindingResult.principal=org.springframework.validation.BeanPropertyBindingResult: 0 errors} 
2022-03-30 15:36:12.954 DEBUG [org.apache.jasper.servlet.JspServlet@http-nio-8081-exec-5] JspEngine --> /WEB-INF/views/master/page.jsp 
2022-03-30 15:36:12.954 DEBUG [org.apache.jasper.servlet.JspServlet@http-nio-8081-exec-5] ServletPath: /WEB-INF/views/master/page.jsp 
2022-03-30 15:36:12.955 DEBUG [org.apache.jasper.servlet.JspServlet@http-nio-8081-exec-5] PathInfo: null 
2022-03-30 15:36:12.957 DEBUG [org.apache.jasper.servlet.JspServlet@http-nio-8081-exec-5] RealPath: C:\Users\MRF\Desktop\Workspace-22.0\Projects\Acme-Toolkits\target\classes\WEB-INF\views\master\page.jsp 
2022-03-30 15:36:12.957 DEBUG [org.apache.jasper.servlet.JspServlet@http-nio-8081-exec-5] RequestURI: /acme-toolkits-22.1/WEB-INF/views/master/page.jsp 
2022-03-30 15:36:12.958 DEBUG [org.apache.jasper.servlet.JspServlet@http-nio-8081-exec-5] QueryString: null 
2022-03-30 15:36:13.115 DEBUG [org.apache.jasper.servlet.JspServlet@http-nio-8081-exec-5] JspEngine --> /WEB-INF/views/inventor/item/list.jsp 
2022-03-30 15:36:13.115 DEBUG [org.apache.jasper.servlet.JspServlet@http-nio-8081-exec-5] ServletPath: /WEB-INF/views/master/page.jsp 
2022-03-30 15:36:13.116 DEBUG [org.apache.jasper.servlet.JspServlet@http-nio-8081-exec-5] PathInfo: null 
2022-03-30 15:36:13.118 DEBUG [org.apache.jasper.servlet.JspServlet@http-nio-8081-exec-5] RealPath: C:\Users\MRF\Desktop\Workspace-22.0\Projects\Acme-Toolkits\target\classes\WEB-INF\views\inventor\item\list.jsp 
2022-03-30 15:36:13.118 DEBUG [org.apache.jasper.servlet.JspServlet@http-nio-8081-exec-5] RequestURI: /acme-toolkits-22.1/WEB-INF/views/master/page.jsp 
2022-03-30 15:36:13.119 DEBUG [org.apache.jasper.servlet.JspServlet@http-nio-8081-exec-5] QueryString: null 
