2022-04-23 16:16:42.923 INFO  [acme.Launcher@main] Starting Launcher using Java 1.8.0_281 on Portatil-MarinaRamiro with PID 20164 (C:\Users\MRF\Desktop\Workspace-22.0\Frameworks\Acme-Framework-22.3\target\classes started by MRF in C:\Users\MRF\Desktop\Workspace-22.0\Projects\Acme-Toolkits) 
2022-04-23 16:16:42.924 DEBUG [acme.Launcher@main] Running with Spring Boot v2.4.2, Spring v5.3.3 
2022-04-23 16:16:42.926 INFO  [acme.Launcher@main] The following profiles are active: development,default 
2022-04-23 16:16:47.219 DEBUG [org.apache.jasper.servlet.JasperInitializer@main] Initializing Jasper for context [application] 
2022-04-23 16:16:55.404 DEBUG [org.apache.jasper.servlet.JspServlet@main] Scratch dir for the JSP engine is: [C:\Users\MRF\AppData\Local\Temp\tomcat.8081.7031643064428275703\work\Tomcat\localhost\acme-toolkits-22.1] 
2022-04-23 16:16:55.404 DEBUG [org.apache.jasper.servlet.JspServlet@main] IMPORTANT: Do not modify the generated servlets 
2022-04-23 16:16:55.423 INFO  [acme.Launcher@main] Started Launcher in 13.573 seconds (JVM running for 14.778) 
2022-04-23 16:16:55.430 DEBUG [acme.Launcher@main] Found classpath entry '/C:/Users/MRF/Desktop/Workspace-22.0/Projects/Acme-Toolkits/target/test-classes/' 
2022-04-23 16:16:55.430 DEBUG [acme.Launcher@main] Found classpath entry '/C:/Users/MRF/Desktop/Workspace-22.0/Projects/Acme-Toolkits/target/classes/' 
2022-04-23 16:16:55.431 DEBUG [acme.Launcher@main] Found classpath entry '/C:/Users/MRF/Desktop/Workspace-22.0/Frameworks/Acme-Framework-22.3/target/classes/' 
2022-04-23 16:16:55.431 DEBUG [acme.Launcher@main] Found classpath entry '/C:/Users/MRF/Desktop/Workspace-22.0/Frameworks/Acme-Framework-22.3/target/test-classes/' 
2022-04-23 16:16:55.431 DEBUG [acme.Launcher@main] Found classpath entry '/C:/Users/MRF/.m2/repository/org/springframework/boot/spring-boot-starter-tomcat/2.4.2/spring-boot-starter-tomcat-2.4.2.jar' 
2022-04-23 16:16:55.431 DEBUG [acme.Launcher@main] Found classpath entry '/C:/Users/MRF/.m2/repository/jakarta/annotation/jakarta.annotation-api/1.3.5/jakarta.annotation-api-1.3.5.jar' 
2022-04-23 16:16:55.431 DEBUG [acme.Launcher@main] Found classpath entry '/C:/Users/MRF/.m2/repository/org/apache/tomcat/embed/tomcat-embed-core/9.0.41/tomcat-embed-core-9.0.41.jar' 
2022-04-23 16:16:55.431 DEBUG [acme.Launcher@main] Found classpath entry '/C:/Users/MRF/.m2/repository/org/glassfish/jakarta.el/3.0.3/jakarta.el-3.0.3.jar' 
2022-04-23 16:16:55.432 DEBUG [acme.Launcher@main] Found classpath entry '/C:/Users/MRF/.m2/repository/org/apache/tomcat/embed/tomcat-embed-websocket/9.0.41/tomcat-embed-websocket-9.0.41.jar' 
2022-04-23 16:16:55.432 DEBUG [acme.Launcher@main] Found classpath entry '/C:/Users/MRF/.m2/repository/org/apache/tomcat/embed/tomcat-embed-jasper/9.0.41/tomcat-embed-jasper-9.0.41.jar' 
2022-04-23 16:16:55.432 DEBUG [acme.Launcher@main] Found classpath entry '/C:/Users/MRF/.m2/repository/org/apache/tomcat/embed/tomcat-embed-el/9.0.41/tomcat-embed-el-9.0.41.jar' 
2022-04-23 16:16:55.432 DEBUG [acme.Launcher@main] Found classpath entry '/C:/Users/MRF/.m2/repository/org/eclipse/jdt/ecj/3.18.0/ecj-3.18.0.jar' 
2022-04-23 16:16:55.432 DEBUG [acme.Launcher@main] Found classpath entry '/C:/Users/MRF/.m2/repository/javax/servlet/jstl/1.2/jstl-1.2.jar' 
2022-04-23 16:16:55.432 DEBUG [acme.Launcher@main] Found classpath entry '/C:/Users/MRF/.m2/repository/org/springframework/boot/spring-boot-starter-test/2.4.2/spring-boot-starter-test-2.4.2.jar' 
2022-04-23 16:16:55.433 DEBUG [acme.Launcher@main] Found classpath entry '/C:/Users/MRF/.m2/repository/org/springframework/boot/spring-boot-starter/2.4.2/spring-boot-starter-2.4.2.jar' 
2022-04-23 16:16:55.433 DEBUG [acme.Launcher@main] Found classpath entry '/C:/Users/MRF/.m2/repository/org/springframework/boot/spring-boot/2.4.2/spring-boot-2.4.2.jar' 
2022-04-23 16:16:55.433 DEBUG [acme.Launcher@main] Found classpath entry '/C:/Users/MRF/.m2/repository/org/springframework/boot/spring-boot-autoconfigure/2.4.2/spring-boot-autoconfigure-2.4.2.jar' 
2022-04-23 16:16:55.433 DEBUG [acme.Launcher@main] Found classpath entry '/C:/Users/MRF/.m2/repository/org/springframework/boot/spring-boot-starter-logging/2.4.2/spring-boot-starter-logging-2.4.2.jar' 
2022-04-23 16:16:55.433 DEBUG [acme.Launcher@main] Found classpath entry '/C:/Users/MRF/.m2/repository/ch/qos/logback/logback-classic/1.2.3/logback-classic-1.2.3.jar' 
2022-04-23 16:16:55.434 DEBUG [acme.Launcher@main] Found classpath entry '/C:/Users/MRF/.m2/repository/ch/qos/logback/logback-core/1.2.3/logback-core-1.2.3.jar' 
2022-04-23 16:16:55.434 DEBUG [acme.Launcher@main] Found classpath entry '/C:/Users/MRF/.m2/repository/org/apache/logging/log4j/log4j-to-slf4j/2.13.3/log4j-to-slf4j-2.13.3.jar' 
2022-04-23 16:16:55.434 DEBUG [acme.Launcher@main] Found classpath entry '/C:/Users/MRF/.m2/repository/org/apache/logging/log4j/log4j-api/2.13.3/log4j-api-2.13.3.jar' 
2022-04-23 16:16:55.434 DEBUG [acme.Launcher@main] Found classpath entry '/C:/Users/MRF/.m2/repository/org/slf4j/jul-to-slf4j/1.7.30/jul-to-slf4j-1.7.30.jar' 
2022-04-23 16:16:55.434 DEBUG [acme.Launcher@main] Found classpath entry '/C:/Users/MRF/.m2/repository/org/yaml/snakeyaml/1.27/snakeyaml-1.27.jar' 
2022-04-23 16:16:55.434 DEBUG [acme.Launcher@main] Found classpath entry '/C:/Users/MRF/.m2/repository/org/springframework/boot/spring-boot-test/2.4.2/spring-boot-test-2.4.2.jar' 
2022-04-23 16:16:55.435 DEBUG [acme.Launcher@main] Found classpath entry '/C:/Users/MRF/.m2/repository/org/springframework/boot/spring-boot-test-autoconfigure/2.4.2/spring-boot-test-autoconfigure-2.4.2.jar' 
2022-04-23 16:16:55.435 DEBUG [acme.Launcher@main] Found classpath entry '/C:/Users/MRF/.m2/repository/com/jayway/jsonpath/json-path/2.4.0/json-path-2.4.0.jar' 
2022-04-23 16:16:55.435 DEBUG [acme.Launcher@main] Found classpath entry '/C:/Users/MRF/.m2/repository/net/minidev/json-smart/2.3/json-smart-2.3.jar' 
2022-04-23 16:16:55.435 DEBUG [acme.Launcher@main] Found classpath entry '/C:/Users/MRF/.m2/repository/net/minidev/accessors-smart/1.2/accessors-smart-1.2.jar' 
2022-04-23 16:16:55.435 DEBUG [acme.Launcher@main] Found classpath entry '/C:/Users/MRF/.m2/repository/org/ow2/asm/asm/5.0.4/asm-5.0.4.jar' 
2022-04-23 16:16:55.435 DEBUG [acme.Launcher@main] Found classpath entry '/C:/Users/MRF/.m2/repository/jakarta/xml/bind/jakarta.xml.bind-api/2.3.3/jakarta.xml.bind-api-2.3.3.jar' 
2022-04-23 16:16:55.435 DEBUG [acme.Launcher@main] Found classpath entry '/C:/Users/MRF/.m2/repository/jakarta/activation/jakarta.activation-api/1.2.2/jakarta.activation-api-1.2.2.jar' 
2022-04-23 16:16:55.436 DEBUG [acme.Launcher@main] Found classpath entry '/C:/Users/MRF/.m2/repository/org/assertj/assertj-core/3.18.1/assertj-core-3.18.1.jar' 
2022-04-23 16:16:55.436 DEBUG [acme.Launcher@main] Found classpath entry '/C:/Users/MRF/.m2/repository/org/hamcrest/hamcrest/2.2/hamcrest-2.2.jar' 
2022-04-23 16:16:55.436 DEBUG [acme.Launcher@main] Found classpath entry '/C:/Users/MRF/.m2/repository/org/junit/jupiter/junit-jupiter/5.7.0/junit-jupiter-5.7.0.jar' 
2022-04-23 16:16:55.436 DEBUG [acme.Launcher@main] Found classpath entry '/C:/Users/MRF/.m2/repository/org/mockito/mockito-core/3.6.28/mockito-core-3.6.28.jar' 
2022-04-23 16:16:55.436 DEBUG [acme.Launcher@main] Found classpath entry '/C:/Users/MRF/.m2/repository/net/bytebuddy/byte-buddy-agent/1.10.19/byte-buddy-agent-1.10.19.jar' 
2022-04-23 16:16:55.436 DEBUG [acme.Launcher@main] Found classpath entry '/C:/Users/MRF/.m2/repository/org/objenesis/objenesis/3.1/objenesis-3.1.jar' 
2022-04-23 16:16:55.437 DEBUG [acme.Launcher@main] Found classpath entry '/C:/Users/MRF/.m2/repository/org/mockito/mockito-junit-jupiter/3.6.28/mockito-junit-jupiter-3.6.28.jar' 
2022-04-23 16:16:55.437 DEBUG [acme.Launcher@main] Found classpath entry '/C:/Users/MRF/.m2/repository/org/skyscreamer/jsonassert/1.5.0/jsonassert-1.5.0.jar' 
2022-04-23 16:16:55.437 DEBUG [acme.Launcher@main] Found classpath entry '/C:/Users/MRF/.m2/repository/com/vaadin/external/google/android-json/0.0.20131108.vaadin1/android-json-0.0.20131108.vaadin1.jar' 
2022-04-23 16:16:55.437 DEBUG [acme.Launcher@main] Found classpath entry '/C:/Users/MRF/.m2/repository/org/springframework/spring-core/5.3.3/spring-core-5.3.3.jar' 
2022-04-23 16:16:55.437 DEBUG [acme.Launcher@main] Found classpath entry '/C:/Users/MRF/.m2/repository/org/springframework/spring-jcl/5.3.3/spring-jcl-5.3.3.jar' 
2022-04-23 16:16:55.438 DEBUG [acme.Launcher@main] Found classpath entry '/C:/Users/MRF/.m2/repository/org/springframework/spring-test/5.3.3/spring-test-5.3.3.jar' 
2022-04-23 16:16:55.438 DEBUG [acme.Launcher@main] Found classpath entry '/C:/Users/MRF/.m2/repository/org/xmlunit/xmlunit-core/2.7.0/xmlunit-core-2.7.0.jar' 
2022-04-23 16:16:55.438 DEBUG [acme.Launcher@main] Found classpath entry '/C:/Users/MRF/.m2/repository/org/springframework/boot/spring-boot-starter-security/2.4.2/spring-boot-starter-security-2.4.2.jar' 
2022-04-23 16:16:55.438 DEBUG [acme.Launcher@main] Found classpath entry '/C:/Users/MRF/.m2/repository/org/springframework/spring-aop/5.3.3/spring-aop-5.3.3.jar' 
2022-04-23 16:16:55.438 DEBUG [acme.Launcher@main] Found classpath entry '/C:/Users/MRF/.m2/repository/org/springframework/security/spring-security-web/5.4.2/spring-security-web-5.4.2.jar' 
2022-04-23 16:16:55.439 DEBUG [acme.Launcher@main] Found classpath entry '/C:/Users/MRF/.m2/repository/org/springframework/security/spring-security-core/5.4.2/spring-security-core-5.4.2.jar' 
2022-04-23 16:16:55.439 DEBUG [acme.Launcher@main] Found classpath entry '/C:/Users/MRF/.m2/repository/org/springframework/spring-beans/5.3.3/spring-beans-5.3.3.jar' 
2022-04-23 16:16:55.439 DEBUG [acme.Launcher@main] Found classpath entry '/C:/Users/MRF/.m2/repository/org/springframework/spring-context/5.3.3/spring-context-5.3.3.jar' 
2022-04-23 16:16:55.439 DEBUG [acme.Launcher@main] Found classpath entry '/C:/Users/MRF/.m2/repository/org/springframework/spring-expression/5.3.3/spring-expression-5.3.3.jar' 
2022-04-23 16:16:55.439 DEBUG [acme.Launcher@main] Found classpath entry '/C:/Users/MRF/.m2/repository/org/springframework/spring-web/5.3.3/spring-web-5.3.3.jar' 
2022-04-23 16:16:55.439 DEBUG [acme.Launcher@main] Found classpath entry '/C:/Users/MRF/.m2/repository/org/springframework/security/spring-security-config/5.4.2/spring-security-config-5.4.2.jar' 
2022-04-23 16:16:55.440 DEBUG [acme.Launcher@main] Found classpath entry '/C:/Users/MRF/.m2/repository/org/springframework/security/spring-security-taglibs/5.4.2/spring-security-taglibs-5.4.2.jar' 
2022-04-23 16:16:55.440 DEBUG [acme.Launcher@main] Found classpath entry '/C:/Users/MRF/.m2/repository/org/springframework/security/spring-security-acl/5.4.2/spring-security-acl-5.4.2.jar' 
2022-04-23 16:16:55.440 DEBUG [acme.Launcher@main] Found classpath entry '/C:/Users/MRF/.m2/repository/org/springframework/spring-jdbc/5.3.3/spring-jdbc-5.3.3.jar' 
2022-04-23 16:16:55.440 DEBUG [acme.Launcher@main] Found classpath entry '/C:/Users/MRF/.m2/repository/org/springframework/spring-tx/5.3.3/spring-tx-5.3.3.jar' 
2022-04-23 16:16:55.440 DEBUG [acme.Launcher@main] Found classpath entry '/C:/Users/MRF/.m2/repository/org/springframework/boot/spring-boot-starter-web/2.4.2/spring-boot-starter-web-2.4.2.jar' 
2022-04-23 16:16:55.440 DEBUG [acme.Launcher@main] Found classpath entry '/C:/Users/MRF/.m2/repository/org/springframework/boot/spring-boot-starter-json/2.4.2/spring-boot-starter-json-2.4.2.jar' 
2022-04-23 16:16:55.441 DEBUG [acme.Launcher@main] Found classpath entry '/C:/Users/MRF/.m2/repository/com/fasterxml/jackson/core/jackson-databind/2.11.4/jackson-databind-2.11.4.jar' 
2022-04-23 16:16:55.441 DEBUG [acme.Launcher@main] Found classpath entry '/C:/Users/MRF/.m2/repository/com/fasterxml/jackson/core/jackson-annotations/2.11.4/jackson-annotations-2.11.4.jar' 
2022-04-23 16:16:55.441 DEBUG [acme.Launcher@main] Found classpath entry '/C:/Users/MRF/.m2/repository/com/fasterxml/jackson/core/jackson-core/2.11.4/jackson-core-2.11.4.jar' 
2022-04-23 16:16:55.441 DEBUG [acme.Launcher@main] Found classpath entry '/C:/Users/MRF/.m2/repository/com/fasterxml/jackson/datatype/jackson-datatype-jdk8/2.11.4/jackson-datatype-jdk8-2.11.4.jar' 
2022-04-23 16:16:55.441 DEBUG [acme.Launcher@main] Found classpath entry '/C:/Users/MRF/.m2/repository/com/fasterxml/jackson/datatype/jackson-datatype-jsr310/2.11.4/jackson-datatype-jsr310-2.11.4.jar' 
2022-04-23 16:16:55.442 DEBUG [acme.Launcher@main] Found classpath entry '/C:/Users/MRF/.m2/repository/com/fasterxml/jackson/module/jackson-module-parameter-names/2.11.4/jackson-module-parameter-names-2.11.4.jar' 
2022-04-23 16:16:55.442 DEBUG [acme.Launcher@main] Found classpath entry '/C:/Users/MRF/.m2/repository/org/springframework/spring-webmvc/5.3.3/spring-webmvc-5.3.3.jar' 
2022-04-23 16:16:55.442 DEBUG [acme.Launcher@main] Found classpath entry '/C:/Users/MRF/.m2/repository/org/apache/tiles/tiles-jsp/3.0.8/tiles-jsp-3.0.8.jar' 
2022-04-23 16:16:55.442 DEBUG [acme.Launcher@main] Found classpath entry '/C:/Users/MRF/.m2/repository/org/apache/tiles/tiles-servlet/3.0.8/tiles-servlet-3.0.8.jar' 
2022-04-23 16:16:55.442 DEBUG [acme.Launcher@main] Found classpath entry '/C:/Users/MRF/.m2/repository/org/apache/tiles/tiles-core/3.0.8/tiles-core-3.0.8.jar' 
2022-04-23 16:16:55.443 DEBUG [acme.Launcher@main] Found classpath entry '/C:/Users/MRF/.m2/repository/commons-digester/commons-digester/2.0/commons-digester-2.0.jar' 
2022-04-23 16:16:55.443 DEBUG [acme.Launcher@main] Found classpath entry '/C:/Users/MRF/.m2/repository/org/slf4j/jcl-over-slf4j/1.7.30/jcl-over-slf4j-1.7.30.jar' 
2022-04-23 16:16:55.443 DEBUG [acme.Launcher@main] Found classpath entry '/C:/Users/MRF/.m2/repository/org/apache/tiles/tiles-request-servlet/1.0.7/tiles-request-servlet-1.0.7.jar' 
2022-04-23 16:16:55.443 DEBUG [acme.Launcher@main] Found classpath entry '/C:/Users/MRF/.m2/repository/org/apache/tiles/tiles-template/3.0.8/tiles-template-3.0.8.jar' 
2022-04-23 16:16:55.443 DEBUG [acme.Launcher@main] Found classpath entry '/C:/Users/MRF/.m2/repository/org/apache/tiles/tiles-api/3.0.8/tiles-api-3.0.8.jar' 
2022-04-23 16:16:55.444 DEBUG [acme.Launcher@main] Found classpath entry '/C:/Users/MRF/.m2/repository/org/apache/tiles/tiles-autotag-core-runtime/1.2/tiles-autotag-core-runtime-1.2.jar' 
2022-04-23 16:16:55.444 DEBUG [acme.Launcher@main] Found classpath entry '/C:/Users/MRF/.m2/repository/org/slf4j/slf4j-api/1.7.30/slf4j-api-1.7.30.jar' 
2022-04-23 16:16:55.444 DEBUG [acme.Launcher@main] Found classpath entry '/C:/Users/MRF/.m2/repository/org/apache/tiles/tiles-request-jsp/1.0.7/tiles-request-jsp-1.0.7.jar' 
2022-04-23 16:16:55.444 DEBUG [acme.Launcher@main] Found classpath entry '/C:/Users/MRF/.m2/repository/org/apache/tiles/tiles-request-api/1.0.7/tiles-request-api-1.0.7.jar' 
2022-04-23 16:16:55.444 DEBUG [acme.Launcher@main] Found classpath entry '/C:/Users/MRF/.m2/repository/org/springframework/boot/spring-boot-starter-data-jpa/2.4.2/spring-boot-starter-data-jpa-2.4.2.jar' 
2022-04-23 16:16:55.444 DEBUG [acme.Launcher@main] Found classpath entry '/C:/Users/MRF/.m2/repository/org/springframework/boot/spring-boot-starter-aop/2.4.2/spring-boot-starter-aop-2.4.2.jar' 
2022-04-23 16:16:55.444 DEBUG [acme.Launcher@main] Found classpath entry '/C:/Users/MRF/.m2/repository/org/aspectj/aspectjweaver/1.9.6/aspectjweaver-1.9.6.jar' 
2022-04-23 16:16:55.445 DEBUG [acme.Launcher@main] Found classpath entry '/C:/Users/MRF/.m2/repository/org/springframework/boot/spring-boot-starter-jdbc/2.4.2/spring-boot-starter-jdbc-2.4.2.jar' 
2022-04-23 16:16:55.445 DEBUG [acme.Launcher@main] Found classpath entry '/C:/Users/MRF/.m2/repository/jakarta/transaction/jakarta.transaction-api/1.3.3/jakarta.transaction-api-1.3.3.jar' 
2022-04-23 16:16:55.445 DEBUG [acme.Launcher@main] Found classpath entry '/C:/Users/MRF/.m2/repository/jakarta/persistence/jakarta.persistence-api/2.2.3/jakarta.persistence-api-2.2.3.jar' 
2022-04-23 16:16:55.445 DEBUG [acme.Launcher@main] Found classpath entry '/C:/Users/MRF/.m2/repository/org/hibernate/hibernate-core/5.4.27.Final/hibernate-core-5.4.27.Final.jar' 
2022-04-23 16:16:55.445 DEBUG [acme.Launcher@main] Found classpath entry '/C:/Users/MRF/.m2/repository/org/jboss/logging/jboss-logging/3.4.1.Final/jboss-logging-3.4.1.Final.jar' 
2022-04-23 16:16:55.445 DEBUG [acme.Launcher@main] Found classpath entry '/C:/Users/MRF/.m2/repository/org/javassist/javassist/3.27.0-GA/javassist-3.27.0-GA.jar' 
2022-04-23 16:16:55.446 DEBUG [acme.Launcher@main] Found classpath entry '/C:/Users/MRF/.m2/repository/antlr/antlr/2.7.7/antlr-2.7.7.jar' 
2022-04-23 16:16:55.446 DEBUG [acme.Launcher@main] Found classpath entry '/C:/Users/MRF/.m2/repository/org/jboss/jandex/2.1.3.Final/jandex-2.1.3.Final.jar' 
2022-04-23 16:16:55.446 DEBUG [acme.Launcher@main] Found classpath entry '/C:/Users/MRF/.m2/repository/com/fasterxml/classmate/1.5.1/classmate-1.5.1.jar' 
2022-04-23 16:16:55.447 DEBUG [acme.Launcher@main] Found classpath entry '/C:/Users/MRF/.m2/repository/org/dom4j/dom4j/2.1.3/dom4j-2.1.3.jar' 
2022-04-23 16:16:55.447 DEBUG [acme.Launcher@main] Found classpath entry '/C:/Users/MRF/.m2/repository/org/hibernate/common/hibernate-commons-annotations/5.1.2.Final/hibernate-commons-annotations-5.1.2.Final.jar' 
2022-04-23 16:16:55.447 DEBUG [acme.Launcher@main] Found classpath entry '/C:/Users/MRF/.m2/repository/org/glassfish/jaxb/jaxb-runtime/2.3.3/jaxb-runtime-2.3.3.jar' 
2022-04-23 16:16:55.447 DEBUG [acme.Launcher@main] Found classpath entry '/C:/Users/MRF/.m2/repository/org/glassfish/jaxb/txw2/2.3.3/txw2-2.3.3.jar' 
2022-04-23 16:16:55.448 DEBUG [acme.Launcher@main] Found classpath entry '/C:/Users/MRF/.m2/repository/com/sun/istack/istack-commons-runtime/3.0.11/istack-commons-runtime-3.0.11.jar' 
2022-04-23 16:16:55.448 DEBUG [acme.Launcher@main] Found classpath entry '/C:/Users/MRF/.m2/repository/com/sun/activation/jakarta.activation/1.2.2/jakarta.activation-1.2.2.jar' 
2022-04-23 16:16:55.448 DEBUG [acme.Launcher@main] Found classpath entry '/C:/Users/MRF/.m2/repository/org/springframework/data/spring-data-jpa/2.4.3/spring-data-jpa-2.4.3.jar' 
2022-04-23 16:16:55.448 DEBUG [acme.Launcher@main] Found classpath entry '/C:/Users/MRF/.m2/repository/org/springframework/data/spring-data-commons/2.4.3/spring-data-commons-2.4.3.jar' 
2022-04-23 16:16:55.448 DEBUG [acme.Launcher@main] Found classpath entry '/C:/Users/MRF/.m2/repository/org/springframework/spring-orm/5.3.3/spring-orm-5.3.3.jar' 
2022-04-23 16:16:55.448 DEBUG [acme.Launcher@main] Found classpath entry '/C:/Users/MRF/.m2/repository/org/springframework/spring-aspects/5.3.3/spring-aspects-5.3.3.jar' 
2022-04-23 16:16:55.448 DEBUG [acme.Launcher@main] Found classpath entry '/C:/Users/MRF/.m2/repository/org/springframework/boot/spring-boot-starter-validation/2.4.2/spring-boot-starter-validation-2.4.2.jar' 
2022-04-23 16:16:55.449 DEBUG [acme.Launcher@main] Found classpath entry '/C:/Users/MRF/.m2/repository/org/hibernate/validator/hibernate-validator/6.1.7.Final/hibernate-validator-6.1.7.Final.jar' 
2022-04-23 16:16:55.449 DEBUG [acme.Launcher@main] Found classpath entry '/C:/Users/MRF/.m2/repository/jakarta/validation/jakarta.validation-api/2.0.2/jakarta.validation-api-2.0.2.jar' 
2022-04-23 16:16:55.449 DEBUG [acme.Launcher@main] Found classpath entry '/C:/Users/MRF/.m2/repository/mysql/mysql-connector-java/8.0.22/mysql-connector-java-8.0.22.jar' 
2022-04-23 16:16:55.449 DEBUG [acme.Launcher@main] Found classpath entry '/C:/Users/MRF/.m2/repository/com/zaxxer/HikariCP/3.4.5/HikariCP-3.4.5.jar' 
2022-04-23 16:16:55.449 DEBUG [acme.Launcher@main] Found classpath entry '/C:/Users/MRF/.m2/repository/org/junit/jupiter/junit-jupiter-engine/5.7.0/junit-jupiter-engine-5.7.0.jar' 
2022-04-23 16:16:55.449 DEBUG [acme.Launcher@main] Found classpath entry '/C:/Users/MRF/.m2/repository/org/apiguardian/apiguardian-api/1.1.0/apiguardian-api-1.1.0.jar' 
2022-04-23 16:16:55.450 DEBUG [acme.Launcher@main] Found classpath entry '/C:/Users/MRF/.m2/repository/org/junit/platform/junit-platform-engine/1.7.0/junit-platform-engine-1.7.0.jar' 
2022-04-23 16:16:55.450 DEBUG [acme.Launcher@main] Found classpath entry '/C:/Users/MRF/.m2/repository/org/junit/jupiter/junit-jupiter-api/5.7.0/junit-jupiter-api-5.7.0.jar' 
2022-04-23 16:16:55.450 DEBUG [acme.Launcher@main] Found classpath entry '/C:/Users/MRF/.m2/repository/org/opentest4j/opentest4j/1.2.0/opentest4j-1.2.0.jar' 
2022-04-23 16:16:55.450 DEBUG [acme.Launcher@main] Found classpath entry '/C:/Users/MRF/.m2/repository/org/junit/platform/junit-platform-commons/1.7.0/junit-platform-commons-1.7.0.jar' 
2022-04-23 16:16:55.450 DEBUG [acme.Launcher@main] Found classpath entry '/C:/Users/MRF/.m2/repository/org/junit/jupiter/junit-jupiter-params/5.7.0/junit-jupiter-params-5.7.0.jar' 
2022-04-23 16:16:55.450 DEBUG [acme.Launcher@main] Found classpath entry '/C:/Users/MRF/.m2/repository/org/junit/platform/junit-platform-launcher/1.7.0/junit-platform-launcher-1.7.0.jar' 
2022-04-23 16:16:55.451 DEBUG [acme.Launcher@main] Found classpath entry '/C:/Users/MRF/.m2/repository/org/seleniumhq/selenium/selenium-java/3.141.59/selenium-java-3.141.59.jar' 
2022-04-23 16:16:55.451 DEBUG [acme.Launcher@main] Found classpath entry '/C:/Users/MRF/.m2/repository/org/seleniumhq/selenium/selenium-api/3.141.59/selenium-api-3.141.59.jar' 
2022-04-23 16:16:55.451 DEBUG [acme.Launcher@main] Found classpath entry '/C:/Users/MRF/.m2/repository/org/seleniumhq/selenium/selenium-chrome-driver/3.141.59/selenium-chrome-driver-3.141.59.jar' 
2022-04-23 16:16:55.451 DEBUG [acme.Launcher@main] Found classpath entry '/C:/Users/MRF/.m2/repository/org/seleniumhq/selenium/selenium-edge-driver/3.141.59/selenium-edge-driver-3.141.59.jar' 
2022-04-23 16:16:55.451 DEBUG [acme.Launcher@main] Found classpath entry '/C:/Users/MRF/.m2/repository/org/seleniumhq/selenium/selenium-firefox-driver/3.141.59/selenium-firefox-driver-3.141.59.jar' 
2022-04-23 16:16:55.451 DEBUG [acme.Launcher@main] Found classpath entry '/C:/Users/MRF/.m2/repository/org/seleniumhq/selenium/selenium-ie-driver/3.141.59/selenium-ie-driver-3.141.59.jar' 
2022-04-23 16:16:55.451 DEBUG [acme.Launcher@main] Found classpath entry '/C:/Users/MRF/.m2/repository/org/seleniumhq/selenium/selenium-opera-driver/3.141.59/selenium-opera-driver-3.141.59.jar' 
2022-04-23 16:16:55.452 DEBUG [acme.Launcher@main] Found classpath entry '/C:/Users/MRF/.m2/repository/org/seleniumhq/selenium/selenium-remote-driver/3.141.59/selenium-remote-driver-3.141.59.jar' 
2022-04-23 16:16:55.452 DEBUG [acme.Launcher@main] Found classpath entry '/C:/Users/MRF/.m2/repository/org/seleniumhq/selenium/selenium-safari-driver/3.141.59/selenium-safari-driver-3.141.59.jar' 
2022-04-23 16:16:55.452 DEBUG [acme.Launcher@main] Found classpath entry '/C:/Users/MRF/.m2/repository/org/seleniumhq/selenium/selenium-support/3.141.59/selenium-support-3.141.59.jar' 
2022-04-23 16:16:55.452 DEBUG [acme.Launcher@main] Found classpath entry '/C:/Users/MRF/.m2/repository/net/bytebuddy/byte-buddy/1.10.19/byte-buddy-1.10.19.jar' 
2022-04-23 16:16:55.452 DEBUG [acme.Launcher@main] Found classpath entry '/C:/Users/MRF/.m2/repository/org/apache/commons/commons-exec/1.3/commons-exec-1.3.jar' 
2022-04-23 16:16:55.452 DEBUG [acme.Launcher@main] Found classpath entry '/C:/Users/MRF/.m2/repository/com/google/guava/guava/25.0-jre/guava-25.0-jre.jar' 
2022-04-23 16:16:55.452 DEBUG [acme.Launcher@main] Found classpath entry '/C:/Users/MRF/.m2/repository/com/google/code/findbugs/jsr305/1.3.9/jsr305-1.3.9.jar' 
2022-04-23 16:16:55.452 DEBUG [acme.Launcher@main] Found classpath entry '/C:/Users/MRF/.m2/repository/org/checkerframework/checker-compat-qual/2.0.0/checker-compat-qual-2.0.0.jar' 
2022-04-23 16:16:55.453 DEBUG [acme.Launcher@main] Found classpath entry '/C:/Users/MRF/.m2/repository/com/google/errorprone/error_prone_annotations/2.1.3/error_prone_annotations-2.1.3.jar' 
2022-04-23 16:16:55.453 DEBUG [acme.Launcher@main] Found classpath entry '/C:/Users/MRF/.m2/repository/com/google/j2objc/j2objc-annotations/1.1/j2objc-annotations-1.1.jar' 
2022-04-23 16:16:55.453 DEBUG [acme.Launcher@main] Found classpath entry '/C:/Users/MRF/.m2/repository/org/codehaus/mojo/animal-sniffer-annotations/1.14/animal-sniffer-annotations-1.14.jar' 
2022-04-23 16:16:55.453 DEBUG [acme.Launcher@main] Found classpath entry '/C:/Users/MRF/.m2/repository/com/squareup/okhttp3/okhttp/3.14.9/okhttp-3.14.9.jar' 
2022-04-23 16:16:55.453 DEBUG [acme.Launcher@main] Found classpath entry '/C:/Users/MRF/.m2/repository/com/squareup/okio/okio/1.14.0/okio-1.14.0.jar' 
2022-04-23 16:16:55.453 DEBUG [acme.Launcher@main] Found classpath entry '/C:/Users/MRF/.m2/repository/org/apache/commons/commons-lang3/3.11/commons-lang3-3.11.jar' 
2022-04-23 16:16:55.453 DEBUG [acme.Launcher@main] Found classpath entry '/C:/Users/MRF/.m2/repository/org/apache/commons/commons-text/1.8/commons-text-1.8.jar' 
2022-04-23 16:16:55.453 DEBUG [acme.Launcher@main] Found classpath entry '/C:/Users/MRF/.m2/repository/commons-io/commons-io/2.6/commons-io-2.6.jar' 
2022-04-23 16:16:55.454 DEBUG [acme.Launcher@main] Found classpath entry '/C:/Users/MRF/.m2/repository/commons-cli/commons-cli/1.4/commons-cli-1.4.jar' 
2022-04-23 16:16:55.454 DEBUG [acme.Launcher@main] Found classpath entry '/C:/Users/MRF/.m2/repository/org/projectlombok/lombok/1.18.16/lombok-1.18.16.jar' 
2022-04-23 16:16:55.454 DEBUG [acme.Launcher@main] Found classpath entry '/C:/Users/MRF/.m2/repository/com/opencsv/opencsv/5.4/opencsv-5.4.jar' 
2022-04-23 16:16:55.454 DEBUG [acme.Launcher@main] Found classpath entry '/C:/Users/MRF/.m2/repository/commons-beanutils/commons-beanutils/1.9.4/commons-beanutils-1.9.4.jar' 
2022-04-23 16:16:55.454 DEBUG [acme.Launcher@main] Found classpath entry '/C:/Users/MRF/.m2/repository/commons-logging/commons-logging/1.2/commons-logging-1.2.jar' 
2022-04-23 16:16:55.454 DEBUG [acme.Launcher@main] Found classpath entry '/C:/Users/MRF/.m2/repository/commons-collections/commons-collections/3.2.2/commons-collections-3.2.2.jar' 
2022-04-23 16:16:55.454 DEBUG [acme.Launcher@main] Found classpath entry '/C:/Users/MRF/.m2/repository/org/apache/commons/commons-collections4/4.4/commons-collections4-4.4.jar' 
2022-04-23 16:16:55.454 DEBUG [acme.Launcher@main] Found classpath entry '/C:/Users/MRF/Desktop/Workspace-22.0/Tools/IDEs/eclipse-jee-2021-12-R/configuration/org.eclipse.osgi/418/0/.cp/lib/javaagent-shaded.jar' 
2022-04-23 16:16:55.565 DEBUG [acme.Launcher@main] Found entity class 'acme.entities.announcements.Announcement 
2022-04-23 16:16:55.567 DEBUG [acme.Launcher@main] Found entity class 'acme.entities.chirps.Chirp 
2022-04-23 16:16:55.567 DEBUG [acme.Launcher@main] Found entity class 'acme.entities.items.Item 
2022-04-23 16:16:55.567 DEBUG [acme.Launcher@main] Found entity class 'acme.entities.patronageReports.PatronageReport 
2022-04-23 16:16:55.567 DEBUG [acme.Launcher@main] Found entity class 'acme.entities.patronages.Patronage 
2022-04-23 16:16:55.591 DEBUG [acme.Launcher@main] Found entity class 'acme.entities.quantities.Quantity 
2022-04-23 16:16:55.591 DEBUG [acme.Launcher@main] Found entity class 'acme.entities.systemConfigurations.SystemConfiguration 
2022-04-23 16:16:55.591 DEBUG [acme.Launcher@main] Found entity class 'acme.entities.toolkits.Toolkit 
2022-04-23 16:16:55.591 DEBUG [acme.Launcher@main] Found entity class 'acme.roles.Consumer 
2022-04-23 16:16:55.592 DEBUG [acme.Launcher@main] Found entity class 'acme.roles.Inventor 
2022-04-23 16:16:55.592 DEBUG [acme.Launcher@main] Found entity class 'acme.roles.Patron 
2022-04-23 16:16:55.592 DEBUG [acme.Launcher@main] Found entity class 'acme.roles.Provider 
2022-04-23 16:16:55.592 DEBUG [acme.Launcher@main] Found entity class 'acme.framework.entities.UserAccount 
2022-04-23 16:16:55.593 DEBUG [acme.Launcher@main] Found entity class 'acme.framework.roles.Administrator 
2022-04-23 16:16:55.593 DEBUG [acme.Launcher@main] Found entity class 'acme.framework.roles.Anonymous 
2022-04-23 16:16:55.593 DEBUG [acme.Launcher@main] Found entity class 'acme.framework.roles.Any 
2022-04-23 16:16:55.593 DEBUG [acme.Launcher@main] Found entity class 'acme.framework.roles.Authenticated 
2022-04-23 16:16:55.616 INFO  [acme.Launcher@main] Running application (Standalone) 
2022-04-23 16:17:10.128 DEBUG [acme.framework.components.tiles.DynamicTilesView@http-nio-8081-exec-4] View name 'fragments/welcome', model {} 
2022-04-23 16:17:10.161 DEBUG [org.apache.tiles.definition.dao.BaseLocaleUrlDefinitionDAO@http-nio-8081-exec-4] File Resource file:/C:/Users/MRF/Desktop/Workspace-22.0/Projects/Acme-Toolkits/target/classes/WEB-INF/views/master/tiles_en.xml at file:/C:/Users/MRF/Desktop/Workspace-22.0/Projects/Acme-Toolkits/target/classes/WEB-INF/views/master/tiles_en.xml not found, continue 
2022-04-23 16:17:10.176 DEBUG [org.apache.jasper.servlet.JspServlet@http-nio-8081-exec-4] JspEngine --> /WEB-INF/views/master/page.jsp 
2022-04-23 16:17:10.177 DEBUG [org.apache.jasper.servlet.JspServlet@http-nio-8081-exec-4] ServletPath: /WEB-INF/views/master/page.jsp 
2022-04-23 16:17:10.177 DEBUG [org.apache.jasper.servlet.JspServlet@http-nio-8081-exec-4] PathInfo: null 
2022-04-23 16:17:10.180 DEBUG [org.apache.jasper.servlet.JspServlet@http-nio-8081-exec-4] RealPath: C:\Users\MRF\Desktop\Workspace-22.0\Projects\Acme-Toolkits\target\classes\WEB-INF\views\master\page.jsp 
2022-04-23 16:17:10.182 DEBUG [org.apache.jasper.servlet.JspServlet@http-nio-8081-exec-4] RequestURI: /acme-toolkits-22.1/WEB-INF/views/master/page.jsp 
2022-04-23 16:17:10.183 DEBUG [org.apache.jasper.servlet.JspServlet@http-nio-8081-exec-4] QueryString: null 
2022-04-23 16:17:13.704 DEBUG [acme.framework.components.tiles.DynamicTilesView@http-nio-8081-exec-7] View name 'fragments/welcome', model {} 
2022-04-23 16:17:13.706 DEBUG [org.apache.jasper.servlet.JspServlet@http-nio-8081-exec-7] JspEngine --> /WEB-INF/views/master/page.jsp 
2022-04-23 16:17:13.707 DEBUG [org.apache.jasper.servlet.JspServlet@http-nio-8081-exec-7] ServletPath: /WEB-INF/views/master/page.jsp 
2022-04-23 16:17:13.708 DEBUG [org.apache.jasper.servlet.JspServlet@http-nio-8081-exec-7] PathInfo: null 
2022-04-23 16:17:13.709 DEBUG [org.apache.jasper.servlet.JspServlet@http-nio-8081-exec-7] RealPath: C:\Users\MRF\Desktop\Workspace-22.0\Projects\Acme-Toolkits\target\classes\WEB-INF\views\master\page.jsp 
2022-04-23 16:17:13.710 DEBUG [org.apache.jasper.servlet.JspServlet@http-nio-8081-exec-7] RequestURI: /acme-toolkits-22.1/WEB-INF/views/master/page.jsp 
2022-04-23 16:17:13.710 DEBUG [org.apache.jasper.servlet.JspServlet@http-nio-8081-exec-7] QueryString: null 
2022-04-23 16:17:15.100 DEBUG [acme.framework.configuration.ExtendedMessageSource@http-nio-8081-exec-7] Loading properties [C:\Users\MRF\Desktop\Workspace-22.0\Projects\Acme-Toolkits\target\classes\WEB-INF\views\administrator\system-configuration\messsages-en.i18n] with encoding 'utf-8' 
2022-04-23 16:17:15.101 DEBUG [acme.framework.configuration.ExtendedMessageSource@http-nio-8081-exec-7] Loading properties [C:\Users\MRF\Desktop\Workspace-22.0\Projects\Acme-Toolkits\target\classes\WEB-INF\views\administrator\user-account\messages-en.i18n] with encoding 'utf-8' 
2022-04-23 16:17:15.102 DEBUG [acme.framework.configuration.ExtendedMessageSource@http-nio-8081-exec-7] Loading properties [C:\Users\MRF\Desktop\Workspace-22.0\Projects\Acme-Toolkits\target\classes\WEB-INF\views\anonymous\user-account\messages-en.i18n] with encoding 'utf-8' 
2022-04-23 16:17:15.103 DEBUG [acme.framework.configuration.ExtendedMessageSource@http-nio-8081-exec-7] Loading properties [C:\Users\MRF\Desktop\Workspace-22.0\Projects\Acme-Toolkits\target\classes\WEB-INF\views\any\chirp\messages-en.i18n] with encoding 'utf-8' 
2022-04-23 16:17:15.103 DEBUG [acme.framework.configuration.ExtendedMessageSource@http-nio-8081-exec-7] Loading properties [C:\Users\MRF\Desktop\Workspace-22.0\Projects\Acme-Toolkits\target\classes\WEB-INF\views\any\item\messages-en.i18n] with encoding 'utf-8' 
2022-04-23 16:17:15.104 DEBUG [acme.framework.configuration.ExtendedMessageSource@http-nio-8081-exec-7] Loading properties [C:\Users\MRF\Desktop\Workspace-22.0\Projects\Acme-Toolkits\target\classes\WEB-INF\views\any\quantity\messages-en.i18n] with encoding 'utf-8' 
2022-04-23 16:17:15.105 DEBUG [acme.framework.configuration.ExtendedMessageSource@http-nio-8081-exec-7] Loading properties [C:\Users\MRF\Desktop\Workspace-22.0\Projects\Acme-Toolkits\target\classes\WEB-INF\views\any\user-account\messages-en.i18n] with encoding 'utf-8' 
2022-04-23 16:17:15.106 DEBUG [acme.framework.configuration.ExtendedMessageSource@http-nio-8081-exec-7] Loading properties [C:\Users\MRF\Desktop\Workspace-22.0\Projects\Acme-Toolkits\target\classes\WEB-INF\views\authenticated\announcement\messages-en.i18n] with encoding 'utf-8' 
2022-04-23 16:17:15.108 DEBUG [acme.framework.configuration.ExtendedMessageSource@http-nio-8081-exec-7] Loading properties [C:\Users\MRF\Desktop\Workspace-22.0\Projects\Acme-Toolkits\target\classes\WEB-INF\views\authenticated\consumer\messsages-en.i18n] with encoding 'utf-8' 
2022-04-23 16:17:15.110 DEBUG [acme.framework.configuration.ExtendedMessageSource@http-nio-8081-exec-7] Loading properties [C:\Users\MRF\Desktop\Workspace-22.0\Projects\Acme-Toolkits\target\classes\WEB-INF\views\authenticated\provider\messsages-en.i18n] with encoding 'utf-8' 
2022-04-23 16:17:15.111 DEBUG [acme.framework.configuration.ExtendedMessageSource@http-nio-8081-exec-7] Loading properties [C:\Users\MRF\Desktop\Workspace-22.0\Projects\Acme-Toolkits\target\classes\WEB-INF\views\authenticated\system-configuration\messsages-en.i18n] with encoding 'utf-8' 
2022-04-23 16:17:15.115 DEBUG [acme.framework.configuration.ExtendedMessageSource@http-nio-8081-exec-7] Loading properties [C:\Users\MRF\Desktop\Workspace-22.0\Projects\Acme-Toolkits\target\classes\WEB-INF\views\authenticated\user-account\messages-en.i18n] with encoding 'utf-8' 
2022-04-23 16:17:15.116 DEBUG [acme.framework.configuration.ExtendedMessageSource@http-nio-8081-exec-7] Loading properties [C:\Users\MRF\Desktop\Workspace-22.0\Projects\Acme-Toolkits\target\classes\WEB-INF\views\fragments\banner-en.i18n] with encoding 'utf-8' 
2022-04-23 16:17:15.116 DEBUG [acme.framework.configuration.ExtendedMessageSource@http-nio-8081-exec-7] Loading properties [C:\Users\MRF\Desktop\Workspace-22.0\Projects\Acme-Toolkits\target\classes\WEB-INF\views\fragments\company-en.i18n] with encoding 'utf-8' 
2022-04-23 16:17:15.117 DEBUG [acme.framework.configuration.ExtendedMessageSource@http-nio-8081-exec-7] Loading properties [C:\Users\MRF\Desktop\Workspace-22.0\Projects\Acme-Toolkits\target\classes\WEB-INF\views\fragments\footer-en.i18n] with encoding 'utf-8' 
2022-04-23 16:17:15.118 DEBUG [acme.framework.configuration.ExtendedMessageSource@http-nio-8081-exec-7] Loading properties [C:\Users\MRF\Desktop\Workspace-22.0\Projects\Acme-Toolkits\target\classes\WEB-INF\views\fragments\license-en.i18n] with encoding 'utf-8' 
2022-04-23 16:17:15.119 DEBUG [acme.framework.configuration.ExtendedMessageSource@http-nio-8081-exec-7] Loading properties [C:\Users\MRF\Desktop\Workspace-22.0\Projects\Acme-Toolkits\target\classes\WEB-INF\views\fragments\menu-en.i18n] with encoding 'utf-8' 
2022-04-23 16:17:15.120 DEBUG [acme.framework.configuration.ExtendedMessageSource@http-nio-8081-exec-7] Loading properties [C:\Users\MRF\Desktop\Workspace-22.0\Projects\Acme-Toolkits\target\classes\WEB-INF\views\fragments\messsages-en.i18n] with encoding 'utf-8' 
2022-04-23 16:17:15.121 DEBUG [acme.framework.configuration.ExtendedMessageSource@http-nio-8081-exec-7] Loading properties [C:\Users\MRF\Desktop\Workspace-22.0\Projects\Acme-Toolkits\target\classes\WEB-INF\views\fragments\title-en.i18n] with encoding 'utf-8' 
2022-04-23 16:17:15.121 DEBUG [acme.framework.configuration.ExtendedMessageSource@http-nio-8081-exec-7] Loading properties [C:\Users\MRF\Desktop\Workspace-22.0\Projects\Acme-Toolkits\target\classes\WEB-INF\views\fragments\welcome-en.i18n] with encoding 'utf-8' 
2022-04-23 16:17:15.122 DEBUG [acme.framework.configuration.ExtendedMessageSource@http-nio-8081-exec-7] Loading properties [C:\Users\MRF\Desktop\Workspace-22.0\Projects\Acme-Toolkits\target\classes\WEB-INF\views\inventor\item\messages-en.i18n] with encoding 'utf-8' 
2022-04-23 16:17:15.123 DEBUG [acme.framework.configuration.ExtendedMessageSource@http-nio-8081-exec-7] Loading properties [C:\Users\MRF\Desktop\Workspace-22.0\Projects\Acme-Toolkits\target\classes\WEB-INF\views\inventor\patronage\messages-en.i18n] with encoding 'utf-8' 
2022-04-23 16:17:15.124 DEBUG [acme.framework.configuration.ExtendedMessageSource@http-nio-8081-exec-7] Loading properties [C:\Users\MRF\Desktop\Workspace-22.0\Projects\Acme-Toolkits\target\classes\WEB-INF\views\inventor\patronage-report\messages-en.i18n] with encoding 'utf-8' 
2022-04-23 16:17:15.125 DEBUG [acme.framework.configuration.ExtendedMessageSource@http-nio-8081-exec-7] Loading properties [C:\Users\MRF\Desktop\Workspace-22.0\Projects\Acme-Toolkits\target\classes\WEB-INF\views\inventor\toolkit\messages-en.i18n] with encoding 'utf-8' 
2022-04-23 16:17:15.126 DEBUG [acme.framework.configuration.ExtendedMessageSource@http-nio-8081-exec-7] Loading properties [C:\Users\MRF\Desktop\Workspace-22.0\Projects\Acme-Toolkits\target\classes\WEB-INF\views\master\defaults-en.i18n] with encoding 'utf-8' 
2022-04-23 16:17:15.126 DEBUG [acme.framework.configuration.ExtendedMessageSource@http-nio-8081-exec-7] Loading properties [C:\Users\MRF\Desktop\Workspace-22.0\Projects\Acme-Toolkits\target\classes\WEB-INF\views\master\master-en.i18n] with encoding 'utf-8' 
2022-04-23 16:17:15.128 DEBUG [acme.framework.configuration.ExtendedMessageSource@http-nio-8081-exec-7] Loading properties [C:\Users\MRF\Desktop\Workspace-22.0\Projects\Acme-Toolkits\target\classes\WEB-INF\views\master\throwables-en.i18n] with encoding 'utf-8' 
2022-04-23 16:17:15.130 DEBUG [acme.framework.configuration.ExtendedMessageSource@http-nio-8081-exec-7] Loading properties [C:\Users\MRF\Desktop\Workspace-22.0\Projects\Acme-Toolkits\target\classes\WEB-INF\views\master\validation-en.i18n] with encoding 'utf-8' 
2022-04-23 16:17:15.131 DEBUG [acme.framework.configuration.ExtendedMessageSource@http-nio-8081-exec-7] Loading properties [C:\Users\MRF\Desktop\Workspace-22.0\Projects\Acme-Toolkits\target\classes\WEB-INF\views\patron\patronage\messages-en.i18n] with encoding 'utf-8' 
2022-04-23 16:17:15.131 DEBUG [acme.framework.configuration.ExtendedMessageSource@http-nio-8081-exec-7] Loading properties [C:\Users\MRF\Desktop\Workspace-22.0\Projects\Acme-Toolkits\target\classes\WEB-INF\views\patron\patronage-report\messages-en.i18n] with encoding 'utf-8' 
2022-04-23 16:17:15.152 DEBUG [acme.framework.configuration.ExtendedMessageSource@http-nio-8081-exec-4] Loading properties [C:\Users\MRF\Desktop\Workspace-22.0\Projects\Acme-Toolkits\target\classes\WEB-INF\views\administrator\system-configuration\messsages-en.i18n] with encoding 'utf-8' 
2022-04-23 16:17:15.153 DEBUG [acme.framework.configuration.ExtendedMessageSource@http-nio-8081-exec-4] Loading properties [C:\Users\MRF\Desktop\Workspace-22.0\Projects\Acme-Toolkits\target\classes\WEB-INF\views\administrator\user-account\messages-en.i18n] with encoding 'utf-8' 
2022-04-23 16:17:15.154 DEBUG [acme.framework.configuration.ExtendedMessageSource@http-nio-8081-exec-4] Loading properties [C:\Users\MRF\Desktop\Workspace-22.0\Projects\Acme-Toolkits\target\classes\WEB-INF\views\anonymous\user-account\messages-en.i18n] with encoding 'utf-8' 
2022-04-23 16:17:15.155 DEBUG [acme.framework.configuration.ExtendedMessageSource@http-nio-8081-exec-4] Loading properties [C:\Users\MRF\Desktop\Workspace-22.0\Projects\Acme-Toolkits\target\classes\WEB-INF\views\any\chirp\messages-en.i18n] with encoding 'utf-8' 
2022-04-23 16:17:15.156 DEBUG [acme.framework.configuration.ExtendedMessageSource@http-nio-8081-exec-4] Loading properties [C:\Users\MRF\Desktop\Workspace-22.0\Projects\Acme-Toolkits\target\classes\WEB-INF\views\any\item\messages-en.i18n] with encoding 'utf-8' 
2022-04-23 16:17:15.156 DEBUG [acme.framework.configuration.ExtendedMessageSource@http-nio-8081-exec-4] Loading properties [C:\Users\MRF\Desktop\Workspace-22.0\Projects\Acme-Toolkits\target\classes\WEB-INF\views\any\quantity\messages-en.i18n] with encoding 'utf-8' 
2022-04-23 16:17:15.157 DEBUG [acme.framework.configuration.ExtendedMessageSource@http-nio-8081-exec-4] Loading properties [C:\Users\MRF\Desktop\Workspace-22.0\Projects\Acme-Toolkits\target\classes\WEB-INF\views\any\user-account\messages-en.i18n] with encoding 'utf-8' 
2022-04-23 16:17:15.158 DEBUG [acme.framework.configuration.ExtendedMessageSource@http-nio-8081-exec-4] Loading properties [C:\Users\MRF\Desktop\Workspace-22.0\Projects\Acme-Toolkits\target\classes\WEB-INF\views\authenticated\announcement\messages-en.i18n] with encoding 'utf-8' 
2022-04-23 16:17:15.159 DEBUG [acme.framework.configuration.ExtendedMessageSource@http-nio-8081-exec-4] Loading properties [C:\Users\MRF\Desktop\Workspace-22.0\Projects\Acme-Toolkits\target\classes\WEB-INF\views\authenticated\consumer\messsages-en.i18n] with encoding 'utf-8' 
2022-04-23 16:17:15.161 DEBUG [acme.framework.configuration.ExtendedMessageSource@http-nio-8081-exec-4] Loading properties [C:\Users\MRF\Desktop\Workspace-22.0\Projects\Acme-Toolkits\target\classes\WEB-INF\views\authenticated\provider\messsages-en.i18n] with encoding 'utf-8' 
2022-04-23 16:17:15.161 DEBUG [acme.framework.configuration.ExtendedMessageSource@http-nio-8081-exec-4] Loading properties [C:\Users\MRF\Desktop\Workspace-22.0\Projects\Acme-Toolkits\target\classes\WEB-INF\views\authenticated\system-configuration\messsages-en.i18n] with encoding 'utf-8' 
2022-04-23 16:17:15.162 DEBUG [acme.framework.configuration.ExtendedMessageSource@http-nio-8081-exec-4] Loading properties [C:\Users\MRF\Desktop\Workspace-22.0\Projects\Acme-Toolkits\target\classes\WEB-INF\views\authenticated\user-account\messages-en.i18n] with encoding 'utf-8' 
2022-04-23 16:17:15.163 DEBUG [acme.framework.configuration.ExtendedMessageSource@http-nio-8081-exec-4] Loading properties [C:\Users\MRF\Desktop\Workspace-22.0\Projects\Acme-Toolkits\target\classes\WEB-INF\views\fragments\banner-en.i18n] with encoding 'utf-8' 
2022-04-23 16:17:15.163 DEBUG [acme.framework.configuration.ExtendedMessageSource@http-nio-8081-exec-4] Loading properties [C:\Users\MRF\Desktop\Workspace-22.0\Projects\Acme-Toolkits\target\classes\WEB-INF\views\fragments\company-en.i18n] with encoding 'utf-8' 
2022-04-23 16:17:15.164 DEBUG [acme.framework.configuration.ExtendedMessageSource@http-nio-8081-exec-4] Loading properties [C:\Users\MRF\Desktop\Workspace-22.0\Projects\Acme-Toolkits\target\classes\WEB-INF\views\fragments\footer-en.i18n] with encoding 'utf-8' 
2022-04-23 16:17:15.165 DEBUG [acme.framework.configuration.ExtendedMessageSource@http-nio-8081-exec-4] Loading properties [C:\Users\MRF\Desktop\Workspace-22.0\Projects\Acme-Toolkits\target\classes\WEB-INF\views\fragments\license-en.i18n] with encoding 'utf-8' 
2022-04-23 16:17:15.166 DEBUG [acme.framework.configuration.ExtendedMessageSource@http-nio-8081-exec-4] Loading properties [C:\Users\MRF\Desktop\Workspace-22.0\Projects\Acme-Toolkits\target\classes\WEB-INF\views\fragments\menu-en.i18n] with encoding 'utf-8' 
2022-04-23 16:17:15.167 DEBUG [acme.framework.configuration.ExtendedMessageSource@http-nio-8081-exec-4] Loading properties [C:\Users\MRF\Desktop\Workspace-22.0\Projects\Acme-Toolkits\target\classes\WEB-INF\views\fragments\messsages-en.i18n] with encoding 'utf-8' 
2022-04-23 16:17:15.168 DEBUG [acme.framework.configuration.ExtendedMessageSource@http-nio-8081-exec-4] Loading properties [C:\Users\MRF\Desktop\Workspace-22.0\Projects\Acme-Toolkits\target\classes\WEB-INF\views\fragments\title-en.i18n] with encoding 'utf-8' 
2022-04-23 16:17:15.168 DEBUG [acme.framework.configuration.ExtendedMessageSource@http-nio-8081-exec-4] Loading properties [C:\Users\MRF\Desktop\Workspace-22.0\Projects\Acme-Toolkits\target\classes\WEB-INF\views\fragments\welcome-en.i18n] with encoding 'utf-8' 
2022-04-23 16:17:15.169 DEBUG [acme.framework.configuration.ExtendedMessageSource@http-nio-8081-exec-4] Loading properties [C:\Users\MRF\Desktop\Workspace-22.0\Projects\Acme-Toolkits\target\classes\WEB-INF\views\inventor\item\messages-en.i18n] with encoding 'utf-8' 
2022-04-23 16:17:15.171 DEBUG [acme.framework.configuration.ExtendedMessageSource@http-nio-8081-exec-4] Loading properties [C:\Users\MRF\Desktop\Workspace-22.0\Projects\Acme-Toolkits\target\classes\WEB-INF\views\inventor\patronage\messages-en.i18n] with encoding 'utf-8' 
2022-04-23 16:17:15.171 DEBUG [acme.framework.configuration.ExtendedMessageSource@http-nio-8081-exec-4] Loading properties [C:\Users\MRF\Desktop\Workspace-22.0\Projects\Acme-Toolkits\target\classes\WEB-INF\views\inventor\patronage-report\messages-en.i18n] with encoding 'utf-8' 
2022-04-23 16:17:15.172 DEBUG [acme.framework.configuration.ExtendedMessageSource@http-nio-8081-exec-4] Loading properties [C:\Users\MRF\Desktop\Workspace-22.0\Projects\Acme-Toolkits\target\classes\WEB-INF\views\inventor\toolkit\messages-en.i18n] with encoding 'utf-8' 
2022-04-23 16:17:15.173 DEBUG [acme.framework.configuration.ExtendedMessageSource@http-nio-8081-exec-4] Loading properties [C:\Users\MRF\Desktop\Workspace-22.0\Projects\Acme-Toolkits\target\classes\WEB-INF\views\master\defaults-en.i18n] with encoding 'utf-8' 
2022-04-23 16:17:15.174 DEBUG [acme.framework.configuration.ExtendedMessageSource@http-nio-8081-exec-4] Loading properties [C:\Users\MRF\Desktop\Workspace-22.0\Projects\Acme-Toolkits\target\classes\WEB-INF\views\master\master-en.i18n] with encoding 'utf-8' 
2022-04-23 16:17:15.175 DEBUG [acme.framework.configuration.ExtendedMessageSource@http-nio-8081-exec-4] Loading properties [C:\Users\MRF\Desktop\Workspace-22.0\Projects\Acme-Toolkits\target\classes\WEB-INF\views\master\throwables-en.i18n] with encoding 'utf-8' 
2022-04-23 16:17:15.175 DEBUG [acme.framework.configuration.ExtendedMessageSource@http-nio-8081-exec-4] Loading properties [C:\Users\MRF\Desktop\Workspace-22.0\Projects\Acme-Toolkits\target\classes\WEB-INF\views\master\validation-en.i18n] with encoding 'utf-8' 
2022-04-23 16:17:15.178 DEBUG [acme.framework.configuration.ExtendedMessageSource@http-nio-8081-exec-4] Loading properties [C:\Users\MRF\Desktop\Workspace-22.0\Projects\Acme-Toolkits\target\classes\WEB-INF\views\patron\patronage\messages-en.i18n] with encoding 'utf-8' 
2022-04-23 16:17:15.181 DEBUG [acme.framework.configuration.ExtendedMessageSource@http-nio-8081-exec-4] Loading properties [C:\Users\MRF\Desktop\Workspace-22.0\Projects\Acme-Toolkits\target\classes\WEB-INF\views\patron\patronage-report\messages-en.i18n] with encoding 'utf-8' 
2022-04-23 16:17:15.499 DEBUG [org.apache.jasper.servlet.JspServlet@http-nio-8081-exec-7] JspEngine --> /WEB-INF/views/fragments/welcome.jsp 
2022-04-23 16:17:15.499 DEBUG [org.apache.jasper.servlet.JspServlet@http-nio-8081-exec-4] JspEngine --> /WEB-INF/views/fragments/welcome.jsp 
2022-04-23 16:17:15.500 DEBUG [org.apache.jasper.servlet.JspServlet@http-nio-8081-exec-7] ServletPath: /WEB-INF/views/master/page.jsp 
2022-04-23 16:17:15.500 DEBUG [org.apache.jasper.servlet.JspServlet@http-nio-8081-exec-4] ServletPath: /WEB-INF/views/master/page.jsp 
2022-04-23 16:17:15.501 DEBUG [org.apache.jasper.servlet.JspServlet@http-nio-8081-exec-4] PathInfo: null 
2022-04-23 16:17:15.501 DEBUG [org.apache.jasper.servlet.JspServlet@http-nio-8081-exec-7] PathInfo: null 
2022-04-23 16:17:15.502 DEBUG [org.apache.jasper.servlet.JspServlet@http-nio-8081-exec-4] RealPath: C:\Users\MRF\Desktop\Workspace-22.0\Projects\Acme-Toolkits\target\classes\WEB-INF\views\fragments\welcome.jsp 
2022-04-23 16:17:15.503 DEBUG [org.apache.jasper.servlet.JspServlet@http-nio-8081-exec-7] RealPath: C:\Users\MRF\Desktop\Workspace-22.0\Projects\Acme-Toolkits\target\classes\WEB-INF\views\fragments\welcome.jsp 
2022-04-23 16:17:15.503 DEBUG [org.apache.jasper.servlet.JspServlet@http-nio-8081-exec-4] RequestURI: /acme-toolkits-22.1/WEB-INF/views/master/page.jsp 
2022-04-23 16:17:15.503 DEBUG [org.apache.jasper.servlet.JspServlet@http-nio-8081-exec-7] RequestURI: /acme-toolkits-22.1/WEB-INF/views/master/page.jsp 
2022-04-23 16:17:15.504 DEBUG [org.apache.jasper.servlet.JspServlet@http-nio-8081-exec-4] QueryString: null 
2022-04-23 16:17:15.504 DEBUG [org.apache.jasper.servlet.JspServlet@http-nio-8081-exec-7] QueryString: null 
2022-04-23 16:17:16.053 DEBUG [org.hibernate.SQL@http-nio-8081-exec-7] select useraccoun0_.id as id1_0_, useraccoun0_.version as version2_0_, useraccoun0_.enabled as enabled1_17_, useraccoun0_.identity as identity2_17_, useraccoun0_.password as password3_17_, useraccoun0_.username as username4_17_ from user_account useraccoun0_ where useraccoun0_.username=? 
2022-04-23 16:17:16.053 DEBUG [org.hibernate.SQL@http-nio-8081-exec-4] select useraccoun0_.id as id1_0_, useraccoun0_.version as version2_0_, useraccoun0_.enabled as enabled1_17_, useraccoun0_.identity as identity2_17_, useraccoun0_.password as password3_17_, useraccoun0_.username as username4_17_ from user_account useraccoun0_ where useraccoun0_.username=? 
2022-04-23 16:17:16.092 TRACE [org.hibernate.type.descriptor.sql.BasicBinder@http-nio-8081-exec-7] binding parameter [1] as [VARCHAR] - [anonymous] 
2022-04-23 16:17:16.092 TRACE [org.hibernate.type.descriptor.sql.BasicBinder@http-nio-8081-exec-4] binding parameter [1] as [VARCHAR] - [anonymous] 
2022-04-23 16:17:16.175 DEBUG [org.hibernate.SQL@http-nio-8081-exec-7] select roles0_.user_account_id as user_acc1_18_0_, roles0_.id as id1_18_0_, roles0_.id as id1_0_1_, roles0_.version as version2_0_1_, roles0_.user_account_id as user_acc1_18_1_, roles0_.company as company1_7_1_, roles0_.sector as sector2_7_1_, roles0_.company as company1_8_1_, roles0_.info as info2_8_1_, roles0_.statement as statemen3_8_1_, roles0_.company as company1_10_1_, roles0_.info as info2_10_1_, roles0_.statement as statemen3_10_1_, roles0_.company as company1_13_1_, roles0_.sector as sector2_13_1_, roles0_.clazz_ as clazz_1_ from ( select id, version, user_account_id, company, sector, null as info, null as statement, 10 as clazz_ from consumer union all select id, version, user_account_id, company, null as sector, info, statement, 11 as clazz_ from inventor union all select id, version, user_account_id, company, null as sector, info, statement, 12 as clazz_ from patron union all select id, version, user_account_id, company, sector, null as info, null as statement, 13 as clazz_ from provider union all select id, version, user_account_id, null as company, null as sector, null as info, null as statement, 15 as clazz_ from administrator union all select id, version, user_account_id, null as company, null as sector, null as info, null as statement, 16 as clazz_ from anonymous union all select id, version, user_account_id, null as company, null as sector, null as info, null as statement, 17 as clazz_ from any union all select id, version, user_account_id, null as company, null as sector, null as info, null as statement, 18 as clazz_ from authenticated ) roles0_ where roles0_.user_account_id=? 
2022-04-23 16:17:16.175 DEBUG [org.hibernate.SQL@http-nio-8081-exec-4] select roles0_.user_account_id as user_acc1_18_0_, roles0_.id as id1_18_0_, roles0_.id as id1_0_1_, roles0_.version as version2_0_1_, roles0_.user_account_id as user_acc1_18_1_, roles0_.company as company1_7_1_, roles0_.sector as sector2_7_1_, roles0_.company as company1_8_1_, roles0_.info as info2_8_1_, roles0_.statement as statemen3_8_1_, roles0_.company as company1_10_1_, roles0_.info as info2_10_1_, roles0_.statement as statemen3_10_1_, roles0_.company as company1_13_1_, roles0_.sector as sector2_13_1_, roles0_.clazz_ as clazz_1_ from ( select id, version, user_account_id, company, sector, null as info, null as statement, 10 as clazz_ from consumer union all select id, version, user_account_id, company, null as sector, info, statement, 11 as clazz_ from inventor union all select id, version, user_account_id, company, null as sector, info, statement, 12 as clazz_ from patron union all select id, version, user_account_id, company, sector, null as info, null as statement, 13 as clazz_ from provider union all select id, version, user_account_id, null as company, null as sector, null as info, null as statement, 15 as clazz_ from administrator union all select id, version, user_account_id, null as company, null as sector, null as info, null as statement, 16 as clazz_ from anonymous union all select id, version, user_account_id, null as company, null as sector, null as info, null as statement, 17 as clazz_ from any union all select id, version, user_account_id, null as company, null as sector, null as info, null as statement, 18 as clazz_ from authenticated ) roles0_ where roles0_.user_account_id=? 
2022-04-23 16:17:16.176 TRACE [org.hibernate.type.descriptor.sql.BasicBinder@http-nio-8081-exec-7] binding parameter [1] as [INTEGER] - [1] 
2022-04-23 16:17:16.176 TRACE [org.hibernate.type.descriptor.sql.BasicBinder@http-nio-8081-exec-4] binding parameter [1] as [INTEGER] - [1] 
2022-04-23 16:17:18.828 DEBUG [acme.framework.components.tiles.DynamicTilesView@http-nio-8081-exec-1] View name 'master/sign-in', model {username=, password=, remember=false} 
2022-04-23 16:17:18.830 DEBUG [org.apache.jasper.servlet.JspServlet@http-nio-8081-exec-1] JspEngine --> /WEB-INF/views/master/page.jsp 
2022-04-23 16:17:18.832 DEBUG [org.apache.jasper.servlet.JspServlet@http-nio-8081-exec-1] ServletPath: /WEB-INF/views/master/page.jsp 
2022-04-23 16:17:18.833 DEBUG [org.apache.jasper.servlet.JspServlet@http-nio-8081-exec-1] PathInfo: null 
2022-04-23 16:17:18.835 DEBUG [org.apache.jasper.servlet.JspServlet@http-nio-8081-exec-1] RealPath: C:\Users\MRF\Desktop\Workspace-22.0\Projects\Acme-Toolkits\target\classes\WEB-INF\views\master\page.jsp 
2022-04-23 16:17:18.836 DEBUG [org.apache.jasper.servlet.JspServlet@http-nio-8081-exec-1] RequestURI: /acme-toolkits-22.1/WEB-INF/views/master/page.jsp 
2022-04-23 16:17:18.836 DEBUG [org.apache.jasper.servlet.JspServlet@http-nio-8081-exec-1] QueryString: null 
2022-04-23 16:17:19.056 DEBUG [org.apache.jasper.servlet.JspServlet@http-nio-8081-exec-1] JspEngine --> /WEB-INF/views/master/sign-in.jsp 
2022-04-23 16:17:19.056 DEBUG [org.apache.jasper.servlet.JspServlet@http-nio-8081-exec-1] ServletPath: /WEB-INF/views/master/page.jsp 
2022-04-23 16:17:19.057 DEBUG [org.apache.jasper.servlet.JspServlet@http-nio-8081-exec-1] PathInfo: null 
2022-04-23 16:17:19.057 DEBUG [org.apache.jasper.servlet.JspServlet@http-nio-8081-exec-1] RealPath: C:\Users\MRF\Desktop\Workspace-22.0\Projects\Acme-Toolkits\target\classes\WEB-INF\views\master\sign-in.jsp 
2022-04-23 16:17:19.058 DEBUG [org.apache.jasper.servlet.JspServlet@http-nio-8081-exec-1] RequestURI: /acme-toolkits-22.1/WEB-INF/views/master/page.jsp 
2022-04-23 16:17:19.058 DEBUG [org.apache.jasper.servlet.JspServlet@http-nio-8081-exec-1] QueryString: null 
2022-04-23 16:17:21.612 DEBUG [org.hibernate.SQL@http-nio-8081-exec-1] select useraccoun0_.id as id1_0_, useraccoun0_.version as version2_0_, useraccoun0_.enabled as enabled1_17_, useraccoun0_.identity as identity2_17_, useraccoun0_.password as password3_17_, useraccoun0_.username as username4_17_ from user_account useraccoun0_ where useraccoun0_.username=? 
2022-04-23 16:17:21.614 TRACE [org.hibernate.type.descriptor.sql.BasicBinder@http-nio-8081-exec-1] binding parameter [1] as [VARCHAR] - [anonymous] 
2022-04-23 16:17:21.616 DEBUG [org.hibernate.SQL@http-nio-8081-exec-1] select roles0_.user_account_id as user_acc1_18_0_, roles0_.id as id1_18_0_, roles0_.id as id1_0_1_, roles0_.version as version2_0_1_, roles0_.user_account_id as user_acc1_18_1_, roles0_.company as company1_7_1_, roles0_.sector as sector2_7_1_, roles0_.company as company1_8_1_, roles0_.info as info2_8_1_, roles0_.statement as statemen3_8_1_, roles0_.company as company1_10_1_, roles0_.info as info2_10_1_, roles0_.statement as statemen3_10_1_, roles0_.company as company1_13_1_, roles0_.sector as sector2_13_1_, roles0_.clazz_ as clazz_1_ from ( select id, version, user_account_id, company, sector, null as info, null as statement, 10 as clazz_ from consumer union all select id, version, user_account_id, company, null as sector, info, statement, 11 as clazz_ from inventor union all select id, version, user_account_id, company, null as sector, info, statement, 12 as clazz_ from patron union all select id, version, user_account_id, company, sector, null as info, null as statement, 13 as clazz_ from provider union all select id, version, user_account_id, null as company, null as sector, null as info, null as statement, 15 as clazz_ from administrator union all select id, version, user_account_id, null as company, null as sector, null as info, null as statement, 16 as clazz_ from anonymous union all select id, version, user_account_id, null as company, null as sector, null as info, null as statement, 17 as clazz_ from any union all select id, version, user_account_id, null as company, null as sector, null as info, null as statement, 18 as clazz_ from authenticated ) roles0_ where roles0_.user_account_id=? 
2022-04-23 16:17:21.617 TRACE [org.hibernate.type.descriptor.sql.BasicBinder@http-nio-8081-exec-1] binding parameter [1] as [INTEGER] - [1] 
2022-04-23 16:17:23.178 DEBUG [org.hibernate.SQL@http-nio-8081-exec-2] select useraccoun0_.id as id1_0_, useraccoun0_.version as version2_0_, useraccoun0_.enabled as enabled1_17_, useraccoun0_.identity as identity2_17_, useraccoun0_.password as password3_17_, useraccoun0_.username as username4_17_ from user_account useraccoun0_ where useraccoun0_.username=? 
2022-04-23 16:17:23.181 TRACE [org.hibernate.type.descriptor.sql.BasicBinder@http-nio-8081-exec-2] binding parameter [1] as [VARCHAR] - [inventor1] 
2022-04-23 16:17:23.186 DEBUG [org.hibernate.SQL@http-nio-8081-exec-2] select roles0_.user_account_id as user_acc1_18_0_, roles0_.id as id1_18_0_, roles0_.id as id1_0_1_, roles0_.version as version2_0_1_, roles0_.user_account_id as user_acc1_18_1_, roles0_.company as company1_7_1_, roles0_.sector as sector2_7_1_, roles0_.company as company1_8_1_, roles0_.info as info2_8_1_, roles0_.statement as statemen3_8_1_, roles0_.company as company1_10_1_, roles0_.info as info2_10_1_, roles0_.statement as statemen3_10_1_, roles0_.company as company1_13_1_, roles0_.sector as sector2_13_1_, roles0_.clazz_ as clazz_1_ from ( select id, version, user_account_id, company, sector, null as info, null as statement, 10 as clazz_ from consumer union all select id, version, user_account_id, company, null as sector, info, statement, 11 as clazz_ from inventor union all select id, version, user_account_id, company, null as sector, info, statement, 12 as clazz_ from patron union all select id, version, user_account_id, company, sector, null as info, null as statement, 13 as clazz_ from provider union all select id, version, user_account_id, null as company, null as sector, null as info, null as statement, 15 as clazz_ from administrator union all select id, version, user_account_id, null as company, null as sector, null as info, null as statement, 16 as clazz_ from anonymous union all select id, version, user_account_id, null as company, null as sector, null as info, null as statement, 17 as clazz_ from any union all select id, version, user_account_id, null as company, null as sector, null as info, null as statement, 18 as clazz_ from authenticated ) roles0_ where roles0_.user_account_id=? 
2022-04-23 16:17:23.187 TRACE [org.hibernate.type.descriptor.sql.BasicBinder@http-nio-8081-exec-2] binding parameter [1] as [INTEGER] - [6] 
2022-04-23 16:17:23.216 DEBUG [acme.framework.components.tiles.DynamicTilesView@http-nio-8081-exec-3] View name 'fragments/welcome', model {} 
2022-04-23 16:17:23.218 DEBUG [org.apache.jasper.servlet.JspServlet@http-nio-8081-exec-3] JspEngine --> /WEB-INF/views/master/page.jsp 
2022-04-23 16:17:23.219 DEBUG [org.apache.jasper.servlet.JspServlet@http-nio-8081-exec-3] ServletPath: /WEB-INF/views/master/page.jsp 
2022-04-23 16:17:23.219 DEBUG [org.apache.jasper.servlet.JspServlet@http-nio-8081-exec-3] PathInfo: null 
2022-04-23 16:17:23.221 DEBUG [org.apache.jasper.servlet.JspServlet@http-nio-8081-exec-3] RealPath: C:\Users\MRF\Desktop\Workspace-22.0\Projects\Acme-Toolkits\target\classes\WEB-INF\views\master\page.jsp 
2022-04-23 16:17:23.221 DEBUG [org.apache.jasper.servlet.JspServlet@http-nio-8081-exec-3] RequestURI: /acme-toolkits-22.1/WEB-INF/views/master/page.jsp 
2022-04-23 16:17:23.222 DEBUG [org.apache.jasper.servlet.JspServlet@http-nio-8081-exec-3] QueryString: null 
2022-04-23 16:17:23.638 DEBUG [org.apache.jasper.servlet.JspServlet@http-nio-8081-exec-3] JspEngine --> /WEB-INF/views/fragments/welcome.jsp 
2022-04-23 16:17:23.639 DEBUG [org.apache.jasper.servlet.JspServlet@http-nio-8081-exec-3] ServletPath: /WEB-INF/views/master/page.jsp 
2022-04-23 16:17:23.640 DEBUG [org.apache.jasper.servlet.JspServlet@http-nio-8081-exec-3] PathInfo: null 
2022-04-23 16:17:23.641 DEBUG [org.apache.jasper.servlet.JspServlet@http-nio-8081-exec-3] RealPath: C:\Users\MRF\Desktop\Workspace-22.0\Projects\Acme-Toolkits\target\classes\WEB-INF\views\fragments\welcome.jsp 
2022-04-23 16:17:23.642 DEBUG [org.apache.jasper.servlet.JspServlet@http-nio-8081-exec-3] RequestURI: /acme-toolkits-22.1/WEB-INF/views/master/page.jsp 
2022-04-23 16:17:23.642 DEBUG [org.apache.jasper.servlet.JspServlet@http-nio-8081-exec-3] QueryString: null 
2022-04-23 16:17:29.763 DEBUG [acme.framework.controllers.AbstractController@http-nio-8081-exec-6] DISPATCHING GET /acme-toolkits-22.1/inventor/toolkit/list 
2022-04-23 16:17:29.764 DEBUG [acme.framework.controllers.AbstractController@http-nio-8081-exec-6] Command: list 
2022-04-23 16:17:29.764 DEBUG [acme.framework.controllers.AbstractController@http-nio-8081-exec-6] Model:   {} 
2022-04-23 16:17:29.764 DEBUG [acme.framework.controllers.AbstractController@http-nio-8081-exec-6] Locale:  en 
2022-04-23 16:17:29.793 DEBUG [org.hibernate.SQL@http-nio-8081-exec-6] select toolkit0_.id as id1_0_, toolkit0_.version as version2_0_, toolkit0_.assembly_notes as assembly1_16_, toolkit0_.code as code2_16_, toolkit0_.description as descript3_16_, toolkit0_.inventor_id as inventor7_16_, toolkit0_.link as link4_16_, toolkit0_.published as publishe5_16_, toolkit0_.title as title6_16_ from toolkit toolkit0_ where toolkit0_.inventor_id=? 
2022-04-23 16:17:29.794 TRACE [org.hibernate.type.descriptor.sql.BasicBinder@http-nio-8081-exec-6] binding parameter [1] as [INTEGER] - [8] 
2022-04-23 16:17:29.795 DEBUG [org.hibernate.SQL@http-nio-8081-exec-6] select inventor0_.id as id1_0_0_, inventor0_.version as version2_0_0_, inventor0_.user_account_id as user_acc1_18_0_, inventor0_.company as company1_8_0_, inventor0_.info as info2_8_0_, inventor0_.statement as statemen3_8_0_, useraccoun1_.id as id1_0_1_, useraccoun1_.version as version2_0_1_, useraccoun1_.enabled as enabled1_17_1_, useraccoun1_.identity as identity2_17_1_, useraccoun1_.password as password3_17_1_, useraccoun1_.username as username4_17_1_ from inventor inventor0_ inner join user_account useraccoun1_ on inventor0_.user_account_id=useraccoun1_.id where inventor0_.id=? 
2022-04-23 16:17:29.795 TRACE [org.hibernate.type.descriptor.sql.BasicBinder@http-nio-8081-exec-6] binding parameter [1] as [INTEGER] - [8] 
2022-04-23 16:17:29.832 DEBUG [acme.framework.controllers.AbstractController@http-nio-8081-exec-6] SERVING GET /acme-toolkits-22.1/inventor/toolkit/list 
2022-04-23 16:17:29.833 DEBUG [acme.framework.controllers.AbstractController@http-nio-8081-exec-6] Result: ModelAndView [view="inventor/toolkit/list"; model={title[1]=Title 2, version[1]=0, code[0]=ABC-123, version[0]=0, title[0]=Title 1, code[1]=ABC-123-A, id[1]=24, id[0]=23, list$size=2, command=list, principal=acme.framework.entities.Principal@61db673e}] 
2022-04-23 16:17:29.837 DEBUG [acme.framework.components.tiles.DynamicTilesView@http-nio-8081-exec-6] View name 'inventor/toolkit/list', model {title[1]=Title 2, version[1]=0, code[0]=ABC-123, version[0]=0, title[0]=Title 1, code[1]=ABC-123-A, id[1]=24, id[0]=23, list$size=2, command=list, principal=acme.framework.entities.Principal@61db673e, org.springframework.validation.BindingResult.principal=org.springframework.validation.BeanPropertyBindingResult: 0 errors} 
2022-04-23 16:17:29.838 DEBUG [org.apache.jasper.servlet.JspServlet@http-nio-8081-exec-6] JspEngine --> /WEB-INF/views/master/page.jsp 
2022-04-23 16:17:29.838 DEBUG [org.apache.jasper.servlet.JspServlet@http-nio-8081-exec-6] ServletPath: /WEB-INF/views/master/page.jsp 
2022-04-23 16:17:29.838 DEBUG [org.apache.jasper.servlet.JspServlet@http-nio-8081-exec-6] PathInfo: null 
2022-04-23 16:17:29.839 DEBUG [org.apache.jasper.servlet.JspServlet@http-nio-8081-exec-6] RealPath: C:\Users\MRF\Desktop\Workspace-22.0\Projects\Acme-Toolkits\target\classes\WEB-INF\views\master\page.jsp 
2022-04-23 16:17:29.839 DEBUG [org.apache.jasper.servlet.JspServlet@http-nio-8081-exec-6] RequestURI: /acme-toolkits-22.1/WEB-INF/views/master/page.jsp 
2022-04-23 16:17:29.839 DEBUG [org.apache.jasper.servlet.JspServlet@http-nio-8081-exec-6] QueryString: null 
2022-04-23 16:17:30.158 DEBUG [org.apache.jasper.servlet.JspServlet@http-nio-8081-exec-6] JspEngine --> /WEB-INF/views/inventor/toolkit/list.jsp 
2022-04-23 16:17:30.158 DEBUG [org.apache.jasper.servlet.JspServlet@http-nio-8081-exec-6] ServletPath: /WEB-INF/views/master/page.jsp 
2022-04-23 16:17:30.158 DEBUG [org.apache.jasper.servlet.JspServlet@http-nio-8081-exec-6] PathInfo: null 
2022-04-23 16:17:30.161 DEBUG [org.apache.jasper.servlet.JspServlet@http-nio-8081-exec-6] RealPath: C:\Users\MRF\Desktop\Workspace-22.0\Projects\Acme-Toolkits\target\classes\WEB-INF\views\inventor\toolkit\list.jsp 
2022-04-23 16:17:30.161 DEBUG [org.apache.jasper.servlet.JspServlet@http-nio-8081-exec-6] RequestURI: /acme-toolkits-22.1/WEB-INF/views/master/page.jsp 
2022-04-23 16:17:30.162 DEBUG [org.apache.jasper.servlet.JspServlet@http-nio-8081-exec-6] QueryString: null 
2022-04-23 16:17:33.638 DEBUG [acme.framework.controllers.AbstractController@http-nio-8081-exec-1] DISPATCHING GET /acme-toolkits-22.1/inventor/toolkit/show 
2022-04-23 16:17:33.638 DEBUG [acme.framework.controllers.AbstractController@http-nio-8081-exec-1] Command: show 
2022-04-23 16:17:33.638 DEBUG [acme.framework.controllers.AbstractController@http-nio-8081-exec-1] Model:   {id=23} 
2022-04-23 16:17:33.638 DEBUG [acme.framework.controllers.AbstractController@http-nio-8081-exec-1] Locale:  en 
2022-04-23 16:17:33.672 DEBUG [org.hibernate.SQL@http-nio-8081-exec-1] select toolkit0_.id as id1_0_, toolkit0_.version as version2_0_, toolkit0_.assembly_notes as assembly1_16_, toolkit0_.code as code2_16_, toolkit0_.description as descript3_16_, toolkit0_.inventor_id as inventor7_16_, toolkit0_.link as link4_16_, toolkit0_.published as publishe5_16_, toolkit0_.title as title6_16_ from toolkit toolkit0_ where toolkit0_.id=? 
2022-04-23 16:17:33.672 TRACE [org.hibernate.type.descriptor.sql.BasicBinder@http-nio-8081-exec-1] binding parameter [1] as [INTEGER] - [23] 
2022-04-23 16:17:33.674 DEBUG [org.hibernate.SQL@http-nio-8081-exec-1] select inventor0_.id as id1_0_0_, inventor0_.version as version2_0_0_, inventor0_.user_account_id as user_acc1_18_0_, inventor0_.company as company1_8_0_, inventor0_.info as info2_8_0_, inventor0_.statement as statemen3_8_0_, useraccoun1_.id as id1_0_1_, useraccoun1_.version as version2_0_1_, useraccoun1_.enabled as enabled1_17_1_, useraccoun1_.identity as identity2_17_1_, useraccoun1_.password as password3_17_1_, useraccoun1_.username as username4_17_1_ from inventor inventor0_ inner join user_account useraccoun1_ on inventor0_.user_account_id=useraccoun1_.id where inventor0_.id=? 
2022-04-23 16:17:33.674 TRACE [org.hibernate.type.descriptor.sql.BasicBinder@http-nio-8081-exec-1] binding parameter [1] as [INTEGER] - [8] 
2022-04-23 16:17:33.697 DEBUG [org.hibernate.SQL@http-nio-8081-exec-1] select toolkit0_.id as id1_0_, toolkit0_.version as version2_0_, toolkit0_.assembly_notes as assembly1_16_, toolkit0_.code as code2_16_, toolkit0_.description as descript3_16_, toolkit0_.inventor_id as inventor7_16_, toolkit0_.link as link4_16_, toolkit0_.published as publishe5_16_, toolkit0_.title as title6_16_ from toolkit toolkit0_ where toolkit0_.id=? 
2022-04-23 16:17:33.697 TRACE [org.hibernate.type.descriptor.sql.BasicBinder@http-nio-8081-exec-1] binding parameter [1] as [INTEGER] - [23] 
2022-04-23 16:17:33.700 DEBUG [org.hibernate.SQL@http-nio-8081-exec-1] select sum(quantity0_.amount*item1_.retail_price_amount) as col_0_0_ from quantity quantity0_ cross join item item1_ where quantity0_.item_id=item1_.id and quantity0_.toolkit_id=? 
2022-04-23 16:17:33.700 TRACE [org.hibernate.type.descriptor.sql.BasicBinder@http-nio-8081-exec-1] binding parameter [1] as [INTEGER] - [23] 
2022-04-23 16:17:33.705 DEBUG [acme.framework.controllers.AbstractController@http-nio-8081-exec-1] SERVING GET /acme-toolkits-22.1/inventor/toolkit/show 
2022-04-23 16:17:33.705 DEBUG [acme.framework.controllers.AbstractController@http-nio-8081-exec-1] Result: ModelAndView [view="inventor/toolkit/form"; model={assemblyNotes=Assembly Notes 1, code=ABC-123, link=null, description=Description 1, id=23, title=Title 1, retailPrice=100.0, version=0, command=show, principal=acme.framework.entities.Principal@61db673e}] 
2022-04-23 16:17:33.707 DEBUG [acme.framework.components.tiles.DynamicTilesView@http-nio-8081-exec-1] View name 'inventor/toolkit/form', model {assemblyNotes=Assembly Notes 1, code=ABC-123, link=null, description=Description 1, id=23, title=Title 1, retailPrice=100.0, version=0, command=show, principal=acme.framework.entities.Principal@61db673e, org.springframework.validation.BindingResult.principal=org.springframework.validation.BeanPropertyBindingResult: 0 errors} 
2022-04-23 16:17:33.708 DEBUG [org.apache.jasper.servlet.JspServlet@http-nio-8081-exec-1] JspEngine --> /WEB-INF/views/master/page.jsp 
2022-04-23 16:17:33.709 DEBUG [org.apache.jasper.servlet.JspServlet@http-nio-8081-exec-1] ServletPath: /WEB-INF/views/master/page.jsp 
2022-04-23 16:17:33.710 DEBUG [org.apache.jasper.servlet.JspServlet@http-nio-8081-exec-1] PathInfo: null 
2022-04-23 16:17:33.713 DEBUG [org.apache.jasper.servlet.JspServlet@http-nio-8081-exec-1] RealPath: C:\Users\MRF\Desktop\Workspace-22.0\Projects\Acme-Toolkits\target\classes\WEB-INF\views\master\page.jsp 
2022-04-23 16:17:33.714 DEBUG [org.apache.jasper.servlet.JspServlet@http-nio-8081-exec-1] RequestURI: /acme-toolkits-22.1/WEB-INF/views/master/page.jsp 
2022-04-23 16:17:33.715 DEBUG [org.apache.jasper.servlet.JspServlet@http-nio-8081-exec-1] QueryString: id=23 
2022-04-23 16:17:34.038 DEBUG [org.apache.jasper.servlet.JspServlet@http-nio-8081-exec-1] JspEngine --> /WEB-INF/views/inventor/toolkit/form.jsp 
2022-04-23 16:17:34.039 DEBUG [org.apache.jasper.servlet.JspServlet@http-nio-8081-exec-1] ServletPath: /WEB-INF/views/master/page.jsp 
2022-04-23 16:17:34.039 DEBUG [org.apache.jasper.servlet.JspServlet@http-nio-8081-exec-1] PathInfo: null 
2022-04-23 16:17:34.042 DEBUG [org.apache.jasper.servlet.JspServlet@http-nio-8081-exec-1] RealPath: C:\Users\MRF\Desktop\Workspace-22.0\Projects\Acme-Toolkits\target\classes\WEB-INF\views\inventor\toolkit\form.jsp 
2022-04-23 16:17:34.042 DEBUG [org.apache.jasper.servlet.JspServlet@http-nio-8081-exec-1] RequestURI: /acme-toolkits-22.1/WEB-INF/views/master/page.jsp 
2022-04-23 16:17:34.043 DEBUG [org.apache.jasper.servlet.JspServlet@http-nio-8081-exec-1] QueryString: id=23 
