2022-04-26 17:09:48.387 INFO  [acme.Launcher@main] Starting Launcher using Java 1.8.0_281 on Portatil-MarinaRamiro with PID 5952 (C:\Users\MRF\Desktop\Workspace-22.0\Frameworks\Acme-Framework-22.3\target\classes started by MRF in C:\Users\MRF\Desktop\Workspace-22.0\Projects\Acme-Toolkits) 
2022-04-26 17:09:48.389 DEBUG [acme.Launcher@main] Running with Spring Boot v2.4.2, Spring v5.3.3 
2022-04-26 17:09:48.390 INFO  [acme.Launcher@main] The following profiles are active: development,default 
2022-04-26 17:09:52.576 DEBUG [org.apache.jasper.servlet.JasperInitializer@main] Initializing Jasper for context [application] 
2022-04-26 17:10:00.707 DEBUG [org.apache.jasper.servlet.JspServlet@main] Scratch dir for the JSP engine is: [C:\Users\MRF\AppData\Local\Temp\tomcat.8081.25837739521130961\work\Tomcat\localhost\acme-toolkits-22.1] 
2022-04-26 17:10:00.707 DEBUG [org.apache.jasper.servlet.JspServlet@main] IMPORTANT: Do not modify the generated servlets 
2022-04-26 17:10:00.720 INFO  [acme.Launcher@main] Started Launcher in 13.314 seconds (JVM running for 14.548) 
2022-04-26 17:10:00.725 DEBUG [acme.Launcher@main] Found classpath entry '/C:/Users/MRF/Desktop/Workspace-22.0/Projects/Acme-Toolkits/target/test-classes/' 
2022-04-26 17:10:00.726 DEBUG [acme.Launcher@main] Found classpath entry '/C:/Users/MRF/Desktop/Workspace-22.0/Projects/Acme-Toolkits/target/classes/' 
2022-04-26 17:10:00.726 DEBUG [acme.Launcher@main] Found classpath entry '/C:/Users/MRF/Desktop/Workspace-22.0/Frameworks/Acme-Framework-22.3/target/classes/' 
2022-04-26 17:10:00.726 DEBUG [acme.Launcher@main] Found classpath entry '/C:/Users/MRF/Desktop/Workspace-22.0/Frameworks/Acme-Framework-22.3/target/test-classes/' 
2022-04-26 17:10:00.726 DEBUG [acme.Launcher@main] Found classpath entry '/C:/Users/MRF/.m2/repository/org/springframework/boot/spring-boot-starter-tomcat/2.4.2/spring-boot-starter-tomcat-2.4.2.jar' 
2022-04-26 17:10:00.726 DEBUG [acme.Launcher@main] Found classpath entry '/C:/Users/MRF/.m2/repository/jakarta/annotation/jakarta.annotation-api/1.3.5/jakarta.annotation-api-1.3.5.jar' 
2022-04-26 17:10:00.727 DEBUG [acme.Launcher@main] Found classpath entry '/C:/Users/MRF/.m2/repository/org/apache/tomcat/embed/tomcat-embed-core/9.0.41/tomcat-embed-core-9.0.41.jar' 
2022-04-26 17:10:00.727 DEBUG [acme.Launcher@main] Found classpath entry '/C:/Users/MRF/.m2/repository/org/glassfish/jakarta.el/3.0.3/jakarta.el-3.0.3.jar' 
2022-04-26 17:10:00.727 DEBUG [acme.Launcher@main] Found classpath entry '/C:/Users/MRF/.m2/repository/org/apache/tomcat/embed/tomcat-embed-websocket/9.0.41/tomcat-embed-websocket-9.0.41.jar' 
2022-04-26 17:10:00.727 DEBUG [acme.Launcher@main] Found classpath entry '/C:/Users/MRF/.m2/repository/org/apache/tomcat/embed/tomcat-embed-jasper/9.0.41/tomcat-embed-jasper-9.0.41.jar' 
2022-04-26 17:10:00.727 DEBUG [acme.Launcher@main] Found classpath entry '/C:/Users/MRF/.m2/repository/org/apache/tomcat/embed/tomcat-embed-el/9.0.41/tomcat-embed-el-9.0.41.jar' 
2022-04-26 17:10:00.727 DEBUG [acme.Launcher@main] Found classpath entry '/C:/Users/MRF/.m2/repository/org/eclipse/jdt/ecj/3.18.0/ecj-3.18.0.jar' 
2022-04-26 17:10:00.728 DEBUG [acme.Launcher@main] Found classpath entry '/C:/Users/MRF/.m2/repository/javax/servlet/jstl/1.2/jstl-1.2.jar' 
2022-04-26 17:10:00.728 DEBUG [acme.Launcher@main] Found classpath entry '/C:/Users/MRF/.m2/repository/org/springframework/boot/spring-boot-starter-test/2.4.2/spring-boot-starter-test-2.4.2.jar' 
2022-04-26 17:10:00.728 DEBUG [acme.Launcher@main] Found classpath entry '/C:/Users/MRF/.m2/repository/org/springframework/boot/spring-boot-starter/2.4.2/spring-boot-starter-2.4.2.jar' 
2022-04-26 17:10:00.729 DEBUG [acme.Launcher@main] Found classpath entry '/C:/Users/MRF/.m2/repository/org/springframework/boot/spring-boot/2.4.2/spring-boot-2.4.2.jar' 
2022-04-26 17:10:00.729 DEBUG [acme.Launcher@main] Found classpath entry '/C:/Users/MRF/.m2/repository/org/springframework/boot/spring-boot-autoconfigure/2.4.2/spring-boot-autoconfigure-2.4.2.jar' 
2022-04-26 17:10:00.729 DEBUG [acme.Launcher@main] Found classpath entry '/C:/Users/MRF/.m2/repository/org/springframework/boot/spring-boot-starter-logging/2.4.2/spring-boot-starter-logging-2.4.2.jar' 
2022-04-26 17:10:00.730 DEBUG [acme.Launcher@main] Found classpath entry '/C:/Users/MRF/.m2/repository/ch/qos/logback/logback-classic/1.2.3/logback-classic-1.2.3.jar' 
2022-04-26 17:10:00.730 DEBUG [acme.Launcher@main] Found classpath entry '/C:/Users/MRF/.m2/repository/ch/qos/logback/logback-core/1.2.3/logback-core-1.2.3.jar' 
2022-04-26 17:10:00.730 DEBUG [acme.Launcher@main] Found classpath entry '/C:/Users/MRF/.m2/repository/org/apache/logging/log4j/log4j-to-slf4j/2.13.3/log4j-to-slf4j-2.13.3.jar' 
2022-04-26 17:10:00.730 DEBUG [acme.Launcher@main] Found classpath entry '/C:/Users/MRF/.m2/repository/org/apache/logging/log4j/log4j-api/2.13.3/log4j-api-2.13.3.jar' 
2022-04-26 17:10:00.731 DEBUG [acme.Launcher@main] Found classpath entry '/C:/Users/MRF/.m2/repository/org/slf4j/jul-to-slf4j/1.7.30/jul-to-slf4j-1.7.30.jar' 
2022-04-26 17:10:00.731 DEBUG [acme.Launcher@main] Found classpath entry '/C:/Users/MRF/.m2/repository/org/yaml/snakeyaml/1.27/snakeyaml-1.27.jar' 
2022-04-26 17:10:00.731 DEBUG [acme.Launcher@main] Found classpath entry '/C:/Users/MRF/.m2/repository/org/springframework/boot/spring-boot-test/2.4.2/spring-boot-test-2.4.2.jar' 
2022-04-26 17:10:00.731 DEBUG [acme.Launcher@main] Found classpath entry '/C:/Users/MRF/.m2/repository/org/springframework/boot/spring-boot-test-autoconfigure/2.4.2/spring-boot-test-autoconfigure-2.4.2.jar' 
2022-04-26 17:10:00.732 DEBUG [acme.Launcher@main] Found classpath entry '/C:/Users/MRF/.m2/repository/com/jayway/jsonpath/json-path/2.4.0/json-path-2.4.0.jar' 
2022-04-26 17:10:00.732 DEBUG [acme.Launcher@main] Found classpath entry '/C:/Users/MRF/.m2/repository/net/minidev/json-smart/2.3/json-smart-2.3.jar' 
2022-04-26 17:10:00.732 DEBUG [acme.Launcher@main] Found classpath entry '/C:/Users/MRF/.m2/repository/net/minidev/accessors-smart/1.2/accessors-smart-1.2.jar' 
2022-04-26 17:10:00.732 DEBUG [acme.Launcher@main] Found classpath entry '/C:/Users/MRF/.m2/repository/org/ow2/asm/asm/5.0.4/asm-5.0.4.jar' 
2022-04-26 17:10:00.733 DEBUG [acme.Launcher@main] Found classpath entry '/C:/Users/MRF/.m2/repository/jakarta/xml/bind/jakarta.xml.bind-api/2.3.3/jakarta.xml.bind-api-2.3.3.jar' 
2022-04-26 17:10:00.733 DEBUG [acme.Launcher@main] Found classpath entry '/C:/Users/MRF/.m2/repository/jakarta/activation/jakarta.activation-api/1.2.2/jakarta.activation-api-1.2.2.jar' 
2022-04-26 17:10:00.733 DEBUG [acme.Launcher@main] Found classpath entry '/C:/Users/MRF/.m2/repository/org/assertj/assertj-core/3.18.1/assertj-core-3.18.1.jar' 
2022-04-26 17:10:00.733 DEBUG [acme.Launcher@main] Found classpath entry '/C:/Users/MRF/.m2/repository/org/hamcrest/hamcrest/2.2/hamcrest-2.2.jar' 
2022-04-26 17:10:00.734 DEBUG [acme.Launcher@main] Found classpath entry '/C:/Users/MRF/.m2/repository/org/junit/jupiter/junit-jupiter/5.7.0/junit-jupiter-5.7.0.jar' 
2022-04-26 17:10:00.734 DEBUG [acme.Launcher@main] Found classpath entry '/C:/Users/MRF/.m2/repository/org/mockito/mockito-core/3.6.28/mockito-core-3.6.28.jar' 
2022-04-26 17:10:00.734 DEBUG [acme.Launcher@main] Found classpath entry '/C:/Users/MRF/.m2/repository/net/bytebuddy/byte-buddy-agent/1.10.19/byte-buddy-agent-1.10.19.jar' 
2022-04-26 17:10:00.734 DEBUG [acme.Launcher@main] Found classpath entry '/C:/Users/MRF/.m2/repository/org/objenesis/objenesis/3.1/objenesis-3.1.jar' 
2022-04-26 17:10:00.734 DEBUG [acme.Launcher@main] Found classpath entry '/C:/Users/MRF/.m2/repository/org/mockito/mockito-junit-jupiter/3.6.28/mockito-junit-jupiter-3.6.28.jar' 
2022-04-26 17:10:00.735 DEBUG [acme.Launcher@main] Found classpath entry '/C:/Users/MRF/.m2/repository/org/skyscreamer/jsonassert/1.5.0/jsonassert-1.5.0.jar' 
2022-04-26 17:10:00.735 DEBUG [acme.Launcher@main] Found classpath entry '/C:/Users/MRF/.m2/repository/com/vaadin/external/google/android-json/0.0.20131108.vaadin1/android-json-0.0.20131108.vaadin1.jar' 
2022-04-26 17:10:00.735 DEBUG [acme.Launcher@main] Found classpath entry '/C:/Users/MRF/.m2/repository/org/springframework/spring-core/5.3.3/spring-core-5.3.3.jar' 
2022-04-26 17:10:00.735 DEBUG [acme.Launcher@main] Found classpath entry '/C:/Users/MRF/.m2/repository/org/springframework/spring-jcl/5.3.3/spring-jcl-5.3.3.jar' 
2022-04-26 17:10:00.735 DEBUG [acme.Launcher@main] Found classpath entry '/C:/Users/MRF/.m2/repository/org/springframework/spring-test/5.3.3/spring-test-5.3.3.jar' 
2022-04-26 17:10:00.736 DEBUG [acme.Launcher@main] Found classpath entry '/C:/Users/MRF/.m2/repository/org/xmlunit/xmlunit-core/2.7.0/xmlunit-core-2.7.0.jar' 
2022-04-26 17:10:00.736 DEBUG [acme.Launcher@main] Found classpath entry '/C:/Users/MRF/.m2/repository/org/springframework/boot/spring-boot-starter-security/2.4.2/spring-boot-starter-security-2.4.2.jar' 
2022-04-26 17:10:00.737 DEBUG [acme.Launcher@main] Found classpath entry '/C:/Users/MRF/.m2/repository/org/springframework/spring-aop/5.3.3/spring-aop-5.3.3.jar' 
2022-04-26 17:10:00.737 DEBUG [acme.Launcher@main] Found classpath entry '/C:/Users/MRF/.m2/repository/org/springframework/security/spring-security-web/5.4.2/spring-security-web-5.4.2.jar' 
2022-04-26 17:10:00.737 DEBUG [acme.Launcher@main] Found classpath entry '/C:/Users/MRF/.m2/repository/org/springframework/security/spring-security-core/5.4.2/spring-security-core-5.4.2.jar' 
2022-04-26 17:10:00.737 DEBUG [acme.Launcher@main] Found classpath entry '/C:/Users/MRF/.m2/repository/org/springframework/spring-beans/5.3.3/spring-beans-5.3.3.jar' 
2022-04-26 17:10:00.737 DEBUG [acme.Launcher@main] Found classpath entry '/C:/Users/MRF/.m2/repository/org/springframework/spring-context/5.3.3/spring-context-5.3.3.jar' 
2022-04-26 17:10:00.737 DEBUG [acme.Launcher@main] Found classpath entry '/C:/Users/MRF/.m2/repository/org/springframework/spring-expression/5.3.3/spring-expression-5.3.3.jar' 
2022-04-26 17:10:00.738 DEBUG [acme.Launcher@main] Found classpath entry '/C:/Users/MRF/.m2/repository/org/springframework/spring-web/5.3.3/spring-web-5.3.3.jar' 
2022-04-26 17:10:00.739 DEBUG [acme.Launcher@main] Found classpath entry '/C:/Users/MRF/.m2/repository/org/springframework/security/spring-security-config/5.4.2/spring-security-config-5.4.2.jar' 
2022-04-26 17:10:00.740 DEBUG [acme.Launcher@main] Found classpath entry '/C:/Users/MRF/.m2/repository/org/springframework/security/spring-security-taglibs/5.4.2/spring-security-taglibs-5.4.2.jar' 
2022-04-26 17:10:00.740 DEBUG [acme.Launcher@main] Found classpath entry '/C:/Users/MRF/.m2/repository/org/springframework/security/spring-security-acl/5.4.2/spring-security-acl-5.4.2.jar' 
2022-04-26 17:10:00.741 DEBUG [acme.Launcher@main] Found classpath entry '/C:/Users/MRF/.m2/repository/org/springframework/spring-jdbc/5.3.3/spring-jdbc-5.3.3.jar' 
2022-04-26 17:10:00.741 DEBUG [acme.Launcher@main] Found classpath entry '/C:/Users/MRF/.m2/repository/org/springframework/spring-tx/5.3.3/spring-tx-5.3.3.jar' 
2022-04-26 17:10:00.742 DEBUG [acme.Launcher@main] Found classpath entry '/C:/Users/MRF/.m2/repository/org/springframework/boot/spring-boot-starter-web/2.4.2/spring-boot-starter-web-2.4.2.jar' 
2022-04-26 17:10:00.742 DEBUG [acme.Launcher@main] Found classpath entry '/C:/Users/MRF/.m2/repository/org/springframework/boot/spring-boot-starter-json/2.4.2/spring-boot-starter-json-2.4.2.jar' 
2022-04-26 17:10:00.742 DEBUG [acme.Launcher@main] Found classpath entry '/C:/Users/MRF/.m2/repository/com/fasterxml/jackson/core/jackson-databind/2.11.4/jackson-databind-2.11.4.jar' 
2022-04-26 17:10:00.742 DEBUG [acme.Launcher@main] Found classpath entry '/C:/Users/MRF/.m2/repository/com/fasterxml/jackson/core/jackson-annotations/2.11.4/jackson-annotations-2.11.4.jar' 
2022-04-26 17:10:00.742 DEBUG [acme.Launcher@main] Found classpath entry '/C:/Users/MRF/.m2/repository/com/fasterxml/jackson/core/jackson-core/2.11.4/jackson-core-2.11.4.jar' 
2022-04-26 17:10:00.743 DEBUG [acme.Launcher@main] Found classpath entry '/C:/Users/MRF/.m2/repository/com/fasterxml/jackson/datatype/jackson-datatype-jdk8/2.11.4/jackson-datatype-jdk8-2.11.4.jar' 
2022-04-26 17:10:00.743 DEBUG [acme.Launcher@main] Found classpath entry '/C:/Users/MRF/.m2/repository/com/fasterxml/jackson/datatype/jackson-datatype-jsr310/2.11.4/jackson-datatype-jsr310-2.11.4.jar' 
2022-04-26 17:10:00.743 DEBUG [acme.Launcher@main] Found classpath entry '/C:/Users/MRF/.m2/repository/com/fasterxml/jackson/module/jackson-module-parameter-names/2.11.4/jackson-module-parameter-names-2.11.4.jar' 
2022-04-26 17:10:00.743 DEBUG [acme.Launcher@main] Found classpath entry '/C:/Users/MRF/.m2/repository/org/springframework/spring-webmvc/5.3.3/spring-webmvc-5.3.3.jar' 
2022-04-26 17:10:00.743 DEBUG [acme.Launcher@main] Found classpath entry '/C:/Users/MRF/.m2/repository/org/apache/tiles/tiles-jsp/3.0.8/tiles-jsp-3.0.8.jar' 
2022-04-26 17:10:00.744 DEBUG [acme.Launcher@main] Found classpath entry '/C:/Users/MRF/.m2/repository/org/apache/tiles/tiles-servlet/3.0.8/tiles-servlet-3.0.8.jar' 
2022-04-26 17:10:00.744 DEBUG [acme.Launcher@main] Found classpath entry '/C:/Users/MRF/.m2/repository/org/apache/tiles/tiles-core/3.0.8/tiles-core-3.0.8.jar' 
2022-04-26 17:10:00.744 DEBUG [acme.Launcher@main] Found classpath entry '/C:/Users/MRF/.m2/repository/commons-digester/commons-digester/2.0/commons-digester-2.0.jar' 
2022-04-26 17:10:00.745 DEBUG [acme.Launcher@main] Found classpath entry '/C:/Users/MRF/.m2/repository/org/slf4j/jcl-over-slf4j/1.7.30/jcl-over-slf4j-1.7.30.jar' 
2022-04-26 17:10:00.745 DEBUG [acme.Launcher@main] Found classpath entry '/C:/Users/MRF/.m2/repository/org/apache/tiles/tiles-request-servlet/1.0.7/tiles-request-servlet-1.0.7.jar' 
2022-04-26 17:10:00.745 DEBUG [acme.Launcher@main] Found classpath entry '/C:/Users/MRF/.m2/repository/org/apache/tiles/tiles-template/3.0.8/tiles-template-3.0.8.jar' 
2022-04-26 17:10:00.745 DEBUG [acme.Launcher@main] Found classpath entry '/C:/Users/MRF/.m2/repository/org/apache/tiles/tiles-api/3.0.8/tiles-api-3.0.8.jar' 
2022-04-26 17:10:00.745 DEBUG [acme.Launcher@main] Found classpath entry '/C:/Users/MRF/.m2/repository/org/apache/tiles/tiles-autotag-core-runtime/1.2/tiles-autotag-core-runtime-1.2.jar' 
2022-04-26 17:10:00.745 DEBUG [acme.Launcher@main] Found classpath entry '/C:/Users/MRF/.m2/repository/org/slf4j/slf4j-api/1.7.30/slf4j-api-1.7.30.jar' 
2022-04-26 17:10:00.745 DEBUG [acme.Launcher@main] Found classpath entry '/C:/Users/MRF/.m2/repository/org/apache/tiles/tiles-request-jsp/1.0.7/tiles-request-jsp-1.0.7.jar' 
2022-04-26 17:10:00.745 DEBUG [acme.Launcher@main] Found classpath entry '/C:/Users/MRF/.m2/repository/org/apache/tiles/tiles-request-api/1.0.7/tiles-request-api-1.0.7.jar' 
2022-04-26 17:10:00.746 DEBUG [acme.Launcher@main] Found classpath entry '/C:/Users/MRF/.m2/repository/org/springframework/boot/spring-boot-starter-data-jpa/2.4.2/spring-boot-starter-data-jpa-2.4.2.jar' 
2022-04-26 17:10:00.746 DEBUG [acme.Launcher@main] Found classpath entry '/C:/Users/MRF/.m2/repository/org/springframework/boot/spring-boot-starter-aop/2.4.2/spring-boot-starter-aop-2.4.2.jar' 
2022-04-26 17:10:00.746 DEBUG [acme.Launcher@main] Found classpath entry '/C:/Users/MRF/.m2/repository/org/aspectj/aspectjweaver/1.9.6/aspectjweaver-1.9.6.jar' 
2022-04-26 17:10:00.746 DEBUG [acme.Launcher@main] Found classpath entry '/C:/Users/MRF/.m2/repository/org/springframework/boot/spring-boot-starter-jdbc/2.4.2/spring-boot-starter-jdbc-2.4.2.jar' 
2022-04-26 17:10:00.746 DEBUG [acme.Launcher@main] Found classpath entry '/C:/Users/MRF/.m2/repository/jakarta/transaction/jakarta.transaction-api/1.3.3/jakarta.transaction-api-1.3.3.jar' 
2022-04-26 17:10:00.747 DEBUG [acme.Launcher@main] Found classpath entry '/C:/Users/MRF/.m2/repository/jakarta/persistence/jakarta.persistence-api/2.2.3/jakarta.persistence-api-2.2.3.jar' 
2022-04-26 17:10:00.747 DEBUG [acme.Launcher@main] Found classpath entry '/C:/Users/MRF/.m2/repository/org/hibernate/hibernate-core/5.4.27.Final/hibernate-core-5.4.27.Final.jar' 
2022-04-26 17:10:00.747 DEBUG [acme.Launcher@main] Found classpath entry '/C:/Users/MRF/.m2/repository/org/jboss/logging/jboss-logging/3.4.1.Final/jboss-logging-3.4.1.Final.jar' 
2022-04-26 17:10:00.747 DEBUG [acme.Launcher@main] Found classpath entry '/C:/Users/MRF/.m2/repository/org/javassist/javassist/3.27.0-GA/javassist-3.27.0-GA.jar' 
2022-04-26 17:10:00.747 DEBUG [acme.Launcher@main] Found classpath entry '/C:/Users/MRF/.m2/repository/antlr/antlr/2.7.7/antlr-2.7.7.jar' 
2022-04-26 17:10:00.748 DEBUG [acme.Launcher@main] Found classpath entry '/C:/Users/MRF/.m2/repository/org/jboss/jandex/2.1.3.Final/jandex-2.1.3.Final.jar' 
2022-04-26 17:10:00.748 DEBUG [acme.Launcher@main] Found classpath entry '/C:/Users/MRF/.m2/repository/com/fasterxml/classmate/1.5.1/classmate-1.5.1.jar' 
2022-04-26 17:10:00.748 DEBUG [acme.Launcher@main] Found classpath entry '/C:/Users/MRF/.m2/repository/org/dom4j/dom4j/2.1.3/dom4j-2.1.3.jar' 
2022-04-26 17:10:00.748 DEBUG [acme.Launcher@main] Found classpath entry '/C:/Users/MRF/.m2/repository/org/hibernate/common/hibernate-commons-annotations/5.1.2.Final/hibernate-commons-annotations-5.1.2.Final.jar' 
2022-04-26 17:10:00.748 DEBUG [acme.Launcher@main] Found classpath entry '/C:/Users/MRF/.m2/repository/org/glassfish/jaxb/jaxb-runtime/2.3.3/jaxb-runtime-2.3.3.jar' 
2022-04-26 17:10:00.748 DEBUG [acme.Launcher@main] Found classpath entry '/C:/Users/MRF/.m2/repository/org/glassfish/jaxb/txw2/2.3.3/txw2-2.3.3.jar' 
2022-04-26 17:10:00.749 DEBUG [acme.Launcher@main] Found classpath entry '/C:/Users/MRF/.m2/repository/com/sun/istack/istack-commons-runtime/3.0.11/istack-commons-runtime-3.0.11.jar' 
2022-04-26 17:10:00.749 DEBUG [acme.Launcher@main] Found classpath entry '/C:/Users/MRF/.m2/repository/com/sun/activation/jakarta.activation/1.2.2/jakarta.activation-1.2.2.jar' 
2022-04-26 17:10:00.749 DEBUG [acme.Launcher@main] Found classpath entry '/C:/Users/MRF/.m2/repository/org/springframework/data/spring-data-jpa/2.4.3/spring-data-jpa-2.4.3.jar' 
2022-04-26 17:10:00.749 DEBUG [acme.Launcher@main] Found classpath entry '/C:/Users/MRF/.m2/repository/org/springframework/data/spring-data-commons/2.4.3/spring-data-commons-2.4.3.jar' 
2022-04-26 17:10:00.749 DEBUG [acme.Launcher@main] Found classpath entry '/C:/Users/MRF/.m2/repository/org/springframework/spring-orm/5.3.3/spring-orm-5.3.3.jar' 
2022-04-26 17:10:00.749 DEBUG [acme.Launcher@main] Found classpath entry '/C:/Users/MRF/.m2/repository/org/springframework/spring-aspects/5.3.3/spring-aspects-5.3.3.jar' 
2022-04-26 17:10:00.750 DEBUG [acme.Launcher@main] Found classpath entry '/C:/Users/MRF/.m2/repository/org/springframework/boot/spring-boot-starter-validation/2.4.2/spring-boot-starter-validation-2.4.2.jar' 
2022-04-26 17:10:00.750 DEBUG [acme.Launcher@main] Found classpath entry '/C:/Users/MRF/.m2/repository/org/hibernate/validator/hibernate-validator/6.1.7.Final/hibernate-validator-6.1.7.Final.jar' 
2022-04-26 17:10:00.750 DEBUG [acme.Launcher@main] Found classpath entry '/C:/Users/MRF/.m2/repository/jakarta/validation/jakarta.validation-api/2.0.2/jakarta.validation-api-2.0.2.jar' 
2022-04-26 17:10:00.750 DEBUG [acme.Launcher@main] Found classpath entry '/C:/Users/MRF/.m2/repository/mysql/mysql-connector-java/8.0.22/mysql-connector-java-8.0.22.jar' 
2022-04-26 17:10:00.750 DEBUG [acme.Launcher@main] Found classpath entry '/C:/Users/MRF/.m2/repository/com/zaxxer/HikariCP/3.4.5/HikariCP-3.4.5.jar' 
2022-04-26 17:10:00.750 DEBUG [acme.Launcher@main] Found classpath entry '/C:/Users/MRF/.m2/repository/org/junit/jupiter/junit-jupiter-engine/5.7.0/junit-jupiter-engine-5.7.0.jar' 
2022-04-26 17:10:00.751 DEBUG [acme.Launcher@main] Found classpath entry '/C:/Users/MRF/.m2/repository/org/apiguardian/apiguardian-api/1.1.0/apiguardian-api-1.1.0.jar' 
2022-04-26 17:10:00.751 DEBUG [acme.Launcher@main] Found classpath entry '/C:/Users/MRF/.m2/repository/org/junit/platform/junit-platform-engine/1.7.0/junit-platform-engine-1.7.0.jar' 
2022-04-26 17:10:00.751 DEBUG [acme.Launcher@main] Found classpath entry '/C:/Users/MRF/.m2/repository/org/junit/jupiter/junit-jupiter-api/5.7.0/junit-jupiter-api-5.7.0.jar' 
2022-04-26 17:10:00.751 DEBUG [acme.Launcher@main] Found classpath entry '/C:/Users/MRF/.m2/repository/org/opentest4j/opentest4j/1.2.0/opentest4j-1.2.0.jar' 
2022-04-26 17:10:00.751 DEBUG [acme.Launcher@main] Found classpath entry '/C:/Users/MRF/.m2/repository/org/junit/platform/junit-platform-commons/1.7.0/junit-platform-commons-1.7.0.jar' 
2022-04-26 17:10:00.751 DEBUG [acme.Launcher@main] Found classpath entry '/C:/Users/MRF/.m2/repository/org/junit/jupiter/junit-jupiter-params/5.7.0/junit-jupiter-params-5.7.0.jar' 
2022-04-26 17:10:00.752 DEBUG [acme.Launcher@main] Found classpath entry '/C:/Users/MRF/.m2/repository/org/junit/platform/junit-platform-launcher/1.7.0/junit-platform-launcher-1.7.0.jar' 
2022-04-26 17:10:00.752 DEBUG [acme.Launcher@main] Found classpath entry '/C:/Users/MRF/.m2/repository/org/seleniumhq/selenium/selenium-java/3.141.59/selenium-java-3.141.59.jar' 
2022-04-26 17:10:00.752 DEBUG [acme.Launcher@main] Found classpath entry '/C:/Users/MRF/.m2/repository/org/seleniumhq/selenium/selenium-api/3.141.59/selenium-api-3.141.59.jar' 
2022-04-26 17:10:00.752 DEBUG [acme.Launcher@main] Found classpath entry '/C:/Users/MRF/.m2/repository/org/seleniumhq/selenium/selenium-chrome-driver/3.141.59/selenium-chrome-driver-3.141.59.jar' 
2022-04-26 17:10:00.752 DEBUG [acme.Launcher@main] Found classpath entry '/C:/Users/MRF/.m2/repository/org/seleniumhq/selenium/selenium-edge-driver/3.141.59/selenium-edge-driver-3.141.59.jar' 
2022-04-26 17:10:00.752 DEBUG [acme.Launcher@main] Found classpath entry '/C:/Users/MRF/.m2/repository/org/seleniumhq/selenium/selenium-firefox-driver/3.141.59/selenium-firefox-driver-3.141.59.jar' 
2022-04-26 17:10:00.753 DEBUG [acme.Launcher@main] Found classpath entry '/C:/Users/MRF/.m2/repository/org/seleniumhq/selenium/selenium-ie-driver/3.141.59/selenium-ie-driver-3.141.59.jar' 
2022-04-26 17:10:00.753 DEBUG [acme.Launcher@main] Found classpath entry '/C:/Users/MRF/.m2/repository/org/seleniumhq/selenium/selenium-opera-driver/3.141.59/selenium-opera-driver-3.141.59.jar' 
2022-04-26 17:10:00.753 DEBUG [acme.Launcher@main] Found classpath entry '/C:/Users/MRF/.m2/repository/org/seleniumhq/selenium/selenium-remote-driver/3.141.59/selenium-remote-driver-3.141.59.jar' 
2022-04-26 17:10:00.754 DEBUG [acme.Launcher@main] Found classpath entry '/C:/Users/MRF/.m2/repository/org/seleniumhq/selenium/selenium-safari-driver/3.141.59/selenium-safari-driver-3.141.59.jar' 
2022-04-26 17:10:00.754 DEBUG [acme.Launcher@main] Found classpath entry '/C:/Users/MRF/.m2/repository/org/seleniumhq/selenium/selenium-support/3.141.59/selenium-support-3.141.59.jar' 
2022-04-26 17:10:00.754 DEBUG [acme.Launcher@main] Found classpath entry '/C:/Users/MRF/.m2/repository/net/bytebuddy/byte-buddy/1.10.19/byte-buddy-1.10.19.jar' 
2022-04-26 17:10:00.754 DEBUG [acme.Launcher@main] Found classpath entry '/C:/Users/MRF/.m2/repository/org/apache/commons/commons-exec/1.3/commons-exec-1.3.jar' 
2022-04-26 17:10:00.754 DEBUG [acme.Launcher@main] Found classpath entry '/C:/Users/MRF/.m2/repository/com/google/guava/guava/25.0-jre/guava-25.0-jre.jar' 
2022-04-26 17:10:00.754 DEBUG [acme.Launcher@main] Found classpath entry '/C:/Users/MRF/.m2/repository/com/google/code/findbugs/jsr305/1.3.9/jsr305-1.3.9.jar' 
2022-04-26 17:10:00.754 DEBUG [acme.Launcher@main] Found classpath entry '/C:/Users/MRF/.m2/repository/org/checkerframework/checker-compat-qual/2.0.0/checker-compat-qual-2.0.0.jar' 
2022-04-26 17:10:00.755 DEBUG [acme.Launcher@main] Found classpath entry '/C:/Users/MRF/.m2/repository/com/google/errorprone/error_prone_annotations/2.1.3/error_prone_annotations-2.1.3.jar' 
2022-04-26 17:10:00.755 DEBUG [acme.Launcher@main] Found classpath entry '/C:/Users/MRF/.m2/repository/com/google/j2objc/j2objc-annotations/1.1/j2objc-annotations-1.1.jar' 
2022-04-26 17:10:00.755 DEBUG [acme.Launcher@main] Found classpath entry '/C:/Users/MRF/.m2/repository/org/codehaus/mojo/animal-sniffer-annotations/1.14/animal-sniffer-annotations-1.14.jar' 
2022-04-26 17:10:00.755 DEBUG [acme.Launcher@main] Found classpath entry '/C:/Users/MRF/.m2/repository/com/squareup/okhttp3/okhttp/3.14.9/okhttp-3.14.9.jar' 
2022-04-26 17:10:00.755 DEBUG [acme.Launcher@main] Found classpath entry '/C:/Users/MRF/.m2/repository/com/squareup/okio/okio/1.14.0/okio-1.14.0.jar' 
2022-04-26 17:10:00.755 DEBUG [acme.Launcher@main] Found classpath entry '/C:/Users/MRF/.m2/repository/org/apache/commons/commons-lang3/3.11/commons-lang3-3.11.jar' 
2022-04-26 17:10:00.755 DEBUG [acme.Launcher@main] Found classpath entry '/C:/Users/MRF/.m2/repository/org/apache/commons/commons-text/1.8/commons-text-1.8.jar' 
2022-04-26 17:10:00.756 DEBUG [acme.Launcher@main] Found classpath entry '/C:/Users/MRF/.m2/repository/commons-io/commons-io/2.6/commons-io-2.6.jar' 
2022-04-26 17:10:00.756 DEBUG [acme.Launcher@main] Found classpath entry '/C:/Users/MRF/.m2/repository/commons-cli/commons-cli/1.4/commons-cli-1.4.jar' 
2022-04-26 17:10:00.756 DEBUG [acme.Launcher@main] Found classpath entry '/C:/Users/MRF/.m2/repository/org/projectlombok/lombok/1.18.16/lombok-1.18.16.jar' 
2022-04-26 17:10:00.756 DEBUG [acme.Launcher@main] Found classpath entry '/C:/Users/MRF/.m2/repository/com/opencsv/opencsv/5.4/opencsv-5.4.jar' 
2022-04-26 17:10:00.756 DEBUG [acme.Launcher@main] Found classpath entry '/C:/Users/MRF/.m2/repository/commons-beanutils/commons-beanutils/1.9.4/commons-beanutils-1.9.4.jar' 
2022-04-26 17:10:00.756 DEBUG [acme.Launcher@main] Found classpath entry '/C:/Users/MRF/.m2/repository/commons-logging/commons-logging/1.2/commons-logging-1.2.jar' 
2022-04-26 17:10:00.756 DEBUG [acme.Launcher@main] Found classpath entry '/C:/Users/MRF/.m2/repository/commons-collections/commons-collections/3.2.2/commons-collections-3.2.2.jar' 
2022-04-26 17:10:00.756 DEBUG [acme.Launcher@main] Found classpath entry '/C:/Users/MRF/.m2/repository/org/apache/commons/commons-collections4/4.4/commons-collections4-4.4.jar' 
2022-04-26 17:10:00.757 DEBUG [acme.Launcher@main] Found classpath entry '/C:/Users/MRF/Desktop/Workspace-22.0/Tools/IDEs/eclipse-jee-2021-12-R/configuration/org.eclipse.osgi/418/0/.cp/lib/javaagent-shaded.jar' 
2022-04-26 17:10:00.971 DEBUG [acme.Launcher@main] Found entity class 'acme.entities.announcements.Announcement 
2022-04-26 17:10:00.971 DEBUG [acme.Launcher@main] Found entity class 'acme.entities.chirps.Chirp 
2022-04-26 17:10:00.971 DEBUG [acme.Launcher@main] Found entity class 'acme.entities.items.Item 
2022-04-26 17:10:00.971 DEBUG [acme.Launcher@main] Found entity class 'acme.entities.patronageReports.PatronageReport 
2022-04-26 17:10:00.971 DEBUG [acme.Launcher@main] Found entity class 'acme.entities.patronages.Patronage 
2022-04-26 17:10:00.971 DEBUG [acme.Launcher@main] Found entity class 'acme.entities.quantities.Quantity 
2022-04-26 17:10:00.971 DEBUG [acme.Launcher@main] Found entity class 'acme.entities.systemConfigurations.SystemConfiguration 
2022-04-26 17:10:00.971 DEBUG [acme.Launcher@main] Found entity class 'acme.entities.toolkits.Toolkit 
2022-04-26 17:10:00.972 DEBUG [acme.Launcher@main] Found entity class 'acme.roles.Consumer 
2022-04-26 17:10:00.972 DEBUG [acme.Launcher@main] Found entity class 'acme.roles.Inventor 
2022-04-26 17:10:00.972 DEBUG [acme.Launcher@main] Found entity class 'acme.roles.Patron 
2022-04-26 17:10:00.972 DEBUG [acme.Launcher@main] Found entity class 'acme.roles.Provider 
2022-04-26 17:10:00.972 DEBUG [acme.Launcher@main] Found entity class 'acme.framework.entities.UserAccount 
2022-04-26 17:10:00.972 DEBUG [acme.Launcher@main] Found entity class 'acme.framework.roles.Administrator 
2022-04-26 17:10:00.972 DEBUG [acme.Launcher@main] Found entity class 'acme.framework.roles.Anonymous 
2022-04-26 17:10:00.972 DEBUG [acme.Launcher@main] Found entity class 'acme.framework.roles.Any 
2022-04-26 17:10:00.972 DEBUG [acme.Launcher@main] Found entity class 'acme.framework.roles.Authenticated 
2022-04-26 17:10:00.979 INFO  [acme.Launcher@main] Running application (Standalone) 
2022-04-26 17:10:49.112 DEBUG [acme.framework.components.tiles.DynamicTilesView@http-nio-8081-exec-4] View name 'fragments/welcome', model {} 
2022-04-26 17:10:49.139 DEBUG [org.apache.tiles.definition.dao.BaseLocaleUrlDefinitionDAO@http-nio-8081-exec-4] File Resource file:/C:/Users/MRF/Desktop/Workspace-22.0/Projects/Acme-Toolkits/target/classes/WEB-INF/views/master/tiles_en.xml at file:/C:/Users/MRF/Desktop/Workspace-22.0/Projects/Acme-Toolkits/target/classes/WEB-INF/views/master/tiles_en.xml not found, continue 
2022-04-26 17:10:49.152 DEBUG [org.apache.jasper.servlet.JspServlet@http-nio-8081-exec-4] JspEngine --> /WEB-INF/views/master/page.jsp 
2022-04-26 17:10:49.152 DEBUG [org.apache.jasper.servlet.JspServlet@http-nio-8081-exec-4] ServletPath: /WEB-INF/views/master/page.jsp 
2022-04-26 17:10:49.152 DEBUG [org.apache.jasper.servlet.JspServlet@http-nio-8081-exec-4] PathInfo: null 
2022-04-26 17:10:49.153 DEBUG [org.apache.jasper.servlet.JspServlet@http-nio-8081-exec-4] RealPath: C:\Users\MRF\Desktop\Workspace-22.0\Projects\Acme-Toolkits\target\classes\WEB-INF\views\master\page.jsp 
2022-04-26 17:10:49.153 DEBUG [org.apache.jasper.servlet.JspServlet@http-nio-8081-exec-4] RequestURI: /acme-toolkits-22.1/WEB-INF/views/master/page.jsp 
2022-04-26 17:10:49.154 DEBUG [org.apache.jasper.servlet.JspServlet@http-nio-8081-exec-4] QueryString: null 
2022-04-26 17:10:55.229 DEBUG [acme.framework.configuration.ExtendedMessageSource@http-nio-8081-exec-4] Loading properties [C:\Users\MRF\Desktop\Workspace-22.0\Projects\Acme-Toolkits\target\classes\WEB-INF\views\administrator\system-configuration\messsages-en.i18n] with encoding 'utf-8' 
2022-04-26 17:10:55.230 DEBUG [acme.framework.configuration.ExtendedMessageSource@http-nio-8081-exec-4] Loading properties [C:\Users\MRF\Desktop\Workspace-22.0\Projects\Acme-Toolkits\target\classes\WEB-INF\views\administrator\user-account\messages-en.i18n] with encoding 'utf-8' 
2022-04-26 17:10:55.231 DEBUG [acme.framework.configuration.ExtendedMessageSource@http-nio-8081-exec-4] Loading properties [C:\Users\MRF\Desktop\Workspace-22.0\Projects\Acme-Toolkits\target\classes\WEB-INF\views\anonymous\user-account\messages-en.i18n] with encoding 'utf-8' 
2022-04-26 17:10:55.232 DEBUG [acme.framework.configuration.ExtendedMessageSource@http-nio-8081-exec-4] Loading properties [C:\Users\MRF\Desktop\Workspace-22.0\Projects\Acme-Toolkits\target\classes\WEB-INF\views\any\chirp\messages-en.i18n] with encoding 'utf-8' 
2022-04-26 17:10:55.233 DEBUG [acme.framework.configuration.ExtendedMessageSource@http-nio-8081-exec-4] Loading properties [C:\Users\MRF\Desktop\Workspace-22.0\Projects\Acme-Toolkits\target\classes\WEB-INF\views\any\item\messages-en.i18n] with encoding 'utf-8' 
2022-04-26 17:10:55.234 DEBUG [acme.framework.configuration.ExtendedMessageSource@http-nio-8081-exec-4] Loading properties [C:\Users\MRF\Desktop\Workspace-22.0\Projects\Acme-Toolkits\target\classes\WEB-INF\views\any\quantity\messages-en.i18n] with encoding 'utf-8' 
2022-04-26 17:10:55.236 DEBUG [acme.framework.configuration.ExtendedMessageSource@http-nio-8081-exec-4] Loading properties [C:\Users\MRF\Desktop\Workspace-22.0\Projects\Acme-Toolkits\target\classes\WEB-INF\views\any\user-account\messages-en.i18n] with encoding 'utf-8' 
2022-04-26 17:10:55.237 DEBUG [acme.framework.configuration.ExtendedMessageSource@http-nio-8081-exec-4] Loading properties [C:\Users\MRF\Desktop\Workspace-22.0\Projects\Acme-Toolkits\target\classes\WEB-INF\views\authenticated\announcement\messages-en.i18n] with encoding 'utf-8' 
2022-04-26 17:10:55.239 DEBUG [acme.framework.configuration.ExtendedMessageSource@http-nio-8081-exec-4] Loading properties [C:\Users\MRF\Desktop\Workspace-22.0\Projects\Acme-Toolkits\target\classes\WEB-INF\views\authenticated\consumer\messsages-en.i18n] with encoding 'utf-8' 
2022-04-26 17:10:55.241 DEBUG [acme.framework.configuration.ExtendedMessageSource@http-nio-8081-exec-4] Loading properties [C:\Users\MRF\Desktop\Workspace-22.0\Projects\Acme-Toolkits\target\classes\WEB-INF\views\authenticated\inventor\messages-en.i18n] with encoding 'utf-8' 
2022-04-26 17:10:55.242 DEBUG [acme.framework.configuration.ExtendedMessageSource@http-nio-8081-exec-4] Loading properties [C:\Users\MRF\Desktop\Workspace-22.0\Projects\Acme-Toolkits\target\classes\WEB-INF\views\authenticated\patron\messages-en.i18n] with encoding 'utf-8' 
2022-04-26 17:10:55.243 DEBUG [acme.framework.configuration.ExtendedMessageSource@http-nio-8081-exec-4] Loading properties [C:\Users\MRF\Desktop\Workspace-22.0\Projects\Acme-Toolkits\target\classes\WEB-INF\views\authenticated\provider\messsages-en.i18n] with encoding 'utf-8' 
2022-04-26 17:10:55.245 DEBUG [acme.framework.configuration.ExtendedMessageSource@http-nio-8081-exec-4] Loading properties [C:\Users\MRF\Desktop\Workspace-22.0\Projects\Acme-Toolkits\target\classes\WEB-INF\views\authenticated\system-configuration\messsages-en.i18n] with encoding 'utf-8' 
2022-04-26 17:10:55.246 DEBUG [acme.framework.configuration.ExtendedMessageSource@http-nio-8081-exec-4] Loading properties [C:\Users\MRF\Desktop\Workspace-22.0\Projects\Acme-Toolkits\target\classes\WEB-INF\views\authenticated\user-account\messages-en.i18n] with encoding 'utf-8' 
2022-04-26 17:10:55.247 DEBUG [acme.framework.configuration.ExtendedMessageSource@http-nio-8081-exec-4] Loading properties [C:\Users\MRF\Desktop\Workspace-22.0\Projects\Acme-Toolkits\target\classes\WEB-INF\views\fragments\banner-en.i18n] with encoding 'utf-8' 
2022-04-26 17:10:55.248 DEBUG [acme.framework.configuration.ExtendedMessageSource@http-nio-8081-exec-4] Loading properties [C:\Users\MRF\Desktop\Workspace-22.0\Projects\Acme-Toolkits\target\classes\WEB-INF\views\fragments\company-en.i18n] with encoding 'utf-8' 
2022-04-26 17:10:55.250 DEBUG [acme.framework.configuration.ExtendedMessageSource@http-nio-8081-exec-4] Loading properties [C:\Users\MRF\Desktop\Workspace-22.0\Projects\Acme-Toolkits\target\classes\WEB-INF\views\fragments\footer-en.i18n] with encoding 'utf-8' 
2022-04-26 17:10:55.251 DEBUG [acme.framework.configuration.ExtendedMessageSource@http-nio-8081-exec-4] Loading properties [C:\Users\MRF\Desktop\Workspace-22.0\Projects\Acme-Toolkits\target\classes\WEB-INF\views\fragments\license-en.i18n] with encoding 'utf-8' 
2022-04-26 17:10:55.252 DEBUG [acme.framework.configuration.ExtendedMessageSource@http-nio-8081-exec-4] Loading properties [C:\Users\MRF\Desktop\Workspace-22.0\Projects\Acme-Toolkits\target\classes\WEB-INF\views\fragments\menu-en.i18n] with encoding 'utf-8' 
2022-04-26 17:10:55.254 DEBUG [acme.framework.configuration.ExtendedMessageSource@http-nio-8081-exec-4] Loading properties [C:\Users\MRF\Desktop\Workspace-22.0\Projects\Acme-Toolkits\target\classes\WEB-INF\views\fragments\messsages-en.i18n] with encoding 'utf-8' 
2022-04-26 17:10:55.255 DEBUG [acme.framework.configuration.ExtendedMessageSource@http-nio-8081-exec-4] Loading properties [C:\Users\MRF\Desktop\Workspace-22.0\Projects\Acme-Toolkits\target\classes\WEB-INF\views\fragments\title-en.i18n] with encoding 'utf-8' 
2022-04-26 17:10:55.256 DEBUG [acme.framework.configuration.ExtendedMessageSource@http-nio-8081-exec-4] Loading properties [C:\Users\MRF\Desktop\Workspace-22.0\Projects\Acme-Toolkits\target\classes\WEB-INF\views\fragments\welcome-en.i18n] with encoding 'utf-8' 
2022-04-26 17:10:55.257 DEBUG [acme.framework.configuration.ExtendedMessageSource@http-nio-8081-exec-4] Loading properties [C:\Users\MRF\Desktop\Workspace-22.0\Projects\Acme-Toolkits\target\classes\WEB-INF\views\inventor\item\messages-en.i18n] with encoding 'utf-8' 
2022-04-26 17:10:55.258 DEBUG [acme.framework.configuration.ExtendedMessageSource@http-nio-8081-exec-4] Loading properties [C:\Users\MRF\Desktop\Workspace-22.0\Projects\Acme-Toolkits\target\classes\WEB-INF\views\inventor\patronage\messages-en.i18n] with encoding 'utf-8' 
2022-04-26 17:10:55.259 DEBUG [acme.framework.configuration.ExtendedMessageSource@http-nio-8081-exec-4] Loading properties [C:\Users\MRF\Desktop\Workspace-22.0\Projects\Acme-Toolkits\target\classes\WEB-INF\views\inventor\patronage-report\messages-en.i18n] with encoding 'utf-8' 
2022-04-26 17:10:55.260 DEBUG [acme.framework.configuration.ExtendedMessageSource@http-nio-8081-exec-4] Loading properties [C:\Users\MRF\Desktop\Workspace-22.0\Projects\Acme-Toolkits\target\classes\WEB-INF\views\inventor\toolkit\messages-en.i18n] with encoding 'utf-8' 
2022-04-26 17:10:55.262 DEBUG [acme.framework.configuration.ExtendedMessageSource@http-nio-8081-exec-4] Loading properties [C:\Users\MRF\Desktop\Workspace-22.0\Projects\Acme-Toolkits\target\classes\WEB-INF\views\master\defaults-en.i18n] with encoding 'utf-8' 
2022-04-26 17:10:55.263 DEBUG [acme.framework.configuration.ExtendedMessageSource@http-nio-8081-exec-4] Loading properties [C:\Users\MRF\Desktop\Workspace-22.0\Projects\Acme-Toolkits\target\classes\WEB-INF\views\master\master-en.i18n] with encoding 'utf-8' 
2022-04-26 17:10:55.264 DEBUG [acme.framework.configuration.ExtendedMessageSource@http-nio-8081-exec-4] Loading properties [C:\Users\MRF\Desktop\Workspace-22.0\Projects\Acme-Toolkits\target\classes\WEB-INF\views\master\throwables-en.i18n] with encoding 'utf-8' 
2022-04-26 17:10:55.266 DEBUG [acme.framework.configuration.ExtendedMessageSource@http-nio-8081-exec-4] Loading properties [C:\Users\MRF\Desktop\Workspace-22.0\Projects\Acme-Toolkits\target\classes\WEB-INF\views\master\validation-en.i18n] with encoding 'utf-8' 
2022-04-26 17:10:55.267 DEBUG [acme.framework.configuration.ExtendedMessageSource@http-nio-8081-exec-4] Loading properties [C:\Users\MRF\Desktop\Workspace-22.0\Projects\Acme-Toolkits\target\classes\WEB-INF\views\patron\patronage\messages-en.i18n] with encoding 'utf-8' 
2022-04-26 17:10:55.268 DEBUG [acme.framework.configuration.ExtendedMessageSource@http-nio-8081-exec-4] Loading properties [C:\Users\MRF\Desktop\Workspace-22.0\Projects\Acme-Toolkits\target\classes\WEB-INF\views\patron\patronage-report\messages-en.i18n] with encoding 'utf-8' 
2022-04-26 17:10:55.666 DEBUG [org.apache.jasper.servlet.JspServlet@http-nio-8081-exec-4] JspEngine --> /WEB-INF/views/fragments/welcome.jsp 
2022-04-26 17:10:55.666 DEBUG [org.apache.jasper.servlet.JspServlet@http-nio-8081-exec-4] ServletPath: /WEB-INF/views/master/page.jsp 
2022-04-26 17:10:55.667 DEBUG [org.apache.jasper.servlet.JspServlet@http-nio-8081-exec-4] PathInfo: null 
2022-04-26 17:10:55.670 DEBUG [org.apache.jasper.servlet.JspServlet@http-nio-8081-exec-4] RealPath: C:\Users\MRF\Desktop\Workspace-22.0\Projects\Acme-Toolkits\target\classes\WEB-INF\views\fragments\welcome.jsp 
2022-04-26 17:10:55.671 DEBUG [org.apache.jasper.servlet.JspServlet@http-nio-8081-exec-4] RequestURI: /acme-toolkits-22.1/WEB-INF/views/master/page.jsp 
2022-04-26 17:10:55.671 DEBUG [org.apache.jasper.servlet.JspServlet@http-nio-8081-exec-4] QueryString: null 
2022-04-26 17:10:56.268 DEBUG [org.hibernate.SQL@http-nio-8081-exec-4] select useraccoun0_.id as id1_0_, useraccoun0_.version as version2_0_, useraccoun0_.enabled as enabled1_17_, useraccoun0_.identity as identity2_17_, useraccoun0_.password as password3_17_, useraccoun0_.username as username4_17_ from user_account useraccoun0_ where useraccoun0_.username=? 
2022-04-26 17:10:56.316 TRACE [org.hibernate.type.descriptor.sql.BasicBinder@http-nio-8081-exec-4] binding parameter [1] as [VARCHAR] - [anonymous] 
2022-04-26 17:10:56.411 DEBUG [org.hibernate.SQL@http-nio-8081-exec-4] select roles0_.user_account_id as user_acc1_18_0_, roles0_.id as id1_18_0_, roles0_.id as id1_0_1_, roles0_.version as version2_0_1_, roles0_.user_account_id as user_acc1_18_1_, roles0_.company as company1_7_1_, roles0_.sector as sector2_7_1_, roles0_.company as company1_8_1_, roles0_.info as info2_8_1_, roles0_.statement as statemen3_8_1_, roles0_.company as company1_10_1_, roles0_.info as info2_10_1_, roles0_.statement as statemen3_10_1_, roles0_.company as company1_13_1_, roles0_.sector as sector2_13_1_, roles0_.clazz_ as clazz_1_ from ( select id, version, user_account_id, company, sector, null as info, null as statement, 10 as clazz_ from consumer union all select id, version, user_account_id, company, null as sector, info, statement, 11 as clazz_ from inventor union all select id, version, user_account_id, company, null as sector, info, statement, 12 as clazz_ from patron union all select id, version, user_account_id, company, sector, null as info, null as statement, 13 as clazz_ from provider union all select id, version, user_account_id, null as company, null as sector, null as info, null as statement, 15 as clazz_ from administrator union all select id, version, user_account_id, null as company, null as sector, null as info, null as statement, 16 as clazz_ from anonymous union all select id, version, user_account_id, null as company, null as sector, null as info, null as statement, 17 as clazz_ from any union all select id, version, user_account_id, null as company, null as sector, null as info, null as statement, 18 as clazz_ from authenticated ) roles0_ where roles0_.user_account_id=? 
2022-04-26 17:10:56.412 TRACE [org.hibernate.type.descriptor.sql.BasicBinder@http-nio-8081-exec-4] binding parameter [1] as [INTEGER] - [1] 
2022-04-26 17:10:59.468 DEBUG [acme.framework.components.tiles.DynamicTilesView@http-nio-8081-exec-10] View name 'master/sign-in', model {username=, password=, remember=false} 
2022-04-26 17:10:59.472 DEBUG [org.apache.jasper.servlet.JspServlet@http-nio-8081-exec-10] JspEngine --> /WEB-INF/views/master/page.jsp 
2022-04-26 17:10:59.474 DEBUG [org.apache.jasper.servlet.JspServlet@http-nio-8081-exec-10] ServletPath: /WEB-INF/views/master/page.jsp 
2022-04-26 17:10:59.475 DEBUG [org.apache.jasper.servlet.JspServlet@http-nio-8081-exec-10] PathInfo: null 
2022-04-26 17:10:59.482 DEBUG [org.apache.jasper.servlet.JspServlet@http-nio-8081-exec-10] RealPath: C:\Users\MRF\Desktop\Workspace-22.0\Projects\Acme-Toolkits\target\classes\WEB-INF\views\master\page.jsp 
2022-04-26 17:10:59.483 DEBUG [org.apache.jasper.servlet.JspServlet@http-nio-8081-exec-10] RequestURI: /acme-toolkits-22.1/WEB-INF/views/master/page.jsp 
2022-04-26 17:10:59.485 DEBUG [org.apache.jasper.servlet.JspServlet@http-nio-8081-exec-10] QueryString: null 
2022-04-26 17:10:59.872 DEBUG [org.apache.jasper.servlet.JspServlet@http-nio-8081-exec-10] JspEngine --> /WEB-INF/views/master/sign-in.jsp 
2022-04-26 17:10:59.873 DEBUG [org.apache.jasper.servlet.JspServlet@http-nio-8081-exec-10] ServletPath: /WEB-INF/views/master/page.jsp 
2022-04-26 17:10:59.873 DEBUG [org.apache.jasper.servlet.JspServlet@http-nio-8081-exec-10] PathInfo: null 
2022-04-26 17:10:59.874 DEBUG [org.apache.jasper.servlet.JspServlet@http-nio-8081-exec-10] RealPath: C:\Users\MRF\Desktop\Workspace-22.0\Projects\Acme-Toolkits\target\classes\WEB-INF\views\master\sign-in.jsp 
2022-04-26 17:10:59.874 DEBUG [org.apache.jasper.servlet.JspServlet@http-nio-8081-exec-10] RequestURI: /acme-toolkits-22.1/WEB-INF/views/master/page.jsp 
2022-04-26 17:10:59.875 DEBUG [org.apache.jasper.servlet.JspServlet@http-nio-8081-exec-10] QueryString: null 
2022-04-26 17:11:02.307 DEBUG [org.hibernate.SQL@http-nio-8081-exec-10] select useraccoun0_.id as id1_0_, useraccoun0_.version as version2_0_, useraccoun0_.enabled as enabled1_17_, useraccoun0_.identity as identity2_17_, useraccoun0_.password as password3_17_, useraccoun0_.username as username4_17_ from user_account useraccoun0_ where useraccoun0_.username=? 
2022-04-26 17:11:02.308 TRACE [org.hibernate.type.descriptor.sql.BasicBinder@http-nio-8081-exec-10] binding parameter [1] as [VARCHAR] - [anonymous] 
2022-04-26 17:11:02.311 DEBUG [org.hibernate.SQL@http-nio-8081-exec-10] select roles0_.user_account_id as user_acc1_18_0_, roles0_.id as id1_18_0_, roles0_.id as id1_0_1_, roles0_.version as version2_0_1_, roles0_.user_account_id as user_acc1_18_1_, roles0_.company as company1_7_1_, roles0_.sector as sector2_7_1_, roles0_.company as company1_8_1_, roles0_.info as info2_8_1_, roles0_.statement as statemen3_8_1_, roles0_.company as company1_10_1_, roles0_.info as info2_10_1_, roles0_.statement as statemen3_10_1_, roles0_.company as company1_13_1_, roles0_.sector as sector2_13_1_, roles0_.clazz_ as clazz_1_ from ( select id, version, user_account_id, company, sector, null as info, null as statement, 10 as clazz_ from consumer union all select id, version, user_account_id, company, null as sector, info, statement, 11 as clazz_ from inventor union all select id, version, user_account_id, company, null as sector, info, statement, 12 as clazz_ from patron union all select id, version, user_account_id, company, sector, null as info, null as statement, 13 as clazz_ from provider union all select id, version, user_account_id, null as company, null as sector, null as info, null as statement, 15 as clazz_ from administrator union all select id, version, user_account_id, null as company, null as sector, null as info, null as statement, 16 as clazz_ from anonymous union all select id, version, user_account_id, null as company, null as sector, null as info, null as statement, 17 as clazz_ from any union all select id, version, user_account_id, null as company, null as sector, null as info, null as statement, 18 as clazz_ from authenticated ) roles0_ where roles0_.user_account_id=? 
2022-04-26 17:11:02.312 TRACE [org.hibernate.type.descriptor.sql.BasicBinder@http-nio-8081-exec-10] binding parameter [1] as [INTEGER] - [1] 
2022-04-26 17:11:05.212 DEBUG [org.hibernate.SQL@http-nio-8081-exec-6] select useraccoun0_.id as id1_0_, useraccoun0_.version as version2_0_, useraccoun0_.enabled as enabled1_17_, useraccoun0_.identity as identity2_17_, useraccoun0_.password as password3_17_, useraccoun0_.username as username4_17_ from user_account useraccoun0_ where useraccoun0_.username=? 
2022-04-26 17:11:05.213 TRACE [org.hibernate.type.descriptor.sql.BasicBinder@http-nio-8081-exec-6] binding parameter [1] as [VARCHAR] - [inventor1] 
2022-04-26 17:11:05.216 DEBUG [org.hibernate.SQL@http-nio-8081-exec-6] select roles0_.user_account_id as user_acc1_18_0_, roles0_.id as id1_18_0_, roles0_.id as id1_0_1_, roles0_.version as version2_0_1_, roles0_.user_account_id as user_acc1_18_1_, roles0_.company as company1_7_1_, roles0_.sector as sector2_7_1_, roles0_.company as company1_8_1_, roles0_.info as info2_8_1_, roles0_.statement as statemen3_8_1_, roles0_.company as company1_10_1_, roles0_.info as info2_10_1_, roles0_.statement as statemen3_10_1_, roles0_.company as company1_13_1_, roles0_.sector as sector2_13_1_, roles0_.clazz_ as clazz_1_ from ( select id, version, user_account_id, company, sector, null as info, null as statement, 10 as clazz_ from consumer union all select id, version, user_account_id, company, null as sector, info, statement, 11 as clazz_ from inventor union all select id, version, user_account_id, company, null as sector, info, statement, 12 as clazz_ from patron union all select id, version, user_account_id, company, sector, null as info, null as statement, 13 as clazz_ from provider union all select id, version, user_account_id, null as company, null as sector, null as info, null as statement, 15 as clazz_ from administrator union all select id, version, user_account_id, null as company, null as sector, null as info, null as statement, 16 as clazz_ from anonymous union all select id, version, user_account_id, null as company, null as sector, null as info, null as statement, 17 as clazz_ from any union all select id, version, user_account_id, null as company, null as sector, null as info, null as statement, 18 as clazz_ from authenticated ) roles0_ where roles0_.user_account_id=? 
2022-04-26 17:11:05.217 TRACE [org.hibernate.type.descriptor.sql.BasicBinder@http-nio-8081-exec-6] binding parameter [1] as [INTEGER] - [6] 
2022-04-26 17:11:05.247 DEBUG [acme.framework.components.tiles.DynamicTilesView@http-nio-8081-exec-4] View name 'fragments/welcome', model {} 
2022-04-26 17:11:05.248 DEBUG [org.apache.jasper.servlet.JspServlet@http-nio-8081-exec-4] JspEngine --> /WEB-INF/views/master/page.jsp 
2022-04-26 17:11:05.249 DEBUG [org.apache.jasper.servlet.JspServlet@http-nio-8081-exec-4] ServletPath: /WEB-INF/views/master/page.jsp 
2022-04-26 17:11:05.250 DEBUG [org.apache.jasper.servlet.JspServlet@http-nio-8081-exec-4] PathInfo: null 
2022-04-26 17:11:05.252 DEBUG [org.apache.jasper.servlet.JspServlet@http-nio-8081-exec-4] RealPath: C:\Users\MRF\Desktop\Workspace-22.0\Projects\Acme-Toolkits\target\classes\WEB-INF\views\master\page.jsp 
2022-04-26 17:11:05.253 DEBUG [org.apache.jasper.servlet.JspServlet@http-nio-8081-exec-4] RequestURI: /acme-toolkits-22.1/WEB-INF/views/master/page.jsp 
2022-04-26 17:11:05.253 DEBUG [org.apache.jasper.servlet.JspServlet@http-nio-8081-exec-4] QueryString: null 
2022-04-26 17:11:05.646 DEBUG [org.apache.jasper.servlet.JspServlet@http-nio-8081-exec-4] JspEngine --> /WEB-INF/views/fragments/welcome.jsp 
2022-04-26 17:11:05.647 DEBUG [org.apache.jasper.servlet.JspServlet@http-nio-8081-exec-4] ServletPath: /WEB-INF/views/master/page.jsp 
2022-04-26 17:11:05.648 DEBUG [org.apache.jasper.servlet.JspServlet@http-nio-8081-exec-4] PathInfo: null 
2022-04-26 17:11:05.651 DEBUG [org.apache.jasper.servlet.JspServlet@http-nio-8081-exec-4] RealPath: C:\Users\MRF\Desktop\Workspace-22.0\Projects\Acme-Toolkits\target\classes\WEB-INF\views\fragments\welcome.jsp 
2022-04-26 17:11:05.652 DEBUG [org.apache.jasper.servlet.JspServlet@http-nio-8081-exec-4] RequestURI: /acme-toolkits-22.1/WEB-INF/views/master/page.jsp 
2022-04-26 17:11:05.653 DEBUG [org.apache.jasper.servlet.JspServlet@http-nio-8081-exec-4] QueryString: null 
2022-04-26 17:11:11.492 DEBUG [acme.framework.controllers.AbstractController@http-nio-8081-exec-10] DISPATCHING GET /acme-toolkits-22.1/inventor/item/list-all-mine-items 
2022-04-26 17:11:11.494 DEBUG [acme.framework.controllers.AbstractController@http-nio-8081-exec-10] Command: list-all-mine-items 
2022-04-26 17:11:11.494 DEBUG [acme.framework.controllers.AbstractController@http-nio-8081-exec-10] Model:   {} 
2022-04-26 17:11:11.494 DEBUG [acme.framework.controllers.AbstractController@http-nio-8081-exec-10] Locale:  en 
2022-04-26 17:11:11.584 DEBUG [org.hibernate.SQL@http-nio-8081-exec-10] select item0_.id as id1_0_, item0_.version as version2_0_, item0_.code as code1_9_, item0_.description as descript2_9_, item0_.inventor_id as invento10_9_, item0_.link as link3_9_, item0_.name as name4_9_, item0_.published as publishe5_9_, item0_.retail_price_amount as retail_p6_9_, item0_.retail_price_currency as retail_p7_9_, item0_.technology as technolo8_9_, item0_.type as type9_9_ from item item0_ where item0_.inventor_id=? 
2022-04-26 17:11:11.585 TRACE [org.hibernate.type.descriptor.sql.BasicBinder@http-nio-8081-exec-10] binding parameter [1] as [INTEGER] - [12] 
2022-04-26 17:11:11.592 DEBUG [org.hibernate.SQL@http-nio-8081-exec-10] select inventor0_.id as id1_0_0_, inventor0_.version as version2_0_0_, inventor0_.user_account_id as user_acc1_18_0_, inventor0_.company as company1_8_0_, inventor0_.info as info2_8_0_, inventor0_.statement as statemen3_8_0_, useraccoun1_.id as id1_0_1_, useraccoun1_.version as version2_0_1_, useraccoun1_.enabled as enabled1_17_1_, useraccoun1_.identity as identity2_17_1_, useraccoun1_.password as password3_17_1_, useraccoun1_.username as username4_17_1_ from inventor inventor0_ inner join user_account useraccoun1_ on inventor0_.user_account_id=useraccoun1_.id where inventor0_.id=? 
2022-04-26 17:11:11.593 TRACE [org.hibernate.type.descriptor.sql.BasicBinder@http-nio-8081-exec-10] binding parameter [1] as [INTEGER] - [12] 
2022-04-26 17:11:11.661 DEBUG [acme.framework.controllers.AbstractController@http-nio-8081-exec-10] SERVING GET /acme-toolkits-22.1/inventor/item/list-all-mine-items 
2022-04-26 17:11:11.661 DEBUG [acme.framework.controllers.AbstractController@http-nio-8081-exec-10] Result: ModelAndView [view="inventor/item/list"; model={version[2]=0, version[1]=0, type[0]=COMPONENT, type[2]=COMPONENT, type[1]=TOOL, list$size=3, code[0]=BCD-234-Z, version[0]=0, code[1]=MNT-341, name[2]=Item Prueba del Create 2, id[1]=44, code[2]=MNT-342, id[0]=22, id[2]=46, name[1]=Item Prueba del Create, name[0]=Component 02, command=list-all-mine-items, principal=acme.framework.entities.Principal@bd9348}] 
2022-04-26 17:11:11.669 DEBUG [acme.framework.components.tiles.DynamicTilesView@http-nio-8081-exec-10] View name 'inventor/item/list', model {version[2]=0, version[1]=0, type[0]=COMPONENT, type[2]=COMPONENT, type[1]=TOOL, list$size=3, code[0]=BCD-234-Z, version[0]=0, code[1]=MNT-341, name[2]=Item Prueba del Create 2, id[1]=44, code[2]=MNT-342, id[0]=22, id[2]=46, name[1]=Item Prueba del Create, name[0]=Component 02, command=list-all-mine-items, principal=acme.framework.entities.Principal@bd9348, org.springframework.validation.BindingResult.principal=org.springframework.validation.BeanPropertyBindingResult: 0 errors} 
2022-04-26 17:11:11.671 DEBUG [org.apache.jasper.servlet.JspServlet@http-nio-8081-exec-10] JspEngine --> /WEB-INF/views/master/page.jsp 
2022-04-26 17:11:11.671 DEBUG [org.apache.jasper.servlet.JspServlet@http-nio-8081-exec-10] ServletPath: /WEB-INF/views/master/page.jsp 
2022-04-26 17:11:11.672 DEBUG [org.apache.jasper.servlet.JspServlet@http-nio-8081-exec-10] PathInfo: null 
2022-04-26 17:11:11.673 DEBUG [org.apache.jasper.servlet.JspServlet@http-nio-8081-exec-10] RealPath: C:\Users\MRF\Desktop\Workspace-22.0\Projects\Acme-Toolkits\target\classes\WEB-INF\views\master\page.jsp 
2022-04-26 17:11:11.674 DEBUG [org.apache.jasper.servlet.JspServlet@http-nio-8081-exec-10] RequestURI: /acme-toolkits-22.1/WEB-INF/views/master/page.jsp 
2022-04-26 17:11:11.674 DEBUG [org.apache.jasper.servlet.JspServlet@http-nio-8081-exec-10] QueryString: null 
2022-04-26 17:11:12.115 DEBUG [org.apache.jasper.servlet.JspServlet@http-nio-8081-exec-10] JspEngine --> /WEB-INF/views/inventor/item/list.jsp 
2022-04-26 17:11:12.116 DEBUG [org.apache.jasper.servlet.JspServlet@http-nio-8081-exec-10] ServletPath: /WEB-INF/views/master/page.jsp 
2022-04-26 17:11:12.118 DEBUG [org.apache.jasper.servlet.JspServlet@http-nio-8081-exec-10] PathInfo: null 
2022-04-26 17:11:12.126 DEBUG [org.apache.jasper.servlet.JspServlet@http-nio-8081-exec-10] RealPath: C:\Users\MRF\Desktop\Workspace-22.0\Projects\Acme-Toolkits\target\classes\WEB-INF\views\inventor\item\list.jsp 
2022-04-26 17:11:12.128 DEBUG [org.apache.jasper.servlet.JspServlet@http-nio-8081-exec-10] RequestURI: /acme-toolkits-22.1/WEB-INF/views/master/page.jsp 
2022-04-26 17:11:12.129 DEBUG [org.apache.jasper.servlet.JspServlet@http-nio-8081-exec-10] QueryString: null 
2022-04-26 17:11:15.331 DEBUG [acme.framework.controllers.AbstractController@http-nio-8081-exec-2] DISPATCHING GET /acme-toolkits-22.1/inventor/item/show 
2022-04-26 17:11:15.332 DEBUG [acme.framework.controllers.AbstractController@http-nio-8081-exec-2] Command: show 
2022-04-26 17:11:15.332 DEBUG [acme.framework.controllers.AbstractController@http-nio-8081-exec-2] Model:   {id=46} 
2022-04-26 17:11:15.333 DEBUG [acme.framework.controllers.AbstractController@http-nio-8081-exec-2] Locale:  en 
2022-04-26 17:11:15.360 DEBUG [org.hibernate.SQL@http-nio-8081-exec-2] select item0_.id as id1_0_, item0_.version as version2_0_, item0_.code as code1_9_, item0_.description as descript2_9_, item0_.inventor_id as invento10_9_, item0_.link as link3_9_, item0_.name as name4_9_, item0_.published as publishe5_9_, item0_.retail_price_amount as retail_p6_9_, item0_.retail_price_currency as retail_p7_9_, item0_.technology as technolo8_9_, item0_.type as type9_9_ from item item0_ where item0_.id=? 
2022-04-26 17:11:15.361 TRACE [org.hibernate.type.descriptor.sql.BasicBinder@http-nio-8081-exec-2] binding parameter [1] as [INTEGER] - [46] 
2022-04-26 17:11:15.364 DEBUG [org.hibernate.SQL@http-nio-8081-exec-2] select inventor0_.id as id1_0_0_, inventor0_.version as version2_0_0_, inventor0_.user_account_id as user_acc1_18_0_, inventor0_.company as company1_8_0_, inventor0_.info as info2_8_0_, inventor0_.statement as statemen3_8_0_, useraccoun1_.id as id1_0_1_, useraccoun1_.version as version2_0_1_, useraccoun1_.enabled as enabled1_17_1_, useraccoun1_.identity as identity2_17_1_, useraccoun1_.password as password3_17_1_, useraccoun1_.username as username4_17_1_ from inventor inventor0_ inner join user_account useraccoun1_ on inventor0_.user_account_id=useraccoun1_.id where inventor0_.id=? 
2022-04-26 17:11:15.365 TRACE [org.hibernate.type.descriptor.sql.BasicBinder@http-nio-8081-exec-2] binding parameter [1] as [INTEGER] - [12] 
2022-04-26 17:11:15.398 DEBUG [org.hibernate.SQL@http-nio-8081-exec-2] select item0_.id as id1_0_, item0_.version as version2_0_, item0_.code as code1_9_, item0_.description as descript2_9_, item0_.inventor_id as invento10_9_, item0_.link as link3_9_, item0_.name as name4_9_, item0_.published as publishe5_9_, item0_.retail_price_amount as retail_p6_9_, item0_.retail_price_currency as retail_p7_9_, item0_.technology as technolo8_9_, item0_.type as type9_9_ from item item0_ where item0_.id=? 
2022-04-26 17:11:15.398 TRACE [org.hibernate.type.descriptor.sql.BasicBinder@http-nio-8081-exec-2] binding parameter [1] as [INTEGER] - [46] 
2022-04-26 17:11:15.404 DEBUG [acme.framework.controllers.AbstractController@http-nio-8081-exec-2] SERVING GET /acme-toolkits-22.1/inventor/item/show 
2022-04-26 17:11:15.406 DEBUG [acme.framework.controllers.AbstractController@http-nio-8081-exec-2] Result: ModelAndView [view="inventor/item/form"; model={code=MNT-342, readonly=true, name=Item Prueba del Create 2, link=https://item.com, description=Creando item, technology=Loren 2, id=46, confirmation=false, type=COMPONENT, retailPrice=<<EUR 30.00>>, version=0, command=show, principal=acme.framework.entities.Principal@bd9348}] 
2022-04-26 17:11:15.407 DEBUG [acme.framework.components.tiles.DynamicTilesView@http-nio-8081-exec-2] View name 'inventor/item/form', model {code=MNT-342, readonly=true, name=Item Prueba del Create 2, link=https://item.com, description=Creando item, technology=Loren 2, id=46, confirmation=false, type=COMPONENT, retailPrice=<<EUR 30.00>>, version=0, command=show, principal=acme.framework.entities.Principal@bd9348, org.springframework.validation.BindingResult.retailPrice=org.springframework.validation.BeanPropertyBindingResult: 0 errors, org.springframework.validation.BindingResult.principal=org.springframework.validation.BeanPropertyBindingResult: 0 errors} 
2022-04-26 17:11:15.409 DEBUG [org.apache.jasper.servlet.JspServlet@http-nio-8081-exec-2] JspEngine --> /WEB-INF/views/master/page.jsp 
2022-04-26 17:11:15.409 DEBUG [org.apache.jasper.servlet.JspServlet@http-nio-8081-exec-2] ServletPath: /WEB-INF/views/master/page.jsp 
2022-04-26 17:11:15.409 DEBUG [org.apache.jasper.servlet.JspServlet@http-nio-8081-exec-2] PathInfo: null 
2022-04-26 17:11:15.411 DEBUG [org.apache.jasper.servlet.JspServlet@http-nio-8081-exec-2] RealPath: C:\Users\MRF\Desktop\Workspace-22.0\Projects\Acme-Toolkits\target\classes\WEB-INF\views\master\page.jsp 
2022-04-26 17:11:15.411 DEBUG [org.apache.jasper.servlet.JspServlet@http-nio-8081-exec-2] RequestURI: /acme-toolkits-22.1/WEB-INF/views/master/page.jsp 
2022-04-26 17:11:15.412 DEBUG [org.apache.jasper.servlet.JspServlet@http-nio-8081-exec-2] QueryString: id=46 
2022-04-26 17:11:15.778 DEBUG [org.apache.jasper.servlet.JspServlet@http-nio-8081-exec-2] JspEngine --> /WEB-INF/views/inventor/item/form.jsp 
2022-04-26 17:11:15.779 DEBUG [org.apache.jasper.servlet.JspServlet@http-nio-8081-exec-2] ServletPath: /WEB-INF/views/master/page.jsp 
2022-04-26 17:11:15.780 DEBUG [org.apache.jasper.servlet.JspServlet@http-nio-8081-exec-2] PathInfo: null 
2022-04-26 17:11:15.782 DEBUG [org.apache.jasper.servlet.JspServlet@http-nio-8081-exec-2] RealPath: C:\Users\MRF\Desktop\Workspace-22.0\Projects\Acme-Toolkits\target\classes\WEB-INF\views\inventor\item\form.jsp 
2022-04-26 17:11:15.783 DEBUG [org.apache.jasper.servlet.JspServlet@http-nio-8081-exec-2] RequestURI: /acme-toolkits-22.1/WEB-INF/views/master/page.jsp 
2022-04-26 17:11:15.784 DEBUG [org.apache.jasper.servlet.JspServlet@http-nio-8081-exec-2] QueryString: id=46 
2022-04-26 17:11:19.789 DEBUG [acme.framework.controllers.AbstractController@http-nio-8081-exec-5] DISPATCHING POST /acme-toolkits-22.1/inventor/item/update 
2022-04-26 17:11:19.790 DEBUG [acme.framework.controllers.AbstractController@http-nio-8081-exec-5] Command: update 
2022-04-26 17:11:19.790 DEBUG [acme.framework.controllers.AbstractController@http-nio-8081-exec-5] Model:   {id=46, version=0, _csrf=d1543638-6895-4623-808b-7e1dab56d5fc} 
2022-04-26 17:11:19.790 DEBUG [acme.framework.controllers.AbstractController@http-nio-8081-exec-5] Locale:  en 
2022-04-26 17:11:19.819 DEBUG [org.hibernate.SQL@http-nio-8081-exec-5] select item0_.id as id1_0_, item0_.version as version2_0_, item0_.code as code1_9_, item0_.description as descript2_9_, item0_.inventor_id as invento10_9_, item0_.link as link3_9_, item0_.name as name4_9_, item0_.published as publishe5_9_, item0_.retail_price_amount as retail_p6_9_, item0_.retail_price_currency as retail_p7_9_, item0_.technology as technolo8_9_, item0_.type as type9_9_ from item item0_ where item0_.id=? 
2022-04-26 17:11:19.822 TRACE [org.hibernate.type.descriptor.sql.BasicBinder@http-nio-8081-exec-5] binding parameter [1] as [INTEGER] - [46] 
2022-04-26 17:11:19.825 DEBUG [org.hibernate.SQL@http-nio-8081-exec-5] select inventor0_.id as id1_0_0_, inventor0_.version as version2_0_0_, inventor0_.user_account_id as user_acc1_18_0_, inventor0_.company as company1_8_0_, inventor0_.info as info2_8_0_, inventor0_.statement as statemen3_8_0_, useraccoun1_.id as id1_0_1_, useraccoun1_.version as version2_0_1_, useraccoun1_.enabled as enabled1_17_1_, useraccoun1_.identity as identity2_17_1_, useraccoun1_.password as password3_17_1_, useraccoun1_.username as username4_17_1_ from inventor inventor0_ inner join user_account useraccoun1_ on inventor0_.user_account_id=useraccoun1_.id where inventor0_.id=? 
2022-04-26 17:11:19.827 TRACE [org.hibernate.type.descriptor.sql.BasicBinder@http-nio-8081-exec-5] binding parameter [1] as [INTEGER] - [12] 
2022-04-26 17:11:19.841 DEBUG [org.hibernate.SQL@http-nio-8081-exec-5] select item0_.id as id1_0_, item0_.version as version2_0_, item0_.code as code1_9_, item0_.description as descript2_9_, item0_.inventor_id as invento10_9_, item0_.link as link3_9_, item0_.name as name4_9_, item0_.published as publishe5_9_, item0_.retail_price_amount as retail_p6_9_, item0_.retail_price_currency as retail_p7_9_, item0_.technology as technolo8_9_, item0_.type as type9_9_ from item item0_ where item0_.id=? 
2022-04-26 17:11:19.842 TRACE [org.hibernate.type.descriptor.sql.BasicBinder@http-nio-8081-exec-5] binding parameter [1] as [INTEGER] - [46] 
2022-04-26 17:11:19.867 DEBUG [acme.framework.controllers.AbstractController@http-nio-8081-exec-5] SERVING POST /acme-toolkits-22.1/inventor/item/update 
2022-04-26 17:11:19.868 DEBUG [acme.framework.controllers.AbstractController@http-nio-8081-exec-5] Result: ModelAndView [view="master/panic"; model={oops=java.lang.AssertionError: Attribute 'technology' is missing in your model}] 
2022-04-26 17:11:19.870 DEBUG [acme.framework.components.tiles.DynamicTilesView@http-nio-8081-exec-5] View name 'master/panic', model {oops=java.lang.AssertionError: Attribute 'technology' is missing in your model, org.springframework.validation.BindingResult.oops=org.springframework.validation.BeanPropertyBindingResult: 0 errors} 
2022-04-26 17:11:19.872 DEBUG [org.apache.jasper.servlet.JspServlet@http-nio-8081-exec-5] JspEngine --> /WEB-INF/views/master/page.jsp 
2022-04-26 17:11:19.872 DEBUG [org.apache.jasper.servlet.JspServlet@http-nio-8081-exec-5] ServletPath: /WEB-INF/views/master/page.jsp 
2022-04-26 17:11:19.873 DEBUG [org.apache.jasper.servlet.JspServlet@http-nio-8081-exec-5] PathInfo: null 
2022-04-26 17:11:19.877 DEBUG [org.apache.jasper.servlet.JspServlet@http-nio-8081-exec-5] RealPath: C:\Users\MRF\Desktop\Workspace-22.0\Projects\Acme-Toolkits\target\classes\WEB-INF\views\master\page.jsp 
2022-04-26 17:11:19.877 DEBUG [org.apache.jasper.servlet.JspServlet@http-nio-8081-exec-5] RequestURI: /acme-toolkits-22.1/WEB-INF/views/master/page.jsp 
2022-04-26 17:11:19.879 DEBUG [org.apache.jasper.servlet.JspServlet@http-nio-8081-exec-5] QueryString: id=46 
2022-04-26 17:11:20.572 DEBUG [org.apache.jasper.servlet.JspServlet@http-nio-8081-exec-5] JspEngine --> /WEB-INF/views/master/panic.jsp 
2022-04-26 17:11:20.574 DEBUG [org.apache.jasper.servlet.JspServlet@http-nio-8081-exec-5] ServletPath: /WEB-INF/views/master/page.jsp 
2022-04-26 17:11:20.575 DEBUG [org.apache.jasper.servlet.JspServlet@http-nio-8081-exec-5] PathInfo: null 
2022-04-26 17:11:20.578 DEBUG [org.apache.jasper.servlet.JspServlet@http-nio-8081-exec-5] RealPath: C:\Users\MRF\Desktop\Workspace-22.0\Projects\Acme-Toolkits\target\classes\WEB-INF\views\master\panic.jsp 
2022-04-26 17:11:20.579 DEBUG [org.apache.jasper.servlet.JspServlet@http-nio-8081-exec-5] RequestURI: /acme-toolkits-22.1/WEB-INF/views/master/page.jsp 
2022-04-26 17:11:20.580 DEBUG [org.apache.jasper.servlet.JspServlet@http-nio-8081-exec-5] QueryString: id=46 
2022-04-26 17:11:21.188 ERROR [org.apache.jsp.WEB_002dINF.views.master.panic_jsp@http-nio-8081-exec-5] HTTP POST /acme-toolkits-22.1/WEB-INF/views/master/page.jsp HTTP/1.1 
2022-04-26 17:11:21.188 ERROR [org.apache.jsp.WEB_002dINF.views.master.panic_jsp@http-nio-8081-exec-5] Status: 500 
2022-04-26 17:11:21.189 ERROR [org.apache.jsp.WEB_002dINF.views.master.panic_jsp@http-nio-8081-exec-5] Exception: acme.framework.components.models.Model.getAttribute(Model.java:135): Attribute 'technology' is missing in your model 
