1649077627805	geckodriver	INFO	Listening on 127.0.0.1:32523
console.warn: SearchSettings: "get: No settings file exists, new profile?" (new NotFoundError("Could not open the file at C:\\Users\\usuario\\AppData\\Local\\Temp\\rust_mozprofileTqOPLC\\search.json.mozlz4", (void 0)))
console.error: Region.jsm: "Error fetching region" (new AbortError("The operation was aborted. ", (void 0), 770))
console.error: Region.jsm: "Failed to fetch region" (new Error("NO_RESULT", "resource://gre/modules/Region.jsm", 419))
console.warn: LoginRecipes: "getRecipes: falling back to a synchronous message for:" "http://localhost:8081"
console.warn: LoginRecipes: "getRecipes: falling back to a synchronous message for:" "http://localhost:8081"
JavaScript error: resource://gre/modules/LoginManagerParent.jsm, line 136: TypeError: gRecipeManager is null
console.warn: LoginRecipes: "getRecipes: fallJing baacvka Stcor iap ts yenrcrhorro:n oruess omuerscsea:g/e/ for:" "http://localhost:8081"
gre/modules/LoginManagerParent.jsm, line 136: TypeError: gRecipeManager is null
console.warn: LoginRecipes: "getRecipes: falling back to a synchrJavaScript error: resource:/o/ngorues/ mmoedsuslaegse for:" "htt/LoginManagerParpe:n/t/.ljoscma,l hloisnte: 8103861:" TypeError: gRecipeManager is null

console.warn: LoginRecipes: "getRecipes: falling back to a synchronous message for:" "http://localhost:8081"
JavaScript error: resource://gre/modules/LoginManagerParent.jsm, line 136: TypeError: gRecipeManager is null
console.warn: LoginRecipes: "getReJavaScript ceirpreosr::  fraelsloiunrgce://gre/modules/LoginManagerParent.jsm, li nbea c1k3 6t:o  TypeErar osynr: cghRreocniopuesM amneasgsearg ei sf onru:l"l "
http://localhost:8081"
console.warn: LoginRecipes: "getRecipes: falling back to Ja synchronous messaavgaeS cfroirp:t"  e"rhrtotrp://localh:o srte:s8o0u8r1c"e:
//gre/modules/LoginManagerParent.jsm, line 136: TypeError: gRecipeManager is null
console.warn: LoginRecipes: "getRecipes: falling bacJavaScript error: resource://gre/modules/LoginManagkerParent.jsm, t ol ian es 1y36: TynpeErrocrh:r ognRoeucsi pmeManager is null
essage for:" "http://localhost:8081"
console.warn: LoginRecipes: "getRecipes: falling back to a synchronous message for:" "http://localhost:8081"
JavaScript error: resource://gre/modules/LoginManagerParent.jsm, line 136: TypeError: gRecipeManager is null
console.warn: LoginRecipes: "getRecipes: falling back toJavaS car ispytn cehrrroonro:u sr emseosusracge fore::"/ /"ghrtet/pm:o/d/luloecsa/lLhoogsitn:M8a0n8a1"ge
rParent.jsm, line 136: TypeError: gRecipeManager is null
console.warn: LoginRecipes: "getRecipes: faJavaScript lelrirnogr :b arceks otuor cae :s/y/ngcrher/omondouuls emse/sLsoaggien Mfaonra:g"e r"Phatrtepn:t/.jsm, /llioncea l1h3o6s:t :T8y0p8e1E"rr
or: gRecipeManager is null
console.warn: LoginRecipes: "getRecipes: falling back tJoa vaa Sscyrnichronous message forp:t"  e"http://localhost:8081"
rror: resource://gre/modules/LoginManagerParent.jsm, line 136: TypeError: gRecipeManager is null
console.warn: LoginRecipes: "getRecipes: falling back to a synchronous message for:" "http://localhost:8081"
JavaScript error: resource://gre/modules/LoginManagerParent.jsm, line 136: TypeError: gRecipeManager is null
console.warn: LoginRecipes: "getRecipes: falling back to a synchJraovnous message fora:S"c r"ihpttt pe:r/r/olro:c arlehsoosut:8081"
rce://gre/modules/LoginManagerParent.jsm, line 136: TypeError: gRecipeManager is null
console.warn: LoginRecipes: "getRecipes: falling back to a synchronous message for:" "http://localhost:8081"
JavaScript error: resource://gre/modules/LoginManagerParent.jsm, line 136: TypeError: gRecipeManager is null
console.warn: LoginRecipes: "getRecipes: falling back to a synchronous message for:" "http://locaJlahvoasStc:r8i081"
pt error: resource://gre/modules/LoginManagerParent.jsm, line 136: TypeError: gRecipeManager is null
console.warn: LoginRecipes: "getRecipes: falling back to a synchronous message for:" "http://localhost:8081"
JavaScript error: resource://gre/modules/LoginManagerParent.jsm, line 136: TypeError: gRecipeManager is null
console.warn: LoginRecipes: "getReJavciapSecsr:i pfta lelrirnogr :ba crke stoou ra synchronous message for:" "http://loccael:h/o/sgtr:e8/0m8o1d"u
les/LoginManagerParent.jsm, line 136: TypeError: gRecipeManager is null
console.warn: LoginRecipes: "getRecipes: falling back to a synchronous message for:" "http://localhost:8081"
JavaScript error: resource://gre/modules/LoginManagerParent.jsm, line 136: TypeError: gRecipeManager is null
console.warn: LoginRecipes: "getRecipes: falling back Jtaov aa Script error: resource://gre/modules/LoginManagerParent.jsm, line 136: TypeError: gRecipeManager is null
synchronous message for:" "http://localhost:8081"
console.warn: LoginRecipes: "getRecipes: falling back to a synchronous message for:"J a"vhatStcpr:i/p/tl oecrarlohro:s tr:e8s0o8u1r"ce://gre/modules/LoginManagerParent.jsm, line 136: TypeError: gRecipeManager is null

console.warn: LoginRecipes: "getRecipes: fallJianvga Sbcarciptk  etror oar :s yrnecshoruorncoeu://gre/sm omesdsage foru:l"e s"/hLtotgpi:n/M/alnagerParenotc.ajlshmo,s tl:i8n0e8 11"36
: TypeError: gRecipeManager is null
console.warn: LoginRecipes: "getRecipes: falling back to a synchronous message for:" "http://localhost:808JavaScript error: resource://g1"
re/modules/LoginManagerParent.jsm, line 136: TypeError: gRecipeManager is null
console.warn: LoginRecipes: "getRecipes: falling back to a synchronous message for:" "http://localhost:8081"
JavaScript error: resource://gre/modules/LoginManagerParent.jsm, line 136: TypeError: gRecipeManager is null
console.warn: LoginRecipes: "getRecipes: falling bJack toa a synchronous mesvsaaSgcer ifpotr :e"r r"ohrt:t pr:e//localhost:8081"
source://gre/modules/LoginManagerParent.jsm, line 136: TypeError: gRecipeManager is null
console.warn: LoginRecipes: "getRecipes: falling back to a synchronous message for:" "http://localhost:8081"
JavaScript error: resource://gre/modules/LoginManagerParent.jsm, line 136: TypeError: gRecipeManager is null
console.warn: LoginRecipes: "getRecJaipveasS:c rfiapltl ienrgr obra:c kr etsoo uar cseync://gre/modules/LoginManagerParent.jsm, lhirnoe 136: TypeError: gRecipeManager is null
nous message for:" "http://localhost:8081"
console.warn: LoginRecipes: "getRecipes: fallJainvga Sbcarcik to a synchronous message for:" "hpttt pe:r/r/olro:c arlehsoosutr:c8e0:8/1/"gr
e/modules/LoginManagerParent.jsm, line 136: TypeError: gRecipeManager is null
console.warn: LoginRecipes: "getRecipJavaSecsr:i pfta lelriror: resource://gre/modules/LoginngM abnaacgke rtPoa rae synchronous message fonr:" "httpt://localhost:8.jsm, line 136: TypeError: gRecipeManager is null
081"
console.warn: LoginRecipes: "getRecipes: falling back to a synchroJavnous message for:" "http://localhost:8081"
aScript error: resource://gre/modules/LoginManagerParent.jsm, line 136: TypeError: gRecipeManager is null
console.warn: LoginRecipes: "getRecipes: falling back to a synchronous message for:" "http://localhost:8081"
JavaScript error: resource://gre/modules/LoginManagerParent.jsm, line 136: TypeError: gRecipeManager is null
console.warn: LoginRecipes: "getRecipes: falling back to a synchronous message for:" "http://localhost:8081"
JavaScript error: resource://gre/modules/LoginManagerParent.jsm, line 136: TypeError: gRecipeManager is null
console.warn: LoginRecipes: "getRecipes: falling back to a synchronous message for:" "http://localhost:8081"
JavaScript error: resource://gre/modules/LoginManagerParent.jsm, line 136: TypeError: gRecipeManager is null
console.warn: LoginRecipes: "getRecipes: falling back to a synchronous message for:" "http://localhost:8081"
JavaScript error: resource://gre/modules/LoginManagerParent.jsm, line 136: TypeError: gRecipeManager is null
console.warn: LoginRecipes: "getRecipes: falling back to a synchronous message for:JavaScript erro"r :" hrtetspo:u/r/cleo:c/a/lghroes/tm:o8d0u8l1e"s/
LoginManagerParent.jsm, line 136: TypeError: gRecipeManager is null
console.warn: LoginRecipes: "getRecipes: fallinJavaScript error: resource://ggr eback t/om odau lsynchronous message for:" "http://localhost:8081"
es/LoginManagerParent.jsm, line 136: TypeError: gRecipeManager is null
console.warn: LoginRecipes: "getRecipes: falling back to a synchronous message for:" "http://localhost:8081"
JavaScript error: resource://gre/modules/LoginManagerParent.jsm, line 136: TypeError: gRecipeManager is null
console.warn: LoginRecipes: "getRecipes: falling back to a synchronous mesJsaavgaeS cfroirp:t"  e"rhrttp://localhost:8o0r8:1 "re
source://gre/modules/LoginManagerParent.jsm, line 136: TypeError: gRecipeManager is null
console.warn: LoginRecipes: "getRecipes: falling back to a synchronous message foJavaSrc:r"i p"th ertrtopr::/ /rlesource://gre/modules/LoginoMcaanlahost:8081"
gerParent.jsm, line 136: TypeError: gRecipeManager is null
console.warn: LoginRecipes: "getRecipes: falling back to a synchronous message fJavaScorri:p"t  "ehrtrtopr: resou:r/c/el:o/c/aglrheo/smto:d8u0l8e1s"/Logi
nManagerParent.jsm, line 136: TypeError: gRecipeManager is null
console.warn: LoginRecipes: "getRecipes: falling back to aJavaS csryinpcth reornroours:  mreesssoaugrec ef:o/r/:g"r e"/hmtotdpu:l//localhost:8081"
es/LoginManagerParent.jsm, line 136: TypeError: gRecipeManager is null
console.warn: LoginRecipes: "getRecipes: falling back to a synchronous message for:"JavaScript er r"ohrt:t pr:e/s/oluorccael:h/o/sgre/modules/LoginManagerParent.jsm, line 136t:: 8T0y8p1e"Error: gRecipe
Manager is null
console.warn: LoginRecipes: "getRecipes: falling back to a synchronous message for:" "http://localhost:8081"
JavaScript error: resource://gre/modules/LoginManagerParent.jsm, line 136: TypeError: gRecipeManager is null
console.warn: LoginRecipes: "getRecipes: falJlaivnagS cbraicpkt  teor rao rs:y nrcehsroounrocues: /m/egsrsea/modules/LoginManagerParent.jsm, line g1e3 6:f oTry:p"e E"rhrtotrp:: /g/RleocciaplehMoasnta:g8er is null
081"
console.warn: LoginRecipes: "getRecipes: falling bacJavakS ctroi pat  seyrnrcohrr:o nroeusource://gre/modules/LoginManagerParent.jsm, line 136: TypeError: sg message for:" "http://localhost:8081"
RecipeManager is null
console.warn: LoginRecipes: "getRecipes: falling back to a sJyavaScript error: resource://gre/modules/LoginManagerParent.jsm, line 136: TnypechErrror: gReonous messagce foipeManager is null
r:" "http://localhost:8081"
console.warn: LoginRecipes: "getRecipes: falling back to a synchronous message for:" "http://localhost:8081"
JavaScript error: resource://gre/modules/LoginManagerParent.jsm, line 136: TypeError: gRecipeManager is null
console.warn: LoginRecipes: "getRecipes: fallJaivaScript error: resource://gre/modules/LoginMannagg ebraPcakr to a synchronous message for:" "http://localhost:8081"
ent.jsm, line 136: TypeError: gRecipeManager is null
console.warn: LoginRecipes: "getRecipes: fallingJ abvaacSkc rtiop ta  esryrnocrh:r orneosuosu rmcees://gre/modules/LoginManagerParensta.gjes mf,or:" "http://localhost:8081"
 line 136: TypeError: gRecipeManager is null
console.warn: LoginRecipes: "getRecipes: fallingJ avaScript erbraocrk:  troe saource:/ /sgyrnec/hmodules/LoginManagerParent.jsm, line 136:r onousT ympeesEsrargeor:  fgoRr:" "ehctitppe:M/a/nlaogcearl hiosst:8081"
 null
console.warn: LoginRecipes: "getRecipes: falling back to a synchronous message for:" "http://localhost:8081"
JavaScript error: resource://gre/modules/LoginManagerParent.jsm, line 136: TypeError: gRecipeManager is null
console.warn: LoginRecipes: "getRecipes: falling back to a synchronous message for:" "http://localhost:8081"JavaScript error: resource://gre/modules/LoginManagerParent.jsm, line 136: TypeError: gRecipeManager is null

console.warn: LoginRecipes: "getRecipes: falling back to a sJavaScript error: resource://gre/modules/LoginManagerParent.jsm, line 136: TypeError: gRecipeManager is null
ynchronous message for:" "http://localhost:8081"
console.warn: LoginRecipes: "getRecipes: fallinJga vbaScripatc ke rtroo ra:  sryenscohurrocneo:u/s/ gmrees/sage for:" "http://mloodules/LoginManagerParent.jsm, line 136: TypeError: gRecipeManagerc ailhost:8081"
s null
console.warn: LoginRecipes: "getRecipes: falling back to a synchronous message for:" "http://localhost:J8081"
avaScript error: resource://gre/modules/LoginManagerParent.jsm, line 136: TypeError: gRecipeManager is null
console.warn: LoginRecipes: "getRecipes: falling back to a synchronous message for:" "http://localhost:8081"
JavaScript error: resource://gre/modules/LoginManagerParent.jsm, line 136: TypeError: gRecipeManager is null
console.warn: LoginRecipes: "getRecipes: falling back to a synchronous message for:" "JhatvaScript error: resourtcpe://localhost:8081"
://gre/modules/LoginManagerParent.jsm, line 136: TypeError: gRecipeManager is null
console.warn: LoginRecipes: "getRecipes: falJlaing back to a synchvraoScript ernroours:  mreesssoaugrec ef:o/r/:g"r e"/hmtotdpu:l/e/sl/oLcoaginlhosMta:n8a0g8e1r"Pa
rent.jsm, line 136: TypeError: gRecipeManager is null
1649078143304	addons.xpi	ERROR	System addon update list error Error: Failed downloading XML, status: 0, reason: error
console.warn: LoginRecipes: "getRecipes: falling back to a synchronous message for:" "JavaScript error: resource:h/t/tgpr:e//localhost:8081"
/modules/LoginManagerParent.jsm, line 136: TypeError: gRecipeManager is null
console.warn: LoginRecipes: "getRecipes: falling back to a synchronous message for:" "http://localhost:8081"
JavaScript error: resource://gre/modules/LoginManagerParent.jsm, line 136: TypeError: gRecipeManager is null
console.warn: LoginRecipes: "getRecipes: falling back to a synchronous meJsavaScrsiapge fto re:r"r o"r: resource:h/t/tgpr:e///mloodcuallehsos/tL:o8081"g
inManagerParent.jsm, line 136: TypeError: gRecipeManager is null
console.warn: LoginRecipes: "getRecipes: falling back to a sJavaScripytn cehrror: rreosnoouurce://gres messag/modue for:" "http://llocales/Lhost:8ogin0M81"anagerParent.jsm, line 136: TypeError: gReci
peManager is null
console.warn: LoginRecipes: "getRecipes: falling back to a synchronous message for:" "http://localhost:8081"
JavaScript error: resource://gre/modules/LoginManagerParent.jsm, line 136: TypeError: gRecipeManager is null
console.warn: LoginRecipes: "getRecipes: falling back to a synchronJoauvsa Smcersispatg ee rfroorr::"  r"ehstource:t/p/:g/r/el/omcalhost:8081"
odules/LoginManagerParent.jsm, line 136: TypeError: gRecipeManager is null
console.warn: LoginRecipes: "getRecipes: falling back to a synchronous meJavaScripsts age efrorro:r":  "rhetstopu:r/c/el:o/c/aglre/modules/LoginManagerParent.jsm, line 136: hToyspte:E8r0r8o1r":
 gRecipeManager is null
console.warn: LoginRecipes: "getRecipes: falling back to a syJavaScript error: resource://gre/modules/LoginManagerParent.jnscmh, lrione 13n6o:us message  fToyrp:e"E r"rhttopr:: gRecipeManager is null
//localhost:8081"
