1649265726078	geckodriver	INFO	Listening on 127.0.0.1:42003
console.warn: SearchSettings: "get: No settings file exists, new profile?" (new NotFoundError("Could not open the file at C:\\Users\\usuario\\AppData\\Local\\Temp\\rust_mozprofilezHD4N2\\search.json.mozlz4", (void 0)))
console.warn: LoginRecipes: "getRecipes: falling back to a synchronous message for:" "http://localhost:8081"
console.warn: LoginRecipes: "getRecipes: falling back to a synchronous message for:" "http://localhost:8081"JavaScript er
ror: resource://gre/modules/LoginManagerParent.jsm, line 136: TypeError: gRecipeManager is null
console.warn: LoginRecipes: "getRecipes: falling back to a syncJharvoanSocursi pmt error: resource://gre/modules/Loegssage for:" "http://localhost:8081"
console.iwarn: LongMiannRaecipes: "getRecipes: falgleirnPg back to aare nsynchronous message for:" "http://lotc.alhost:8081"
jsm, line 136: TypeError: gRecipeManager is null
JavaScript error: resource://gre/modules/LoginManagerParent.jsm, line 136: TypeError: gRecipeManager is null
console.warn: LoginRecipes: "getRecipes: falling back to a synchronous message for:" "http://loJcaavlahSocsrti:p8t0 8e1r"ro
r: resource://gre/modules/LoginManagerParent.jsm, line 136: TypeError: gRecipeManager is null
console.warn: LoginRecipes: "getRecipesJ:a vfaaSlclriipt error: resource://gre/modules/LoginManagnegr bPaacrke ntt.jsm, line 136:o  Tay pseyEnrcrhorronou: gRecipeManager is nusl lme
ssage for:" "http://localhost:8081"
console.warn: LoginRecipes: "getRecipes: falling back to JavaScripta  esryrnocrh:r orneosuosu rmcees:s/a/gger ef/omro:d"u l"ehst/tLpo:g/i/nlMoacnaalgheorsPta:r8e0n8t1."js
m, line 136: TypeError: gRecipeManager is null
console.warn: LoginRecipes: "getRecipes: falling back to aJ asynchronvoaScript error: resource://gre/moduules/LoginManagerParenst.jsm, l imnee 136s:s TypeErroarg:e  gfRoerc:i"p e"http://localhosMta:n8a08g1e"
r is null
console.warn: LoginRecipes: "getRecipes: falling back to a synchronous message fJavaScript eorrr:o"r :" hrtetspo:u/r/cle://ogcraelhost:/8m081"o
dules/LoginManagerParent.jsm, line 136: TypeError: gRecipeManager is null
console.warn: LoginRecipes: "getRecipes: falling back to a synchronous message for:" "http://localhost:8081"
JavaScript error: resource://gre/modules/LoginManagerParent.jsm, line 136: TypeError: gRecipeManager is null
console.warn: LoginRecipes: "getRecipes: falling back to a syJavaSncchronous message for:" "http://localhost:8081"
ript error: resource://gre/modules/LoginManagerParent.jsm, line 136: TypeError: gRecipeManager is null
console.warn: LoginRecipes: "getRecipes: falling back to a synchronous messagJae vfor:" "http://localahSocript error: resource://gre/modulest:s8/0L8o1g"inManage
rParent.jsm, line 136: TypeError: gRecipeManager is null
console.warn: LoginRecipes: "JavaScripgte teRrercoirp:e sr:e sfoaulrlcien:g/ /bgare/modules/cLoginManagerPka rteon ta. jssym, line 13n6c:h rToynpoeuEsr rmoers:s aggRee cfiopre:M"a n"ahgttp://loer is cnaullhlos
t:8081"
console.warn: LoginRecipes: "getRecipes: falling JavaScript errboack to a synchronous message for:" "http://rl: orceaslohurce:/o/sgtr:e8/0m8odules/Login1"
ManagerParent.jsm, line 136: TypeError: gRecipeManager is null
console.warn: LoginRecipes: "getRecipes: falling back to a synchronouJavaScrispt e rmreossage rfor:": resource://gre/modules/LoginManage r"Phattp://rleoncta.ljhsoms,t :l8i0n81"
e 136: TypeError: gRecipeManager is null
console.warn: LoginRecipes: "getRecipes: falling back tJavaScript ero a synchronous messraor: resource://ggree for:/"m o"dhutlteps://L/oglioncMaalnhaogsetr:P8a0r8e1n"t.
jsm, line 136: TypeError: gRecipeManager is null
console.warn: LoginRecipes: "getRecipes: falling back to a synchronous message for:" "http://localhost:8081"
JavaScript error: resource://gre/modules/LoginManagerParent.jsm, line 136: TypeError: gRecipeManager is null
console.warn: LoginRecipes: "getRecipes: falling backJavaScr ipt error: resource://grteo/ mao dsuylnecsh/rLoongoiunsM anmaegsesrPaaregnet .jfsm,o rl:i"ne 136: TypeError: gRecipeMan ag"ehr titsp :n/ul/llo
calhost:8081"
console.warn: LoginRecipes: "getRecipes: falling backJavaScript  etror a synchronous message for:" "http://localhosto:r8:0 8r1e"so
urce://gre/modules/LoginManagerParent.jsm, line 136: TypeError: gRecipeManager is null
console.warn: LoginRecipes: "getRecipes: falling back to a synchroJnavoaus message for:" "hStctrpipt :e/r/rloorc: reaslhost:8081"
ource://gre/modules/LoginManagerParent.jsm, line 136: TypeError: gRecipeManager is null
console.warn: LoginRecipes: "getRecipes: falling back to a synchronous message for:" "http://loJcaalhost:8081"v
aScript error: resource://gre/modules/LoginManagerParent.jsm, line 136: TypeError: gRecipeManager is null
console.warn: LoginRecipes: "getRecipes: falling bacJavaScript error: kresource://gre/modules/LoginManagerP atroe na syntc.jhronous msems,s algien ef o1r3:6":  "ThytptepE:r/r/olro:c aglRheocst:8081"
ipeManager is null
console.warn: LoginRecipes: "getRecipes: falling back to a synchronous message for:" "http://localhost:8081"
JavaScript error: resource://gre/modules/LoginManagerParent.jsm, line 136: TypeError: gRecipeManager is null
console.warn: LoginRecipes: "getRecipes: falling back to a synchronous message for:" "http://localhost:8081"
JavaScript error: resource://gre/modules/LoginManagerParent.jsm, line 136: TypeError: gRecipeManager is null
console.warn: LoginRecipes: "getRecipes: falling back to a synchronous message for:" "http://localhost:8081"
JavaScript error: resource://gre/modules/LoginManagerParent.jsm, line 136: TypeError: gRecipeManager is null
console.warn: LoginRecipes: "getRecipes: falJavaScript error: resource://gre/modules/LoginManagerParentl.ijnsgm ,b alcikne 136 :t o a synTchronyous message for:" "http://localhost:8081"
peError: gRecipeManager is null
console.warn: LoginRecipes: "getRecipes: falling back to a synchronous messagJavaScript erer ofro:r :r"e s"ohutrtcpe::////lgorcea/lmhoodsutl:e8081"s
/LoginManagerParent.jsm, line 136: TypeError: gRecipeManager is null
console.warn: LoginRecipes: "getRecipes: falling bJavaacSkc rtiop ta  esryrnocrh:r orneosuosu rmcees:s/a/ggre/modulees /for:" "http://localhost:8081"
LoginManagerParent.jsm, line 136: TypeError: gRecipeManager is null
console.warn: LoginRecipes: "getRecipes: falling back to a synchronous message for:" "http://localhost:8081"
JavaScript error: resource://gre/modules/LoginManagerParent.jsm, line 136: TypeError: gRecipeManager is null
console.warn: LoginRecipes: "getRecipes: falling back to a synchronous message for:" "http://localhost:8081"Java
Script error: resource://gre/modules/LoginManagerParent.jsm, line 136: TypeError: gRecipeManager is null
console.warn: LoginRecipes: "getRecipes: falliJnagv abSaccrki ptto  ear rsoyrn:c hresourcer:o/n/ogurse /mmeosdules/LoginMasnaaggeerParent.jsm, line 136: TypeError: gRecipeManager is null
 for:" "http://localhost:8081"
console.warn: LoginRecipes: "getRecipes: fallinJga vbaaScckr itpto a synchronous message for:" "h error: resource:/t/tp://localhost:808gre/modules/LoginManagerParent.jsm, line 136: TypeErro1r"
: gRecipeManager is null
console.warn: LoginRecipes: "getRecipes: falling back to a synchronous message for:" "http://localhost:8081"
JavaScript error: resource://gre/modules/LoginManagerParent.jsm, line 136: TypeError: gRecipeManager is null
console.warn: LoginRecipes: "getRecipes: fallJianvga Sbcarcikp tt oe rar osry:n crhersoonuorucs message for:" "http://localhost:8081"
e://gre/modules/LoginManagerParent.jsm, line 136: TypeError: gRecipeManager is null
JavaScript error: chrome://remote/content/marionette/cert.js, line 55: NS_ERROR_NOT_AVAILABLE: Component returned failure code: 0x80040111 (NS_ERROR_NOT_AVAILABLE) [nsICertOverrideService.setDisableAllSecurityChecksAndLetAttackersInterceptMyData]
