1650380715609	geckodriver	INFO	Listening on 127.0.0.1:40599
console.warn: SearchSettings: "get: No settings file exists, new profile?" (new NotFoundError("Could not open the file at C:\\Users\\usuario\\AppData\\Local\\Temp\\rust_mozprofile9IfXVT\\search.json.mozlz4", (void 0)))
console.warn: LoginRecipes: "getRecipes: falling back to a synchronous message for:" "http://localhost:8081"
console.warn: LoginRecipes: "getRecipes: falling back to a synchronous message for:" "http://localhost:8081"
JavaScript error: resource://gre/modules/LoginManagerParent.jsm, line 136: TypeError: gRecipeManager is null
console.warn: LoJginRecipes: "getRecipes: falling back to a synchronous message for:" "http://localhost:8081"
avaScripcto nesrorlor:e resource://gre/modules/LoginManagerParent.jsm, line 136: TypeError: gRecipeManager is null
.warn: LoginRecipes: "getRecipes: falling back to a synchronous message for:" "http://localhost:8081"
JavaScript error: resource://gre/modules/LoginManagerParent.jsm, line 136: TypeError: gRecipeManager is null
console.warn: LoginRecipes: "getRecipeJavaScript error: resource://gre/modules/LoginManagerParent.jsm, linse 136::  fTaylpleiEnrgr obrack to:  a synchronous message for:" "http://localhost:8081"
gRecipeManager is null
console.warn: LoginRecipes: "getRecipes: falling back to a synchronous message for:" "http://localhosJt:80a8v1a"Sc
ript error: resource://gre/modules/LoginManagerParent.jsm, line 136: TypeError: gRecipeManager is null
console.warn: LoginRecipes: "getRecipes: falling back to a synchronous message for:" "http://localhost:8081"
JavaScript error: resource://gre/modules/LoginManagerParent.jsm, line 136: TypeError: gRecipeManager is null
console.warn: LoginRecipes: "getRecipes: falling back to a synchronous message for:" "http://JlaovcaaSlchost:8081"ript error: resource://gre/modules
/LoginManagerParent.jsm, line 136: TypeError: gRecipeManager is null
console.warn: LoginRecipes: "getRecipes: falling back to a synchroJavaScript ernroours:  mreesssoaugrec ef:o/r/:g"r e/"modules/LoginManagerParent.jsm, line 136: TypeError: gRecipeManagehrt is nullt
p://localhost:8081"
console.warn: LoginRecipes: "getRecipes: falling bacJka to a vaScrispt error: ynchronous message rfesource://gre/moduleso/rL:o"g i"nhMtatnpa:g/e/localhost:8r0P8a1r"en
t.jsm, line 136: TypeError: gRecipeManager is null
console.warn: LoginRecipes: "getRecipes: falling back to a synchronous messagJavaSceript error: resource://gre/modules/LoginManagerParent.jsm, line 136: Ty for:" "peError: gRechttp://localhost:8081"
ipeManager is null
console.warn: LoginRecipes: "getRecipes: falling back to a synJavaScript erchronous message for:" "http://localhost:80r8o1r": r
esource://gre/modules/LoginManagerParent.jsm, line 136: TypeError: gRecipeManager is null
console.warn: LoginRecipes: "getRecipesJavaS:c falling back to a syrnicphtr oenroruos mesrs:a gree sfoourr:c"e :"/h/tgtrpe://m/oldouclaelsh/oLsotg:i8n081"
ManagerParent.jsm, line 136: TypeError: gRecipeManager is null
console.warn: LoginRecipes: "getRecipes: falling back to aJ saynchronous message for:" "vhttapS:c/ript error: resource://gr/el/omcalhost:8081"od
ules/LoginManagerParent.jsm, line 136: TypeError: gRecipeManager is null
console.warn: LoginRecipes: "getRJeacviapSecsr:i pfalling batc ke rtroo ra:  rseysounrccher:o/n/ogurse /mmessoadguel efso/rL:o"g i"nhMtatnpa:gerParent.jsm, line 136: TypeError: gRecipe/M/alnoacgaelrh oisst :n8u0l8l1"

console.warn: LoginRecipes: "getRecipes: fallinJag back to a synchronous message for:" "http://localhost:8081"
vaScript error: resource://gre/modules/LoginManagerParent.jsm, line 136: TypeError: gRecipeManager is null
console.warn: LoginRecipes: "getRecipes: falling back to a synchronousJ amveasSscaript error: resource://gre/modules/LoginManagerPargeen tf.ojr:" "http://localhost:8081"
sm, line 136: TypeError: gRecipeManager is null
console.warn: LoginRecipes: "getRecipes: falling back to a synchronous message for:" "http://localhost:8081"J
avaScript error: resource://gre/modules/LoginManagerParent.jsm, line 136: TypeError: gRecipeManager is null
console.warn: LoginRecipes: "getRecipes: falling back to a synchronous message for:" "http://loJcaavlaScript ehrorsotr::8 0r8e1s"ource://
gre/modules/LoginManagerParent.jsm, line 136: TypeError: gRecipeManager is null
console.warn: LoginRecipes: "getRecipes: falling backJavaScri ptt error: resource://gre/modules/LoginManagerParent.jsm, lineo 1 36: TypeError: gRecipae syncMharnageor is null
nous message for:" "http://localhost:8081"
console.warn: LoginRecipes: "getRecipes: falling back to a synchronous message fJavoaScrri:p"t  "ehrtrtopr::/ /rleosource:c/a/lghroes/tmo:d8u0l8e1s"/L
oginManagerParent.jsm, line 136: TypeError: gRecipeManager is null
console.warn: LoginRecipes: "getRecipes: falling baJavaScript error:c kr to a synchroneous message for:" "http:/s/oloucracleh://gre/moost:808d1u"le
s/LoginManagerParent.jsm, line 136: TypeError: gRecipeManager is null
console.warn: LoginRecipes: "getRecipes: falling backJ atvoa Sac rsiypntc herrornooru:s  rmeessosuargcee :f/o/rgre/module:s"/ L"ohgtitnpM:a/n/algoecalhostr:P8a0r8e1n"t.
jsm, line 136: TypeError: gRecipeManager is null
console.warn: LoginRecipes: "getRecipes: falling back to a synchJraonous message for:" "http://localhvoaSstc:8081ript error": resource://gre/mo
dules/LoginManagerParent.jsm, line 136: TypeError: gRecipeManager is null
console.warn: LoginRecipes: "getRecipes: falling backJ atvoa Sac rsynchronous message for:" "htitppt: /e/rlroocra:l host:8081"
resource://gre/modules/LoginManagerParent.jsm, line 136: TypeError: gRecipeManager is null
console.warn: LoginRecipes: "getRecipes: falling bacJk to a synchronous avaScript error: resourcmee:s/s/aggre/em ofdour:" "http://localholst:8081"
es/LoginManagerParent.jsm, line 136: TypeError: gRecipeManager is null
console.warn: LoginRecipes: "getRecipes: falling back to a synchronous messaJgaev afor:" "hStctrpi:p/t/ leorror: resource://gre/modules/LoginManagerParent.jsm, line 136: TypeErcraolhost:8081"
r: gRecipeManager is null
console.warn: LoginRecipes: "getRecipes: falling back to a syJnacvaScript error: resource://gre/modules/LoginManagerParent.jsm,hron ous messlaige fonre: 136: T"y p"ehEtrtrpo:r/: gRec/ilpoecMalhanager is null
ost:8081"
console.warn: LoginRecipes: "getRecipes: falling back to a synchronous message for:" "http://localhost:8081"
JavaScript error: resource://gre/modules/LoginManagerParent.jsm, line 136: TypeError: gRecipeManager is null
console.warn: LoginRecipes: "getRecipes: faJavaScripltl ienrgr obra:c kr etsoo uar csey:n/c/hgrroen/omus message for:" "http://localohdousles/LoginManagerParent.jsm, t:808line 136: TypeError: gRecipeManager is null
1"
console.warn: LoginRecipes: "getRecipes: falling back to a synchronous message for:" "http://lJocalhost:a8v0a8S1c"r
ipt error: resource://gre/modules/LoginManagerParent.jsm, line 136: TypeError: gRecipeManager is null
console.warn: LoginRecipes: "getRecipes: falling back to a synchronous message for:" "http://locaJlahvoasStcr:i8p0t8 1e"rr
or: resource://gre/modules/LoginManagerParent.jsm, line 136: TypeError: gRecipeManager is null
console.warn: LoginRecipes: "getRecipes: falling back to a synchronous message for:" "http://localhost:8081"
JavaScript error: resource://gre/modules/LoginManagerParent.jsm, line 136: TypeError: gRecipeManager is null
console.warn: LoginRecipes: "getRecipes: falling back to a synchronous message for:" "http://localhJosatv:a8S0c8r1i"pt
 error: resource://gre/modules/LoginManagerParent.jsm, line 136: TypeError: gRecipeManager is null
console.warn: LoginRecipes: "getRecipes: falling back tJavaScriop ta  esynchronous messager rfoorr:: "r e"shotutrpc:e/://l/ogcrael/hmoosdtu:l8e0s81"
/LoginManagerParent.jsm, line 136: TypeError: gRecipeManager is null
console.warn: LoginRecipes: "getRecipes: falling back to a syncJhronous message for:" "http://localhost:8081"
avaScript error: resource://gre/modules/LoginManagerParent.jsm, line 136: TypeError: gRecipeManager is null
console.warn: LoginRecipes: "getRecipes: falling back to a synchronous message for:" "http://localhost:8081"
JavaScript error: resource://gre/modules/LoginManagerParent.jsm, line 136: TypeError: gRecipeManager is null
console.warn: LoginRecipes: "getRecipes: falling back to a synchronous message for:" "http://localhost:8081"
JavaScript error: resource://gre/modules/LoginManagerParent.jsm, line 136: TypeError: gRecipeManager is null
console.warn: LoginRecipes: "getRecipes: falling back to Javaa synchronous message foSrc:r"i p"th tetrpr:o/r/:localh orsets:o8u0r8c1e":/
/gre/modules/LoginManagerParent.jsm, line 136: TypeError: gRecipeManager is null
console.warn: LoginRecipes: "getRecipes: falling back toJa a synchronovaScript error: resource://greu/modules messs/LaogingMea nafgore:" "httrpP:a/r/elnt.ocalhost:8081"
jsm, line 136: TypeError: gRecipeManager is null
console.warn: LoginRecipes: "getRecipes: falling back to a synchronous message for:" "http://localhost:8081"
JavaScript error: resource://gre/modules/LoginManagerParent.jsm, line 136: TypeError: gRecipeManager is null
console.warn: LoginRecipes: "getRecipes: falling back to a synchronous message for:" "http://localhost:8081"
JavaScript error: resource://gre/modules/LoginManagerParent.jsm, line 136: TypeError: gRecipeManager is null
console.warn: LoginRecipes: "getRecipes: falling back to a synchronous message fJavaoScrirp:t"  e"rhrtotrp:: /r/elsoocuarlcheo:s/t/:8081"
gre/modules/LoginManagerParent.jsm, line 136: TypeError: gRecipeManager is null
console.warn: LoginRecipes: "getRecipes: falJlavaScript error: resourcei:ng back to a synchronous mes/s/agge for:" "htrtep/:m/odules/LoginM/alocalhost:8081"
nagerParent.jsm, line 136: TypeError: gRecipeManager is null
console.warn: LoginRecipes: "getRecipes: falling back to a synchronous message for:" "http://localhost:8081"
JavaScript error: resource://gre/modules/LoginManagerParent.jsm, line 136: TypeError: gRecipeManager is null
console.warn: LoginRecipes: "getRecipes: falling back to a synchronous message for:"J a"vhatStcpr:i/p/tl oecrarlohr:ost:8081"
 resource://gre/modules/LoginManagerParent.jsm, line 136: TypeError: gRecipeManager is null
console.warn: LoginRecipes: "getRecipes: falling back to a synchronouJsa vmaeSscripsta geer rfoorr:: "r e"shotutrpc:e/://l/ogcrael/hmoosdtul:e8s0/8L1o"
ginManagerParent.jsm, line 136: TypeError: gRecipeManager is null
console.warn: LoginRecipes: "getRecipes: falling back to a sJyncahronous message for:" "http://localhost:8081"
vaScript error: resource://gre/modules/LoginManagerParent.jsm, line 136: TypeError: gRecipeManager is null
console.warn: LoginRecipes: "getRecipes: falling back to a synchronous message for:" "http://localhost:8081"
JavaScript error: resource://gre/modules/LoginManagerParent.jsm, line 136: TypeError: gRecipeManager is null
console.warn: LoginRecipes: "getRecipes: falling back to a synchronJavaScript oeursr omre:s sraegseo ufrocre::"/ /"ghre/modules/LogtitnpM:a/n/alocalhosgte:r8P0arent.jsm8,1 "li
ne 136: TypeError: gRecipeManager is null
console.warn: LoginRecipes: "getRecipes: falling back to a synchronous message forJ:ava" "httpScript error: resource://gre/modules/LoginManagerParent.jsm, line 136: TypeError: gRecipeManager is null
://localhost:8081"
console.warn: LoginRecipes: "getRecipJavaScripets :e rfraor: resource:l/l/gre/modules/Loignign MbanagerParent.jsm, line 136:a ck tTo a synchronous message for:" "httpy:p/e/Elrorcoarl:h ogsRte:c8i0peManager is null
81"
console.warn: LoginRecipes: "getRecipes: falling back to a synchronous message for:" "http://localhost:8081"
JavaScript error: resource://gre/modules/LoginManagerParent.jsm, line 136: TypeError: gRecipeManager is null
console.warn: LoginRecipes: "getRecipes: falling back to a synchronous message for:" "http://localhost:8081"
JavaScript error: resource://gre/modules/LoginManagerParent.jsm, line 136: TypeError: gRecipeManager is null
console.warn: LoginRecipes: "getRecipes: falling bJaavcakS cript error: resource://gre/modules/LoginManagerParent.jsm, tloi nae synchronous message for:" "http://localhost:8081"
 136: TypeError: gRecipeManager is null
console.warn: LoginRecipes: "getRecipes: falling back to a synchJraonous message for:" "http://localhost:8081"
vaScript error: resource://gre/modules/LoginManagerParent.jsm, line 136: TypeError: gRecipeManager is null
console.warn: LoginRecipes: "getRecipes: falling back to a synchronous message for:" "http://localhost:8081"
JavaScript error: resource://gre/modules/LoginManagerParent.jsm, line 136: TypeError: gRecipeManager is null
console.warn: LoginRecipes: "getRecipesJavaSc:r ifpatl leirnrgo rb:a crke stoou rac es:y/n/gcrhronous message foer/:m"o d"http://localhost:8081"
ules/LoginManagerParent.jsm, line 136: TypeError: gRecipeManager is null
console.warn: LoginRecipes: "getRecipes: falling back to a synchronous message for:" "http://localhost:8081"
JavaScript error: resource://gre/modules/LoginManagerParent.jsm, line 136: TypeError: gRecipeManager is null
console.warn: LoginRecipes: "getRecipes: falling back to a synchronous message for:" "http://localhost:8081"
JavaScript error: resource://gre/modules/LoginManagerParent.jsm, line 136: TypeError: gRecipeManager is null
console.warn: LoginRecipes: "getRecipes: falling back to a synchronous message for:" "http://localhost:8081"
JavaScript error: resource://gre/modules/LoginManagerParent.jsm, line 136: TypeError: gRecipeManager is null
console.warn: LoginRecipes: "getRecipes: falling back to a synchronous message for:" "http://localhost:8081"
JavaScript error: resource://gre/modules/LoginManagerParent.jsm, line 136: TypeError: gRecipeManager is null
console.warn: LoginRecipes: "getRecipes: falling back tJavaScript error:o  rae ssource:y/n/cghrreo/nmooudsu les/LoginManagerParent.jmessage for:" "http://localhost:8081"
sm, line 136: TypeError: gRecipeManager is null
console.warn: LoginRecipes: "getRecipes: falling back to JavaScript error: resource://gre/modules/La synchronous message for:" "http://localhosoginManatg:e8081"
rParent.jsm, line 136: TypeError: gRecipeManager is null
console.warn: LoginRecipes: "getRecipes: falling back to a synchronous message for:" "http://localhost:8081"
JavaScript error: resource://gre/modules/LoginManagerParent.jsm, line 136: TypeError: gRecipeManager is null
console.warn: LoginRecipes: "getRecipes: falling back to a synchronous message for:" "http://locaJlahvoasStc:r8i0p8t1 "e
rror: resource://gre/modules/LoginManagerParent.jsm, line 136: TypeError: gRecipeManager is null
console.warn: LoginRecipes: "getRecipes: falling back to a synchronous message for:" "http://loJcaavlahSocsrti:p8t0 error: resource://gre/modules/LoginManagerParent.jsm, line 136: TypeError: gRecipeManager is null
81"
console.warn: LoginRecipes: "getRecipes: falling back to a synchronous message for:" "http://locaJavaSclrhiopstt error: re:source://gr8e0/8m1o"dule
s/LoginManagerParent.jsm, line 136: TypeError: gRecipeManager is null
console.warn: LoginRecipes: "getRecipes: falling back to a synchronous message for:" "http://localhost:8081"
JavaScript error: resource://gre/modules/LoginManagerParent.jsm, line 136: TypeError: gRecipeManager is null
console.warn: LoginRecipes: "getRecipes: falling baJavaScckri ptto  ear rsoyrn:c hrreosnoouursc em:e/s/gre/modules/LoginManagerParent.jsm, line 136: TypeErrors:a ggeR efcoirp:e"M a"nhatgtepr: /i/sl oncualllho
st:8081"
console.warn: LoginRecipes: "getRecipes: falling back to a synchronous mesJsaavaScript error: resoguer cfeo:r/:/"g r"eh/tmtopd:u/l/localhost:8081"e
s/LoginManagerParent.jsm, line 136: TypeError: gRecipeManager is null
console.warn: LoginRecipes: "getRecipes: falling back to a synchronous message for:" "http://localhost:8081"
JavaScript error: resource://gre/modules/LoginManagerParent.jsm, line 136: TypeError: gRecipeManager is null
console.warn: LoginRecipes: "getRecipes: falling back to a synchronous message for:" "http://localhost:8081"
JavaScript error: resource://gre/modules/LoginManagerParent.jsm, line 136: TypeError: gRecipeManager is null
console.warn: LoginRecipes: "getRecipes: falling back to a synchronous message for:"J a"vhatStcpr:i/p/tl oecrarlohro:s tr:e8s0o8u1r"ce
://gre/modules/LoginManagerParent.jsm, line 136: TypeError: gRecipeManager is null
console.warn: LoginRecipes: "getRecipes: falling back to a synchronous message for:" "http://localhost:8081"
JavaScript error: resource://gre/modules/LoginManagerParent.jsm, line 136: TypeError: gRecipeManager is null
console.warn: LoginRecipes: "getRecipes: falling back to a synchronoJuasvaScript error: resource://gre/modules/LoginMa mnessage for:" "http://alocalhost:8081"
gerParent.jsm, line 136: TypeError: gRecipeManager is null
console.warn: LoginRecipes: "getRecipes: falling back to a synchronous message for:" "http://localhost:8081"
JavaScript error: resource://gre/modules/LoginManagerParent.jsm, line 136: TypeError: gRecipeManager is null
console.warn: LoginRecipes: "getRecipes: falling back toJavaScript error: resource://gre/modules/LoginMa na synchronous message foarg:e" "http://localhost:8081"
rParent.jsm, line 136: TypeError: gRecipeManager is null
console.warn: LoginRecipes: "getRecipes: falling back to a synchronoJavaScript error: resource://gre/modules/LoginManagerParent.jsm, line 136: TypeError: gRecipeManager is null
us message for:" "http://localhost:8081"
console.warn: LoginRecipes: "getRecipes: falliJavaScng back to a synchronous message for:" "http://localhost:8081"
ript error: resource://gre/modules/LoginManagerParent.jsm, line 136: TypeError: gRecipeManager is null
[Parent 15924, IPC I/O Parent] WARNING: file /builds/worker/checkouts/gecko/ipc/chromium/src/base/process_util_win.cc:167
