1649427059908	geckodriver	INFO	Listening on 127.0.0.1:2749
console.warn: SearchSettings: "get: No settings file exists, new profile?" (new NotFoundError("Could not open the file at C:\\Users\\usuario\\AppData\\Local\\Temp\\rust_mozprofileGQidIZ\\search.json.mozlz4", (void 0)))
console.warn: LoginRecipes: "getRecipes: falling back to a synchronous message for:" "http://localhost:8081"
console.warn: LoginRecipes: "getRecipes: falling back to a synchronous message for:" "http://loJcaavlahScorst:8081i"pt error: resource://
gre/modules/LoginManagerParent.jsm, line 136: TypeError: gRecipeManager is null
console.warn: LoJgaivnaRSeccripes: "getRecipes: falilpitn ge rbraocrk:  troe sao usrycnec:h/r/ognroeu/sm omdeuslseasg/eL ofor:" "http://localhost:8081"
console.warn: LoginRecipes: "getRecipes: falling back to a synchronous message for:" "http://localhost:8081"
ginManagerParent.jsm, line 136: TypeError: gRecipeManager is null
JavaScript error: resource://gre/modules/LoginManagerParent.jsm, line 136: TypeError: gRecipeManager is null
console.warn: LoginRecipes: "getRecipes: falling back tJavaScript eor rao rs: resource://gre/modules/LoginMyanncahgreornPoaurse nmte.sjssamg,e  lfionre: "1 3"6h:t TtypeError: gRecpi:p/e/localhoMsatn:a8g0e8r1 "is
 null
console.warn: LoginRecipes: "getRecipes: fJavaaSlclriinpt error: resource://gre/modules/LoginManageg back to raP asyncrheronous message for:" n"t.jsm, line 136: TypeError: gRecihptetMpa:n/a/gleocalhost:808r1"
 is null
console.warn: LoginRecipes: "getRecipes: falling back to a synchronous message for:" "http://lJoacvaalShcorsitp:t8 0e8r1r"o
r: resource://gre/modules/LoginManagerParent.jsm, line 136: TypeError: gRecipeManager is null
console.warn: LoginRecipes: "getRecipes: faJllinga vbaaScck to a synchronous message for:" "http://localhost:808r1i"p
t error: resource://gre/modules/LoginManagerParent.jsm, line 136: TypeError: gRecipeManager is null
console.warn: LoginRecipes: "getRecipes: fJaalvlaiSncgr ibpatc ke to ar ror: resource://gre/modules/LoginManagerParent.jsm, line 136: TypeError: gRecipeManager is null
synchronous message for:" "http://localhost:8081"
console.warn: LoginRecipes: "getRecipes: falling back to a synchronous message for:" "http:/JavaScript error: resource://gre/modules/LoginManagerParent.jsm, line 136: TypeError: gRecipeManager is null
/localhost:8081"
console.warn: LoginRecipes: "getRecipes: falling back to a synchronous message for:" "http://localhost:8081"
JavaScript error: resource://gre/modules/LoginManagerParent.jsm, line 136: TypeError: gRecipeManager is null
console.warn: LoginRecipes: "getRecipes: falling back to a synchronous message for:" "http:J/a/vlaoSccript error: resource://gre/modules/LoginManagerParent.aljhost:8081"
sm, line 136: TypeError: gRecipeManager is null
console.warn: LoginRecipes: "getRecipes: falling back to a synchronous message for:" "http://localhost:8081"JavaSc
ript error: resource://gre/modules/LoginManagerParent.jsm, line 136: TypeError: gRecipeManager is null
console.warn: LoginRecipes: "getRecipes: falling back to a synchronous message for:" "http://localhost:8081"
JavaScript error: resource://gre/modules/LoginManagerParent.jsm, line 136: TypeError: gRecipeManager is null
console.warn: LoginRecipes: "getRecipes: falling back to a synchronous message for:" "http://localhost:8081"
JavaScript error: resource://gre/modules/LoginManagerParent.jsm, line 136: TypeError: gRecipeManager is null
console.warn: LoginRecipes: "getRecipes: falling JbavaScript error: resoaurce://gre/modules/LoginManagercPka to a synchronous mreent.jsm, line 1s3s6: aTgyep efEor:" "httpr:r/o/rl:o cgRecipeManagearl hioss tnull
:8081"
console.warn: LoginRecipes: "getRecipes: falling back to a synchronous message for:" "http://localhost:8081"
JavaScript error: resource://gre/modules/LoginManagerParent.jsm, line 136: TypeError: gRecipeManager is null
console.warn: LoginRecipes: "getRecipes: falling back to a synchronous message for:" "http://localhost:8081"JavaSc
ript error: resource://gre/modules/LoginManagerParent.jsm, line 136: TypeError: gRecipeManager is null
console.warn: LoginRecipes: "getRecipes: falling back toJavaScript  ae rsryonrc:h resource://gre/modules/LoginMraonnaoguesr Pmaersesnatg.ej sfmo,r :l"i n"eh t1t3p6::/ /TlyopceaElrhroosrt:: 8g0R8e1cipeManager is null
"
console.warn: LoginRecipes: "getRecipes: falling backJ atvaScript error: resource://gre/modules/LoginoM a syncahnraogneoruPsarent. jmsems,s aline 1g3e for:" "ht6t: TypeErpr:or: gRecipeManager is null
//localhost:8081"
console.warn: LoginRecipes: "getRecipes: falling back to a synchronous message for:" "hJavaScrtitppt: /e/rlroocra:l hroessto:u8r0c8e1:"//
gre/modules/LoginManagerParent.jsm, line 136: TypeError: gRecipeManager is null
console.warn: LoginRecipes: "getRecipes: falling back tJaov aaS csryinpcth reornous message for:"r "http://locoarl:host:8081"
 resource://gre/modules/LoginManagerParent.jsm, line 136: TypeError: gRecipeManager is null
console.warn: LoginRecipes: "getRecipes: falling back to a synchJraovnaous message for:" "http://localhost:8081S"
cript error: resource://gre/modules/LoginManagerParent.jsm, line 136: TypeError: gRecipeManager is null
console.warn: LoginRecipes: "getRecipes: falling bJaavaScript error: resource://gre/modules/LoginManagerParent.jsm, line 13c6: Typke to aE rsror:ynchronous  message for:"gRecipeManager is null
 "http://localhost:8081"
console.warn: LoginRecipes: "getRecipes: falling back to a synchronous message for:" "http://localhosJta:v8a081"
Script error: resource://gre/modules/LoginManagerParent.jsm, line 136: TypeError: gRecipeManager is null
console.warn: LoginRecipes: "getRecipes: falling back to JaavaScript error: resource://gr e/modules/LoginManasynchronous gmeersPsaargeen tf.jsm, line 136: TypeError: gRecipeManager is null
or:" "http://localhost:8081"
console.warn: LoginRecipes: "getRecipes: falling back to a synchronous message for:" "http://localhost:8081"
JavaScript error: resource://gre/modules/LoginManagerParent.jsm, line 136: TypeError: gRecipeManager is null
console.warn: LoginRecipes: "getRecipes: falling back to a synchronous message for:" "http://localhost:8081"
JavaScript error: resource://gre/modules/LoginManagerParent.jsm, line 136: TypeError: gRecipeManager is null
console.warn: LoginRecipes: "getRecipes: falling back to a synchroJnaovuasS cmreispsta geer for:" "http://localhost:8081"
ror: resource://gre/modules/LoginManagerParent.jsm, line 136: TypeError: gRecipeManager is null
console.warn: LoginRecipes: "getRecipes: falling back to a synchronouJavaScript error: resource://gre/modules/LoginManagerParent.jsm, lines  136: Tymessage for:" "http://localhost:8081"peError
: gRecipeManager is null
console.warn: LoginRecipes: "getRecipes: falling back to a synchronous message for:" "http://lJoacvaaScript error: resource://gre/modules/LoginManagerParent.jsml,h olsitn:e8 018316": TypeError: gRecipeM
anager is null
console.warn: LoginRecipes: "getRecipes: falling back to a sJavaScript error: resource://gre/modules/LoginManagerParent.yjnschmr,o nloiuns message for:" "http://localhost:8081"e 1
36: TypeError: gRecipeManager is null
console.warn: LoginRecipes: "getRecipes: falling back to a synchronoJavaScript error: resource://greu/sm omessdauglee sf/oLro:g"i n"Mhattp://localhost:808n1a"ge
rParent.jsm, line 136: TypeError: gRecipeManager is null
console.warn: LoginRecipes: "getRecipes: falliJnagv abSaccrkipt error: resource://gre/modules/Logi nto a synchroMnous measnsaaggerParent.jsm, lie for:" "http:ne 136: TypeError: g/R/elcoicpaeManager is null
lhost:8081"
console.warn: LoginRecipes: "getRecipes: falling JavaScrbiapctk  etrror: resouor cae :s/y/ngcrher/omnooduusl emse/sLsoaggien Mfaonra:g"e r"Phatrtepn:t/./jlsomc,alhost:8081"
 line 136: TypeError: gRecipeManager is null
console.warn: LoginRecipes: "getRecipes: falling back to a synchronous message forJ:a"v a"Shctrtippt://localhost:8081"
 error: resource://gre/modules/LoginManagerParent.jsm, line 136: TypeError: gRecipeManager is null
console.warn: LoginRecipes: "getRecipes: falJlaivnagS cbraicpkt  teor rao rs:y nrcehsroounrocues: /m/egsrsea/gmeo dfuolre:s"/ L"ohgttp://localhost:8081"
inManagerParent.jsm, line 136: TypeError: gRecipeManager is null
console.warn: LoginRecipes: "getRecipes: fallingJ avaScript error: resource://gre/modules/LoginbMaancakg etroParent.jsm, line 1 3a6 :s yTnycpherEornroours messa:g e for:" "http:gRecipeMa/nager is null
/localhost:8081"
console.warn: LoginRecipes: "getRecipes: falling back to a synchronous message for:" "http://lJocaavlahSocsrti:8081"
pt error: resource://gre/modules/LoginManagerParent.jsm, line 136: TypeError: gRecipeManager is null
console.warn: LoginRecipes: "getRecipes: falling backJ atvoa Sac rsiypntc herrornooru:s  rmeessosuargcee://gre/m odules/LoginManagerParent.jsm, line 136: TypeError: gRecipeManager is null
for:" "http://localhost:8081"
console.warn: LoginRecipes: "getRecipJavaScripets :e falling back to a synchronous message for:" r"rhotrt:p :r/esourc/localhost:e8:081"
//gre/modules/LoginManagerParent.jsm, line 136: TypeError: gRecipeManager is null
console.warn: LoginRecipes: "getRecipes: falling Jback to avaScripat error: resource://gre/modules/LoginManagerParent.jsm,  lsiynnchronouse  m1e3s6s:a gTey pfeoErrror: gRecipeManage:r" is  "http://localhost:8081"
null
console.warn: LoginRecipes: "getRecipes: falling back to a synchronous message for:" "http://localhost:8081"
JavaScript error: resource://gre/modules/LoginManagerParent.jsm, line 136: TypeError: gRecipeManager is null
console.warn: LoginRecipes: "getRecipes: falJavaScript erlror: resource://gre/modules/LoginManagerParent.jsm, iline 136: TypeError: gRecipeManager is null
ng back to a synchronous message for:" "http://localhost:8081"
console.warn: LoginRecipes: "getRecipes: falling back to a synchronous message for:" "http://localhost:8081"
JavaScript error: resource://gre/modules/LoginManagerParent.jsm, line 136: TypeError: gRecipeManager is null
console.warn: LoginRecipes: "getRecipes: falling back to a synchronous message for:JavaScript error: resource://gre/modules/LoginManagerParent.js"m ," hltitne 136: p://locTypeError: gRecipeManager is null
alhost:8081"
console.warn: LoginRecipes: "getRecipes: falling back to a synchronous message for:" "http://localhost:8081"
JavaScript error: resource://gre/modules/LoginManagerParent.jsm, line 136: TypeError: gRecipeManager is null
console.warn: LoginRecipes: "getRecipes: falling back to a synchroJnaovuasS cmreispstage fo error: resource://gre/mord:u"l e"sh/LoginManagerParent.jsm, litntep :1//localhost:8081"
36: TypeError: gRecipeManager is null
console.warn: LoginRecipes: "getRecipes: falling back to aJavaScript error: r syesource:/n/cghrreo/nmoouds message for:" "http://localhost:8081"
ules/LoginManagerParent.jsm, line 136: TypeError: gRecipeManager is null
console.warn: LoginRecipes: "getRecipes: falling back to a synchronous message for:" "http:J/a/vlaScript error: resource://gre/modules/LoginManagoecralhosParent.jsm, line t1:3860: TypeError: gRecipeManager is null
81"
console.warn: LoginRecipes: "getRecipes: falling back to a synchronous message for:" "http://localhost:8081"
JavaScript error: resource://gre/modules/LoginManagerParent.jsm, line 136: TypeError: gRecipeManager is null
console.warn: LoginRecipes: "getRecipes: falling back to a sJynchronaovuasS cmreispsta geer rfoorr:: "r e"shotutrpc:/e/:localhost:8081"
//gre/modules/LoginManagerParent.jsm, line 136: TypeError: gRecipeManager is null
console.warn: LoginRecipes: "getRecipes: falling back to a synchronous message for:" "http://localhost:8081"
JavaScript error: resource://gre/modules/LoginManagerParent.jsm, line 136: TypeError: gRecipeManager is null
console.warn: LoginRecipes: "getRecipes: falling back to a synchronous message for:" "http://localhost:8081"
JavaScript error: resource://gre/modules/LoginManagerParent.jsm, line 136: TypeError: gRecipeManager is null
console.warn: LoginRecipes: "getRecipes: falling back to a synchronous message for:" "http://localhost:8081"
JavaScript error: resource://gre/modules/LoginManagerParent.jsm, line 136: TypeError: gRecipeManager is null
console.warn: LoginRecipes: "getRecipes: falling back to a synchronous message for:" "http://localhost:8081"
JavaScript error: resource://gre/modules/LoginManagerParent.jsm, line 136: TypeError: gRecipeManager is null
console.warn: LoginRecipes: "getRecipes: falling back to a synchronous messJagea vfaoSrcript error: r:e"s o"uhrtctep::////gre/modulloes/LoginManagcearlPhaorset:8081"
nt.jsm, line 136: TypeError: gRecipeManager is null
console.warn: LoginRecipes: "getRecipes: falling back to a synchronous message foJavaScript error: resource://gre/mr:" "http://localhost:8081"odu
les/LoginManagerParent.jsm, line 136: TypeError: gRecipeManager is null
console.warn: LoginRecipes: "getRecipes: falling back to a synchronous message for:" "http://localhost:8081"
JavaScript error: resource://gre/modules/LoginManagerParent.jsm, line 136: TypeError: gRecipeManager is null
console.warn: LoginRecipes: "getRecipes: falling back tJavaScor iap ts yenrcrhorrono:u sresource://gre/modules/LoginManager Pmaessage for:" "http://localhost:8081"
rent.jsm, line 136: TypeError: gRecipeManager is null
console.warn: LoginRecipes: "getRecipes: falling back to a synchronous message for:" "http://JalvaSoccalhript error: resourceo:s/t/:g8r0e8/1m"odules
/LoginManagerParent.jsm, line 136: TypeError: gRecipeManager is null
console.warn: LoginRecipes: "getRecipes: falling back to a synchronous message for:" "http://localhoJst:8081"
avaScript error: resource://gre/modules/LoginManagerParent.jsm, line 136: TypeError: gRecipeManager is null
