1649261879297	geckodriver	INFO	Listening on 127.0.0.1:7604
console.warn: SearchSettings: "get: No settings file exists, new profile?" (new NotFoundError("Could not open the file at C:\\Users\\usuario\\AppData\\Local\\Temp\\rust_mozprofileFu2xaV\\search.json.mozlz4", (void 0)))
console.warn: LoginRecipes: "getRecipes: falling back to a synchronous message for:" "http://localhost:8081"
console.warn: LoginRecipJeas: "getRevaScript errcoipesr: falling:  rbeascoku rce://tgo a synrcehronous message for:" "htt/pm://localhost:8081"
odules/LoginManagerParent.jsm, line 136: TypeError: gRecipeManager is null
console.warn: LoginJRaevcaiSpcersip:t  "egetRecipes: falling back tror oar synchronous message f:o rr:e" "http:/source://gre/modules/LoginManagerParent.jsm, line 136: TypeError: gRecipeManager is null
JavaScript error: resource://gre/modules/LoginManagerParent.jsm, line 136: TypeError: gRecipeManager is null
/localhost:8081"
console.warn: LoginRecipes: "getRecipes: falling back to a synchronous message for:" "http://localhost:8081"
console.warn: LoginRecipes: "JagetRecivpes: falling back to a synchronous message for:" "http://localhost:8081"
aScript error: resource://gre/modules/LoginManagerParent.jsm, line 136: TypeError: gRecipeManager is null
console.warn: LoginRecipes: "getRecipes: falling back Jtao a synchronous message for:" "http:/v/localhost:8081"
aScript error: resource://gre/modules/LoginManagerParent.jsm, line 136: TypeError: gRecipeManager is null
console.warn: LoginRecipes: "getRecipes: falling back to a synchronous message for:" "http://localhost:8081"
JavaScript error: resource://gre/modules/LoginManagerParent.jsm, line 136: TypeError: gRecipeManager is null
console.warn: LoginRecipes: "getRecipes: falling back to a synchronous messagJea vfaoScript err:" "http://localhost:8081"
ror: resource://gre/modules/LoginManagerParent.jsm, line 136: TypeError: gRecipeManager is null
console.warn: LoginRecipes: "getRecipes: falling back to a synchronous message for:" "http://locaJavalhost:80S8c1r"ip
t error: resource://gre/modules/LoginManagerParent.jsm, line 136: TypeError: gRecipeManager is null
console.warn: LoginRecipes: "getRecipes: falling bJavaSacck to a synchronous message for:" "http://locarlipt error: rehsoource:s/t/gre/mod:u8l0es/LoginManage8r1P"ar
ent.jsm, line 136: TypeError: gRecipeManager is null
console.warn: LoginRecipes: "getRecipes: fallinJagv back to aa Sscyrnipt error: resource://gre/modules/LoginManagerParent.jsm, line 1chron3o6u:s  TypeEmrersosra:g eg Rfeocri:p"eManager is n u"lhlttp://loc
alhost:8081"
console.warn: LoginRecipes: "getRecipes: falling back JavaStcript error: resource://gre/modules/LoginManagerParent.jsm, line 136: TypeEror oar synchronous messag:e gReci pfeoMra:n" "http://localhosatg:e8r0 is null
81"
console.warn: LoginRecipes: "getRecipes: falling back to a synchronous message for:" "http://localhost:8081"
JavaScript error: resource://gre/modules/LoginManagerParent.jsm, line 136: TypeError: gRecipeManager is null
console.warn: LoginRecipes: "getRecipes: falling back to a synchronous message for:" "http://localhJoasvt:8081"
aScript error: resource://gre/modules/LoginManagerParent.jsm, line 136: TypeError: gRecipeManager is null
console.warn: LoginRecipes: "getRecipes: falling back to a synchronous message foJra:v"a S"chrtitppt: /e/rlroocra:l hroessto:u8r0c8e1:"//
gre/modules/LoginManagerParent.jsm, line 136: TypeError: gRecipeManager is null
console.warn: LoginRecipes: "getRecipes: falling back to a synchronous message for:" "http://localJavahSost:8081"
cript error: resource://gre/modules/LoginManagerParent.jsm, line 136: TypeError: gRecipeManager is null
console.warn: LoginRecipes: "getRecipes: falling back to a synchronous message for:" "http://localhost:8081"
JavaScript error: resource://gre/modules/LoginManagerParent.jsm, line 136: TypeError: gRecipeManager is null
console.warn: LoginRecipes: "getRecipes: falling back to a synchronous message for:" "http://localhost:8081"
JavaScript error: resource://gre/modules/LoginManagerParent.jsm, line 136: TypeError: gRecipeManager is null
console.warn: LoginRecipes: "getRecipes: falling back to aJ synchronous messagae for:" "htvtapS:c/r/ilocalhost:8081"
pt error: resource://gre/modules/LoginManagerParent.jsm, line 136: TypeError: gRecipeManager is null
console.warn: LoginRecipes: "getRecipes: fallinJg back to a synchronous message avaScript error: resource://gre/modules/LogfionrM:a"n a"ghetrtp:/P/alrento.cjaslmh,o slti:n8e0 8113"
6: TypeError: gRecipeManager is null
console.warn: LoginRecipes: "getRecipes: falling back tJavo a asSycnrcihprto neorurso rm:e srseasgoeu rfcoer::/"/ g"rhet/tmpo:d/u/lles/LoginManagerParent.jsm, line 136: TypeError: gRecipeManager ios null
calhost:8081"
console.warn: LoginRecipes: "getRecipes: falling back to a syncJavaScript error: resource://gre/modules/LoginManagerParent.jsm, line 136: TypeError: gRecipeManager is null
hronous message for:" "http://localhost:8081"
console.warn: LoginRecipes: "getRecipes: falling back to a synchronous message for:" "http://localhoJsatv:a8S0c81ript error: re"so
urce://gre/modules/LoginManagerParent.jsm, line 136: TypeError: gRecipeManager is null
console.warn: LoginRecipes: "getRecipes: falling back to a synchronous message for:" "http://localhost:8081"
JavaScript error: resource://gre/modules/LoginManagerParent.jsm, line 136: TypeError: gRecipeManager is null
console.warn: LoginRecipes: "getRecipes: falling back to a synchronous message for:" "http://localhost:8081"
JavaScript error: resource://gre/modules/LoginManagerParent.jsm, line 136: TypeError: gRecipeManager is null
console.warn: LoginRecipes: "getRecipes: falling backJavaScr to a syinpcth reornroours:  mreesssoaugrec ef:o/r/:g"r e"/hmtotdpu:l/e/sl/oLcoaginManagerParent.jsm, line 136: TypeErlrhoors:t :g8R0e8c1i"peManager is null

console.warn: LoginRecipes: "getRecipes: falling back to a synchronous message for:" "http://localhost:8081"
JavaScript error: resource://gre/modules/LoginManagerParent.jsm, line 136: TypeError: gRecipeManager is null
console.warn: LoginRecipes: "getRecipes: falling back to a synchronous JavaScmessargiep tf oerr:r"o r":h trteps:o/u/rlcoec:a/l/hgorset/:m8o0d8u1l"es/LoginManagerParent.jsm, line 136: TypeError: gRecipeMa
nager is null
console.warn: LoginRecipes: "getReciJavaScrippets :e rfraorl: resource://gre/modules/LoginManagerPling abraecnkt .to jas ms,y nlcihnreo n1o3u6s:  TypemEersrsoar: gRecipeManager is null
ge for:" "http://localhost:8081"
console.warn: LoginRecipes: "getRecipes: falling back to a synchronous message fJavaScript error: resource://gre/omro:d"u l"ehst/tLpo:g/i/nlMocalhost:8081"anagerParent.
jsm, line 136: TypeError: gRecipeManager is null
console.warn: LoginRecipes: "getRecipes: falling back to a synchronous message for:" "http://localhost:8081"
JavaScript error: resource://gre/modules/LoginManagerParent.jsm, line 136: TypeError: gRecipeManager is null
console.warn: LoginRecipes: "getRecipes: falling back to a synchronous message for:" "http://localhost:8081"
JavaScript error: resource://gre/modules/LoginManagerParent.jsm, line 136: TypeError: gRecipeManager is null
console.warn: LoginRecipes: "getRecipes: falling back to a synchronous mJavaScript error: resource://gre/modules/LoginManagerParent.jsm, line 136: TypeError: gRecipeManager is null
essage for:" "http://localhost:8081"
console.warn: LoginRecipes: "getRecipes: fJavaSaclrling back to a synchronous message for:" "http://localhost:8081"
ipt error: resource://gre/modules/LoginManagerParent.jsm, line 136: TypeError: gRecipeManager is null
console.warn: LoginRecipes: "getRecipes: falling back to a synchronous message for:" "http://localhost:8081"
JavaScript error: resource://gre/modules/LoginManagerParent.jsm, line 136: TypeError: gRecipeManager is null
console.warn: LoginRecipes: "getRecipes: falling back to a synchronous JmaevsasScript error: resource://gre/modules/LoginManagerParent.jsm, linea g1e3 6f:o rT:yp"e E"httrp:r/o/rl:o cgaRlehcoispte:M8a0n8a1g"er
 is null
console.warn: LoginRecipes: "getRecipes: falling back to a synchronous message foJavr:" "httapS:c/r/ilpotc aelrhroosrt:: 8r0e8s1"
ource://gre/modules/LoginManagerParent.jsm, line 136: TypeError: gRecipeManager is null
console.warn: LoginRecipes: "getRecipes: falling bJack tavaScript error: resource:/o a synchronous message fo/r:" "hgtrtp://locealhost:8081/"mo
dules/LoginManagerParent.jsm, line 136: TypeError: gRecipeManager is null
console.warn: LoginRecipes: "getRecipes: falling back to a synchronous message for:" "http://localhost:8081"
JavaScript error: resource://gre/modules/LoginManagerParent.jsm, line 136: TypeError: gRecipeManager is null
console.warn: LoginRecipes: "getRecipes: falling bacJk to a synchronous message for:" "http://localhost:8081"
avaScript error: resource://gre/modules/LoginManagerParent.jsm, line 136: TypeError: gRecipeManager is null
console.warn: LoginRecipes: "getRecipes: falling back to a synchronous message for:" "http://localJavahScript erroro:s tresource://gre/module:s8/0L8o1g"i
nManagerParent.jsm, line 136: TypeError: gRecipeManager is null
console.warn: LoginRecipes: "getRecipes: falling back to a JavaScrispt errorynchronous message for:" "http:: resource/://l/ocalhost:8081"gr
e/modules/LoginManagerParent.jsm, line 136: TypeError: gRecipeManager is null
console.warn: LoginRecipes: "getRecipes: falling back to a synchronous message for:" "http://localhost:8081"
JavaScript error: resource://gre/modules/LoginManagerParent.jsm, line 136: TypeError: gRecipeManager is null
console.warn: LoginRecipes: "getRecipes: falling back tJavaScript error: resource://gre/modules/LoginManagerParent.jsm, line 13o6: TypeError:  gaR escyinpcehMraonnaoguesr  miess snauglel f
or:" "http://localhost:8081"
console.warn: LoginRecipes: "getRecipes: falling back to a synchronous message Jfaovra:S"c r"ihpttt pe:r/r/olro:c arlehsoosut:8081"
rce://gre/modules/LoginManagerParent.jsm, line 136: TypeError: gRecipeManager is null
console.warn: LoginRecipes: "getRecipes: falling back to a synchronJoavaScript error: resource://gre/modules/LoginManagerParent.jsm, linues  1m3e6s:s aTgyep efEorrr:o"r :" http://localhost:8081"
gRecipeManager is null
console.warn: LoginRecipes: "getRecipes: falling back to a synchronous message for:" "http://localhost:8081"
JavaScript error: resource://gre/modules/LoginManagerParent.jsm, line 136: TypeError: gRecipeManager is null
console.warn: LoginRecipes: "getRecipes: falling back to a synchronous message for:" "JavaScripth tetrpr:o/r/:l orcealhossto:u8r0c8e1:"//
gre/modules/LoginManagerParent.jsm, line 136: TypeError: gRecipeManager is null
console.warn: LoginRecipes: "getRecipes: falling back JtaovaScript error: resource://gre/modules/LoginManagerParent.jsm, line  1a36:  TsyypnecEhrrroonro:u sg RmeecsispaegMea nfaogre:r"  is null
"http://localhost:8081"
console.warn: LoginRecipes: "getRecipes: falling bJaavaScript error: resource://gre/modules/LoginManagerParentc.kj stm, loi nae synchr o1n3o6u: Tysp emEersrsoarg:e  gRecipeManager is null
for:" "http://localhost:8081"
console.warn: LoginRecipes: "getRecipes: falling back to a synchronous message for:" "http://localhost:8081"
JavaScript error: resource://gre/modules/LoginManagerParent.jsm, line 136: TypeError: gRecipeManager is null
console.warn: LoginRecipes: "getRecipes: falling back to a synchronous message forJavaScript error: resource://gre/modules/LoginManagerParent.:" "http://localhojsstm:,8 0l8i1"
ne 136: TypeError: gRecipeManager is null
console.warn: LoginRecipes: "getRecipes: falling back to a synchronous message for:JavaScript error: resource://gre/modules/LoginManagerParent.jsm, line " 1"http:/3/6localhost:8081"
: TypeError: gRecipeManager is null
console.warn: LoginRecipes: "getRecipes: falling back to a synchronous message for:"J "http:a/v/alocSaclrhiopstt :e8081rror"
: resource://gre/modules/LoginManagerParent.jsm, line 136: TypeError: gRecipeManager is null
console.warn: LoginRecipes: "getRecipes: falling back to a synchronous message for:" "http://localhost:8081"
JavaScript error: resource://gre/modules/LoginManagerParent.jsm, line 136: TypeError: gRecipeManager is null
console.warn: LoginRecipes: "getRecipes: falling back to aJavaScri synchronous message for:" "http://localhost:8081"
pt error: resource://gre/modules/LoginManagerParent.jsm, line 136: TypeError: gRecipeManager is null
console.warn: LoginRecipes: "getRecipesJ:a vfaaSlclriinpgt  bearcrko rt:o  rae ssoyunrccher:o/n/ogurse /mmodules/LoginManagerParent.jsm, line 136: TypeError: gRecipeManager is null
essage for:" "http://localhost:8081"
console.warn: LoginRecipes: "getRecipes: faJavlling back to a syncaScrhipronous message for:"t e r"rohrt: resotuprce://gre/mod:u/l/elsocalhost:/8L0oginManage8r1P"a
rent.jsm, line 136: TypeError: gRecipeManager is null
console.warn: LoginRecipes: "getRecipes: falling back to a synchronous message for:" "http://localhost:8081"
JavaScript error: resource://gre/modules/LoginManagerParent.jsm, line 136: TypeError: gRecipeManager is null
console.warn: LoginRecipes: "getRecipes: falling back to a sJynchavaScript error: resource://gre/modules/LoginManagerParent.jsm, line 136: TypeError: gRecipreMonous message foarn:"age r" hitst pn:u/l/l
localhost:8081"
console.warn: LoginRecipes: "getRecipes: falling back to a synchronous message for:" "http://localhost:8081"
JavaScript error: resource://gre/modules/LoginManagerParent.jsm, line 136: TypeError: gRecipeManager is null
console.warn: LoginRecipes: "getRecipes: falling back to a synchronous message for:" "http://localhost:8081"
JavaScript error: resource://gre/modules/LoginManagerParent.jsm, line 136: TypeError: gRecipeManager is null
console.warn: LoginRecipes: "getRecipes: falling back to a synchronous message for:" "http://localhost:8081"
JavaScript error: resource://gre/modules/LoginManagerParent.jsm, line 136: TypeError: gRecipeManager is null
console.warn: LoginRecipes: "getRecipes: falling back to a synchronous message for:" "http:J/a/vlaoSccarlihpots te:r8r0o8r1:" r
esource://gre/modules/LoginManagerParent.jsm, line 136: TypeError: gRecipeManager is null
console.warn: LoginRecipes: "getRecipes: falling back to a JsayvaScript ernrcohrr:o nroeusso umrecses:a/g/eg rfeo/rm:o"d u"lhetst/pL:o/g/ilnoMcaanlahgoesrParentt.:j8s0m8,1"
 line 136: TypeError: gRecipeManager is null
console.warn: LoginRecipes: "getRecipes: fallingJavaS cback to a synchronous message for:" "http://localhost:8081"r
ipt error: resource://gre/modules/LoginManagerParent.jsm, line 136: TypeError: gRecipeManager is null
console.warn: LoginRecipes: "getRecipes: falling back to a synchronous message for:" "http://localhost:8081"
JavaScript error: resource://gre/modules/LoginManagerParent.jsm, line 136: TypeError: gRecipeManager is null
console.warn: LoginRecipes: "getReciJavaScript error: resource://gpesr: fae/modules/LoginManagerParent.jsm, line 136: TypeError: gRecillping baecMkanager is null
 to a synchronous message for:" "http://localhost:8081"
console.warn: LoginRecipes: "getRecipes: falling back to a synchronousJavaScript err messagoer :for:" "http://localhost:8081"
 resource://gre/modules/LoginManagerParent.jsm, line 136: TypeError: gRecipeManager is null
console.warn: LoginRecipes: "getRecipes: falling back to a synchronous message for:" "http://localhost:8081"
JavaScript error: resource://gre/modules/LoginManagerParent.jsm, line 136: TypeError: gRecipeManager is null

###!!! [Parent][PContentParent] Error: Send(msgname=PContent::Msg_DestroyBrowsingContextGroup) Closed channel: cannot send/recv


###!!! [Child][PContentChild] Error: RunMessage(msgname=PContent::Reply_DiscardBrowsingContext) Channel closing: too late to send/recv, messages will be lost

