1650203957480	geckodriver	INFO	Listening on 127.0.0.1:26332
console.warn: SearchSettings: "get: No settings file exists, new profile?" (new NotFoundError("Could not open the file at C:\\Users\\usuario\\AppData\\Local\\Temp\\rust_mozprofileJI0Ghb\\search.json.mozlz4", (void 0)))
console.warn: LoginRecipes: "getRecipes: falling back to a synchronous message for:" "http://localhost:8081"
console.warn: LoginRecipes: "getRecipes: falling back to a synchronous message for:" "http://localhost:8081"
JavaScript error: resource://gre/modules/LoginManagerParent.jsm, line 136: TypeError: gRecipeManager is null
console.warn: LoginRecipes: "getRecipes: falling back toJ avaSa synchronous mecript error: resource://gsre/modules/LoginManagerParent.jsm, line 136: TypeError: gRecipeManager is null
sage for:" "http://localhost:8081"
console.warn: LoginRecipes: "getRecipes: falling back to a sJyanvcahSrcornioputs  emrersosra:g er efsooru:r"c e://gre/modules/LoginManagerParent.jsm, line 136: TypeError: gRecipeManager is null
"http://localhost:8081"
console.warn: LoginRecipes: "getJaRevcaiSpcersi:p tf aelrlrionrg: resource://gre/modules/LoginManagerPar ebnatc.kj stmo, a synchr olnionues  1m3e6s:s aTgye peError: gRecipeManager is nufor:" "http://localhost:8081"
ll
console.warn: LoginRecipes: "getRecipes: falling bJavaScriapctk  eto a synchronrous message for:r"o r":h ttp://locarleshoostu:rc8e0:8//g1r"e/modules/LoginManager
Parent.jsm, line 136: TypeError: gRecipeManager is null
console.warn: LoginRecipes: "getRecipes: faJavlalSicnrgi pbta cekr rtoor :a  rseysnochronouurs message for:" "http://localhost:8081"
ce://gre/modules/LoginManagerParent.jsm, line 136: TypeError: gRecipeManager is null
console.warn: LoginRecipes: "getRecipes: faJlalvianSgc rbiapctk  etro a synchronous message for:" "http://lroocr: resource://gre/modulaelsh/oLoginMansatg:e8r0P8a1r"en
t.jsm, line 136: TypeError: gRecipeManager is null
console.warn: LoginRecipes: "getRecipes: falling back to a syncJharvoanous message for:" "http://localhost:8081"
Script error: resource://gre/modules/LoginManagerParent.jsm, line 136: TypeError: gRecipeManager is null
console.warn: LoginRecipes: "getRecipes: falling back to a synchronouJavaSscript error: resource://gre/modules/LoginManagerParen t.jsm, line 136: TypeError: gRmeecsispaegMe fora:" "http:/n/algocalhost:8081"
er is null
console.warn: LoginRecipes: "getRecipes: falling back to a sJyanvcahSrcornioputs  emrersosra:g er efsooru:r"c e":h//gre/modules/LoginManagerParent.jsm, line 136: TypeError: gRecipeManager ist tnpu:l/l/l
ocalhost:8081"
console.warn: LoginRecipes: "getRecipes: falling back tJao a vaSscript error: resource://gre/modules/LoginManageryPanrcehnt.jsrm, linoenous message for:" "ht t136: TypepE:r/r/localhoost:8081"
r: gRecipeManager is null
console.warn: LoginRecipes: "getRecipes: fallingJ bacakv atSoc rai psty necrhrroorn:o ursesour cmee:s/s/aggree /fmoord:u"l e"sh/tLtopg:i/n/MlaoncaaglehroPsatr:e8n0t8.1j"sm
, line 136: TypeError: gRecipeManager is null
console.warn: LoginRecipes: "getRecipes: falling back to a synchronouJsavaScript error: resource://gre/modules m/LoginManagerParent.jessagsem for:" , lin"ehttp://localhost:8081" 136: 
TypeError: gRecipeManager is null
console.warn: LoginRecipes: "getRecipes: falling back to a synchronous mesJavaScripsta geer rfoorr:: "r e"shotutrpc://localhost:8081"
e://gre/modules/LoginManagerParent.jsm, line 136: TypeError: gRecipeManager is null
console.warn: LoginRecipes: "getRecipes: falling back to a sJavaScript error: resource://gre/modules/LoginManagerParent.jsm, line 136: TypeError: gRecipeManagery nis null
chronous message for:" "http://localhost:8081"
console.warn: LoginRecipes: "getRecipes: falling back to a synchronJavaScript error: resource://gre/modules/LoginManagerParent.jsm, line 136: TypeError: gRecipeManager is null
ous message for:" "http://localhost:8081"
console.warn: LoginRecipes: "getRecipes: falling back to a synchJraovnaoSucsr impets seargreo rf:o rr:e"s o"uhrttp://lcoecalhost:8081"://gre/modules/LoginManagerParent.jsm, line 136: TypeError: gRecipeManager is null

console.warn: LoginRecipes: "getRecipes: falling back to Jaava Sscyrnicphtr oenroruosr :m ersessaoguer cfeor:" "http://localhost:80:8/1/"
gre/modules/LoginManagerParent.jsm, line 136: TypeError: gRecipeManager is null
console.warn: LoginRecipes: "getRecipes: falling backJavaScrip tt oe rar osry:n crhersoonuorucse :message/ /fgorre:/"m o"dhutlteps:///LoginManagerPalroecnatl.hjossmt,: 8l0i8n1e" 1
36: TypeError: gRecipeManager is null
console.warn: LoginRecipes: "getRecipes: falling back to a synchronous message for:" "http://localhost:8081"
JavaScript error: resource://gre/modules/LoginManagerParent.jsm, line 136: TypeError: gRecipeManager is null
console.warn: LoginRecipes: "getRecipes: falling back to Javaa Sscyrnicphtr oerror: resource://gre/modules/LoginManagerParent.jsm, line 136: TypeError: gRecipeManager is null
nous message for:" "http://localhost:8081"
console.warn: LoginRecipes: "getRecipeJavs: falling baaScckr itpot  ae rsryonrc:h rroensoouusr cmee:s/sa/gre/modules/LoginManagerParent.jsm, line 136: TypeError: gRecipeManager is null
ge for:" "http://localhost:8081"
console.warn: LoginRecipes: "getRecipes: falling back to a synchronous message for:" "http://localhost:8J0avaScript error: resource://g8re/modules1/"Logi
nManagerParent.jsm, line 136: TypeError: gRecipeManager is null
console.warn: LoginRecipes: "getRecipes: falling back to a synchronous messageJav afSocrr:i"p t" hetrtrpo:r/:/ lresource://gre/modules/LoocgailnhMoasnta:g8e0r8P1a"re
nt.jsm, line 136: TypeError: gRecipeManager is null
console.warn: LoginRecipes: "getRecipes: falling back to a synchronous message for:" "http://locJavaScript error: resource://gre/modules/aLloginManagerParent.jsm, line 136: TypeError: gRecipeManager ish onull
st:8081"
console.warn: LoginRecipes: "getRecipes: JfaavlalSicnrgi back to a synchronous message for:" "http://lopcta lhost:8081"
error: resource://gre/modules/LoginManagerParent.jsm, line 136: TypeError: gRecipeManager is null
console.warn: LoginRecipes: "getRecipes: falling bJaacvaScript error: resko utroc ea :synchronous message /f/ogre/modules/LoginManagerParent.jsmr, line 136: TypeError: gRe:"c i"phetMtapn:a/g/elro ciasl hnull
ost:8081"
console.warn: LoginRecipes: "getRecipes: falling back to a synchronous message for:" "hJatvtap://loSccarlihpots te:r8r0o8r1": reso
urce://gre/modules/LoginManagerParent.jsm, line 136: TypeError: gRecipeManager is null
console.warn: LoginRecipes: "getRecipes: falling back to aJ asvyanScchrriopnto uesr rmoers:s agresource://gre/modules/LoginManagerParent.jsm, line 136: TypeError: gRecipeManager is null
e for:" "http://localhost:8081"
console.warn: LoginRecipes: "getRecipes: falling back to a synchronous message for:" J"http://localhost:8081"
avaScript error: resource://gre/modules/LoginManagerParent.jsm, line 136: TypeError: gRecipeManager is null
console.warn: LoginRecipes: "getRecipes: falliJnagv back to a saySncript error: resource://gre/modules/LoginManagcehrrPoanous message for:" "http://localhosrte:n8081"
t.jsm, line 136: TypeError: gRecipeManager is null
console.warn: LoginRecipes: "getRecipes: falling back to a synchronous message for:" "http://localhost:8081"
JavaScript error: resource://gre/modules/LoginManagerParent.jsm, line 136: TypeError: gRecipeManager is null
console.warn: LoginRecipes: "getRecipes: falling back to a synchronous message for:" "http://localhost:80J8a1v"aScript
 error: resource://gre/modules/LoginManagerParent.jsm, line 136: TypeError: gRecipeManager is null
console.warn: LoginRecipes: "getRecipes: falJlavaScript error: resource://gre/modules/LoginManagerParent.jsm, line 136: TypeError: gRecipeManager is null
ing back to a synchronous message for:" "http://localhost:8081"
console.warn: LoginRecipes: "getRecipes: falling back to a synchronous mesJavaScsraigpet  feorrr:o" "httrp://localhost:8081"
: resource://gre/modules/LoginManagerParent.jsm, line 136: TypeError: gRecipeManager is null
console.warn: LoginRecipes: "getRecipes: falling back to a synchronous message for:" "http://localhost:8081"
JavaScript error: resource://gre/modules/LoginManagerParent.jsm, line 136: TypeError: gRecipeManager is null
console.warn: LoginRecipes: "getRecipes: falling back to a synchroJnaovuasS cmreispsta geer rfoorr:: "r e"shource://gre/modules/LoginManagerParent.jsm, line 136: TypeError: gRecipeManager is null
ttp://localhost:8081"
console.warn: LoginRecipes: "getRecipes: falling back to Jaa vsaySnccrhirpotn oeursr message for:" "http://localhost:8081"
or: resource://gre/modules/LoginManagerParent.jsm, line 136: TypeError: gRecipeManager is null
console.warn: LoginRecipes: "getRecipes: falling back to a synchronous messJavaScripage for:" "http://localhost:8081"
t error: resource://gre/modules/LoginManagerParent.jsm, line 136: TypeError: gRecipeManager is null
console.warn: LoginRecipes: "getRecipes: falling back to a synchronous message for:" "http://localhost:8081"
JavaScript error: resource://gre/modules/LoginManagerParent.jsm, line 136: TypeError: gRecipeManager is null
console.warn: LoginRecipes: "getRecipes: falling back to a synchronous mesJsaavgaeS cfroirp:t"  e"rhrtotrp:: /r/leoscoaulrhce://gre/modules/LoginManagerParent.jsm, line 136: TypeError: gRecipeManager is null
ost:8081"
console.warn: LoginRecipes: "getRecipes: falling JavaScripbta cekr rtoor :a  rseysnocuhrrocneo:u/s/ gmrees/smaogdeu lfeosr/:L"o g"ihntMtapn:a/g/elroPcaarlehnots.tj:s8m0,8 1l"in
e 136: TypeError: gRecipeManager is null
console.warn: LoginRecipes: "getRecipes: falling bacJavakS ctroi pat  seyrnrcohrr:o nroeusso umrecses:a/g/eg ref/or:" "http://localmhoodsutl:e8s0/8L1o"gi
nManagerParent.jsm, line 136: TypeError: gRecipeManager is null
console.warn: LoginRecipes: "getRecipes: falling back to a Jsyncahronous message fovr:" "http://localhostaScript error: resource::/8/0g8r1e"/m
odules/LoginManagerParent.jsm, line 136: TypeError: gRecipeManager is null
console.warn: LoginRecipes: "getRecipes: falling back to a synchronous message for:" "http://localhost:8081"JavaScript error: resource://gre/modules/LoginManagerParent.jsm
, line 136: TypeError: gRecipeManager is null
console.warn: LoginRecipes: "getRecipes: falling backJ atvoa a synScchrriopnto uesr rmoers:s argees ofuorrce::"/ /"ghrtet/pm:o/d/ulloecsa/lLhoogsitn:M8a0n8a1g"er
Parent.jsm, line 136: TypeError: gRecipeManager is null
console.warn: LoginRecipes: "getRecipes:JavaScript error: resource://gre/m ofdaullleisn/gL back too gai nsMyannacghronous message for:" "http://localhost:e8r0P8a1rent.jsm, line 136: TypeError: gRecipe"Ma
nager is null
console.warn: LoginRecipes: "getRecipes: falling back to a synchronous message for:" "http://localhost:8081"
JavaScript error: resource://gre/modules/LoginManagerParent.jsm, line 136: TypeError: gRecipeManager is null
console.warn: LoginRecipes: "getRecipes: falling back to a synchronous message for:" "http://localhost:8081"
JavaScript error: resource://gre/modules/LoginManagerParent.jsm, line 136: TypeError: gRecipeManager is null
console.warn: LoginRecipes: "getRecipes: falling back to a synchronous messagJea vfaoSrc:r"i p"htt tepr:r/o/rlocalhost:8081"
: resource://gre/modules/LoginManagerParent.jsm, line 136: TypeError: gRecipeManager is null
console.warn: LoginRecipes: "getRecipes: falling back toJ avaScra synchronous message for:" "http://localhost:808i1"pt error: 
resource://gre/modules/LoginManagerParent.jsm, line 136: TypeError: gRecipeManager is null
console.warn: LoginRecipes: "getRecipes: falling back to a synchronous message for:" "http://localhost:8081"
JavaScript error: resource://gre/modules/LoginManagerParent.jsm, line 136: TypeError: gRecipeManager is null
console.warn: LoginRecipes: "getRecipes: falling back to a synchronous JmaevsaScript error: resource://gre/modules/LoginManagerParent.jsm, line 136: TypeError: gRecipeManager is null
sage for:" "http://localhost:8081"
console.warn: LoginRecipes: "getRecipes: falling back to a synchronous message for:" "http://localhost:8081"
JavaScript error: resource://gre/modules/LoginManagerParent.jsm, line 136: TypeError: gRecipeManager is null
console.warn: LoginRecipes: "getRecipes: falling back to a synchronous message for:" "http://localhost:8081"
JavaScript error: resource://gre/modules/LoginManagerParent.jsm, line 136: TypeError: gRecipeManager is null
console.warn: LoginRecipes: "getRecipes: falling back to a synchronous message for:" "http://localhost:8081"
JavaScript error: resource://gre/modules/LoginManagerParent.jsm, line 136: TypeError: gRecipeManager is null
console.warn: LoginRecipes: "getRecipes: falling back to a synchronous message for:" "http://localhost:8081"
JavaScript error: resource://gre/modules/LoginManagerParent.jsm, line 136: TypeError: gRecipeManager is null
console.warn: LoginRecipes: "getRecipes: falling back to a synchronous message forJavaScript error: resource://gre/modules/LoginManagerParent.jsm, line 136: TypeErro:r":  "ghRtetcpi:p/e/Mlaoncaaglehro is null
st:8081"
console.warn: LoginRecipes: "getRecipes: falling back to a synchronous messagJavaScer ifpotr :e"r r"ohrt:t p://locraelshoosutr:c8e://gre/modules/LoginManagerParent.jsm, line 136: TypeError: gRecipeManager is null
081"
console.warn: LoginRecipes: "getRecipes: falling back to a synchronous message for:" "http://localhost:8081"
JavaScript error: resource://gre/modules/LoginManagerParent.jsm, line 136: TypeError: gRecipeManager is null
console.warn: LoginRecipes: "getRecipes: fallJavaScript error: resource://gre/modules/LoginManagerPiangr back to a synecnhtr.onoujss mm,e slsiangee  1f3o6r:: TypeError: gRecipeManager is null
" "http://localhost:8081"
console.warn: LoginRecipes: "getRecipes: falling back to a sJynchronous message for:" "http://localhost:8081"
avaScript error: resource://gre/modules/LoginManagerParent.jsm, line 136: TypeError: gRecipeManager is null
console.warn: LoginRecipes: "getRecipes: falling back to a synchronous message for:" "http://localhost:8081"
JavaScript error: resource://gre/modules/LoginManagerParent.jsm, line 136: TypeError: gRecipeManager is null
console.warn: LoginRecipes: "getRecipes: falling back to a synchronous message for:" "http://localhost:8081"
JavaScript error: resource://gre/modules/LoginManagerParent.jsm, line 136: TypeError: gRecipeManager is null
console.warn: LoginRecipes: "getRecipes: falling back to a synchronous messageJavaScript error: resource://gre/modu lfeosr/:L"o "http:g/i/nlocalhost:8081"
ManagerParent.jsm, line 136: TypeError: gRecipeManager is null
console.warn: LoginRecipes: "getRecipes: falling back to a synchronous message for:" "http://localhost:8081"
JavaScript error: resource://gre/modules/LoginManagerParent.jsm, line 136: TypeError: gRecipeManager is null
console.warn: LoginRecipes: "getRecipes: falling back to a synchronous message for:" "http://localhost:8081"
JavaScript error: resource://gre/modules/LoginManagerParent.jsm, line 136: TypeError: gRecipeManager is null
console.warn: LoginRecipes: "getRecipes: falling back to a synchronous message for:" "http://localhost:8081"
JavaScript error: resource://gre/modules/LoginManagerParent.jsm, line 136: TypeError: gRecipeManager is null
console.warn: LoginRecipes: "getRecipes: falling back to a synchronous message for:" "http://localhost:8081"
JavaScript error: resource://gre/modules/LoginManagerParent.jsm, line 136: TypeError: gRecipeManager is null
console.warn: LoginRecipes: "getRecipes: falling back to a synchronous message fJavaScript error: resource://greo/rm:odule"s/LoginManagerParent.jsm, line 136: Ty peError: gRecipeManager is null
"http://localhost:8081"
console.warn: LoginRecipes: "getRecipes: falling back to a synchronous message for:" "http://localhost:8081"
JavaScript error: resource://gre/modules/LoginManagerParent.jsm, line 136: TypeError: gRecipeManager is null
console.warn: LoginRecipes: "getRecipes: falling back to a synchronous message for:" "http://localhost:8081"
JavaScript error: resource://gre/modules/LoginManagerParent.jsm, line 136: TypeError: gRecipeManager is null
console.warn: LoginRecipes: "getRecipes: falling back to a synchronous message for:" "http://lJavaScript error: resource://gre/modules/LoginManagerPaocalhost:8081"
rent.jsm, line 136: TypeError: gRecipeManager is null
console.warn: LoginRecipes: "getRecipes: falling back to a synchronous message for:" "http://localhost:8081"
JavaScript error: resource://gre/modules/LoginManagerParent.jsm, line 136: TypeError: gRecipeManager is null
console.warn: LoginRecipes: "getRecipes: falling back to a Jsynchronous message for:" "ahvtatSpc://locript error: resource://gre/moadullehso/sLt:8081"o
ginManagerParent.jsm, line 136: TypeError: gRecipeManager is null
console.warn: LoginRecipes: "getRecipes: falling back to a synchronous message for:" "http://localhost:8081"
JavaScript error: resource://gre/modules/LoginManagerParent.jsm, line 136: TypeError: gRecipeManager is null
console.warn: LoginRecipes: "getRecipes: falling back to a synchronous message for:" "http://localhost:8081"
JavaScript error: resource://gre/modules/LoginManagerParent.jsm, line 136: TypeError: gRecipeManager is null
console.warn: LoginRecipes: "getRecipes: falling back to a synchronous meJsasvaagSec rfioprt error: resource://gre/modules/LoginManagerParent.jsm, line 136: TypeError: gRecipeManager is null
:" "http://localhost:8081"
console.warn: LoginRecipes: "getRecipes: falling back to a synchronous message for:" "http://localhost:8081"
JavaScript error: resource://gre/modules/LoginManagerParent.jsm, line 136: TypeError: gRecipeManager is null

###!!! [Parent][PGPUParent] Error: RunMessage(msgname=PGPU::Msg_ShutdownVR) Channel closing: too late to send/recv, messages will be lost

