1649761023444	geckodriver	INFO	Listening on 127.0.0.1:35242
console.warn: SearchSettings: "get: No settings file exists, new profile?" (new NotFoundError("Could not open the file at C:\\Users\\usuario\\AppData\\Local\\Temp\\rust_mozprofilenQOpx8\\search.json.mozlz4", (void 0)))
console.warn: LoginRecipes: "getRecipes: falling back to a synchronous message for:" "http://localhost:8081"
console.warn: LoginRecipes: "getRecipes: falling back to a synchronous message for:" "http:JavaScrip/t/ leorcarlhost:8081o"r
: resource://gre/modules/LoginManagerParent.jsm, line 136: TypeError: gRecipeManager is null
console.warn: LoginRecipes: "getRecipes: falling JbaavcakS ctroi pt error: resource://gre/modau lseysn/cLhorgoinnoMuasn message for:" "http://localhost:8081"
agerParent.jsm, line 136: TypeError: gRecipeManager is null
console.warn: LoginRecipes: "getReciJavaScript error: resource://gre/modules/LoginManagerParenpte.sj:s mf,a llliinneg back  136: TypeError: gRecipeManager is null
to a synchronous message for:" "http://localhost:8081"
console.warn: LoginRecipes: "getRecipes: falling back to a synchronous message for:" "http://JlaovcaScript error: resource://gre/maoldhuolsets:/8L0o8g1i"nM
anagerParent.jsm, line 136: TypeError: gRecipeManager is null
console.warn: LoginRecipes: "getRecipes: falling back to a synchronous messageJ afvoarS:c"r i"phtt tepr:r/o/rl:o carlehsoosutr:c8e0:8/1/"gre/modules/LoginManagerP
arent.jsm, line 136: TypeError: gRecipeManager is null
console.warn: LoginRecipes: "getRecipes: falling back to a synchroJavaScript error: resource://gre/modules/LoginManagerParent.jsmn,ous message fo rl:ine" "http:/ /1l3ocalhost:80861:" TypeError: gRecipeManager is null

console.warn: LoginRecipes: "getRecipes: falling back to a JasvyanScchrriopnous message for:" t"http: error: resource://gre/modules/LoginMan/a/glocearlPhost:80a8r1e"n
t.jsm, line 136: TypeError: gRecipeManager is null
console.warn: LoginRecipes: "getRecipes: falling backJavaScript error: resource://gre/ mtoo dau lseynchrso/nLoougsi nmManagerParent.jsm, line 136: TypeError:essage for:" "http://localhost:8081"
 gRecipeManager is null
console.warn: LoginRecipes: "getRecipes: falling back to a synchronous message for:" "http://localhost:8081"
JavaScript error: resource://gre/modules/LoginManagerParent.jsm, line 136: TypeError: gRecipeManager is null
console.warn: LoginRecipes: "getRecipes: falling back to a synchronous message foJarv:a"S c"rhitptp://localhost:8081t" e
rror: resource://gre/modules/LoginManagerParent.jsm, line 136: TypeError: gRecipeManager is null
console.warn: LoginRecipes: "getRecipes: fallingJ avaScript error: resource://gre/modules/LoginManagerPback to a asynchrornent.jsm, linoeus message for:" "h t1t3p6::/ /TlyopceaElrhroosrt::8081" g
RecipeManager is null
console.warn: LoginRecipes: "getRecipes: fallinJavga Sbcarcikp tt oe rar osry:n crhersoonuorucse :m/e/sgsraeg/em ofdourl:e"s /"Lhotgtipn:M/a/nlaogcearlPhaorsetn:8081"
t.jsm, line 136: TypeError: gRecipeManager is null
console.warn: LoginRecipes: "getRecipes: falling back to aJava Sscyrnchronous messiapgte  for:" "http://leocalhost:8081r"ro
r: resource://gre/modules/LoginManagerParent.jsm, line 136: TypeError: gRecipeManager is null
console.warn: LoginRecipes: "getRecipes: falling back to a synchronous messageJ for:" "http://locaalhost:8081"
vaScript error: resource://gre/modules/LoginManagerParent.jsm, line 136: TypeError: gRecipeManager is null
console.warn: LoginRecipes: "getRecipes: falling back to a synchronous message for:" "http://localhost:8081"
JavaScript error: resource://gre/modules/LoginManagerParent.jsm, line 136: TypeError: gRecipeManager is null
console.warn: LoginRecipes: "getRecipes: falling back to a synchronous messJageavaS cfroirp:t"  e"rhrtotrp://loc:a lrheossoturce://gr:e8/0m8o1d"ul
es/LoginManagerParent.jsm, line 136: TypeError: gRecipeManager is null
console.warn: LoginRecipes: "getRecipes: falling back to a synchronous message Jfaovra:S"c r"ihpttt errpo:r/: resource://gre/m/oldoules/LoginManagcearParenlt.hjossmt, :l8i0n8e1 "1
36: TypeError: gRecipeManager is null
console.warn: LoginRecipes: "getRecipes: falling back to a sJavyanchronoSucsr imessage for:p"t  "ehrtror: resource://gtrpe://m/oldouclaelsh/oLsotg:i8n0M8a1n"ag
erParent.jsm, line 136: TypeError: gRecipeManager is null
console.warn: LoginRecipes: "getRecipes: falJlaivnagS back tcor iap ts ynchronous message for:" "http://localheorror: resource:/s/tg:r8e0/8m1o"du
les/LoginManagerParent.jsm, line 136: TypeError: gRecipeManager is null
console.warn: LoginRecipes: "getRecipes: falling back to a synchronous message forJ:a" "http:v/a/Slcorciaplth oesrtr:o8r0:8 1r"es
ource://gre/modules/LoginManagerParent.jsm, line 136: TypeError: gRecipeManager is null
console.warn: LoginRecipes: "getRecipJeasv:a Sfcarlilpitn ge rback to a synchronous message for:" "http://locarlohrost: r:e8s0ource://81"
gre/modules/LoginManagerParent.jsm, line 136: TypeError: gRecipeManager is null
console.warn: LoginRecipes: "getRecipes: falling back to a synchronous message for:" "http://localhost:8081"
JavaScript error: resource://gre/modules/LoginManagerParent.jsm, line 136: TypeError: gRecipeManager is null
console.warn: LoginRecipes: "getRecipes: fallJianvg back to a synchronous message for:" "http://localhost:8081"
aScript error: resource://gre/modules/LoginManagerParent.jsm, line 136: TypeError: gRecipeManager is null
console.warn: LoginRecipes: "getRecipes: falling back to a synchronous message for:" "http://localhost:8081"
JavaScript error: resource://gre/modules/LoginManagerParent.jsm, line 136: TypeError: gRecipeManager is null
console.warn: LoginRecipes: "getRecipes: falling back to a synchronous messageJ afvoarS:c"r i"phtt error: resourctep::///gre//lmoocdaulhost:8081"
les/LoginManagerParent.jsm, line 136: TypeError: gRecipeManager is null
console.warn: LoginRecipes: "getRecipes: fallingJ abvaacSkc rtiop ta  esryrnocrhr:onous messa gree sfource://gre/modules/LoginManageorr:" "http://Plaorceant.ljhsoms,t :l8i0ne8 11"36
: TypeError: gRecipeManager is null
console.warn: LoginRecipes: "getRecipes: falling bacJavaScript error: resource://gre/modkules/LoginManagerParent.jsm, line  136: tToy pa esynchronous mesEsage for:" "rhrtotrp:: /g/RleocciapeManaglehro sit:8081"
s null
console.warn: LoginRecipes: "getRecipes: falliJavnagScr iback topt error: resource://gre/modu lae ss/ynchronous message for:" "http://localhost:8081"
LoginManagerParent.jsm, line 136: TypeError: gRecipeManager is null
console.warn: LoginRecipes: "getRecipes: falling back to a sJyavaScript error: resource://gre/modules/LoginManagerParent.jsm, line 136: TypeError: gRecipeManagern is null
chronous message for:" "http://localhost:8081"
console.warn: LoginRecipes: "getRecipes: falling back to a synchronous message for:" "http://localhost:8081"
JavaScript error: resource://gre/modules/LoginManagerParent.jsm, line 136: TypeError: gRecipeManager is null
console.warn: LoginRecipes: "getRecipeJsava:S cfrailplti negr rboarc:k  rteos oau rscyen:c/h/rgorneo/ums message for:o"d u"lhttp://localhost:e8s0/8L1o"g
inManagerParent.jsm, line 136: TypeError: gRecipeManager is null
console.warn: LoginRecipes: "getRecipesJ:av afSaclript erling back to a synchronous message for:" "rhotrt:p :r/e/slooucracleh:o/s/tgre/modu:l8e0s8/1L"og
inManagerParent.jsm, line 136: TypeError: gRecipeManager is null
console.warn: LoginRecipes: "getRecipes: falJavlaiSncg back to a synrcihprtonous message for:" "http://localhost:8081"
 error: resource://gre/modules/LoginManagerParent.jsm, line 136: TypeError: gRecipeManager is null
console.warn: LoginRecipes: "getRecipes: falling back to a synchronous message for:" "http://localhost:8081"
JavaScript error: resource://gre/modules/LoginManagerParent.jsm, line 136: TypeError: gRecipeManager is null
console.warn: LoginRecipes: "getRecipes: falling back to a synchronous message for:" "http://localhost:8Ja0v8a1S"cr
ipt error: resource://gre/modules/LoginManagerParent.jsm, line 136: TypeError: gRecipeManager is null
console.warn: LoginRecipes: "getRecipes: falling back to JavaaS csryinpt error: crhersoonuorucse :m/e/sgre/modules/LoginManagseargPea rfeonrt:."j sm, line 136: T"yhptetEpr:r/o/rl:o cgaRlehcoispte:M8a0n8ag1e"r 
is null
console.warn: LoginRecipes: "getRecipes: falling back to a synchronous message for:" "httpJ:a/vaScript error: resource://gre/modules/LoginManagerParent.j/sm, line 136: TypeErlroocra:lhost:8081"
 gRecipeManager is null
console.warn: LoginRecipes: "getRecipes: falling back to a synchronous message for:" "http://localhost:8081"
JavaScript error: resource://gre/modules/LoginManagerParent.jsm, line 136: TypeError: gRecipeManager is null
console.warn: LoginRecipes: "getRecipes: falling back to JavaScript error: resource://gre/modules/LoginManageraP asyrnecnhtr.ojnsom, line 136: TypeuEsr rmessoarg:e  gfRoerc:i"p e"Mhatntapg:e/r/ lioscal hnousltl:8
081"
console.warn: LoginRecipes: "getRecipes: falling back to a synchronous message for:" "http://localhost:8081"
JavaScript error: resource://gre/modules/LoginManagerParent.jsm, line 136: TypeError: gRecipeManager is null
console.warn: LoginRecipes: "getRecipes: fallingJavaScr ibpatc ke rtroo ra:  sryenscource://hgre/modules/LoginManagerParernonous mte.ssage jfsm, line 136: TypeErroorr::"  g"http://localhost:R8ecipeManager is null
081"
console.warn: LoginRecipes: "getRecipes: falling back to a synchronous message for:" "http://localhost:8081"
JavaScript error: resource://gre/modules/LoginManagerParent.jsm, line 136: TypeError: gRecipeManager is null
console.warn: LoginRecipes: "getRecipes: falling back to a synchronous message for:" "http://localhost:8081"JavaScript error: resource:/
/gre/modules/LoginManagerParent.jsm, line 136: TypeError: gRecipeManager is null
console.warn: LoginRecipes: "getRecipes: falling back to a synchronous message for:" "http://localhost:8081"
JavaScript error: resource://gre/modules/LoginManagerParent.jsm, line 136: TypeError: gRecipeManager is null
console.warn: LoginRecipes: "getRecipes: falling back to a synchrJavaScripto error: resource://gre/modules/LoginMannagerParent.jsm, line 136: TypeError: gRecipeMaonuasg meessage fro ri:s"  n"uhltltp
://localhost:8081"
console.warn: LoginRecipes: "getRecipes: falling back to a synchronous message for:" "http://lJoacvalhost:8081"aS
cript error: resource://gre/modules/LoginManagerParent.jsm, line 136: TypeError: gRecipeManager is null
console.warn: LoginRecipes: "getRecipes: falling backJa to a synchronous message for:" "http://localhost:8081"
vaScript error: resource://gre/modules/LoginManagerParent.jsm, line 136: TypeError: gRecipeManager is null
console.warn: LoginRecipes: "getRecipes: falling back to a sJavaSycript erronrc:h rroensoouusr ce://gre/mmeodsuless/aLgoeg ifnoMra:n"a g"ehrtPtapr://localhost:808e1n"t.jsm, 
line 136: TypeError: gRecipeManager is null
console.warn: LoginRecipes: "JgaevtaScript error: resource://gre/modules/LoginManagerParent.jsmR,ec line 136i:p eTsypeError: gRecipeManag:e fra lis null
ling back to a synchronous message for:" "http://localhost:8081"
console.warn: LoginRecipes: "getRecipes: falling back to a synchronous message for:" "http://localhost:8081"
JavaScript error: resource://gre/modules/LoginManagerParent.jsm, line 136: TypeError: gRecipeManager is null
console.warn: LoginRecipes: "getRecipes: falling back to a synchronous message for:" "http://lJocaalvhaoSsctr:i8p0t8 1e"rr
or: resource://gre/modules/LoginManagerParent.jsm, line 136: TypeError: gRecipeManager is null
console.warn: LoginRecipes: "getRecipes: falling back JavaScript error: resource://gre/modules/LoginManagerParent.jsm, line 136: Ttyop eaE rsryonrc:h rgoRneocuisp emMeasnsager is null
age for:" "http://localhost:8081"
console.warn: LoginRecipes: "getRecipes: falling back to a synchronousJavaScript error: resource://gre/modules/LoginManagerParent .jsm, line 136m:e sTsyapgeErrore for:" "http://local:h ost:8gRec081"
ipeManager is null
console.warn: LoginRecipes: "getRecipes: falling back to a synchronous message for:" "http://localhost:8081"
JavaScript error: resource://gre/modules/LoginManagerParent.jsm, line 136: TypeError: gRecipeManager is null
console.warn: LoginRecipes: "getRecipes: falling back to a synchronJoauvsa Smcersispatg ee rfroorr::"  r"ehstotupr:c/e/://grel/ocalmhoodsutl:8e0s8/1L"oginManagerParent.jsm, line 136: TypeError: gR
ecipeManager is null
console.warn: LoginRecipes: "getReciJavaScripes: fallpitn ge rbraocrk:  troe sao usrycnchronous message for:" "http://localhost:8081"
e://gre/modules/LoginManagerParent.jsm, line 136: TypeError: gRecipeManager is null
console.warn: LoginRecipes: "getRecipes: falling Jback to a synchronous message for:" "http://localhost:8081"
avaScript error: resource://gre/modules/LoginManagerParent.jsm, line 136: TypeError: gRecipeManager is null
console.warn: LoginRecipes: "getRecipes: falling back to a synchronous message for:" "http://localhost:8081"
JavaScript error: resource://gre/modules/LoginManagerParent.jsm, line 136: TypeError: gRecipeManager is null
console.warn: LoginRecipes: "getRecipes: falling back to a synchronous message for:" "http://localhost:8081"
JavaScript error: resource://gre/modules/LoginManagerParent.jsm, line 136: TypeError: gRecipeManager is null
console.warn: LoginRecipes: "getRecipes: falling back to JavaScript error: resource://gre/modaules/ LsoygnicnhMraonangerParent.jsm, olus mesisnage for:" "htet p1:3/6/localhost:808:1 "TypeError: g
RecipeManager is null
console.warn: LoginRecipes: "getRecipes: fallingJ aback to a synchronous message for:" "http://localhost:8081"
vaScript error: resource://gre/modules/LoginManagerParent.jsm, line 136: TypeError: gRecipeManager is null
console.warn: LoginRecipes: "getRecipes: falling back to a synchronous message for:" "http://localhost:8081"
JavaScript error: resource://gre/modules/LoginManagerParent.jsm, line 136: TypeError: gRecipeManager is null
console.warn: LoginRecipes: "getRecipes: fallingJav abSaccrki ptto  ear rsor: resource://gre/modules/LoginManagerParent.jsm, line 136:y nTcyhpreoEnroruosr :m egsRseage for:" "http://localhost:8081"
cipeManager is null
console.warn: LoginRecipes: "getRecipes: falling back to a synchronous meJavsasSacgrei pft erroorr::"  r"ehstotuprce://gre/modules/LoginManagerParent.jsm, line 136: TypeError: gRecip:e/M/alnager ocalhost:8081"
is null
console.warn: LoginRecipes: "getRecipes: falling back to a synchronoJavuasS cmript eersrsage for:" "http://localhost:8081"
or: resource://gre/modules/LoginManagerParent.jsm, line 136: TypeError: gRecipeManager is null
console.warn: LoginRecipes: "getRecipes: falling back to a synchronous message for:" "http://localhost:8081"
JavaScript error: resource://gre/modules/LoginManagerParent.jsm, line 136: TypeError: gRecipeManager is null
console.warn: LoginRecipes: "getRecipes: falling back to a synchronous message for:" "http://localhost:8081"
JavaScript error: resource://gre/modules/LoginManagerParent.jsm, line 136: TypeError: gRecipeManager is null
console.warn: LoginRecipes: "getRecipes: falling back JavaScript error: resource://gre/modules/LoginManagerParent.to a synchronous message for:" "http://localhost:8081"
jsm, line 136: TypeError: gRecipeManager is null
console.warn: LoginRecipes: "getRecipes: falling backJavaScript error: resource://gre/modules/LoginManagerParent.jsm, line 136: TypeError: gRecipeManager is null
 to a synchronous message for:" "http://localhost:8081"
console.warn: LoginRecipes: "getRecipes: falling back to a synchronous message for:" "http://localhost:8081"
JavaScript error: resource://gre/modules/LoginManagerParent.jsm, line 136: TypeError: gRecipeManager is null
console.warn: LoginRecipes: "getRecipes: falling bacJavaScript error: resource://gre/moduk to a synchronous message for:" "http:l//localhost:e8s0/8L1oginMan"
agerParent.jsm, line 136: TypeError: gRecipeManager is null
console.warn: LoginRecipes: "getRecipes: falling back to a synchronous message for:" "http://localhost:8081"
JavaScript error: resource://gre/modules/LoginManagerParent.jsm, line 136: TypeError: gRecipeManager is null
console.warn: LoginRecipes: "getRecipes: falling back to a synchronous message for:" "http://localhost:8081"
JavaScript error: resource://gre/modules/LoginManagerParent.jsm, line 136: TypeError: gRecipeManager is null
console.warn: LoginRecipes: "getRecipes: falling back to a synchronous message for:" "http://localhost:8081"
JavaScript error: resource://gre/modules/LoginManagerParent.jsm, line 136: TypeError: gRecipeManager is null
console.warn: LoginRecipes: "getRecipes: falling back to a synchronous message for:" "http://localhost:8081"
JavaScript error: resource://gre/modules/LoginManagerParent.jsm, line 136: TypeError: gRecipeManager is null
console.warn: LoginRecipes: "getRecipes: falling back to a synchronous message for:" "http://localhost:8081"Java
Script error: resource://gre/modules/LoginManagerParent.jsm, line 136: TypeError: gRecipeManager is null
console.warn: LoginRecipes: "getRecipes: falJavaScript errorlin: resource://gre/moduleg back to a synchronous message for:" "http://lso/cLoginManagerParenatl.hjossmt,: 8l0ine 136: TypeError:8 1g"RecipeManager is null

