1649426675145	geckodriver	INFO	Listening on 127.0.0.1:24891
console.warn: SearchSettings: "get: No settings file exists, new profile?" (new NotFoundError("Could not open the file at C:\\Users\\usuario\\AppData\\Local\\Temp\\rust_mozprofile4F49hQ\\search.json.mozlz4", (void 0)))
console.warn: LoginRecipes: "getRecipes: falling back to a synchronous message for:" "http://localhost:8081"
console.warn: LoJavaScript ergrionrR:e criepseosu:r c"eg:e/t/Rgercei/modulesp/eLso:g fainManagerParent.jsm, line 136: TypeError: gRecipeManager is null
lling back to a synchronous message for:" "http://localhost:8081"
console.warn: LoginRecipes: "getRecipes: falling bacJka vtaoS car ispytn cehrrroonro:u sr emseosusracgee: /f/ogrr:e"/ m"http://localhost:8081"
odules/LoginManagerParent.jsm, line 136: TypeError: gRecipeManager is null
console.warn: LoginRecipes: "getRecipes: falling back to a synchJavaScript error: rreosnoouursc em:e/s/sgargee/ mfoodru:l"e s"/hLtotgpi:n/M/alnoacgaelrhPoasrte:n8t0.8j1"
sm, line 136: TypeError: gRecipeManager is null
console.warn: LoginRecipes: "getRecipes: falliJng backa vtaoS car ispytn cehrrroonro:u s message for:" "http://localhost:808r1e"so
urce://gre/modules/LoginManagerParent.jsm, line 136: TypeError: gRecipeManager is null
console.warn: LoginRecipes: "getRecipes: falling JavaScrbiack to a sypt error: resourncceh:r/o/nous gmessage for:" r"http://localhoste:/8081"
modules/LoginManagerParent.jsm, line 136: TypeError: gRecipeManager is null
console.warn: LoginRecipes: "getRecipes: falling back to a synchronous message fJoarv:" "http://localhost:8081"
aScript error: resource://gre/modules/LoginManagerParent.jsm, line 136: TypeError: gRecipeManager is null
console.warn: LoginRecipes: "getRecipes: falling back to JaavaScript error: resource://gre/modules/LoginManagerP arent.jssymn,c hlrionneo u1s3 6m: eTsyspage fore:" "http://lEorcraolrh:o sgtRecipeManager is null
:8081"
console.warn: LoginRecipes: "getRecipes: falling back to a synchronous message for:" "http://localhost:8081J"av
aScript error: resource://gre/modules/LoginManagerParent.jsm, line 136: TypeError: gRecipeManager is null
console.warn: LoginRecipes: "getRecipes: falling back to a synchronous messJaagvea Sfcorrip:t error: resource:" "http://localhost:8081"
//gre/modules/LoginManagerParent.jsm, line 136: TypeError: gRecipeManager is null
console.warn: LoginRecipes: "getRecipes: falling back to a synchronous message for:" "http://localhost:8081"
JavaScript error: resource://gre/modules/LoginManagerParent.jsm, line 136: TypeError: gRecipeManager is null
console.warn: LoginRecipes: "getRecipes: fallJavaScript error: resource://gre/modules/LoginManagerParent.jsm, line 136: TypeError: giRnegc ibpaecMka nto aag esyr is nulnlch
ronous message for:" "http://localhost:8081"
console.warn: LoginRecipes: "getRecipes: falling back to a synchronous message for:" "http://localhost:8081"
JavaScript error: resource://gre/modules/LoginManagerParent.jsm, line 136: TypeError: gRecipeManager is null
console.warn: LoginRecipes: "getRecipes: fJavaScript error: resourallcing back to a synchronous messaeg:e/ /fgore/r:" m"ohdutles/tLpo:g/i/nlMoacnaalgheorPst:a8r0e8n1t".j
sm, line 136: TypeError: gRecipeManager is null
console.warn: LoginRecipes: "getRecipes: falling back to a synchronous message for:" "http:/J/alvoacSaclrhiopstt :e8r0r8o1r":
 resource://gre/modules/LoginManagerParent.jsm, line 136: TypeError: gRecipeManager is null
console.warn: LoginRecipes: "getRecipes: falling back to a synchronous messageJav aScript error: resource://grfeo/rm:"o d"uhltetsp/:L//localhost:8081o"ginManager
Parent.jsm, line 136: TypeError: gRecipeManager is null
console.warn: LoginRecipes: "getRecipes: falling back to a synchronous message for:" "http:/J/alvoacSaclrhipt erost:r8o0r8:1 "re
source://gre/modules/LoginManagerParent.jsm, line 136: TypeError: gRecipeManager is null
console.warn: LoginRecipes: "getRecipes: falling back to a synchronous message for:" "http://localhost:8081"JavaScr
ipt error: resource://gre/modules/LoginManagerParent.jsm, line 136: TypeError: gRecipeManager is null
console.warn: LoginRecipes: "getRecipes: falling back to a synchronous messaJgaev afSocrr:i"p t" hetrtror: resource://gre/modules/LoginManapg:e/r/Plaorceanlth.ost:80j8s1m", 
line 136: TypeError: gRecipeManager is null
console.warn: LoginRecipes: "getRecipes: falling back to a synchronous mJeasvsaSacgre for:" i"http://lopcta lehrorsotr::8 r0e8s1o"ur
ce://gre/modules/LoginManagerParent.jsm, line 136: TypeError: gRecipeManager is null
console.warn: LoginRecipes: "getRecipes: falling back to a synchronous message for:" "http://localhost:8081"
JavaScript error: resource://gre/modules/LoginManagerParent.jsm, line 136: TypeError: gRecipeManager is null
console.warn: LoginRecipes: "getRecipes: falling back to a Jsynchronoaus message for:" "vhttp://localhost:a8S0c81"
ript error: resource://gre/modules/LoginManagerParent.jsm, line 136: TypeError: gRecipeManager is null
console.warn: LoginRecipes: "getRecipes: falling back to a synchronous message for:" "hJtatvpa:S/c/rliopcta lehost:8081"
rror: resource://gre/modules/LoginManagerParent.jsm, line 136: TypeError: gRecipeManager is null
console.warn: LoginRecipes: "getRecipes: falling back to a synchronous message for:" "http:Ja/v/alSoccrailphto setr:r8o0r8:1 "resou
rce://gre/modules/LoginManagerParent.jsm, line 136: TypeError: gRecipeManager is null
console.warn: LoginRecipes: "getRecipes: falling back to a synchronous message for:" "http://localhost:8081"
JavaScript error: resource://gre/modules/LoginManagerParent.jsm, line 136: TypeError: gRecipeManager is null
console.warn: LoginRecipes: "getRecipes: falling back to a synchronous message for:" "http://localJavhaoSsctr:i8p0t8 1e"rror: resource://gre/modules/LoginManagerParent.jsm, line 136: TypeE
rror: gRecipeManager is null
console.warn: LoginRecipes: "getRecipes: falling back to a sJyanchrvoanScript oeursr omre:s sraegseo ufrocre::" "http://localh/ost:80/8g1r"e/
modules/LoginManagerParent.jsm, line 136: TypeError: gRecipeManager is null
console.warn: LoginRecipes: "getRecipes: falling back to a synchronous message for:" "http://localhost:8081"
JavaScript error: resource://gre/modules/LoginManagerParent.jsm, line 136: TypeError: gRecipeManager is null
