2022-03-29 13:21:11.693 INFO  [acme.Launcher@main] Starting Launcher using Java 1.8.0_281 on DESKTOP-HACG05I with PID 9504 (C:\Users\MRF\Desktop\Workspace-22.0\Frameworks\Acme-Framework-22.2\target\classes started by MRF in C:\Users\MRF\Desktop\Workspace-22.0\Projects\Acme-Toolkits) 
2022-03-29 13:21:11.694 DEBUG [acme.Launcher@main] Running with Spring Boot v2.4.2, Spring v5.3.3 
2022-03-29 13:21:11.696 INFO  [acme.Launcher@main] The following profiles are active: development,populator 
2022-03-29 13:21:15.586 DEBUG [org.apache.jasper.servlet.JasperInitializer@main] Initializing Jasper for context [application] 
2022-03-29 13:21:23.092 DEBUG [org.apache.jasper.servlet.JspServlet@main] Scratch dir for the JSP engine is: [C:\Users\MRF\AppData\Local\Temp\tomcat.8083.4198329619187816813\work\Tomcat\localhost\acme-toolkits-22.1] 
2022-03-29 13:21:23.093 DEBUG [org.apache.jasper.servlet.JspServlet@main] IMPORTANT: Do not modify the generated servlets 
2022-03-29 13:21:23.108 INFO  [acme.Launcher@main] Started Launcher in 12.495 seconds (JVM running for 13.888) 
2022-03-29 13:21:23.114 DEBUG [acme.Launcher@main] Found classpath entry '/C:/Users/MRF/Desktop/Workspace-22.0/Projects/Acme-Toolkits/target/test-classes/' 
2022-03-29 13:21:23.114 DEBUG [acme.Launcher@main] Found classpath entry '/C:/Users/MRF/Desktop/Workspace-22.0/Projects/Acme-Toolkits/target/classes/' 
2022-03-29 13:21:23.114 DEBUG [acme.Launcher@main] Found classpath entry '/C:/Users/MRF/Desktop/Workspace-22.0/Frameworks/Acme-Framework-22.2/target/classes/' 
2022-03-29 13:21:23.114 DEBUG [acme.Launcher@main] Found classpath entry '/C:/Users/MRF/Desktop/Workspace-22.0/Frameworks/Acme-Framework-22.2/target/test-classes/' 
2022-03-29 13:21:23.114 DEBUG [acme.Launcher@main] Found classpath entry '/C:/Users/MRF/.m2/repository/org/springframework/boot/spring-boot-starter-tomcat/2.4.2/spring-boot-starter-tomcat-2.4.2.jar' 
2022-03-29 13:21:23.115 DEBUG [acme.Launcher@main] Found classpath entry '/C:/Users/MRF/.m2/repository/jakarta/annotation/jakarta.annotation-api/1.3.5/jakarta.annotation-api-1.3.5.jar' 
2022-03-29 13:21:23.115 DEBUG [acme.Launcher@main] Found classpath entry '/C:/Users/MRF/.m2/repository/org/apache/tomcat/embed/tomcat-embed-core/9.0.41/tomcat-embed-core-9.0.41.jar' 
2022-03-29 13:21:23.115 DEBUG [acme.Launcher@main] Found classpath entry '/C:/Users/MRF/.m2/repository/org/glassfish/jakarta.el/3.0.3/jakarta.el-3.0.3.jar' 
2022-03-29 13:21:23.116 DEBUG [acme.Launcher@main] Found classpath entry '/C:/Users/MRF/.m2/repository/org/apache/tomcat/embed/tomcat-embed-websocket/9.0.41/tomcat-embed-websocket-9.0.41.jar' 
2022-03-29 13:21:23.116 DEBUG [acme.Launcher@main] Found classpath entry '/C:/Users/MRF/.m2/repository/org/apache/tomcat/embed/tomcat-embed-jasper/9.0.41/tomcat-embed-jasper-9.0.41.jar' 
2022-03-29 13:21:23.116 DEBUG [acme.Launcher@main] Found classpath entry '/C:/Users/MRF/.m2/repository/org/apache/tomcat/embed/tomcat-embed-el/9.0.41/tomcat-embed-el-9.0.41.jar' 
2022-03-29 13:21:23.117 DEBUG [acme.Launcher@main] Found classpath entry '/C:/Users/MRF/.m2/repository/org/eclipse/jdt/ecj/3.18.0/ecj-3.18.0.jar' 
2022-03-29 13:21:23.117 DEBUG [acme.Launcher@main] Found classpath entry '/C:/Users/MRF/.m2/repository/javax/servlet/jstl/1.2/jstl-1.2.jar' 
2022-03-29 13:21:23.117 DEBUG [acme.Launcher@main] Found classpath entry '/C:/Users/MRF/.m2/repository/org/springframework/boot/spring-boot-starter-test/2.4.2/spring-boot-starter-test-2.4.2.jar' 
2022-03-29 13:21:23.117 DEBUG [acme.Launcher@main] Found classpath entry '/C:/Users/MRF/.m2/repository/org/springframework/boot/spring-boot-starter/2.4.2/spring-boot-starter-2.4.2.jar' 
2022-03-29 13:21:23.118 DEBUG [acme.Launcher@main] Found classpath entry '/C:/Users/MRF/.m2/repository/org/springframework/boot/spring-boot/2.4.2/spring-boot-2.4.2.jar' 
2022-03-29 13:21:23.118 DEBUG [acme.Launcher@main] Found classpath entry '/C:/Users/MRF/.m2/repository/org/springframework/boot/spring-boot-autoconfigure/2.4.2/spring-boot-autoconfigure-2.4.2.jar' 
2022-03-29 13:21:23.118 DEBUG [acme.Launcher@main] Found classpath entry '/C:/Users/MRF/.m2/repository/org/springframework/boot/spring-boot-starter-logging/2.4.2/spring-boot-starter-logging-2.4.2.jar' 
2022-03-29 13:21:23.119 DEBUG [acme.Launcher@main] Found classpath entry '/C:/Users/MRF/.m2/repository/ch/qos/logback/logback-classic/1.2.3/logback-classic-1.2.3.jar' 
2022-03-29 13:21:23.119 DEBUG [acme.Launcher@main] Found classpath entry '/C:/Users/MRF/.m2/repository/ch/qos/logback/logback-core/1.2.3/logback-core-1.2.3.jar' 
2022-03-29 13:21:23.119 DEBUG [acme.Launcher@main] Found classpath entry '/C:/Users/MRF/.m2/repository/org/apache/logging/log4j/log4j-to-slf4j/2.13.3/log4j-to-slf4j-2.13.3.jar' 
2022-03-29 13:21:23.120 DEBUG [acme.Launcher@main] Found classpath entry '/C:/Users/MRF/.m2/repository/org/apache/logging/log4j/log4j-api/2.13.3/log4j-api-2.13.3.jar' 
2022-03-29 13:21:23.120 DEBUG [acme.Launcher@main] Found classpath entry '/C:/Users/MRF/.m2/repository/org/slf4j/jul-to-slf4j/1.7.30/jul-to-slf4j-1.7.30.jar' 
2022-03-29 13:21:23.120 DEBUG [acme.Launcher@main] Found classpath entry '/C:/Users/MRF/.m2/repository/org/yaml/snakeyaml/1.27/snakeyaml-1.27.jar' 
2022-03-29 13:21:23.121 DEBUG [acme.Launcher@main] Found classpath entry '/C:/Users/MRF/.m2/repository/org/springframework/boot/spring-boot-test/2.4.2/spring-boot-test-2.4.2.jar' 
2022-03-29 13:21:23.121 DEBUG [acme.Launcher@main] Found classpath entry '/C:/Users/MRF/.m2/repository/org/springframework/boot/spring-boot-test-autoconfigure/2.4.2/spring-boot-test-autoconfigure-2.4.2.jar' 
2022-03-29 13:21:23.121 DEBUG [acme.Launcher@main] Found classpath entry '/C:/Users/MRF/.m2/repository/com/jayway/jsonpath/json-path/2.4.0/json-path-2.4.0.jar' 
2022-03-29 13:21:23.121 DEBUG [acme.Launcher@main] Found classpath entry '/C:/Users/MRF/.m2/repository/net/minidev/json-smart/2.3/json-smart-2.3.jar' 
2022-03-29 13:21:23.122 DEBUG [acme.Launcher@main] Found classpath entry '/C:/Users/MRF/.m2/repository/net/minidev/accessors-smart/1.2/accessors-smart-1.2.jar' 
2022-03-29 13:21:23.122 DEBUG [acme.Launcher@main] Found classpath entry '/C:/Users/MRF/.m2/repository/org/ow2/asm/asm/5.0.4/asm-5.0.4.jar' 
2022-03-29 13:21:23.122 DEBUG [acme.Launcher@main] Found classpath entry '/C:/Users/MRF/.m2/repository/jakarta/xml/bind/jakarta.xml.bind-api/2.3.3/jakarta.xml.bind-api-2.3.3.jar' 
2022-03-29 13:21:23.123 DEBUG [acme.Launcher@main] Found classpath entry '/C:/Users/MRF/.m2/repository/jakarta/activation/jakarta.activation-api/1.2.2/jakarta.activation-api-1.2.2.jar' 
2022-03-29 13:21:23.123 DEBUG [acme.Launcher@main] Found classpath entry '/C:/Users/MRF/.m2/repository/org/assertj/assertj-core/3.18.1/assertj-core-3.18.1.jar' 
2022-03-29 13:21:23.123 DEBUG [acme.Launcher@main] Found classpath entry '/C:/Users/MRF/.m2/repository/org/hamcrest/hamcrest/2.2/hamcrest-2.2.jar' 
2022-03-29 13:21:23.123 DEBUG [acme.Launcher@main] Found classpath entry '/C:/Users/MRF/.m2/repository/org/junit/jupiter/junit-jupiter/5.7.0/junit-jupiter-5.7.0.jar' 
2022-03-29 13:21:23.124 DEBUG [acme.Launcher@main] Found classpath entry '/C:/Users/MRF/.m2/repository/org/mockito/mockito-core/3.6.28/mockito-core-3.6.28.jar' 
2022-03-29 13:21:23.124 DEBUG [acme.Launcher@main] Found classpath entry '/C:/Users/MRF/.m2/repository/net/bytebuddy/byte-buddy-agent/1.10.19/byte-buddy-agent-1.10.19.jar' 
2022-03-29 13:21:23.124 DEBUG [acme.Launcher@main] Found classpath entry '/C:/Users/MRF/.m2/repository/org/objenesis/objenesis/3.1/objenesis-3.1.jar' 
2022-03-29 13:21:23.124 DEBUG [acme.Launcher@main] Found classpath entry '/C:/Users/MRF/.m2/repository/org/mockito/mockito-junit-jupiter/3.6.28/mockito-junit-jupiter-3.6.28.jar' 
2022-03-29 13:21:23.125 DEBUG [acme.Launcher@main] Found classpath entry '/C:/Users/MRF/.m2/repository/org/skyscreamer/jsonassert/1.5.0/jsonassert-1.5.0.jar' 
2022-03-29 13:21:23.125 DEBUG [acme.Launcher@main] Found classpath entry '/C:/Users/MRF/.m2/repository/com/vaadin/external/google/android-json/0.0.20131108.vaadin1/android-json-0.0.20131108.vaadin1.jar' 
2022-03-29 13:21:23.126 DEBUG [acme.Launcher@main] Found classpath entry '/C:/Users/MRF/.m2/repository/org/springframework/spring-core/5.3.3/spring-core-5.3.3.jar' 
2022-03-29 13:21:23.126 DEBUG [acme.Launcher@main] Found classpath entry '/C:/Users/MRF/.m2/repository/org/springframework/spring-jcl/5.3.3/spring-jcl-5.3.3.jar' 
2022-03-29 13:21:23.126 DEBUG [acme.Launcher@main] Found classpath entry '/C:/Users/MRF/.m2/repository/org/springframework/spring-test/5.3.3/spring-test-5.3.3.jar' 
2022-03-29 13:21:23.126 DEBUG [acme.Launcher@main] Found classpath entry '/C:/Users/MRF/.m2/repository/org/xmlunit/xmlunit-core/2.7.0/xmlunit-core-2.7.0.jar' 
2022-03-29 13:21:23.126 DEBUG [acme.Launcher@main] Found classpath entry '/C:/Users/MRF/.m2/repository/org/springframework/boot/spring-boot-starter-security/2.4.2/spring-boot-starter-security-2.4.2.jar' 
2022-03-29 13:21:23.127 DEBUG [acme.Launcher@main] Found classpath entry '/C:/Users/MRF/.m2/repository/org/springframework/spring-aop/5.3.3/spring-aop-5.3.3.jar' 
2022-03-29 13:21:23.127 DEBUG [acme.Launcher@main] Found classpath entry '/C:/Users/MRF/.m2/repository/org/springframework/security/spring-security-web/5.4.2/spring-security-web-5.4.2.jar' 
2022-03-29 13:21:23.127 DEBUG [acme.Launcher@main] Found classpath entry '/C:/Users/MRF/.m2/repository/org/springframework/security/spring-security-core/5.4.2/spring-security-core-5.4.2.jar' 
2022-03-29 13:21:23.127 DEBUG [acme.Launcher@main] Found classpath entry '/C:/Users/MRF/.m2/repository/org/springframework/spring-beans/5.3.3/spring-beans-5.3.3.jar' 
2022-03-29 13:21:23.127 DEBUG [acme.Launcher@main] Found classpath entry '/C:/Users/MRF/.m2/repository/org/springframework/spring-context/5.3.3/spring-context-5.3.3.jar' 
2022-03-29 13:21:23.128 DEBUG [acme.Launcher@main] Found classpath entry '/C:/Users/MRF/.m2/repository/org/springframework/spring-expression/5.3.3/spring-expression-5.3.3.jar' 
2022-03-29 13:21:23.128 DEBUG [acme.Launcher@main] Found classpath entry '/C:/Users/MRF/.m2/repository/org/springframework/spring-web/5.3.3/spring-web-5.3.3.jar' 
2022-03-29 13:21:23.128 DEBUG [acme.Launcher@main] Found classpath entry '/C:/Users/MRF/.m2/repository/org/springframework/security/spring-security-config/5.4.2/spring-security-config-5.4.2.jar' 
2022-03-29 13:21:23.128 DEBUG [acme.Launcher@main] Found classpath entry '/C:/Users/MRF/.m2/repository/org/springframework/security/spring-security-taglibs/5.4.2/spring-security-taglibs-5.4.2.jar' 
2022-03-29 13:21:23.128 DEBUG [acme.Launcher@main] Found classpath entry '/C:/Users/MRF/.m2/repository/org/springframework/security/spring-security-acl/5.4.2/spring-security-acl-5.4.2.jar' 
2022-03-29 13:21:23.129 DEBUG [acme.Launcher@main] Found classpath entry '/C:/Users/MRF/.m2/repository/org/springframework/spring-jdbc/5.3.3/spring-jdbc-5.3.3.jar' 
2022-03-29 13:21:23.129 DEBUG [acme.Launcher@main] Found classpath entry '/C:/Users/MRF/.m2/repository/org/springframework/spring-tx/5.3.3/spring-tx-5.3.3.jar' 
2022-03-29 13:21:23.129 DEBUG [acme.Launcher@main] Found classpath entry '/C:/Users/MRF/.m2/repository/org/springframework/boot/spring-boot-starter-web/2.4.2/spring-boot-starter-web-2.4.2.jar' 
2022-03-29 13:21:23.129 DEBUG [acme.Launcher@main] Found classpath entry '/C:/Users/MRF/.m2/repository/org/springframework/boot/spring-boot-starter-json/2.4.2/spring-boot-starter-json-2.4.2.jar' 
2022-03-29 13:21:23.129 DEBUG [acme.Launcher@main] Found classpath entry '/C:/Users/MRF/.m2/repository/com/fasterxml/jackson/core/jackson-databind/2.11.4/jackson-databind-2.11.4.jar' 
2022-03-29 13:21:23.130 DEBUG [acme.Launcher@main] Found classpath entry '/C:/Users/MRF/.m2/repository/com/fasterxml/jackson/core/jackson-annotations/2.11.4/jackson-annotations-2.11.4.jar' 
2022-03-29 13:21:23.130 DEBUG [acme.Launcher@main] Found classpath entry '/C:/Users/MRF/.m2/repository/com/fasterxml/jackson/core/jackson-core/2.11.4/jackson-core-2.11.4.jar' 
2022-03-29 13:21:23.130 DEBUG [acme.Launcher@main] Found classpath entry '/C:/Users/MRF/.m2/repository/com/fasterxml/jackson/datatype/jackson-datatype-jdk8/2.11.4/jackson-datatype-jdk8-2.11.4.jar' 
2022-03-29 13:21:23.130 DEBUG [acme.Launcher@main] Found classpath entry '/C:/Users/MRF/.m2/repository/com/fasterxml/jackson/datatype/jackson-datatype-jsr310/2.11.4/jackson-datatype-jsr310-2.11.4.jar' 
2022-03-29 13:21:23.131 DEBUG [acme.Launcher@main] Found classpath entry '/C:/Users/MRF/.m2/repository/com/fasterxml/jackson/module/jackson-module-parameter-names/2.11.4/jackson-module-parameter-names-2.11.4.jar' 
2022-03-29 13:21:23.131 DEBUG [acme.Launcher@main] Found classpath entry '/C:/Users/MRF/.m2/repository/org/springframework/spring-webmvc/5.3.3/spring-webmvc-5.3.3.jar' 
2022-03-29 13:21:23.131 DEBUG [acme.Launcher@main] Found classpath entry '/C:/Users/MRF/.m2/repository/org/apache/tiles/tiles-jsp/3.0.8/tiles-jsp-3.0.8.jar' 
2022-03-29 13:21:23.131 DEBUG [acme.Launcher@main] Found classpath entry '/C:/Users/MRF/.m2/repository/org/apache/tiles/tiles-servlet/3.0.8/tiles-servlet-3.0.8.jar' 
2022-03-29 13:21:23.132 DEBUG [acme.Launcher@main] Found classpath entry '/C:/Users/MRF/.m2/repository/org/apache/tiles/tiles-core/3.0.8/tiles-core-3.0.8.jar' 
2022-03-29 13:21:23.132 DEBUG [acme.Launcher@main] Found classpath entry '/C:/Users/MRF/.m2/repository/commons-digester/commons-digester/2.0/commons-digester-2.0.jar' 
2022-03-29 13:21:23.132 DEBUG [acme.Launcher@main] Found classpath entry '/C:/Users/MRF/.m2/repository/org/slf4j/jcl-over-slf4j/1.7.30/jcl-over-slf4j-1.7.30.jar' 
2022-03-29 13:21:23.132 DEBUG [acme.Launcher@main] Found classpath entry '/C:/Users/MRF/.m2/repository/org/apache/tiles/tiles-request-servlet/1.0.7/tiles-request-servlet-1.0.7.jar' 
2022-03-29 13:21:23.132 DEBUG [acme.Launcher@main] Found classpath entry '/C:/Users/MRF/.m2/repository/org/apache/tiles/tiles-template/3.0.8/tiles-template-3.0.8.jar' 
2022-03-29 13:21:23.133 DEBUG [acme.Launcher@main] Found classpath entry '/C:/Users/MRF/.m2/repository/org/apache/tiles/tiles-api/3.0.8/tiles-api-3.0.8.jar' 
2022-03-29 13:21:23.133 DEBUG [acme.Launcher@main] Found classpath entry '/C:/Users/MRF/.m2/repository/org/apache/tiles/tiles-autotag-core-runtime/1.2/tiles-autotag-core-runtime-1.2.jar' 
2022-03-29 13:21:23.133 DEBUG [acme.Launcher@main] Found classpath entry '/C:/Users/MRF/.m2/repository/org/slf4j/slf4j-api/1.7.30/slf4j-api-1.7.30.jar' 
2022-03-29 13:21:23.133 DEBUG [acme.Launcher@main] Found classpath entry '/C:/Users/MRF/.m2/repository/org/apache/tiles/tiles-request-jsp/1.0.7/tiles-request-jsp-1.0.7.jar' 
2022-03-29 13:21:23.134 DEBUG [acme.Launcher@main] Found classpath entry '/C:/Users/MRF/.m2/repository/org/apache/tiles/tiles-request-api/1.0.7/tiles-request-api-1.0.7.jar' 
2022-03-29 13:21:23.134 DEBUG [acme.Launcher@main] Found classpath entry '/C:/Users/MRF/.m2/repository/org/springframework/boot/spring-boot-starter-data-jpa/2.4.2/spring-boot-starter-data-jpa-2.4.2.jar' 
2022-03-29 13:21:23.134 DEBUG [acme.Launcher@main] Found classpath entry '/C:/Users/MRF/.m2/repository/org/springframework/boot/spring-boot-starter-aop/2.4.2/spring-boot-starter-aop-2.4.2.jar' 
2022-03-29 13:21:23.134 DEBUG [acme.Launcher@main] Found classpath entry '/C:/Users/MRF/.m2/repository/org/aspectj/aspectjweaver/1.9.6/aspectjweaver-1.9.6.jar' 
2022-03-29 13:21:23.134 DEBUG [acme.Launcher@main] Found classpath entry '/C:/Users/MRF/.m2/repository/org/springframework/boot/spring-boot-starter-jdbc/2.4.2/spring-boot-starter-jdbc-2.4.2.jar' 
2022-03-29 13:21:23.135 DEBUG [acme.Launcher@main] Found classpath entry '/C:/Users/MRF/.m2/repository/jakarta/transaction/jakarta.transaction-api/1.3.3/jakarta.transaction-api-1.3.3.jar' 
2022-03-29 13:21:23.135 DEBUG [acme.Launcher@main] Found classpath entry '/C:/Users/MRF/.m2/repository/jakarta/persistence/jakarta.persistence-api/2.2.3/jakarta.persistence-api-2.2.3.jar' 
2022-03-29 13:21:23.136 DEBUG [acme.Launcher@main] Found classpath entry '/C:/Users/MRF/.m2/repository/org/hibernate/hibernate-core/5.4.27.Final/hibernate-core-5.4.27.Final.jar' 
2022-03-29 13:21:23.136 DEBUG [acme.Launcher@main] Found classpath entry '/C:/Users/MRF/.m2/repository/org/jboss/logging/jboss-logging/3.4.1.Final/jboss-logging-3.4.1.Final.jar' 
2022-03-29 13:21:23.136 DEBUG [acme.Launcher@main] Found classpath entry '/C:/Users/MRF/.m2/repository/org/javassist/javassist/3.27.0-GA/javassist-3.27.0-GA.jar' 
2022-03-29 13:21:23.136 DEBUG [acme.Launcher@main] Found classpath entry '/C:/Users/MRF/.m2/repository/antlr/antlr/2.7.7/antlr-2.7.7.jar' 
2022-03-29 13:21:23.136 DEBUG [acme.Launcher@main] Found classpath entry '/C:/Users/MRF/.m2/repository/org/jboss/jandex/2.1.3.Final/jandex-2.1.3.Final.jar' 
2022-03-29 13:21:23.136 DEBUG [acme.Launcher@main] Found classpath entry '/C:/Users/MRF/.m2/repository/com/fasterxml/classmate/1.5.1/classmate-1.5.1.jar' 
2022-03-29 13:21:23.136 DEBUG [acme.Launcher@main] Found classpath entry '/C:/Users/MRF/.m2/repository/org/dom4j/dom4j/2.1.3/dom4j-2.1.3.jar' 
2022-03-29 13:21:23.137 DEBUG [acme.Launcher@main] Found classpath entry '/C:/Users/MRF/.m2/repository/org/hibernate/common/hibernate-commons-annotations/5.1.2.Final/hibernate-commons-annotations-5.1.2.Final.jar' 
2022-03-29 13:21:23.137 DEBUG [acme.Launcher@main] Found classpath entry '/C:/Users/MRF/.m2/repository/org/glassfish/jaxb/jaxb-runtime/2.3.3/jaxb-runtime-2.3.3.jar' 
2022-03-29 13:21:23.137 DEBUG [acme.Launcher@main] Found classpath entry '/C:/Users/MRF/.m2/repository/org/glassfish/jaxb/txw2/2.3.3/txw2-2.3.3.jar' 
2022-03-29 13:21:23.137 DEBUG [acme.Launcher@main] Found classpath entry '/C:/Users/MRF/.m2/repository/com/sun/istack/istack-commons-runtime/3.0.11/istack-commons-runtime-3.0.11.jar' 
2022-03-29 13:21:23.137 DEBUG [acme.Launcher@main] Found classpath entry '/C:/Users/MRF/.m2/repository/com/sun/activation/jakarta.activation/1.2.2/jakarta.activation-1.2.2.jar' 
2022-03-29 13:21:23.137 DEBUG [acme.Launcher@main] Found classpath entry '/C:/Users/MRF/.m2/repository/org/springframework/data/spring-data-jpa/2.4.3/spring-data-jpa-2.4.3.jar' 
2022-03-29 13:21:23.138 DEBUG [acme.Launcher@main] Found classpath entry '/C:/Users/MRF/.m2/repository/org/springframework/data/spring-data-commons/2.4.3/spring-data-commons-2.4.3.jar' 
2022-03-29 13:21:23.138 DEBUG [acme.Launcher@main] Found classpath entry '/C:/Users/MRF/.m2/repository/org/springframework/spring-orm/5.3.3/spring-orm-5.3.3.jar' 
2022-03-29 13:21:23.138 DEBUG [acme.Launcher@main] Found classpath entry '/C:/Users/MRF/.m2/repository/org/springframework/spring-aspects/5.3.3/spring-aspects-5.3.3.jar' 
2022-03-29 13:21:23.138 DEBUG [acme.Launcher@main] Found classpath entry '/C:/Users/MRF/.m2/repository/org/springframework/boot/spring-boot-starter-validation/2.4.2/spring-boot-starter-validation-2.4.2.jar' 
2022-03-29 13:21:23.138 DEBUG [acme.Launcher@main] Found classpath entry '/C:/Users/MRF/.m2/repository/org/hibernate/validator/hibernate-validator/6.1.7.Final/hibernate-validator-6.1.7.Final.jar' 
2022-03-29 13:21:23.138 DEBUG [acme.Launcher@main] Found classpath entry '/C:/Users/MRF/.m2/repository/jakarta/validation/jakarta.validation-api/2.0.2/jakarta.validation-api-2.0.2.jar' 
2022-03-29 13:21:23.139 DEBUG [acme.Launcher@main] Found classpath entry '/C:/Users/MRF/.m2/repository/mysql/mysql-connector-java/8.0.22/mysql-connector-java-8.0.22.jar' 
2022-03-29 13:21:23.139 DEBUG [acme.Launcher@main] Found classpath entry '/C:/Users/MRF/.m2/repository/com/zaxxer/HikariCP/3.4.5/HikariCP-3.4.5.jar' 
2022-03-29 13:21:23.139 DEBUG [acme.Launcher@main] Found classpath entry '/C:/Users/MRF/.m2/repository/org/junit/jupiter/junit-jupiter-engine/5.7.0/junit-jupiter-engine-5.7.0.jar' 
2022-03-29 13:21:23.139 DEBUG [acme.Launcher@main] Found classpath entry '/C:/Users/MRF/.m2/repository/org/apiguardian/apiguardian-api/1.1.0/apiguardian-api-1.1.0.jar' 
2022-03-29 13:21:23.139 DEBUG [acme.Launcher@main] Found classpath entry '/C:/Users/MRF/.m2/repository/org/junit/platform/junit-platform-engine/1.7.0/junit-platform-engine-1.7.0.jar' 
2022-03-29 13:21:23.139 DEBUG [acme.Launcher@main] Found classpath entry '/C:/Users/MRF/.m2/repository/org/junit/jupiter/junit-jupiter-api/5.7.0/junit-jupiter-api-5.7.0.jar' 
2022-03-29 13:21:23.140 DEBUG [acme.Launcher@main] Found classpath entry '/C:/Users/MRF/.m2/repository/org/opentest4j/opentest4j/1.2.0/opentest4j-1.2.0.jar' 
2022-03-29 13:21:23.140 DEBUG [acme.Launcher@main] Found classpath entry '/C:/Users/MRF/.m2/repository/org/junit/platform/junit-platform-commons/1.7.0/junit-platform-commons-1.7.0.jar' 
2022-03-29 13:21:23.140 DEBUG [acme.Launcher@main] Found classpath entry '/C:/Users/MRF/.m2/repository/org/junit/jupiter/junit-jupiter-params/5.7.0/junit-jupiter-params-5.7.0.jar' 
2022-03-29 13:21:23.140 DEBUG [acme.Launcher@main] Found classpath entry '/C:/Users/MRF/.m2/repository/org/junit/platform/junit-platform-launcher/1.7.0/junit-platform-launcher-1.7.0.jar' 
2022-03-29 13:21:23.140 DEBUG [acme.Launcher@main] Found classpath entry '/C:/Users/MRF/.m2/repository/org/seleniumhq/selenium/selenium-java/3.141.59/selenium-java-3.141.59.jar' 
2022-03-29 13:21:23.140 DEBUG [acme.Launcher@main] Found classpath entry '/C:/Users/MRF/.m2/repository/org/seleniumhq/selenium/selenium-api/3.141.59/selenium-api-3.141.59.jar' 
2022-03-29 13:21:23.140 DEBUG [acme.Launcher@main] Found classpath entry '/C:/Users/MRF/.m2/repository/org/seleniumhq/selenium/selenium-chrome-driver/3.141.59/selenium-chrome-driver-3.141.59.jar' 
2022-03-29 13:21:23.141 DEBUG [acme.Launcher@main] Found classpath entry '/C:/Users/MRF/.m2/repository/org/seleniumhq/selenium/selenium-edge-driver/3.141.59/selenium-edge-driver-3.141.59.jar' 
2022-03-29 13:21:23.141 DEBUG [acme.Launcher@main] Found classpath entry '/C:/Users/MRF/.m2/repository/org/seleniumhq/selenium/selenium-firefox-driver/3.141.59/selenium-firefox-driver-3.141.59.jar' 
2022-03-29 13:21:23.141 DEBUG [acme.Launcher@main] Found classpath entry '/C:/Users/MRF/.m2/repository/org/seleniumhq/selenium/selenium-ie-driver/3.141.59/selenium-ie-driver-3.141.59.jar' 
2022-03-29 13:21:23.141 DEBUG [acme.Launcher@main] Found classpath entry '/C:/Users/MRF/.m2/repository/org/seleniumhq/selenium/selenium-opera-driver/3.141.59/selenium-opera-driver-3.141.59.jar' 
2022-03-29 13:21:23.141 DEBUG [acme.Launcher@main] Found classpath entry '/C:/Users/MRF/.m2/repository/org/seleniumhq/selenium/selenium-remote-driver/3.141.59/selenium-remote-driver-3.141.59.jar' 
2022-03-29 13:21:23.142 DEBUG [acme.Launcher@main] Found classpath entry '/C:/Users/MRF/.m2/repository/org/seleniumhq/selenium/selenium-safari-driver/3.141.59/selenium-safari-driver-3.141.59.jar' 
2022-03-29 13:21:23.142 DEBUG [acme.Launcher@main] Found classpath entry '/C:/Users/MRF/.m2/repository/org/seleniumhq/selenium/selenium-support/3.141.59/selenium-support-3.141.59.jar' 
2022-03-29 13:21:23.142 DEBUG [acme.Launcher@main] Found classpath entry '/C:/Users/MRF/.m2/repository/net/bytebuddy/byte-buddy/1.10.19/byte-buddy-1.10.19.jar' 
2022-03-29 13:21:23.142 DEBUG [acme.Launcher@main] Found classpath entry '/C:/Users/MRF/.m2/repository/org/apache/commons/commons-exec/1.3/commons-exec-1.3.jar' 
2022-03-29 13:21:23.142 DEBUG [acme.Launcher@main] Found classpath entry '/C:/Users/MRF/.m2/repository/com/google/guava/guava/25.0-jre/guava-25.0-jre.jar' 
2022-03-29 13:21:23.142 DEBUG [acme.Launcher@main] Found classpath entry '/C:/Users/MRF/.m2/repository/com/google/code/findbugs/jsr305/1.3.9/jsr305-1.3.9.jar' 
2022-03-29 13:21:23.142 DEBUG [acme.Launcher@main] Found classpath entry '/C:/Users/MRF/.m2/repository/org/checkerframework/checker-compat-qual/2.0.0/checker-compat-qual-2.0.0.jar' 
2022-03-29 13:21:23.143 DEBUG [acme.Launcher@main] Found classpath entry '/C:/Users/MRF/.m2/repository/com/google/errorprone/error_prone_annotations/2.1.3/error_prone_annotations-2.1.3.jar' 
2022-03-29 13:21:23.143 DEBUG [acme.Launcher@main] Found classpath entry '/C:/Users/MRF/.m2/repository/com/google/j2objc/j2objc-annotations/1.1/j2objc-annotations-1.1.jar' 
2022-03-29 13:21:23.143 DEBUG [acme.Launcher@main] Found classpath entry '/C:/Users/MRF/.m2/repository/org/codehaus/mojo/animal-sniffer-annotations/1.14/animal-sniffer-annotations-1.14.jar' 
2022-03-29 13:21:23.143 DEBUG [acme.Launcher@main] Found classpath entry '/C:/Users/MRF/.m2/repository/com/squareup/okhttp3/okhttp/3.14.9/okhttp-3.14.9.jar' 
2022-03-29 13:21:23.143 DEBUG [acme.Launcher@main] Found classpath entry '/C:/Users/MRF/.m2/repository/com/squareup/okio/okio/1.14.0/okio-1.14.0.jar' 
2022-03-29 13:21:23.143 DEBUG [acme.Launcher@main] Found classpath entry '/C:/Users/MRF/.m2/repository/org/apache/commons/commons-lang3/3.11/commons-lang3-3.11.jar' 
2022-03-29 13:21:23.143 DEBUG [acme.Launcher@main] Found classpath entry '/C:/Users/MRF/.m2/repository/org/apache/commons/commons-text/1.8/commons-text-1.8.jar' 
2022-03-29 13:21:23.144 DEBUG [acme.Launcher@main] Found classpath entry '/C:/Users/MRF/.m2/repository/commons-io/commons-io/2.6/commons-io-2.6.jar' 
2022-03-29 13:21:23.144 DEBUG [acme.Launcher@main] Found classpath entry '/C:/Users/MRF/.m2/repository/commons-cli/commons-cli/1.4/commons-cli-1.4.jar' 
2022-03-29 13:21:23.144 DEBUG [acme.Launcher@main] Found classpath entry '/C:/Users/MRF/.m2/repository/org/projectlombok/lombok/1.18.16/lombok-1.18.16.jar' 
2022-03-29 13:21:23.144 DEBUG [acme.Launcher@main] Found classpath entry '/C:/Users/MRF/.m2/repository/com/opencsv/opencsv/5.4/opencsv-5.4.jar' 
2022-03-29 13:21:23.144 DEBUG [acme.Launcher@main] Found classpath entry '/C:/Users/MRF/.m2/repository/commons-beanutils/commons-beanutils/1.9.4/commons-beanutils-1.9.4.jar' 
2022-03-29 13:21:23.144 DEBUG [acme.Launcher@main] Found classpath entry '/C:/Users/MRF/.m2/repository/commons-logging/commons-logging/1.2/commons-logging-1.2.jar' 
2022-03-29 13:21:23.144 DEBUG [acme.Launcher@main] Found classpath entry '/C:/Users/MRF/.m2/repository/commons-collections/commons-collections/3.2.2/commons-collections-3.2.2.jar' 
2022-03-29 13:21:23.145 DEBUG [acme.Launcher@main] Found classpath entry '/C:/Users/MRF/.m2/repository/org/apache/commons/commons-collections4/4.4/commons-collections4-4.4.jar' 
2022-03-29 13:21:23.145 DEBUG [acme.Launcher@main] Found classpath entry '/C:/Users/MRF/Desktop/Workspace-22.0/Tools/IDEs/eclipse-jee-2021-12-R/configuration/org.eclipse.osgi/418/0/.cp/lib/javaagent-shaded.jar' 
2022-03-29 13:21:23.228 DEBUG [acme.Launcher@main] Found entity class 'acme.entities.announcement.Announcement 
2022-03-29 13:21:23.229 DEBUG [acme.Launcher@main] Found entity class 'acme.entities.chirp.Chirp 
2022-03-29 13:21:23.229 DEBUG [acme.Launcher@main] Found entity class 'acme.entities.item.Item 
2022-03-29 13:21:23.229 DEBUG [acme.Launcher@main] Found entity class 'acme.entities.patronageReport.PatronageReport 
2022-03-29 13:21:23.229 DEBUG [acme.Launcher@main] Found entity class 'acme.entities.patronages.Patronage 
2022-03-29 13:21:23.229 DEBUG [acme.Launcher@main] Found entity class 'acme.entities.quantity.Quantity 
2022-03-29 13:21:23.229 DEBUG [acme.Launcher@main] Found entity class 'acme.entities.systemConfiguration.SystemConfiguration 
2022-03-29 13:21:23.230 DEBUG [acme.Launcher@main] Found entity class 'acme.entities.toolkit.Toolkit 
2022-03-29 13:21:23.230 DEBUG [acme.Launcher@main] Found entity class 'acme.roles.Consumer 
2022-03-29 13:21:23.230 DEBUG [acme.Launcher@main] Found entity class 'acme.roles.Inventor 
2022-03-29 13:21:23.230 DEBUG [acme.Launcher@main] Found entity class 'acme.roles.Patron 
2022-03-29 13:21:23.230 DEBUG [acme.Launcher@main] Found entity class 'acme.roles.Provider 
2022-03-29 13:21:23.230 DEBUG [acme.Launcher@main] Found entity class 'acme.framework.entities.UserAccount 
2022-03-29 13:21:23.230 DEBUG [acme.Launcher@main] Found entity class 'acme.framework.roles.Administrator 
2022-03-29 13:21:23.231 DEBUG [acme.Launcher@main] Found entity class 'acme.framework.roles.Anonymous 
2022-03-29 13:21:23.231 DEBUG [acme.Launcher@main] Found entity class 'acme.framework.roles.Authenticated 
2022-03-29 13:21:23.237 INFO  [acme.Launcher@main] Populating (sample data) 
2022-03-29 13:21:23.238 INFO  [acme.framework.components.database.DatabasePopulator@main] Building database schema 
2022-03-29 13:21:23.298 DEBUG [acme.framework.components.database.DatabaseUtil@main] Executing script. 
2022-03-29 13:21:23.298 DEBUG [acme.framework.components.database.DatabaseUtil@main] Starting new transaction. 
2022-03-29 13:21:23.312 DEBUG [acme.framework.components.database.DatabaseUtil@main] Executing command 'set transaction isolation level read uncommitted;'. 
2022-03-29 13:21:23.342 DEBUG [acme.framework.components.database.DatabaseUtil@main] Starting transaction '1158016054'. 
2022-03-29 13:21:23.342 DEBUG [acme.framework.components.database.DatabaseUtil@main] Executing script command 'set foreign_key_checks=0'. 
2022-03-29 13:21:23.343 DEBUG [acme.framework.components.database.DatabaseUtil@main] Executing script command 'drop table if exists administrator'. 
2022-03-29 13:21:23.359 DEBUG [acme.framework.components.database.DatabaseUtil@main] Executing script command 'drop table if exists announcement'. 
2022-03-29 13:21:23.371 DEBUG [acme.framework.components.database.DatabaseUtil@main] Executing script command 'drop table if exists anonymous'. 
2022-03-29 13:21:23.383 DEBUG [acme.framework.components.database.DatabaseUtil@main] Executing script command 'drop table if exists authenticated'. 
2022-03-29 13:21:23.396 DEBUG [acme.framework.components.database.DatabaseUtil@main] Executing script command 'drop table if exists chirp'. 
2022-03-29 13:21:23.408 DEBUG [acme.framework.components.database.DatabaseUtil@main] Executing script command 'drop table if exists consumer'. 
2022-03-29 13:21:23.425 DEBUG [acme.framework.components.database.DatabaseUtil@main] Executing script command 'drop table if exists hibernate_sequence'. 
2022-03-29 13:21:23.448 DEBUG [acme.framework.components.database.DatabaseUtil@main] Executing script command 'drop table if exists inventor'. 
2022-03-29 13:21:23.459 DEBUG [acme.framework.components.database.DatabaseUtil@main] Executing script command 'drop table if exists item'. 
2022-03-29 13:21:23.471 DEBUG [acme.framework.components.database.DatabaseUtil@main] Executing script command 'drop table if exists patron'. 
2022-03-29 13:21:23.482 DEBUG [acme.framework.components.database.DatabaseUtil@main] Executing script command 'drop table if exists patronage'. 
2022-03-29 13:21:23.494 DEBUG [acme.framework.components.database.DatabaseUtil@main] Executing script command 'drop table if exists patronage_report'. 
2022-03-29 13:21:23.506 DEBUG [acme.framework.components.database.DatabaseUtil@main] Executing script command 'drop table if exists provider'. 
2022-03-29 13:21:23.517 DEBUG [acme.framework.components.database.DatabaseUtil@main] Executing script command 'drop table if exists quantity'. 
2022-03-29 13:21:23.529 DEBUG [acme.framework.components.database.DatabaseUtil@main] Executing script command 'drop table if exists system_configuration'. 
2022-03-29 13:21:23.541 DEBUG [acme.framework.components.database.DatabaseUtil@main] Executing script command 'drop table if exists toolkit'. 
2022-03-29 13:21:23.554 DEBUG [acme.framework.components.database.DatabaseUtil@main] Executing script command 'drop table if exists user_account'. 
2022-03-29 13:21:23.565 DEBUG [acme.framework.components.database.DatabaseUtil@main] Executing script command 'set foreign_key_checks=1'. 
2022-03-29 13:21:23.566 DEBUG [acme.framework.components.database.DatabaseUtil@main] Committing transaction '1158016054'. 
2022-03-29 13:21:23.578 DEBUG [acme.framework.components.database.DatabaseUtil@main] Executing script. 
2022-03-29 13:21:23.578 DEBUG [acme.framework.components.database.DatabaseUtil@main] Starting new transaction. 
2022-03-29 13:21:23.579 DEBUG [acme.framework.components.database.DatabaseUtil@main] Executing command 'set transaction isolation level read uncommitted;'. 
2022-03-29 13:21:23.579 DEBUG [acme.framework.components.database.DatabaseUtil@main] Starting transaction '1705491584'. 
2022-03-29 13:21:23.579 DEBUG [acme.framework.components.database.DatabaseUtil@main] Executing script command 'set foreign_key_checks=0'. 
2022-03-29 13:21:23.580 DEBUG [acme.framework.components.database.DatabaseUtil@main] Executing script command 'create table administrator (id integer not null, version integer not null, user_account_id integer, primary key (id)) engine=InnoDB'. 
2022-03-29 13:21:23.594 DEBUG [acme.framework.components.database.DatabaseUtil@main] Executing script command 'create table announcement (id integer not null, version integer not null, body varchar(255), creation_moment datetime, critical bit not null, link varchar(255), title varchar(255), primary key (id)) engine=InnoDB'. 
2022-03-29 13:21:23.608 DEBUG [acme.framework.components.database.DatabaseUtil@main] Executing script command 'create table anonymous (id integer not null, version integer not null, user_account_id integer, primary key (id)) engine=InnoDB'. 
2022-03-29 13:21:23.622 DEBUG [acme.framework.components.database.DatabaseUtil@main] Executing script command 'create table authenticated (id integer not null, version integer not null, user_account_id integer, primary key (id)) engine=InnoDB'. 
2022-03-29 13:21:23.637 DEBUG [acme.framework.components.database.DatabaseUtil@main] Executing script command 'create table chirp (id integer not null, version integer not null, author varchar(255), body varchar(255), creation_moment datetime, email varchar(255), title varchar(255), primary key (id)) engine=InnoDB'. 
2022-03-29 13:21:23.652 DEBUG [acme.framework.components.database.DatabaseUtil@main] Executing script command 'create table consumer (id integer not null, version integer not null, user_account_id integer, company varchar(255), sector varchar(255), primary key (id)) engine=InnoDB'. 
2022-03-29 13:21:23.670 DEBUG [acme.framework.components.database.DatabaseUtil@main] Executing script command 'create table hibernate_sequence (next_val bigint) engine=InnoDB'. 
2022-03-29 13:21:23.686 DEBUG [acme.framework.components.database.DatabaseUtil@main] Executing script command 'insert into hibernate_sequence values ( 1 )'. 
2022-03-29 13:21:23.690 DEBUG [acme.framework.components.database.DatabaseUtil@main] Executing script command 'create table inventor (id integer not null, version integer not null, user_account_id integer, company varchar(255), info varchar(255), statement varchar(255), primary key (id)) engine=InnoDB'. 
2022-03-29 13:21:23.706 DEBUG [acme.framework.components.database.DatabaseUtil@main] Executing script command 'create table item (id integer not null, version integer not null, code varchar(255), description varchar(255), link varchar(255), name varchar(255), retail_price_amount double precision, retail_price_currency varchar(255), technology varchar(255), type integer, inventor_id integer not null, primary key (id)) engine=InnoDB'. 
2022-03-29 13:21:23.720 DEBUG [acme.framework.components.database.DatabaseUtil@main] Executing script command 'create table patron (id integer not null, version integer not null, user_account_id integer, company varchar(255), info varchar(255), statement varchar(255), primary key (id)) engine=InnoDB'. 
2022-03-29 13:21:23.735 DEBUG [acme.framework.components.database.DatabaseUtil@main] Executing script command 'create table patronage (id integer not null, version integer not null, budget_amount double precision, budget_currency varchar(255), code varchar(255), creation_moment datetime, end_moment datetime, info varchar(255), legal_stuff varchar(255), start_moment datetime, status integer, inventor_id integer not null, patron_id integer not null, primary key (id)) engine=InnoDB'. 
2022-03-29 13:21:23.750 DEBUG [acme.framework.components.database.DatabaseUtil@main] Executing script command 'create table patronage_report (id integer not null, version integer not null, creation_moment datetime, info varchar(255), memorandum varchar(255), sequence_number varchar(255), patronage_id integer not null, primary key (id)) engine=InnoDB'. 
2022-03-29 13:21:23.765 DEBUG [acme.framework.components.database.DatabaseUtil@main] Executing script command 'create table provider (id integer not null, version integer not null, user_account_id integer, company varchar(255), sector varchar(255), primary key (id)) engine=InnoDB'. 
2022-03-29 13:21:23.780 DEBUG [acme.framework.components.database.DatabaseUtil@main] Executing script command 'create table quantity (id integer not null, version integer not null, amount integer not null, item_id integer not null, toolkit_id integer not null, primary key (id)) engine=InnoDB'. 
2022-03-29 13:21:23.794 DEBUG [acme.framework.components.database.DatabaseUtil@main] Executing script command 'create table system_configuration (id integer not null, version integer not null, accepted_currencies varchar(255), strong_terms varchar(255), strong_threshold double precision not null, system_currency varchar(255), weak_terms varchar(255), weak_threshold double precision not null, primary key (id)) engine=InnoDB'. 
2022-03-29 13:21:23.808 DEBUG [acme.framework.components.database.DatabaseUtil@main] Executing script command 'create table toolkit (id integer not null, version integer not null, assembly_notes varchar(255), code varchar(255), description varchar(255), link varchar(255), published bit not null, title varchar(255), primary key (id)) engine=InnoDB'. 
2022-03-29 13:21:23.824 DEBUG [acme.framework.components.database.DatabaseUtil@main] Executing script command 'create table user_account (id integer not null, version integer not null, enabled bit not null, identity blob, password varchar(255), username varchar(255), primary key (id)) engine=InnoDB'. 
2022-03-29 13:21:23.854 DEBUG [acme.framework.components.database.DatabaseUtil@main] Executing script command 'alter table item add constraint UK_6cgogdarkq48dlg1lbnv4q1oq unique (code)'. 
2022-03-29 13:21:23.874 DEBUG [acme.framework.components.database.DatabaseUtil@main] Executing script command 'alter table patronage add constraint UK_7s289l63ihnn85qwyna5cqbfh unique (code)'. 
2022-03-29 13:21:23.895 DEBUG [acme.framework.components.database.DatabaseUtil@main] Executing script command 'alter table patronage_report add constraint UK_138f2dgicdjhonrucx287hva6 unique (sequence_number)'. 
2022-03-29 13:21:23.915 DEBUG [acme.framework.components.database.DatabaseUtil@main] Executing script command 'alter table toolkit add constraint UK_qvml9bbjdvicrw1wt0e1bej3c unique (code)'. 
2022-03-29 13:21:23.937 DEBUG [acme.framework.components.database.DatabaseUtil@main] Executing script command 'alter table user_account add constraint UK_castjbvpeeus0r8lbpehiu0e4 unique (username)'. 
2022-03-29 13:21:23.957 DEBUG [acme.framework.components.database.DatabaseUtil@main] Executing script command 'alter table administrator add constraint FK_2a5vcjo3stlfcwadosjfq49l1 foreign key (user_account_id) references user_account (id)'. 
2022-03-29 13:21:23.979 DEBUG [acme.framework.components.database.DatabaseUtil@main] Executing script command 'alter table anonymous add constraint FK_6lnbc6fo3om54vugoh8icg78m foreign key (user_account_id) references user_account (id)'. 
2022-03-29 13:21:24 DEBUG [acme.framework.components.database.DatabaseUtil@main] Executing script command 'alter table authenticated add constraint FK_h52w0f3wjoi68b63wv9vwon57 foreign key (user_account_id) references user_account (id)'. 
2022-03-29 13:21:24.019 DEBUG [acme.framework.components.database.DatabaseUtil@main] Executing script command 'alter table consumer add constraint FK_6cyha9f1wpj0dpbxrrjddrqed foreign key (user_account_id) references user_account (id)'. 
2022-03-29 13:21:24.042 DEBUG [acme.framework.components.database.DatabaseUtil@main] Executing script command 'alter table inventor add constraint FK_2upmsx50p5pou2l4uy8trxor6 foreign key (user_account_id) references user_account (id)'. 
2022-03-29 13:21:24.068 DEBUG [acme.framework.components.database.DatabaseUtil@main] Executing script command 'alter table item add constraint FKaq1a05jpovg1rv6q65awp7ho1 foreign key (inventor_id) references inventor (id)'. 
2022-03-29 13:21:24.096 DEBUG [acme.framework.components.database.DatabaseUtil@main] Executing script command 'alter table patron add constraint FK_8xx5nujhuio3advxc2freyu65 foreign key (user_account_id) references user_account (id)'. 
2022-03-29 13:21:24.122 DEBUG [acme.framework.components.database.DatabaseUtil@main] Executing script command 'alter table patronage add constraint FKgkbt6mel1m6joiypsbc2ko6mi foreign key (inventor_id) references inventor (id)'. 
2022-03-29 13:21:24.148 DEBUG [acme.framework.components.database.DatabaseUtil@main] Executing script command 'alter table patronage add constraint FK7d5o2dlu1d9orplkn5g91lsgc foreign key (patron_id) references patron (id)'. 
2022-03-29 13:21:24.175 DEBUG [acme.framework.components.database.DatabaseUtil@main] Executing script command 'alter table patronage_report add constraint FKli7rh2qb2q6bjix6b8o2dpt41 foreign key (patronage_id) references patronage (id)'. 
2022-03-29 13:21:24.202 DEBUG [acme.framework.components.database.DatabaseUtil@main] Executing script command 'alter table provider add constraint FK_b1gwnjqm6ggy9yuiqm0o4rlmd foreign key (user_account_id) references user_account (id)'. 
2022-03-29 13:21:24.229 DEBUG [acme.framework.components.database.DatabaseUtil@main] Executing script command 'alter table quantity add constraint FK6v7ckbce1j36j4b7mubnk66bx foreign key (item_id) references item (id)'. 
2022-03-29 13:21:24.255 DEBUG [acme.framework.components.database.DatabaseUtil@main] Executing script command 'alter table quantity add constraint FKr1l7hfxuemn7o9d0qi4kawlmg foreign key (toolkit_id) references toolkit (id)'. 
2022-03-29 13:21:24.298 DEBUG [acme.framework.components.database.DatabaseUtil@main] Executing script command 'set foreign_key_checks=1'. 
2022-03-29 13:21:24.299 DEBUG [acme.framework.components.database.DatabaseUtil@main] Committing transaction '1705491584'. 
2022-03-29 13:21:24.306 INFO  [acme.framework.components.database.DatabasePopulator@main] Reading entities from 'classpath:/WEB-INF/resources/initial-data' 
2022-03-29 13:21:24.323 DEBUG [acme.framework.components.database.Dataset@main] Reading dataset from 'C:\Users\MRF\Desktop\Workspace-22.0\Projects\Acme-Toolkits\target\classes\WEB-INF\resources\initial-data\administrator.csv' 
2022-03-29 13:21:24.503 DEBUG [acme.framework.components.database.Dataset@main] Reading mapping '{key:user-account=user-account-administrator-01, key=administrator-01}' from 'C:\Users\MRF\Desktop\Workspace-22.0\Projects\Acme-Toolkits\target\classes\WEB-INF\resources\initial-data\administrator.csv' 
2022-03-29 13:21:24.505 DEBUG [acme.framework.components.database.Dataset@main] Reading dataset from 'C:\Users\MRF\Desktop\Workspace-22.0\Projects\Acme-Toolkits\target\classes\WEB-INF\resources\initial-data\anonymous.csv' 
2022-03-29 13:21:24.506 DEBUG [acme.framework.components.database.Dataset@main] Reading mapping '{key:user-account=user-account-anonymous-01, key=anonymous-01}' from 'C:\Users\MRF\Desktop\Workspace-22.0\Projects\Acme-Toolkits\target\classes\WEB-INF\resources\initial-data\anonymous.csv' 
2022-03-29 13:21:24.506 DEBUG [acme.framework.components.database.Dataset@main] Reading dataset from 'C:\Users\MRF\Desktop\Workspace-22.0\Projects\Acme-Toolkits\target\classes\WEB-INF\resources\initial-data\authenticated.csv' 
2022-03-29 13:21:24.507 DEBUG [acme.framework.components.database.Dataset@main] Reading mapping '{key:user-account=user-account-administrator-01, key=authenticated-administrator-01}' from 'C:\Users\MRF\Desktop\Workspace-22.0\Projects\Acme-Toolkits\target\classes\WEB-INF\resources\initial-data\authenticated.csv' 
2022-03-29 13:21:24.507 DEBUG [acme.framework.components.database.Dataset@main] Reading mapping '{key:user-account=user-account-patron-01, key=authenticated-patron-01}' from 'C:\Users\MRF\Desktop\Workspace-22.0\Projects\Acme-Toolkits\target\classes\WEB-INF\resources\initial-data\authenticated.csv' 
2022-03-29 13:21:24.507 DEBUG [acme.framework.components.database.Dataset@main] Reading mapping '{key:user-account=user-account-patron-02, key=authenticated-patron-02}' from 'C:\Users\MRF\Desktop\Workspace-22.0\Projects\Acme-Toolkits\target\classes\WEB-INF\resources\initial-data\authenticated.csv' 
2022-03-29 13:21:24.507 DEBUG [acme.framework.components.database.Dataset@main] Reading mapping '{key:user-account=user-account-inventor-01, key=authenticated-inventor-01}' from 'C:\Users\MRF\Desktop\Workspace-22.0\Projects\Acme-Toolkits\target\classes\WEB-INF\resources\initial-data\authenticated.csv' 
2022-03-29 13:21:24.508 DEBUG [acme.framework.components.database.Dataset@main] Reading mapping '{key:user-account=user-account-inventor-02, key=authenticated-inventor-02}' from 'C:\Users\MRF\Desktop\Workspace-22.0\Projects\Acme-Toolkits\target\classes\WEB-INF\resources\initial-data\authenticated.csv' 
2022-03-29 13:21:24.508 DEBUG [acme.framework.components.database.Dataset@main] Reading dataset from 'C:\Users\MRF\Desktop\Workspace-22.0\Projects\Acme-Toolkits\target\classes\WEB-INF\resources\initial-data\system-configuration.csv' 
2022-03-29 13:21:24.509 DEBUG [acme.framework.components.database.Dataset@main] Reading mapping '{accepted-currencies=EUR,USD,GBP, system-currency=EUR, weak-threshold=25.0, key=system-configuration-01, weak-terms=sexy,nigeria,you´ve won,one million,Nigeria,has ganado,un millón, strong-threshold=10.0, strong-terms=sex,hard core,viagra,cialis,sexo}' from 'C:\Users\MRF\Desktop\Workspace-22.0\Projects\Acme-Toolkits\target\classes\WEB-INF\resources\initial-data\system-configuration.csv' 
2022-03-29 13:21:24.510 DEBUG [acme.framework.components.database.Dataset@main] Reading dataset from 'C:\Users\MRF\Desktop\Workspace-22.0\Projects\Acme-Toolkits\target\classes\WEB-INF\resources\initial-data\user-account.csv' 
2022-03-29 13:21:24.511 DEBUG [acme.framework.components.database.Dataset@main] Reading mapping '{password=HIDDEN-PASSWORD, identity=UserIdentity{name: 'John', surname: 'Doe', email: 'john.doe@acme.com'}, key=user-account-anonymous-01, enabled=false, username=anonymous}' from 'C:\Users\MRF\Desktop\Workspace-22.0\Projects\Acme-Toolkits\target\classes\WEB-INF\resources\initial-data\user-account.csv' 
2022-03-29 13:21:24.511 DEBUG [acme.framework.components.database.Dataset@main] Reading mapping '{password=administrator, identity=UserIdentity{name: 'Administrator', surname: 'Acme', email: 'administrator@acme.com'}, key=user-account-administrator-01, enabled=true, username=administrator}' from 'C:\Users\MRF\Desktop\Workspace-22.0\Projects\Acme-Toolkits\target\classes\WEB-INF\resources\initial-data\user-account.csv' 
2022-03-29 13:21:24.511 DEBUG [acme.framework.components.database.Dataset@main] Reading mapping '{password=patron1, identity=UserIdentity{name: 'Patron', surname: 'One', email: 'patron1@mail.com'}, key=user-account-patron-01, enabled=true, username=patron1}' from 'C:\Users\MRF\Desktop\Workspace-22.0\Projects\Acme-Toolkits\target\classes\WEB-INF\resources\initial-data\user-account.csv' 
2022-03-29 13:21:24.512 DEBUG [acme.framework.components.database.Dataset@main] Reading mapping '{password=patron2, identity=UserIdentity{name: 'Patron', surname: 'Two', email: 'patron2@mail.com'}, key=user-account-patron-02, enabled=true, username=patron2}' from 'C:\Users\MRF\Desktop\Workspace-22.0\Projects\Acme-Toolkits\target\classes\WEB-INF\resources\initial-data\user-account.csv' 
2022-03-29 13:21:24.512 DEBUG [acme.framework.components.database.Dataset@main] Reading mapping '{password=inventor1, identity=UserIdentity{name: 'Inventor', surname: 'One', email: 'inventor1@mail.com'}, key=user-account-inventor-01, enabled=true, username=inventor1}' from 'C:\Users\MRF\Desktop\Workspace-22.0\Projects\Acme-Toolkits\target\classes\WEB-INF\resources\initial-data\user-account.csv' 
2022-03-29 13:21:24.512 DEBUG [acme.framework.components.database.Dataset@main] Reading mapping '{password=inventor2, identity=UserIdentity{name: 'Inventor', surname: 'Two', email: 'inventor2@mail.com'}, key=user-account-inventor-02, enabled=true, username=inventor2}' from 'C:\Users\MRF\Desktop\Workspace-22.0\Projects\Acme-Toolkits\target\classes\WEB-INF\resources\initial-data\user-account.csv' 
2022-03-29 13:21:24.513 DEBUG [acme.framework.components.database.EntityWeb@main] Setting attributes of entities of class acme.framework.roles.Authenticated 
2022-03-29 13:21:24.513 DEBUG [acme.framework.components.database.EntityWeb@main] Setting attributes of entities of class acme.entities.systemConfiguration.SystemConfiguration 
2022-03-29 13:21:24.543 DEBUG [acme.framework.components.database.EntityWeb@main] Setting attributes of entities of class acme.framework.roles.Administrator 
2022-03-29 13:21:24.544 DEBUG [acme.framework.components.database.EntityWeb@main] Setting attributes of entities of class acme.framework.roles.Anonymous 
2022-03-29 13:21:24.544 DEBUG [acme.framework.components.database.EntityWeb@main] Setting attributes of entities of class acme.framework.entities.UserAccount 
2022-03-29 13:21:24.806 DEBUG [acme.framework.components.database.EntityWeb@main] Linking entities of class acme.framework.roles.Authenticated 
2022-03-29 13:21:24.817 DEBUG [acme.framework.components.database.EntityWeb@main] Linking entities of class acme.entities.systemConfiguration.SystemConfiguration 
2022-03-29 13:21:24.817 DEBUG [acme.framework.components.database.EntityWeb@main] Linking entities of class acme.framework.roles.Administrator 
2022-03-29 13:21:24.827 DEBUG [acme.framework.components.database.EntityWeb@main] Linking entities of class acme.framework.roles.Anonymous 
2022-03-29 13:21:24.833 DEBUG [acme.framework.components.database.EntityWeb@main] Linking entities of class acme.framework.entities.UserAccount 
2022-03-29 13:21:24.834 INFO  [acme.framework.components.database.DatabasePopulator@main] Reading entities from 'classpath:/WEB-INF/resources/sample-data' 
2022-03-29 13:21:24.837 DEBUG [acme.framework.components.database.Dataset@main] Reading dataset from 'C:\Users\MRF\Desktop\Workspace-22.0\Projects\Acme-Toolkits\target\classes\WEB-INF\resources\sample-data\announcement.csv' 
2022-03-29 13:21:24.838 DEBUG [acme.framework.components.database.Dataset@main] Reading mapping '{critical=true, link=null, creation-moment=2022/01/12 20:00, title=Title 1, body=Announcement Body 1, key=announcement-01}' from 'C:\Users\MRF\Desktop\Workspace-22.0\Projects\Acme-Toolkits\target\classes\WEB-INF\resources\sample-data\announcement.csv' 
2022-03-29 13:21:24.838 DEBUG [acme.framework.components.database.Dataset@main] Reading mapping '{critical=false, link=http://www.example.com, creation-moment=2022/01/13 00:00, title=Title 2, body=Announcement Body 2, key=announcement-02}' from 'C:\Users\MRF\Desktop\Workspace-22.0\Projects\Acme-Toolkits\target\classes\WEB-INF\resources\sample-data\announcement.csv' 
2022-03-29 13:21:24.839 DEBUG [acme.framework.components.database.Dataset@main] Reading dataset from 'C:\Users\MRF\Desktop\Workspace-22.0\Projects\Acme-Toolkits\target\classes\WEB-INF\resources\sample-data\chirp.csv' 
2022-03-29 13:21:24.840 DEBUG [acme.framework.components.database.Dataset@main] Reading mapping '{author=Juan Miguel, creation-moment=2022/01/12 20:00, title=Title 1, body=Chirp Body 1, key=chirp-01, email=juanmiguel@mail.com}' from 'C:\Users\MRF\Desktop\Workspace-22.0\Projects\Acme-Toolkits\target\classes\WEB-INF\resources\sample-data\chirp.csv' 
2022-03-29 13:21:24.840 DEBUG [acme.framework.components.database.Dataset@main] Reading mapping '{author=Antonio, creation-moment=2022/01/13 00:00, title=Title 2, body=Chirp Body 2, key=chirp-02, email=tony@mail.com}' from 'C:\Users\MRF\Desktop\Workspace-22.0\Projects\Acme-Toolkits\target\classes\WEB-INF\resources\sample-data\chirp.csv' 
2022-03-29 13:21:24.841 DEBUG [acme.framework.components.database.Dataset@main] Reading dataset from 'C:\Users\MRF\Desktop\Workspace-22.0\Projects\Acme-Toolkits\target\classes\WEB-INF\resources\sample-data\consumer.csv' 
2022-03-29 13:21:24.841 DEBUG [acme.framework.components.database.Dataset@main] Reading mapping '{key:user-account=user-account-administrator-01, company=Macarena, Inc., sector=Telecommunications, key=consumer-01}' from 'C:\Users\MRF\Desktop\Workspace-22.0\Projects\Acme-Toolkits\target\classes\WEB-INF\resources\sample-data\consumer.csv' 
2022-03-29 13:21:24.842 DEBUG [acme.framework.components.database.Dataset@main] Reading dataset from 'C:\Users\MRF\Desktop\Workspace-22.0\Projects\Acme-Toolkits\target\classes\WEB-INF\resources\sample-data\inventor.csv' 
2022-03-29 13:21:24.843 DEBUG [acme.framework.components.database.Dataset@main] Reading mapping '{key:user-account=user-account-inventor-01, statement=Statement inventor 1, company=University of Seville, key=inventor-01, info=http://www.example.com}' from 'C:\Users\MRF\Desktop\Workspace-22.0\Projects\Acme-Toolkits\target\classes\WEB-INF\resources\sample-data\inventor.csv' 
2022-03-29 13:21:24.843 DEBUG [acme.framework.components.database.Dataset@main] Reading mapping '{key:user-account=user-account-inventor-02, statement=Statement inventor 2, company=University of Cordoba, key=inventor-02, info=http://www.example.com}' from 'C:\Users\MRF\Desktop\Workspace-22.0\Projects\Acme-Toolkits\target\classes\WEB-INF\resources\sample-data\inventor.csv' 
2022-03-29 13:21:24.844 DEBUG [acme.framework.components.database.Dataset@main] Reading dataset from 'C:\Users\MRF\Desktop\Workspace-22.0\Projects\Acme-Toolkits\target\classes\WEB-INF\resources\sample-data\item.csv' 
2022-03-29 13:21:24.844 DEBUG [acme.framework.components.database.Dataset@main] Reading mapping '{key:inventor=inventor-02, code=ABC-123, link=null, description=Description of tool 1, technology=Technology 1, type=TOOL, retail-price=EUR 20.00, name=Tool 01, key=item-01}' from 'C:\Users\MRF\Desktop\Workspace-22.0\Projects\Acme-Toolkits\target\classes\WEB-INF\resources\sample-data\item.csv' 
2022-03-29 13:21:24.845 DEBUG [acme.framework.components.database.Dataset@main] Reading mapping '{key:inventor=inventor-01, code=ABC-123-A, link=https://www.example.com, description=Description of tool 2, technology=Technology 2, type=TOOL, retail-price=EUR 40.00, name=Tool 02, key=item-02}' from 'C:\Users\MRF\Desktop\Workspace-22.0\Projects\Acme-Toolkits\target\classes\WEB-INF\resources\sample-data\item.csv' 
2022-03-29 13:21:24.845 DEBUG [acme.framework.components.database.Dataset@main] Reading mapping '{key:inventor=inventor-02, code=BCD-234, link=null, description=Description of component 1, technology=Technology 3, type=COMPONENT, retail-price=EUR 5.00, name=Component 01, key=item-03}' from 'C:\Users\MRF\Desktop\Workspace-22.0\Projects\Acme-Toolkits\target\classes\WEB-INF\resources\sample-data\item.csv' 
2022-03-29 13:21:24.845 DEBUG [acme.framework.components.database.Dataset@main] Reading mapping '{key:inventor= inventor-01, code=BCD-234-Z, link=https://www.example.com, description=Description of component 2, technology=Technology 3, type=COMPONENT, retail-price=EUR 3.50, name=Component 02, key=item-04}' from 'C:\Users\MRF\Desktop\Workspace-22.0\Projects\Acme-Toolkits\target\classes\WEB-INF\resources\sample-data\item.csv' 
2022-03-29 13:21:24.846 DEBUG [acme.framework.components.database.Dataset@main] Reading dataset from 'C:\Users\MRF\Desktop\Workspace-22.0\Projects\Acme-Toolkits\target\classes\WEB-INF\resources\sample-data\patron.csv' 
2022-03-29 13:21:24.847 DEBUG [acme.framework.components.database.Dataset@main] Reading mapping '{key:user-account=user-account-patron-01, statement=Statement patron 1, company=University of Seville, key=patron-01, info=https://www.example.com}' from 'C:\Users\MRF\Desktop\Workspace-22.0\Projects\Acme-Toolkits\target\classes\WEB-INF\resources\sample-data\patron.csv' 
2022-03-29 13:21:24.847 DEBUG [acme.framework.components.database.Dataset@main] Reading mapping '{key:user-account=user-account-patron-02, statement=Statement patron 2, company=University of Cordoba, key=patron-02, info=https://www.example.com}' from 'C:\Users\MRF\Desktop\Workspace-22.0\Projects\Acme-Toolkits\target\classes\WEB-INF\resources\sample-data\patron.csv' 
2022-03-29 13:21:24.848 DEBUG [acme.framework.components.database.Dataset@main] Reading dataset from 'C:\Users\MRF\Desktop\Workspace-22.0\Projects\Acme-Toolkits\target\classes\WEB-INF\resources\sample-data\patronage-report.csv' 
2022-03-29 13:21:24.849 DEBUG [acme.framework.components.database.Dataset@main] Reading mapping '{key:patronage=patronage-01, sequence-number=ABC-123:0000, creation-moment=2022/01/12 20:00, memorandum=This is a memorandum 1, key=patronage-report-01, info=null}' from 'C:\Users\MRF\Desktop\Workspace-22.0\Projects\Acme-Toolkits\target\classes\WEB-INF\resources\sample-data\patronage-report.csv' 
2022-03-29 13:21:24.849 DEBUG [acme.framework.components.database.Dataset@main] Reading mapping '{key:patronage=patronage-02, sequence-number=ABC-123-Z:1111, creation-moment=2022/01/13 20:00, memorandum=This is a memorandum 2, key=patronage-report-02, info=http://www.example.com}' from 'C:\Users\MRF\Desktop\Workspace-22.0\Projects\Acme-Toolkits\target\classes\WEB-INF\resources\sample-data\patronage-report.csv' 
2022-03-29 13:21:24.849 DEBUG [acme.framework.components.database.Dataset@main] Reading dataset from 'C:\Users\MRF\Desktop\Workspace-22.0\Projects\Acme-Toolkits\target\classes\WEB-INF\resources\sample-data\patronage.csv' 
2022-03-29 13:21:24.850 DEBUG [acme.framework.components.database.Dataset@main] Reading mapping '{start-moment=2022/01/13 20:00, key:inventor=inventor-01, code=ABC-123, legal-stuff=This is a test, end-moment=2022/01/14 20:00, creation-moment=2022/01/12 20:00, key:patron=patron-01, key=patronage-01, status=PROPOSED, budget=EUR 1000.00, info=null}' from 'C:\Users\MRF\Desktop\Workspace-22.0\Projects\Acme-Toolkits\target\classes\WEB-INF\resources\sample-data\patronage.csv' 
2022-03-29 13:21:24.851 DEBUG [acme.framework.components.database.Dataset@main] Reading mapping '{start-moment=2022/01/16 20:00, key:inventor=inventor-02, code=ABC-123-A, legal-stuff=This is a test, end-moment=2022/01/17 20:00, creation-moment=2022/01/15 20:00, key:patron=patron-01, key=patronage-02, status=ACCEPTED, budget=EUR 2000.00, info=null}' from 'C:\Users\MRF\Desktop\Workspace-22.0\Projects\Acme-Toolkits\target\classes\WEB-INF\resources\sample-data\patronage.csv' 
2022-03-29 13:21:24.853 DEBUG [acme.framework.components.database.Dataset@main] Reading mapping '{start-moment=2022/01/19 20:00, key:inventor=inventor-01, code=BCD-123, legal-stuff=This is a test, end-moment=2022/01/20 20:00, creation-moment=2022/01/18 20:00, key:patron=patron-02, key=patronage-03, status=DENIED, budget=EUR 3500.25, info=http://www.example.com}' from 'C:\Users\MRF\Desktop\Workspace-22.0\Projects\Acme-Toolkits\target\classes\WEB-INF\resources\sample-data\patronage.csv' 
2022-03-29 13:21:24.853 DEBUG [acme.framework.components.database.Dataset@main] Reading dataset from 'C:\Users\MRF\Desktop\Workspace-22.0\Projects\Acme-Toolkits\target\classes\WEB-INF\resources\sample-data\provider.csv' 
2022-03-29 13:21:24.855 DEBUG [acme.framework.components.database.Dataset@main] Reading mapping '{key:user-account=user-account-administrator-01, company=Terra Nets, S.A., sector=Internet, key=provider-01}' from 'C:\Users\MRF\Desktop\Workspace-22.0\Projects\Acme-Toolkits\target\classes\WEB-INF\resources\sample-data\provider.csv' 
2022-03-29 13:21:24.856 DEBUG [acme.framework.components.database.Dataset@main] Reading dataset from 'C:\Users\MRF\Desktop\Workspace-22.0\Projects\Acme-Toolkits\target\classes\WEB-INF\resources\sample-data\quantity.csv' 
2022-03-29 13:21:24.857 DEBUG [acme.framework.components.database.Dataset@main] Reading mapping '{amount=20, key:toolkit=toolkit-01, key=quantity-01, key:item=item-03}' from 'C:\Users\MRF\Desktop\Workspace-22.0\Projects\Acme-Toolkits\target\classes\WEB-INF\resources\sample-data\quantity.csv' 
2022-03-29 13:21:24.858 DEBUG [acme.framework.components.database.Dataset@main] Reading mapping '{amount=1, key:toolkit=toolkit-02, key=quantity-02, key:item=item-01}' from 'C:\Users\MRF\Desktop\Workspace-22.0\Projects\Acme-Toolkits\target\classes\WEB-INF\resources\sample-data\quantity.csv' 
2022-03-29 13:21:24.858 DEBUG [acme.framework.components.database.Dataset@main] Reading dataset from 'C:\Users\MRF\Desktop\Workspace-22.0\Projects\Acme-Toolkits\target\classes\WEB-INF\resources\sample-data\system-configuration.csv' 
2022-03-29 13:21:24.859 DEBUG [acme.framework.components.database.Dataset@main] Reading mapping '{accepted-currencies=EUR,USD,GBP, system-currency=EUR, weak-threshold=25.0, key=system-configuration-02, weak-terms=sexy,nigeria,you´ve won,one million,Nigeria,has ganado,un millón, strong-threshold=10.0, strong-terms=sex,hard core,viagra,cialis,sexo}' from 'C:\Users\MRF\Desktop\Workspace-22.0\Projects\Acme-Toolkits\target\classes\WEB-INF\resources\sample-data\system-configuration.csv' 
2022-03-29 13:21:24.860 DEBUG [acme.framework.components.database.Dataset@main] Reading dataset from 'C:\Users\MRF\Desktop\Workspace-22.0\Projects\Acme-Toolkits\target\classes\WEB-INF\resources\sample-data\toolkit.csv' 
2022-03-29 13:21:24.861 DEBUG [acme.framework.components.database.Dataset@main] Reading mapping '{code=ABC-123, assembly-notes=Assembly Notes 1, link=null, description=Description 1, published=true, title=Title 1, key=toolkit-01}' from 'C:\Users\MRF\Desktop\Workspace-22.0\Projects\Acme-Toolkits\target\classes\WEB-INF\resources\sample-data\toolkit.csv' 
2022-03-29 13:21:24.861 DEBUG [acme.framework.components.database.Dataset@main] Reading mapping '{code=ABC-123-A, assembly-notes=Assembly Notes 2, link=https://www.example.com, description=Description 2, published=false, title=Title 2, key=toolkit-02}' from 'C:\Users\MRF\Desktop\Workspace-22.0\Projects\Acme-Toolkits\target\classes\WEB-INF\resources\sample-data\toolkit.csv' 
2022-03-29 13:21:24.862 DEBUG [acme.framework.components.database.EntityWeb@main] Setting attributes of entities of class acme.entities.chirp.Chirp 
2022-03-29 13:21:24.901 DEBUG [acme.framework.configuration.ExtendedMessageSource@main] Loading properties [C:\Users\MRF\Desktop\Workspace-22.0\Projects\Acme-Toolkits\target\classes\WEB-INF\views\administrator\item\messages-en.i18n] with encoding 'utf-8' 
2022-03-29 13:21:24.902 DEBUG [acme.framework.configuration.ExtendedMessageSource@main] Loading properties [C:\Users\MRF\Desktop\Workspace-22.0\Projects\Acme-Toolkits\target\classes\WEB-INF\views\administrator\user-account\messages-en.i18n] with encoding 'utf-8' 
2022-03-29 13:21:24.903 DEBUG [acme.framework.configuration.ExtendedMessageSource@main] Loading properties [C:\Users\MRF\Desktop\Workspace-22.0\Projects\Acme-Toolkits\target\classes\WEB-INF\views\anonymous\item\messages-en.i18n] with encoding 'utf-8' 
2022-03-29 13:21:24.905 DEBUG [acme.framework.configuration.ExtendedMessageSource@main] Loading properties [C:\Users\MRF\Desktop\Workspace-22.0\Projects\Acme-Toolkits\target\classes\WEB-INF\views\anonymous\user-account\messages-en.i18n] with encoding 'utf-8' 
2022-03-29 13:21:24.907 DEBUG [acme.framework.configuration.ExtendedMessageSource@main] Loading properties [C:\Users\MRF\Desktop\Workspace-22.0\Projects\Acme-Toolkits\target\classes\WEB-INF\views\authenticated\consumer\messsages-en.i18n] with encoding 'utf-8' 
2022-03-29 13:21:24.908 DEBUG [acme.framework.configuration.ExtendedMessageSource@main] Loading properties [C:\Users\MRF\Desktop\Workspace-22.0\Projects\Acme-Toolkits\target\classes\WEB-INF\views\authenticated\item\messages-en.i18n] with encoding 'utf-8' 
2022-03-29 13:21:24.910 DEBUG [acme.framework.configuration.ExtendedMessageSource@main] Loading properties [C:\Users\MRF\Desktop\Workspace-22.0\Projects\Acme-Toolkits\target\classes\WEB-INF\views\authenticated\provider\messsages-en.i18n] with encoding 'utf-8' 
2022-03-29 13:21:24.911 DEBUG [acme.framework.configuration.ExtendedMessageSource@main] Loading properties [C:\Users\MRF\Desktop\Workspace-22.0\Projects\Acme-Toolkits\target\classes\WEB-INF\views\authenticated\user-account\messages-en.i18n] with encoding 'utf-8' 
2022-03-29 13:21:24.912 DEBUG [acme.framework.configuration.ExtendedMessageSource@main] Loading properties [C:\Users\MRF\Desktop\Workspace-22.0\Projects\Acme-Toolkits\target\classes\WEB-INF\views\fragments\banner-en.i18n] with encoding 'utf-8' 
2022-03-29 13:21:24.913 DEBUG [acme.framework.configuration.ExtendedMessageSource@main] Loading properties [C:\Users\MRF\Desktop\Workspace-22.0\Projects\Acme-Toolkits\target\classes\WEB-INF\views\fragments\company-en.i18n] with encoding 'utf-8' 
2022-03-29 13:21:24.915 DEBUG [acme.framework.configuration.ExtendedMessageSource@main] Loading properties [C:\Users\MRF\Desktop\Workspace-22.0\Projects\Acme-Toolkits\target\classes\WEB-INF\views\fragments\footer-en.i18n] with encoding 'utf-8' 
2022-03-29 13:21:24.918 DEBUG [acme.framework.configuration.ExtendedMessageSource@main] Loading properties [C:\Users\MRF\Desktop\Workspace-22.0\Projects\Acme-Toolkits\target\classes\WEB-INF\views\fragments\license-en.i18n] with encoding 'utf-8' 
2022-03-29 13:21:24.920 DEBUG [acme.framework.configuration.ExtendedMessageSource@main] Loading properties [C:\Users\MRF\Desktop\Workspace-22.0\Projects\Acme-Toolkits\target\classes\WEB-INF\views\fragments\menu-en.i18n] with encoding 'utf-8' 
2022-03-29 13:21:24.922 DEBUG [acme.framework.configuration.ExtendedMessageSource@main] Loading properties [C:\Users\MRF\Desktop\Workspace-22.0\Projects\Acme-Toolkits\target\classes\WEB-INF\views\fragments\messsages-en.i18n] with encoding 'utf-8' 
2022-03-29 13:21:24.928 DEBUG [acme.framework.configuration.ExtendedMessageSource@main] Loading properties [C:\Users\MRF\Desktop\Workspace-22.0\Projects\Acme-Toolkits\target\classes\WEB-INF\views\fragments\title-en.i18n] with encoding 'utf-8' 
2022-03-29 13:21:24.931 DEBUG [acme.framework.configuration.ExtendedMessageSource@main] Loading properties [C:\Users\MRF\Desktop\Workspace-22.0\Projects\Acme-Toolkits\target\classes\WEB-INF\views\fragments\welcome-en.i18n] with encoding 'utf-8' 
2022-03-29 13:21:24.934 DEBUG [acme.framework.configuration.ExtendedMessageSource@main] Loading properties [C:\Users\MRF\Desktop\Workspace-22.0\Projects\Acme-Toolkits\target\classes\WEB-INF\views\inventor\item\messages-en.i18n] with encoding 'utf-8' 
2022-03-29 13:21:24.941 DEBUG [acme.framework.configuration.ExtendedMessageSource@main] Loading properties [C:\Users\MRF\Desktop\Workspace-22.0\Projects\Acme-Toolkits\target\classes\WEB-INF\views\master\defaults-en.i18n] with encoding 'utf-8' 
2022-03-29 13:21:24.947 DEBUG [acme.framework.configuration.ExtendedMessageSource@main] Loading properties [C:\Users\MRF\Desktop\Workspace-22.0\Projects\Acme-Toolkits\target\classes\WEB-INF\views\master\master-en.i18n] with encoding 'utf-8' 
2022-03-29 13:21:24.950 DEBUG [acme.framework.configuration.ExtendedMessageSource@main] Loading properties [C:\Users\MRF\Desktop\Workspace-22.0\Projects\Acme-Toolkits\target\classes\WEB-INF\views\master\throwables-en.i18n] with encoding 'utf-8' 
2022-03-29 13:21:24.954 DEBUG [acme.framework.configuration.ExtendedMessageSource@main] Loading properties [C:\Users\MRF\Desktop\Workspace-22.0\Projects\Acme-Toolkits\target\classes\WEB-INF\views\master\validation-en.i18n] with encoding 'utf-8' 
2022-03-29 13:21:24.956 DEBUG [acme.framework.configuration.ExtendedMessageSource@main] Loading properties [C:\Users\MRF\Desktop\Workspace-22.0\Projects\Acme-Toolkits\target\classes\WEB-INF\views\patron\item\messages-en.i18n] with encoding 'utf-8' 
2022-03-29 13:21:24.962 DEBUG [acme.framework.components.database.EntityWeb@main] Setting attributes of entities of class acme.roles.Inventor 
2022-03-29 13:21:24.974 DEBUG [acme.framework.components.database.EntityWeb@main] Setting attributes of entities of class acme.entities.systemConfiguration.SystemConfiguration 
2022-03-29 13:21:24.975 DEBUG [acme.framework.components.database.EntityWeb@main] Setting attributes of entities of class acme.entities.item.Item 
2022-03-29 13:21:25.004 DEBUG [acme.framework.components.database.EntityWeb@main] Setting attributes of entities of class acme.entities.patronageReport.PatronageReport 
2022-03-29 13:21:25.016 DEBUG [acme.framework.components.database.EntityWeb@main] Setting attributes of entities of class acme.entities.quantity.Quantity 
2022-03-29 13:21:25.028 DEBUG [acme.framework.components.database.EntityWeb@main] Setting attributes of entities of class acme.entities.announcement.Announcement 
2022-03-29 13:21:25.038 DEBUG [acme.framework.components.database.EntityWeb@main] Setting attributes of entities of class acme.roles.Consumer 
2022-03-29 13:21:25.047 DEBUG [acme.framework.components.database.EntityWeb@main] Setting attributes of entities of class acme.entities.patronages.Patronage 
2022-03-29 13:21:25.065 DEBUG [acme.framework.components.database.EntityWeb@main] Setting attributes of entities of class acme.roles.Provider 
2022-03-29 13:21:25.074 DEBUG [acme.framework.components.database.EntityWeb@main] Setting attributes of entities of class acme.entities.toolkit.Toolkit 
2022-03-29 13:21:25.084 DEBUG [acme.framework.components.database.EntityWeb@main] Setting attributes of entities of class acme.roles.Patron 
2022-03-29 13:21:25.093 DEBUG [acme.framework.components.database.EntityWeb@main] Linking entities of class acme.entities.chirp.Chirp 
2022-03-29 13:21:25.094 DEBUG [acme.framework.components.database.EntityWeb@main] Linking entities of class acme.roles.Inventor 
2022-03-29 13:21:25.094 DEBUG [acme.framework.components.database.EntityWeb@main] Linking entities of class acme.entities.systemConfiguration.SystemConfiguration 
2022-03-29 13:21:25.094 DEBUG [acme.framework.components.database.EntityWeb@main] Linking entities of class acme.entities.item.Item 
2022-03-29 13:21:25.097 ERROR [acme.Launcher@main] acme.framework.components.database.EntityWeb.computeLinkAttributes(EntityWeb.java:291): C:\Users\MRF\Desktop\Workspace-22.0\Projects\Acme-Toolkits\target\classes\WEB-INF\resources\sample-data\item.csv: couldn't find entity 'acme.roles.Inventor@ inventor-01' for property 'acme.entities.item.Item@item-04::inventor' 
2022-03-29 13:21:25.097 INFO  [acme.Launcher@main] The application log provides additional debugging messages! 
2022-03-29 13:21:26.579 INFO  [acme.framework.configuration.ShutdownConfiguration@main] The system is shutting down... 
2022-03-29 13:21:26.649 DEBUG [acme.Launcher@main] Exit code = 0 
