2022-04-19 17:54:03.295 INFO  [acme.Launcher@main] Starting Launcher using Java 1.8.0_281 on DESKTOP-N8OS56S with PID 5660 (C:\Users\usuario\Desktop\Workspace-22.0\Frameworks\Acme-Framework-22.3\target\classes started by usuario in C:\Users\usuario\Desktop\Workspace-22.0\Projects\Acme-Toolkits) 
2022-04-19 17:54:03.296 DEBUG [acme.Launcher@main] Running with Spring Boot v2.4.2, Spring v5.3.3 
2022-04-19 17:54:03.299 INFO  [acme.Launcher@main] The following profiles are active: development,populator 
2022-04-19 17:54:09.322 DEBUG [org.apache.jasper.servlet.JasperInitializer@main] Initializing Jasper for context [application] 
2022-04-19 17:54:17.617 DEBUG [org.apache.jasper.servlet.JspServlet@main] Scratch dir for the JSP engine is: [C:\Users\usuario\AppData\Local\Temp\tomcat.8083.5662435408635729937\work\Tomcat\localhost\acme-toolkits-22.1] 
2022-04-19 17:54:17.617 DEBUG [org.apache.jasper.servlet.JspServlet@main] IMPORTANT: Do not modify the generated servlets 
2022-04-19 17:54:17.640 INFO  [acme.Launcher@main] Started Launcher in 15.546 seconds (JVM running for 16.633) 
2022-04-19 17:54:17.645 DEBUG [acme.Launcher@main] Found classpath entry '/C:/Users/usuario/Desktop/Workspace-22.0/Projects/Acme-Toolkits/target/test-classes/' 
2022-04-19 17:54:17.645 DEBUG [acme.Launcher@main] Found classpath entry '/C:/Users/usuario/Desktop/Workspace-22.0/Projects/Acme-Toolkits/target/classes/' 
2022-04-19 17:54:17.646 DEBUG [acme.Launcher@main] Found classpath entry '/C:/Users/usuario/Desktop/Workspace-22.0/Frameworks/Acme-Framework-22.3/target/classes/' 
2022-04-19 17:54:17.646 DEBUG [acme.Launcher@main] Found classpath entry '/C:/Users/usuario/Desktop/Workspace-22.0/Frameworks/Acme-Framework-22.3/target/test-classes/' 
2022-04-19 17:54:17.646 DEBUG [acme.Launcher@main] Found classpath entry '/C:/Users/usuario/.m2/repository/org/springframework/boot/spring-boot-starter-tomcat/2.4.2/spring-boot-starter-tomcat-2.4.2.jar' 
2022-04-19 17:54:17.646 DEBUG [acme.Launcher@main] Found classpath entry '/C:/Users/usuario/.m2/repository/jakarta/annotation/jakarta.annotation-api/1.3.5/jakarta.annotation-api-1.3.5.jar' 
2022-04-19 17:54:17.646 DEBUG [acme.Launcher@main] Found classpath entry '/C:/Users/usuario/.m2/repository/org/apache/tomcat/embed/tomcat-embed-core/9.0.41/tomcat-embed-core-9.0.41.jar' 
2022-04-19 17:54:17.647 DEBUG [acme.Launcher@main] Found classpath entry '/C:/Users/usuario/.m2/repository/org/glassfish/jakarta.el/3.0.3/jakarta.el-3.0.3.jar' 
2022-04-19 17:54:17.647 DEBUG [acme.Launcher@main] Found classpath entry '/C:/Users/usuario/.m2/repository/org/apache/tomcat/embed/tomcat-embed-websocket/9.0.41/tomcat-embed-websocket-9.0.41.jar' 
2022-04-19 17:54:17.647 DEBUG [acme.Launcher@main] Found classpath entry '/C:/Users/usuario/.m2/repository/org/apache/tomcat/embed/tomcat-embed-jasper/9.0.41/tomcat-embed-jasper-9.0.41.jar' 
2022-04-19 17:54:17.647 DEBUG [acme.Launcher@main] Found classpath entry '/C:/Users/usuario/.m2/repository/org/apache/tomcat/embed/tomcat-embed-el/9.0.41/tomcat-embed-el-9.0.41.jar' 
2022-04-19 17:54:17.648 DEBUG [acme.Launcher@main] Found classpath entry '/C:/Users/usuario/.m2/repository/org/eclipse/jdt/ecj/3.18.0/ecj-3.18.0.jar' 
2022-04-19 17:54:17.648 DEBUG [acme.Launcher@main] Found classpath entry '/C:/Users/usuario/.m2/repository/javax/servlet/jstl/1.2/jstl-1.2.jar' 
2022-04-19 17:54:17.648 DEBUG [acme.Launcher@main] Found classpath entry '/C:/Users/usuario/.m2/repository/org/springframework/boot/spring-boot-starter-test/2.4.2/spring-boot-starter-test-2.4.2.jar' 
2022-04-19 17:54:17.648 DEBUG [acme.Launcher@main] Found classpath entry '/C:/Users/usuario/.m2/repository/org/springframework/boot/spring-boot-starter/2.4.2/spring-boot-starter-2.4.2.jar' 
2022-04-19 17:54:17.648 DEBUG [acme.Launcher@main] Found classpath entry '/C:/Users/usuario/.m2/repository/org/springframework/boot/spring-boot/2.4.2/spring-boot-2.4.2.jar' 
2022-04-19 17:54:17.649 DEBUG [acme.Launcher@main] Found classpath entry '/C:/Users/usuario/.m2/repository/org/springframework/boot/spring-boot-autoconfigure/2.4.2/spring-boot-autoconfigure-2.4.2.jar' 
2022-04-19 17:54:17.649 DEBUG [acme.Launcher@main] Found classpath entry '/C:/Users/usuario/.m2/repository/org/springframework/boot/spring-boot-starter-logging/2.4.2/spring-boot-starter-logging-2.4.2.jar' 
2022-04-19 17:54:17.651 DEBUG [acme.Launcher@main] Found classpath entry '/C:/Users/usuario/.m2/repository/ch/qos/logback/logback-classic/1.2.3/logback-classic-1.2.3.jar' 
2022-04-19 17:54:17.652 DEBUG [acme.Launcher@main] Found classpath entry '/C:/Users/usuario/.m2/repository/ch/qos/logback/logback-core/1.2.3/logback-core-1.2.3.jar' 
2022-04-19 17:54:17.652 DEBUG [acme.Launcher@main] Found classpath entry '/C:/Users/usuario/.m2/repository/org/apache/logging/log4j/log4j-to-slf4j/2.13.3/log4j-to-slf4j-2.13.3.jar' 
2022-04-19 17:54:17.652 DEBUG [acme.Launcher@main] Found classpath entry '/C:/Users/usuario/.m2/repository/org/apache/logging/log4j/log4j-api/2.13.3/log4j-api-2.13.3.jar' 
2022-04-19 17:54:17.652 DEBUG [acme.Launcher@main] Found classpath entry '/C:/Users/usuario/.m2/repository/org/slf4j/jul-to-slf4j/1.7.30/jul-to-slf4j-1.7.30.jar' 
2022-04-19 17:54:17.653 DEBUG [acme.Launcher@main] Found classpath entry '/C:/Users/usuario/.m2/repository/org/yaml/snakeyaml/1.27/snakeyaml-1.27.jar' 
2022-04-19 17:54:17.653 DEBUG [acme.Launcher@main] Found classpath entry '/C:/Users/usuario/.m2/repository/org/springframework/boot/spring-boot-test/2.4.2/spring-boot-test-2.4.2.jar' 
2022-04-19 17:54:17.653 DEBUG [acme.Launcher@main] Found classpath entry '/C:/Users/usuario/.m2/repository/org/springframework/boot/spring-boot-test-autoconfigure/2.4.2/spring-boot-test-autoconfigure-2.4.2.jar' 
2022-04-19 17:54:17.653 DEBUG [acme.Launcher@main] Found classpath entry '/C:/Users/usuario/.m2/repository/com/jayway/jsonpath/json-path/2.4.0/json-path-2.4.0.jar' 
2022-04-19 17:54:17.653 DEBUG [acme.Launcher@main] Found classpath entry '/C:/Users/usuario/.m2/repository/net/minidev/json-smart/2.3/json-smart-2.3.jar' 
2022-04-19 17:54:17.654 DEBUG [acme.Launcher@main] Found classpath entry '/C:/Users/usuario/.m2/repository/net/minidev/accessors-smart/1.2/accessors-smart-1.2.jar' 
2022-04-19 17:54:17.654 DEBUG [acme.Launcher@main] Found classpath entry '/C:/Users/usuario/.m2/repository/org/ow2/asm/asm/5.0.4/asm-5.0.4.jar' 
2022-04-19 17:54:17.654 DEBUG [acme.Launcher@main] Found classpath entry '/C:/Users/usuario/.m2/repository/jakarta/xml/bind/jakarta.xml.bind-api/2.3.3/jakarta.xml.bind-api-2.3.3.jar' 
2022-04-19 17:54:17.654 DEBUG [acme.Launcher@main] Found classpath entry '/C:/Users/usuario/.m2/repository/jakarta/activation/jakarta.activation-api/1.2.2/jakarta.activation-api-1.2.2.jar' 
2022-04-19 17:54:17.654 DEBUG [acme.Launcher@main] Found classpath entry '/C:/Users/usuario/.m2/repository/org/assertj/assertj-core/3.18.1/assertj-core-3.18.1.jar' 
2022-04-19 17:54:17.655 DEBUG [acme.Launcher@main] Found classpath entry '/C:/Users/usuario/.m2/repository/org/hamcrest/hamcrest/2.2/hamcrest-2.2.jar' 
2022-04-19 17:54:17.655 DEBUG [acme.Launcher@main] Found classpath entry '/C:/Users/usuario/.m2/repository/org/junit/jupiter/junit-jupiter/5.7.0/junit-jupiter-5.7.0.jar' 
2022-04-19 17:54:17.655 DEBUG [acme.Launcher@main] Found classpath entry '/C:/Users/usuario/.m2/repository/org/mockito/mockito-core/3.6.28/mockito-core-3.6.28.jar' 
2022-04-19 17:54:17.655 DEBUG [acme.Launcher@main] Found classpath entry '/C:/Users/usuario/.m2/repository/net/bytebuddy/byte-buddy-agent/1.10.19/byte-buddy-agent-1.10.19.jar' 
2022-04-19 17:54:17.656 DEBUG [acme.Launcher@main] Found classpath entry '/C:/Users/usuario/.m2/repository/org/objenesis/objenesis/3.1/objenesis-3.1.jar' 
2022-04-19 17:54:17.656 DEBUG [acme.Launcher@main] Found classpath entry '/C:/Users/usuario/.m2/repository/org/mockito/mockito-junit-jupiter/3.6.28/mockito-junit-jupiter-3.6.28.jar' 
2022-04-19 17:54:17.656 DEBUG [acme.Launcher@main] Found classpath entry '/C:/Users/usuario/.m2/repository/org/skyscreamer/jsonassert/1.5.0/jsonassert-1.5.0.jar' 
2022-04-19 17:54:17.656 DEBUG [acme.Launcher@main] Found classpath entry '/C:/Users/usuario/.m2/repository/com/vaadin/external/google/android-json/0.0.20131108.vaadin1/android-json-0.0.20131108.vaadin1.jar' 
2022-04-19 17:54:17.657 DEBUG [acme.Launcher@main] Found classpath entry '/C:/Users/usuario/.m2/repository/org/springframework/spring-core/5.3.3/spring-core-5.3.3.jar' 
2022-04-19 17:54:17.657 DEBUG [acme.Launcher@main] Found classpath entry '/C:/Users/usuario/.m2/repository/org/springframework/spring-jcl/5.3.3/spring-jcl-5.3.3.jar' 
2022-04-19 17:54:17.657 DEBUG [acme.Launcher@main] Found classpath entry '/C:/Users/usuario/.m2/repository/org/springframework/spring-test/5.3.3/spring-test-5.3.3.jar' 
2022-04-19 17:54:17.657 DEBUG [acme.Launcher@main] Found classpath entry '/C:/Users/usuario/.m2/repository/org/xmlunit/xmlunit-core/2.7.0/xmlunit-core-2.7.0.jar' 
2022-04-19 17:54:17.657 DEBUG [acme.Launcher@main] Found classpath entry '/C:/Users/usuario/.m2/repository/org/springframework/boot/spring-boot-starter-security/2.4.2/spring-boot-starter-security-2.4.2.jar' 
2022-04-19 17:54:17.658 DEBUG [acme.Launcher@main] Found classpath entry '/C:/Users/usuario/.m2/repository/org/springframework/spring-aop/5.3.3/spring-aop-5.3.3.jar' 
2022-04-19 17:54:17.658 DEBUG [acme.Launcher@main] Found classpath entry '/C:/Users/usuario/.m2/repository/org/springframework/security/spring-security-web/5.4.2/spring-security-web-5.4.2.jar' 
2022-04-19 17:54:17.658 DEBUG [acme.Launcher@main] Found classpath entry '/C:/Users/usuario/.m2/repository/org/springframework/security/spring-security-core/5.4.2/spring-security-core-5.4.2.jar' 
2022-04-19 17:54:17.658 DEBUG [acme.Launcher@main] Found classpath entry '/C:/Users/usuario/.m2/repository/org/springframework/spring-beans/5.3.3/spring-beans-5.3.3.jar' 
2022-04-19 17:54:17.658 DEBUG [acme.Launcher@main] Found classpath entry '/C:/Users/usuario/.m2/repository/org/springframework/spring-context/5.3.3/spring-context-5.3.3.jar' 
2022-04-19 17:54:17.658 DEBUG [acme.Launcher@main] Found classpath entry '/C:/Users/usuario/.m2/repository/org/springframework/spring-expression/5.3.3/spring-expression-5.3.3.jar' 
2022-04-19 17:54:17.659 DEBUG [acme.Launcher@main] Found classpath entry '/C:/Users/usuario/.m2/repository/org/springframework/spring-web/5.3.3/spring-web-5.3.3.jar' 
2022-04-19 17:54:17.659 DEBUG [acme.Launcher@main] Found classpath entry '/C:/Users/usuario/.m2/repository/org/springframework/security/spring-security-config/5.4.2/spring-security-config-5.4.2.jar' 
2022-04-19 17:54:17.660 DEBUG [acme.Launcher@main] Found classpath entry '/C:/Users/usuario/.m2/repository/org/springframework/security/spring-security-taglibs/5.4.2/spring-security-taglibs-5.4.2.jar' 
2022-04-19 17:54:17.660 DEBUG [acme.Launcher@main] Found classpath entry '/C:/Users/usuario/.m2/repository/org/springframework/security/spring-security-acl/5.4.2/spring-security-acl-5.4.2.jar' 
2022-04-19 17:54:17.661 DEBUG [acme.Launcher@main] Found classpath entry '/C:/Users/usuario/.m2/repository/org/springframework/spring-jdbc/5.3.3/spring-jdbc-5.3.3.jar' 
2022-04-19 17:54:17.661 DEBUG [acme.Launcher@main] Found classpath entry '/C:/Users/usuario/.m2/repository/org/springframework/spring-tx/5.3.3/spring-tx-5.3.3.jar' 
2022-04-19 17:54:17.661 DEBUG [acme.Launcher@main] Found classpath entry '/C:/Users/usuario/.m2/repository/org/springframework/boot/spring-boot-starter-web/2.4.2/spring-boot-starter-web-2.4.2.jar' 
2022-04-19 17:54:17.661 DEBUG [acme.Launcher@main] Found classpath entry '/C:/Users/usuario/.m2/repository/org/springframework/boot/spring-boot-starter-json/2.4.2/spring-boot-starter-json-2.4.2.jar' 
2022-04-19 17:54:17.661 DEBUG [acme.Launcher@main] Found classpath entry '/C:/Users/usuario/.m2/repository/com/fasterxml/jackson/core/jackson-databind/2.11.4/jackson-databind-2.11.4.jar' 
2022-04-19 17:54:17.661 DEBUG [acme.Launcher@main] Found classpath entry '/C:/Users/usuario/.m2/repository/com/fasterxml/jackson/core/jackson-annotations/2.11.4/jackson-annotations-2.11.4.jar' 
2022-04-19 17:54:17.662 DEBUG [acme.Launcher@main] Found classpath entry '/C:/Users/usuario/.m2/repository/com/fasterxml/jackson/core/jackson-core/2.11.4/jackson-core-2.11.4.jar' 
2022-04-19 17:54:17.662 DEBUG [acme.Launcher@main] Found classpath entry '/C:/Users/usuario/.m2/repository/com/fasterxml/jackson/datatype/jackson-datatype-jdk8/2.11.4/jackson-datatype-jdk8-2.11.4.jar' 
2022-04-19 17:54:17.663 DEBUG [acme.Launcher@main] Found classpath entry '/C:/Users/usuario/.m2/repository/com/fasterxml/jackson/datatype/jackson-datatype-jsr310/2.11.4/jackson-datatype-jsr310-2.11.4.jar' 
2022-04-19 17:54:17.663 DEBUG [acme.Launcher@main] Found classpath entry '/C:/Users/usuario/.m2/repository/com/fasterxml/jackson/module/jackson-module-parameter-names/2.11.4/jackson-module-parameter-names-2.11.4.jar' 
2022-04-19 17:54:17.663 DEBUG [acme.Launcher@main] Found classpath entry '/C:/Users/usuario/.m2/repository/org/springframework/spring-webmvc/5.3.3/spring-webmvc-5.3.3.jar' 
2022-04-19 17:54:17.663 DEBUG [acme.Launcher@main] Found classpath entry '/C:/Users/usuario/.m2/repository/org/apache/tiles/tiles-jsp/3.0.8/tiles-jsp-3.0.8.jar' 
2022-04-19 17:54:17.663 DEBUG [acme.Launcher@main] Found classpath entry '/C:/Users/usuario/.m2/repository/org/apache/tiles/tiles-servlet/3.0.8/tiles-servlet-3.0.8.jar' 
2022-04-19 17:54:17.664 DEBUG [acme.Launcher@main] Found classpath entry '/C:/Users/usuario/.m2/repository/org/apache/tiles/tiles-core/3.0.8/tiles-core-3.0.8.jar' 
2022-04-19 17:54:17.664 DEBUG [acme.Launcher@main] Found classpath entry '/C:/Users/usuario/.m2/repository/commons-digester/commons-digester/2.0/commons-digester-2.0.jar' 
2022-04-19 17:54:17.664 DEBUG [acme.Launcher@main] Found classpath entry '/C:/Users/usuario/.m2/repository/org/slf4j/jcl-over-slf4j/1.7.30/jcl-over-slf4j-1.7.30.jar' 
2022-04-19 17:54:17.664 DEBUG [acme.Launcher@main] Found classpath entry '/C:/Users/usuario/.m2/repository/org/apache/tiles/tiles-request-servlet/1.0.7/tiles-request-servlet-1.0.7.jar' 
2022-04-19 17:54:17.664 DEBUG [acme.Launcher@main] Found classpath entry '/C:/Users/usuario/.m2/repository/org/apache/tiles/tiles-template/3.0.8/tiles-template-3.0.8.jar' 
2022-04-19 17:54:17.664 DEBUG [acme.Launcher@main] Found classpath entry '/C:/Users/usuario/.m2/repository/org/apache/tiles/tiles-api/3.0.8/tiles-api-3.0.8.jar' 
2022-04-19 17:54:17.665 DEBUG [acme.Launcher@main] Found classpath entry '/C:/Users/usuario/.m2/repository/org/apache/tiles/tiles-autotag-core-runtime/1.2/tiles-autotag-core-runtime-1.2.jar' 
2022-04-19 17:54:17.665 DEBUG [acme.Launcher@main] Found classpath entry '/C:/Users/usuario/.m2/repository/org/slf4j/slf4j-api/1.7.30/slf4j-api-1.7.30.jar' 
2022-04-19 17:54:17.665 DEBUG [acme.Launcher@main] Found classpath entry '/C:/Users/usuario/.m2/repository/org/apache/tiles/tiles-request-jsp/1.0.7/tiles-request-jsp-1.0.7.jar' 
2022-04-19 17:54:17.665 DEBUG [acme.Launcher@main] Found classpath entry '/C:/Users/usuario/.m2/repository/org/apache/tiles/tiles-request-api/1.0.7/tiles-request-api-1.0.7.jar' 
2022-04-19 17:54:17.666 DEBUG [acme.Launcher@main] Found classpath entry '/C:/Users/usuario/.m2/repository/org/springframework/boot/spring-boot-starter-data-jpa/2.4.2/spring-boot-starter-data-jpa-2.4.2.jar' 
2022-04-19 17:54:17.666 DEBUG [acme.Launcher@main] Found classpath entry '/C:/Users/usuario/.m2/repository/org/springframework/boot/spring-boot-starter-aop/2.4.2/spring-boot-starter-aop-2.4.2.jar' 
2022-04-19 17:54:17.666 DEBUG [acme.Launcher@main] Found classpath entry '/C:/Users/usuario/.m2/repository/org/aspectj/aspectjweaver/1.9.6/aspectjweaver-1.9.6.jar' 
2022-04-19 17:54:17.666 DEBUG [acme.Launcher@main] Found classpath entry '/C:/Users/usuario/.m2/repository/org/springframework/boot/spring-boot-starter-jdbc/2.4.2/spring-boot-starter-jdbc-2.4.2.jar' 
2022-04-19 17:54:17.666 DEBUG [acme.Launcher@main] Found classpath entry '/C:/Users/usuario/.m2/repository/jakarta/transaction/jakarta.transaction-api/1.3.3/jakarta.transaction-api-1.3.3.jar' 
2022-04-19 17:54:17.667 DEBUG [acme.Launcher@main] Found classpath entry '/C:/Users/usuario/.m2/repository/jakarta/persistence/jakarta.persistence-api/2.2.3/jakarta.persistence-api-2.2.3.jar' 
2022-04-19 17:54:17.667 DEBUG [acme.Launcher@main] Found classpath entry '/C:/Users/usuario/.m2/repository/org/hibernate/hibernate-core/5.4.27.Final/hibernate-core-5.4.27.Final.jar' 
2022-04-19 17:54:17.667 DEBUG [acme.Launcher@main] Found classpath entry '/C:/Users/usuario/.m2/repository/org/jboss/logging/jboss-logging/3.4.1.Final/jboss-logging-3.4.1.Final.jar' 
2022-04-19 17:54:17.667 DEBUG [acme.Launcher@main] Found classpath entry '/C:/Users/usuario/.m2/repository/org/javassist/javassist/3.27.0-GA/javassist-3.27.0-GA.jar' 
2022-04-19 17:54:17.667 DEBUG [acme.Launcher@main] Found classpath entry '/C:/Users/usuario/.m2/repository/antlr/antlr/2.7.7/antlr-2.7.7.jar' 
2022-04-19 17:54:17.668 DEBUG [acme.Launcher@main] Found classpath entry '/C:/Users/usuario/.m2/repository/org/jboss/jandex/2.1.3.Final/jandex-2.1.3.Final.jar' 
2022-04-19 17:54:17.668 DEBUG [acme.Launcher@main] Found classpath entry '/C:/Users/usuario/.m2/repository/com/fasterxml/classmate/1.5.1/classmate-1.5.1.jar' 
2022-04-19 17:54:17.668 DEBUG [acme.Launcher@main] Found classpath entry '/C:/Users/usuario/.m2/repository/org/dom4j/dom4j/2.1.3/dom4j-2.1.3.jar' 
2022-04-19 17:54:17.668 DEBUG [acme.Launcher@main] Found classpath entry '/C:/Users/usuario/.m2/repository/org/hibernate/common/hibernate-commons-annotations/5.1.2.Final/hibernate-commons-annotations-5.1.2.Final.jar' 
2022-04-19 17:54:17.668 DEBUG [acme.Launcher@main] Found classpath entry '/C:/Users/usuario/.m2/repository/org/glassfish/jaxb/jaxb-runtime/2.3.3/jaxb-runtime-2.3.3.jar' 
2022-04-19 17:54:17.669 DEBUG [acme.Launcher@main] Found classpath entry '/C:/Users/usuario/.m2/repository/org/glassfish/jaxb/txw2/2.3.3/txw2-2.3.3.jar' 
2022-04-19 17:54:17.669 DEBUG [acme.Launcher@main] Found classpath entry '/C:/Users/usuario/.m2/repository/com/sun/istack/istack-commons-runtime/3.0.11/istack-commons-runtime-3.0.11.jar' 
2022-04-19 17:54:17.669 DEBUG [acme.Launcher@main] Found classpath entry '/C:/Users/usuario/.m2/repository/com/sun/activation/jakarta.activation/1.2.2/jakarta.activation-1.2.2.jar' 
2022-04-19 17:54:17.669 DEBUG [acme.Launcher@main] Found classpath entry '/C:/Users/usuario/.m2/repository/org/springframework/data/spring-data-jpa/2.4.3/spring-data-jpa-2.4.3.jar' 
2022-04-19 17:54:17.669 DEBUG [acme.Launcher@main] Found classpath entry '/C:/Users/usuario/.m2/repository/org/springframework/data/spring-data-commons/2.4.3/spring-data-commons-2.4.3.jar' 
2022-04-19 17:54:17.670 DEBUG [acme.Launcher@main] Found classpath entry '/C:/Users/usuario/.m2/repository/org/springframework/spring-orm/5.3.3/spring-orm-5.3.3.jar' 
2022-04-19 17:54:17.671 DEBUG [acme.Launcher@main] Found classpath entry '/C:/Users/usuario/.m2/repository/org/springframework/spring-aspects/5.3.3/spring-aspects-5.3.3.jar' 
2022-04-19 17:54:17.671 DEBUG [acme.Launcher@main] Found classpath entry '/C:/Users/usuario/.m2/repository/org/springframework/boot/spring-boot-starter-validation/2.4.2/spring-boot-starter-validation-2.4.2.jar' 
2022-04-19 17:54:17.671 DEBUG [acme.Launcher@main] Found classpath entry '/C:/Users/usuario/.m2/repository/org/hibernate/validator/hibernate-validator/6.1.7.Final/hibernate-validator-6.1.7.Final.jar' 
2022-04-19 17:54:17.672 DEBUG [acme.Launcher@main] Found classpath entry '/C:/Users/usuario/.m2/repository/jakarta/validation/jakarta.validation-api/2.0.2/jakarta.validation-api-2.0.2.jar' 
2022-04-19 17:54:17.672 DEBUG [acme.Launcher@main] Found classpath entry '/C:/Users/usuario/.m2/repository/mysql/mysql-connector-java/8.0.22/mysql-connector-java-8.0.22.jar' 
2022-04-19 17:54:17.672 DEBUG [acme.Launcher@main] Found classpath entry '/C:/Users/usuario/.m2/repository/com/zaxxer/HikariCP/3.4.5/HikariCP-3.4.5.jar' 
2022-04-19 17:54:17.672 DEBUG [acme.Launcher@main] Found classpath entry '/C:/Users/usuario/.m2/repository/org/junit/jupiter/junit-jupiter-engine/5.7.0/junit-jupiter-engine-5.7.0.jar' 
2022-04-19 17:54:17.672 DEBUG [acme.Launcher@main] Found classpath entry '/C:/Users/usuario/.m2/repository/org/apiguardian/apiguardian-api/1.1.0/apiguardian-api-1.1.0.jar' 
2022-04-19 17:54:17.673 DEBUG [acme.Launcher@main] Found classpath entry '/C:/Users/usuario/.m2/repository/org/junit/platform/junit-platform-engine/1.7.0/junit-platform-engine-1.7.0.jar' 
2022-04-19 17:54:17.673 DEBUG [acme.Launcher@main] Found classpath entry '/C:/Users/usuario/.m2/repository/org/junit/jupiter/junit-jupiter-api/5.7.0/junit-jupiter-api-5.7.0.jar' 
2022-04-19 17:54:17.673 DEBUG [acme.Launcher@main] Found classpath entry '/C:/Users/usuario/.m2/repository/org/opentest4j/opentest4j/1.2.0/opentest4j-1.2.0.jar' 
2022-04-19 17:54:17.673 DEBUG [acme.Launcher@main] Found classpath entry '/C:/Users/usuario/.m2/repository/org/junit/platform/junit-platform-commons/1.7.0/junit-platform-commons-1.7.0.jar' 
2022-04-19 17:54:17.673 DEBUG [acme.Launcher@main] Found classpath entry '/C:/Users/usuario/.m2/repository/org/junit/jupiter/junit-jupiter-params/5.7.0/junit-jupiter-params-5.7.0.jar' 
2022-04-19 17:54:17.673 DEBUG [acme.Launcher@main] Found classpath entry '/C:/Users/usuario/.m2/repository/org/junit/platform/junit-platform-launcher/1.7.0/junit-platform-launcher-1.7.0.jar' 
2022-04-19 17:54:17.673 DEBUG [acme.Launcher@main] Found classpath entry '/C:/Users/usuario/.m2/repository/org/seleniumhq/selenium/selenium-java/3.141.59/selenium-java-3.141.59.jar' 
2022-04-19 17:54:17.674 DEBUG [acme.Launcher@main] Found classpath entry '/C:/Users/usuario/.m2/repository/org/seleniumhq/selenium/selenium-api/3.141.59/selenium-api-3.141.59.jar' 
2022-04-19 17:54:17.674 DEBUG [acme.Launcher@main] Found classpath entry '/C:/Users/usuario/.m2/repository/org/seleniumhq/selenium/selenium-chrome-driver/3.141.59/selenium-chrome-driver-3.141.59.jar' 
2022-04-19 17:54:17.674 DEBUG [acme.Launcher@main] Found classpath entry '/C:/Users/usuario/.m2/repository/org/seleniumhq/selenium/selenium-edge-driver/3.141.59/selenium-edge-driver-3.141.59.jar' 
2022-04-19 17:54:17.674 DEBUG [acme.Launcher@main] Found classpath entry '/C:/Users/usuario/.m2/repository/org/seleniumhq/selenium/selenium-firefox-driver/3.141.59/selenium-firefox-driver-3.141.59.jar' 
2022-04-19 17:54:17.674 DEBUG [acme.Launcher@main] Found classpath entry '/C:/Users/usuario/.m2/repository/org/seleniumhq/selenium/selenium-ie-driver/3.141.59/selenium-ie-driver-3.141.59.jar' 
2022-04-19 17:54:17.674 DEBUG [acme.Launcher@main] Found classpath entry '/C:/Users/usuario/.m2/repository/org/seleniumhq/selenium/selenium-opera-driver/3.141.59/selenium-opera-driver-3.141.59.jar' 
2022-04-19 17:54:17.674 DEBUG [acme.Launcher@main] Found classpath entry '/C:/Users/usuario/.m2/repository/org/seleniumhq/selenium/selenium-remote-driver/3.141.59/selenium-remote-driver-3.141.59.jar' 
2022-04-19 17:54:17.674 DEBUG [acme.Launcher@main] Found classpath entry '/C:/Users/usuario/.m2/repository/org/seleniumhq/selenium/selenium-safari-driver/3.141.59/selenium-safari-driver-3.141.59.jar' 
2022-04-19 17:54:17.675 DEBUG [acme.Launcher@main] Found classpath entry '/C:/Users/usuario/.m2/repository/org/seleniumhq/selenium/selenium-support/3.141.59/selenium-support-3.141.59.jar' 
2022-04-19 17:54:17.675 DEBUG [acme.Launcher@main] Found classpath entry '/C:/Users/usuario/.m2/repository/net/bytebuddy/byte-buddy/1.10.19/byte-buddy-1.10.19.jar' 
2022-04-19 17:54:17.675 DEBUG [acme.Launcher@main] Found classpath entry '/C:/Users/usuario/.m2/repository/org/apache/commons/commons-exec/1.3/commons-exec-1.3.jar' 
2022-04-19 17:54:17.675 DEBUG [acme.Launcher@main] Found classpath entry '/C:/Users/usuario/.m2/repository/com/google/guava/guava/25.0-jre/guava-25.0-jre.jar' 
2022-04-19 17:54:17.675 DEBUG [acme.Launcher@main] Found classpath entry '/C:/Users/usuario/.m2/repository/com/google/code/findbugs/jsr305/1.3.9/jsr305-1.3.9.jar' 
2022-04-19 17:54:17.675 DEBUG [acme.Launcher@main] Found classpath entry '/C:/Users/usuario/.m2/repository/org/checkerframework/checker-compat-qual/2.0.0/checker-compat-qual-2.0.0.jar' 
2022-04-19 17:54:17.675 DEBUG [acme.Launcher@main] Found classpath entry '/C:/Users/usuario/.m2/repository/com/google/errorprone/error_prone_annotations/2.1.3/error_prone_annotations-2.1.3.jar' 
2022-04-19 17:54:17.676 DEBUG [acme.Launcher@main] Found classpath entry '/C:/Users/usuario/.m2/repository/com/google/j2objc/j2objc-annotations/1.1/j2objc-annotations-1.1.jar' 
2022-04-19 17:54:17.676 DEBUG [acme.Launcher@main] Found classpath entry '/C:/Users/usuario/.m2/repository/org/codehaus/mojo/animal-sniffer-annotations/1.14/animal-sniffer-annotations-1.14.jar' 
2022-04-19 17:54:17.676 DEBUG [acme.Launcher@main] Found classpath entry '/C:/Users/usuario/.m2/repository/com/squareup/okhttp3/okhttp/3.14.9/okhttp-3.14.9.jar' 
2022-04-19 17:54:17.676 DEBUG [acme.Launcher@main] Found classpath entry '/C:/Users/usuario/.m2/repository/com/squareup/okio/okio/1.14.0/okio-1.14.0.jar' 
2022-04-19 17:54:17.676 DEBUG [acme.Launcher@main] Found classpath entry '/C:/Users/usuario/.m2/repository/org/apache/commons/commons-lang3/3.11/commons-lang3-3.11.jar' 
2022-04-19 17:54:17.676 DEBUG [acme.Launcher@main] Found classpath entry '/C:/Users/usuario/.m2/repository/org/apache/commons/commons-text/1.8/commons-text-1.8.jar' 
2022-04-19 17:54:17.676 DEBUG [acme.Launcher@main] Found classpath entry '/C:/Users/usuario/.m2/repository/commons-io/commons-io/2.6/commons-io-2.6.jar' 
2022-04-19 17:54:17.676 DEBUG [acme.Launcher@main] Found classpath entry '/C:/Users/usuario/.m2/repository/commons-cli/commons-cli/1.4/commons-cli-1.4.jar' 
2022-04-19 17:54:17.676 DEBUG [acme.Launcher@main] Found classpath entry '/C:/Users/usuario/.m2/repository/org/projectlombok/lombok/1.18.16/lombok-1.18.16.jar' 
2022-04-19 17:54:17.677 DEBUG [acme.Launcher@main] Found classpath entry '/C:/Users/usuario/.m2/repository/com/opencsv/opencsv/5.4/opencsv-5.4.jar' 
2022-04-19 17:54:17.677 DEBUG [acme.Launcher@main] Found classpath entry '/C:/Users/usuario/.m2/repository/commons-beanutils/commons-beanutils/1.9.4/commons-beanutils-1.9.4.jar' 
2022-04-19 17:54:17.677 DEBUG [acme.Launcher@main] Found classpath entry '/C:/Users/usuario/.m2/repository/commons-logging/commons-logging/1.2/commons-logging-1.2.jar' 
2022-04-19 17:54:17.677 DEBUG [acme.Launcher@main] Found classpath entry '/C:/Users/usuario/.m2/repository/commons-collections/commons-collections/3.2.2/commons-collections-3.2.2.jar' 
2022-04-19 17:54:17.677 DEBUG [acme.Launcher@main] Found classpath entry '/C:/Users/usuario/.m2/repository/org/apache/commons/commons-collections4/4.4/commons-collections4-4.4.jar' 
2022-04-19 17:54:17.677 DEBUG [acme.Launcher@main] Found classpath entry '/C:/Users/usuario/Desktop/Workspace-22.0/Tools/IDEs/eclipse-jee-2021-12-R/configuration/org.eclipse.osgi/418/0/.cp/lib/javaagent-shaded.jar' 
2022-04-19 17:54:17.795 DEBUG [acme.Launcher@main] Found entity class 'acme.entities.announcements.Announcement 
2022-04-19 17:54:17.795 DEBUG [acme.Launcher@main] Found entity class 'acme.entities.chirps.Chirp 
2022-04-19 17:54:17.795 DEBUG [acme.Launcher@main] Found entity class 'acme.entities.items.Item 
2022-04-19 17:54:17.795 DEBUG [acme.Launcher@main] Found entity class 'acme.entities.patronageReports.PatronageReport 
2022-04-19 17:54:17.795 DEBUG [acme.Launcher@main] Found entity class 'acme.entities.patronages.Patronage 
2022-04-19 17:54:17.796 DEBUG [acme.Launcher@main] Found entity class 'acme.entities.quantities.Quantity 
2022-04-19 17:54:17.796 DEBUG [acme.Launcher@main] Found entity class 'acme.entities.systemConfigurations.SystemConfiguration 
2022-04-19 17:54:17.796 DEBUG [acme.Launcher@main] Found entity class 'acme.entities.toolkits.Toolkit 
2022-04-19 17:54:17.796 DEBUG [acme.Launcher@main] Found entity class 'acme.roles.Consumer 
2022-04-19 17:54:17.796 DEBUG [acme.Launcher@main] Found entity class 'acme.roles.Inventor 
2022-04-19 17:54:17.796 DEBUG [acme.Launcher@main] Found entity class 'acme.roles.Patron 
2022-04-19 17:54:17.796 DEBUG [acme.Launcher@main] Found entity class 'acme.roles.Provider 
2022-04-19 17:54:17.796 DEBUG [acme.Launcher@main] Found entity class 'acme.framework.entities.UserAccount 
2022-04-19 17:54:17.796 DEBUG [acme.Launcher@main] Found entity class 'acme.framework.roles.Administrator 
2022-04-19 17:54:17.797 DEBUG [acme.Launcher@main] Found entity class 'acme.framework.roles.Anonymous 
2022-04-19 17:54:17.797 DEBUG [acme.Launcher@main] Found entity class 'acme.framework.roles.Any 
2022-04-19 17:54:17.797 DEBUG [acme.Launcher@main] Found entity class 'acme.framework.roles.Authenticated 
2022-04-19 17:54:17.802 INFO  [acme.Launcher@main] Populating (initial data) 
2022-04-19 17:54:17.804 INFO  [acme.framework.components.database.DatabasePopulator@main] Building database schema 
2022-04-19 17:54:17.875 DEBUG [acme.framework.components.database.DatabaseUtil@main] Executing script. 
2022-04-19 17:54:17.875 DEBUG [acme.framework.components.database.DatabaseUtil@main] Starting new transaction. 
2022-04-19 17:54:17.896 DEBUG [acme.framework.components.database.DatabaseUtil@main] Executing command 'set transaction isolation level read uncommitted;'. 
2022-04-19 17:54:17.922 DEBUG [acme.framework.components.database.DatabaseUtil@main] Starting transaction '305638003'. 
2022-04-19 17:54:17.922 DEBUG [acme.framework.components.database.DatabaseUtil@main] Executing script command 'set foreign_key_checks=0'. 
2022-04-19 17:54:17.923 DEBUG [acme.framework.components.database.DatabaseUtil@main] Executing script command 'drop table if exists administrator'. 
2022-04-19 17:54:17.950 DEBUG [acme.framework.components.database.DatabaseUtil@main] Executing script command 'drop table if exists announcement'. 
2022-04-19 17:54:17.972 DEBUG [acme.framework.components.database.DatabaseUtil@main] Executing script command 'drop table if exists anonymous'. 
2022-04-19 17:54:17.996 DEBUG [acme.framework.components.database.DatabaseUtil@main] Executing script command 'drop table if exists any'. 
2022-04-19 17:54:18.021 DEBUG [acme.framework.components.database.DatabaseUtil@main] Executing script command 'drop table if exists authenticated'. 
2022-04-19 17:54:18.045 DEBUG [acme.framework.components.database.DatabaseUtil@main] Executing script command 'drop table if exists chirp'. 
2022-04-19 17:54:18.071 DEBUG [acme.framework.components.database.DatabaseUtil@main] Executing script command 'drop table if exists consumer'. 
2022-04-19 17:54:18.096 DEBUG [acme.framework.components.database.DatabaseUtil@main] Executing script command 'drop table if exists hibernate_sequence'. 
2022-04-19 17:54:18.119 DEBUG [acme.framework.components.database.DatabaseUtil@main] Executing script command 'drop table if exists inventor'. 
2022-04-19 17:54:18.143 DEBUG [acme.framework.components.database.DatabaseUtil@main] Executing script command 'drop table if exists item'. 
2022-04-19 17:54:18.166 DEBUG [acme.framework.components.database.DatabaseUtil@main] Executing script command 'drop table if exists patron'. 
2022-04-19 17:54:18.191 DEBUG [acme.framework.components.database.DatabaseUtil@main] Executing script command 'drop table if exists patronage'. 
2022-04-19 17:54:18.215 DEBUG [acme.framework.components.database.DatabaseUtil@main] Executing script command 'drop table if exists patronage_report'. 
2022-04-19 17:54:18.240 DEBUG [acme.framework.components.database.DatabaseUtil@main] Executing script command 'drop table if exists provider'. 
2022-04-19 17:54:18.263 DEBUG [acme.framework.components.database.DatabaseUtil@main] Executing script command 'drop table if exists quantity'. 
2022-04-19 17:54:18.287 DEBUG [acme.framework.components.database.DatabaseUtil@main] Executing script command 'drop table if exists system_configuration'. 
2022-04-19 17:54:18.312 DEBUG [acme.framework.components.database.DatabaseUtil@main] Executing script command 'drop table if exists toolkit'. 
2022-04-19 17:54:18.337 DEBUG [acme.framework.components.database.DatabaseUtil@main] Executing script command 'drop table if exists user_account'. 
2022-04-19 17:54:18.362 DEBUG [acme.framework.components.database.DatabaseUtil@main] Executing script command 'set foreign_key_checks=1'. 
2022-04-19 17:54:18.363 DEBUG [acme.framework.components.database.DatabaseUtil@main] Committing transaction '305638003'. 
2022-04-19 17:54:18.383 DEBUG [acme.framework.components.database.DatabaseUtil@main] Executing script. 
2022-04-19 17:54:18.383 DEBUG [acme.framework.components.database.DatabaseUtil@main] Starting new transaction. 
2022-04-19 17:54:18.384 DEBUG [acme.framework.components.database.DatabaseUtil@main] Executing command 'set transaction isolation level read uncommitted;'. 
2022-04-19 17:54:18.385 DEBUG [acme.framework.components.database.DatabaseUtil@main] Starting transaction '96974084'. 
2022-04-19 17:54:18.385 DEBUG [acme.framework.components.database.DatabaseUtil@main] Executing script command 'set foreign_key_checks=0'. 
2022-04-19 17:54:18.385 DEBUG [acme.framework.components.database.DatabaseUtil@main] Executing script command 'create table administrator (id integer not null, version integer not null, user_account_id integer, primary key (id)) engine=InnoDB'. 
2022-04-19 17:54:18.411 DEBUG [acme.framework.components.database.DatabaseUtil@main] Executing script command 'create table announcement (id integer not null, version integer not null, body varchar(255), creation_moment datetime, critical bit not null, link varchar(255), title varchar(255), primary key (id)) engine=InnoDB'. 
2022-04-19 17:54:18.472 DEBUG [acme.framework.components.database.DatabaseUtil@main] Executing script command 'create table anonymous (id integer not null, version integer not null, user_account_id integer, primary key (id)) engine=InnoDB'. 
2022-04-19 17:54:18.503 DEBUG [acme.framework.components.database.DatabaseUtil@main] Executing script command 'create table any (id integer not null, version integer not null, user_account_id integer, primary key (id)) engine=InnoDB'. 
2022-04-19 17:54:18.530 DEBUG [acme.framework.components.database.DatabaseUtil@main] Executing script command 'create table authenticated (id integer not null, version integer not null, user_account_id integer, primary key (id)) engine=InnoDB'. 
2022-04-19 17:54:18.558 DEBUG [acme.framework.components.database.DatabaseUtil@main] Executing script command 'create table chirp (id integer not null, version integer not null, author varchar(255), body varchar(255), creation_moment datetime, email varchar(255), title varchar(255), primary key (id)) engine=InnoDB'. 
2022-04-19 17:54:18.585 DEBUG [acme.framework.components.database.DatabaseUtil@main] Executing script command 'create table consumer (id integer not null, version integer not null, user_account_id integer, company varchar(255), sector varchar(255), primary key (id)) engine=InnoDB'. 
2022-04-19 17:54:18.617 DEBUG [acme.framework.components.database.DatabaseUtil@main] Executing script command 'create table hibernate_sequence (next_val bigint) engine=InnoDB'. 
2022-04-19 17:54:18.645 DEBUG [acme.framework.components.database.DatabaseUtil@main] Executing script command 'insert into hibernate_sequence values ( 1 )'. 
2022-04-19 17:54:18.648 DEBUG [acme.framework.components.database.DatabaseUtil@main] Executing script command 'create table inventor (id integer not null, version integer not null, user_account_id integer, company varchar(255), info varchar(255), statement varchar(255), primary key (id)) engine=InnoDB'. 
2022-04-19 17:54:18.675 DEBUG [acme.framework.components.database.DatabaseUtil@main] Executing script command 'create table item (id integer not null, version integer not null, code varchar(255), description varchar(255), link varchar(255), name varchar(255), retail_price_amount double precision, retail_price_currency varchar(255), technology varchar(255), type integer, inventor_id integer not null, primary key (id)) engine=InnoDB'. 
2022-04-19 17:54:18.705 DEBUG [acme.framework.components.database.DatabaseUtil@main] Executing script command 'create table patron (id integer not null, version integer not null, user_account_id integer, company varchar(255), info varchar(255), statement varchar(255), primary key (id)) engine=InnoDB'. 
2022-04-19 17:54:18.732 DEBUG [acme.framework.components.database.DatabaseUtil@main] Executing script command 'create table patronage (id integer not null, version integer not null, budget_amount double precision, budget_currency varchar(255), code varchar(255), creation_moment datetime, end_moment datetime, info varchar(255), legal_stuff varchar(255), start_moment datetime, status integer, inventor_id integer not null, patron_id integer not null, primary key (id)) engine=InnoDB'. 
2022-04-19 17:54:18.814 DEBUG [acme.framework.components.database.DatabaseUtil@main] Executing script command 'create table patronage_report (id integer not null, version integer not null, creation_moment datetime, info varchar(255), memorandum varchar(255), sequence_number varchar(255), patronage_id integer not null, primary key (id)) engine=InnoDB'. 
2022-04-19 17:54:18.840 DEBUG [acme.framework.components.database.DatabaseUtil@main] Executing script command 'create table provider (id integer not null, version integer not null, user_account_id integer, company varchar(255), sector varchar(255), primary key (id)) engine=InnoDB'. 
2022-04-19 17:54:18.868 DEBUG [acme.framework.components.database.DatabaseUtil@main] Executing script command 'create table quantity (id integer not null, version integer not null, amount integer not null, item_id integer not null, toolkit_id integer not null, primary key (id)) engine=InnoDB'. 
2022-04-19 17:54:18.894 DEBUG [acme.framework.components.database.DatabaseUtil@main] Executing script command 'create table system_configuration (id integer not null, version integer not null, accepted_currencies varchar(255), strong_terms varchar(255), strong_threshold double precision not null, system_currency varchar(255), weak_terms varchar(255), weak_threshold double precision not null, primary key (id)) engine=InnoDB'. 
2022-04-19 17:54:18.919 DEBUG [acme.framework.components.database.DatabaseUtil@main] Executing script command 'create table toolkit (id integer not null, version integer not null, assembly_notes varchar(255), code varchar(255), description varchar(255), link varchar(255), published bit not null, title varchar(255), inventor_id integer not null, primary key (id)) engine=InnoDB'. 
2022-04-19 17:54:18.945 DEBUG [acme.framework.components.database.DatabaseUtil@main] Executing script command 'create table user_account (id integer not null, version integer not null, enabled bit not null, identity blob, password varchar(255), username varchar(255), primary key (id)) engine=InnoDB'. 
2022-04-19 17:54:18.970 DEBUG [acme.framework.components.database.DatabaseUtil@main] Executing script command 'alter table item add constraint UK_6cgogdarkq48dlg1lbnv4q1oq unique (code)'. 
2022-04-19 17:54:19.011 DEBUG [acme.framework.components.database.DatabaseUtil@main] Executing script command 'alter table patronage add constraint UK_7s289l63ihnn85qwyna5cqbfh unique (code)'. 
2022-04-19 17:54:19.053 DEBUG [acme.framework.components.database.DatabaseUtil@main] Executing script command 'alter table patronage_report add constraint UK_138f2dgicdjhonrucx287hva6 unique (sequence_number)'. 
2022-04-19 17:54:19.093 DEBUG [acme.framework.components.database.DatabaseUtil@main] Executing script command 'alter table toolkit add constraint UK_qvml9bbjdvicrw1wt0e1bej3c unique (code)'. 
2022-04-19 17:54:19.133 DEBUG [acme.framework.components.database.DatabaseUtil@main] Executing script command 'alter table user_account add constraint UK_castjbvpeeus0r8lbpehiu0e4 unique (username)'. 
2022-04-19 17:54:19.177 DEBUG [acme.framework.components.database.DatabaseUtil@main] Executing script command 'alter table administrator add constraint FK_2a5vcjo3stlfcwadosjfq49l1 foreign key (user_account_id) references user_account (id)'. 
2022-04-19 17:54:19.219 DEBUG [acme.framework.components.database.DatabaseUtil@main] Executing script command 'alter table anonymous add constraint FK_6lnbc6fo3om54vugoh8icg78m foreign key (user_account_id) references user_account (id)'. 
2022-04-19 17:54:19.264 DEBUG [acme.framework.components.database.DatabaseUtil@main] Executing script command 'alter table any add constraint FK_26yflnlk4xrrxtkiwkag1l7lf foreign key (user_account_id) references user_account (id)'. 
2022-04-19 17:54:19.310 DEBUG [acme.framework.components.database.DatabaseUtil@main] Executing script command 'alter table authenticated add constraint FK_h52w0f3wjoi68b63wv9vwon57 foreign key (user_account_id) references user_account (id)'. 
2022-04-19 17:54:19.357 DEBUG [acme.framework.components.database.DatabaseUtil@main] Executing script command 'alter table consumer add constraint FK_6cyha9f1wpj0dpbxrrjddrqed foreign key (user_account_id) references user_account (id)'. 
2022-04-19 17:54:19.400 DEBUG [acme.framework.components.database.DatabaseUtil@main] Executing script command 'alter table inventor add constraint FK_2upmsx50p5pou2l4uy8trxor6 foreign key (user_account_id) references user_account (id)'. 
2022-04-19 17:54:19.444 DEBUG [acme.framework.components.database.DatabaseUtil@main] Executing script command 'alter table item add constraint FKaq1a05jpovg1rv6q65awp7ho1 foreign key (inventor_id) references inventor (id)'. 
2022-04-19 17:54:19.485 DEBUG [acme.framework.components.database.DatabaseUtil@main] Executing script command 'alter table patron add constraint FK_8xx5nujhuio3advxc2freyu65 foreign key (user_account_id) references user_account (id)'. 
2022-04-19 17:54:19.529 DEBUG [acme.framework.components.database.DatabaseUtil@main] Executing script command 'alter table patronage add constraint FKgkbt6mel1m6joiypsbc2ko6mi foreign key (inventor_id) references inventor (id)'. 
2022-04-19 17:54:19.573 DEBUG [acme.framework.components.database.DatabaseUtil@main] Executing script command 'alter table patronage add constraint FK7d5o2dlu1d9orplkn5g91lsgc foreign key (patron_id) references patron (id)'. 
2022-04-19 17:54:19.615 DEBUG [acme.framework.components.database.DatabaseUtil@main] Executing script command 'alter table patronage_report add constraint FKli7rh2qb2q6bjix6b8o2dpt41 foreign key (patronage_id) references patronage (id)'. 
2022-04-19 17:54:19.655 DEBUG [acme.framework.components.database.DatabaseUtil@main] Executing script command 'alter table provider add constraint FK_b1gwnjqm6ggy9yuiqm0o4rlmd foreign key (user_account_id) references user_account (id)'. 
2022-04-19 17:54:19.695 DEBUG [acme.framework.components.database.DatabaseUtil@main] Executing script command 'alter table quantity add constraint FK6v7ckbce1j36j4b7mubnk66bx foreign key (item_id) references item (id)'. 
2022-04-19 17:54:19.734 DEBUG [acme.framework.components.database.DatabaseUtil@main] Executing script command 'alter table quantity add constraint FKr1l7hfxuemn7o9d0qi4kawlmg foreign key (toolkit_id) references toolkit (id)'. 
2022-04-19 17:54:19.773 DEBUG [acme.framework.components.database.DatabaseUtil@main] Executing script command 'alter table toolkit add constraint FK4iumj9qpqmdp5ob49s2lvscch foreign key (inventor_id) references inventor (id)'. 
2022-04-19 17:54:19.814 DEBUG [acme.framework.components.database.DatabaseUtil@main] Executing script command 'set foreign_key_checks=1'. 
2022-04-19 17:54:19.815 DEBUG [acme.framework.components.database.DatabaseUtil@main] Committing transaction '96974084'. 
2022-04-19 17:54:19.817 INFO  [acme.framework.components.database.DatabasePopulator@main] Reading entities from 'classpath:/WEB-INF/resources/initial-data' 
2022-04-19 17:54:19.821 DEBUG [acme.framework.components.database.Dataset@main] Reading dataset from 'C:\Users\usuario\Desktop\Workspace-22.0\Projects\Acme-Toolkits\target\classes\WEB-INF\resources\initial-data\administrator.csv' 
2022-04-19 17:54:19.998 DEBUG [acme.framework.components.database.Dataset@main] Reading mapping '{key:user-account=user-account-administrator-01, key=administrator-01}' from 'C:\Users\usuario\Desktop\Workspace-22.0\Projects\Acme-Toolkits\target\classes\WEB-INF\resources\initial-data\administrator.csv' 
2022-04-19 17:54:20.001 DEBUG [acme.framework.components.database.Dataset@main] Reading dataset from 'C:\Users\usuario\Desktop\Workspace-22.0\Projects\Acme-Toolkits\target\classes\WEB-INF\resources\initial-data\anonymous.csv' 
2022-04-19 17:54:20.002 DEBUG [acme.framework.components.database.Dataset@main] Reading mapping '{key:user-account=user-account-anonymous-01, key=anonymous-01}' from 'C:\Users\usuario\Desktop\Workspace-22.0\Projects\Acme-Toolkits\target\classes\WEB-INF\resources\initial-data\anonymous.csv' 
2022-04-19 17:54:20.003 DEBUG [acme.framework.components.database.Dataset@main] Reading dataset from 'C:\Users\usuario\Desktop\Workspace-22.0\Projects\Acme-Toolkits\target\classes\WEB-INF\resources\initial-data\system-configuration.csv' 
2022-04-19 17:54:20.004 DEBUG [acme.framework.components.database.Dataset@main] Reading mapping '{accepted-currencies=EUR,USD,GBP, system-currency=EUR, weak-threshold=25.0, key=system-configuration-01, weak-terms=sexy,nigeria,you´ve won,one million,Nigeria,has ganado,un millón, strong-threshold=10.0, strong-terms=sex,hard core,viagra,cialis,sexo}' from 'C:\Users\usuario\Desktop\Workspace-22.0\Projects\Acme-Toolkits\target\classes\WEB-INF\resources\initial-data\system-configuration.csv' 
2022-04-19 17:54:20.005 DEBUG [acme.framework.components.database.Dataset@main] Reading dataset from 'C:\Users\usuario\Desktop\Workspace-22.0\Projects\Acme-Toolkits\target\classes\WEB-INF\resources\initial-data\user-account.csv' 
2022-04-19 17:54:20.006 DEBUG [acme.framework.components.database.Dataset@main] Reading mapping '{password=HIDDEN-PASSWORD, identity=UserIdentity{name: 'John', surname: 'Doe', email: 'john.doe@acme.com'}, key=user-account-anonymous-01, enabled=false, username=anonymous}' from 'C:\Users\usuario\Desktop\Workspace-22.0\Projects\Acme-Toolkits\target\classes\WEB-INF\resources\initial-data\user-account.csv' 
2022-04-19 17:54:20.006 DEBUG [acme.framework.components.database.Dataset@main] Reading mapping '{password=administrator, identity=UserIdentity{name: 'Administrator', surname: 'Acme', email: 'administrator@acme.com'}, key=user-account-administrator-01, enabled=true, username=administrator}' from 'C:\Users\usuario\Desktop\Workspace-22.0\Projects\Acme-Toolkits\target\classes\WEB-INF\resources\initial-data\user-account.csv' 
2022-04-19 17:54:20.006 DEBUG [acme.framework.components.database.Dataset@main] Reading mapping '{password=patron1, identity=UserIdentity{name: 'Patron', surname: 'One', email: 'patron1@mail.com'}, key=user-account-patron-01, enabled=true, username=patron1}' from 'C:\Users\usuario\Desktop\Workspace-22.0\Projects\Acme-Toolkits\target\classes\WEB-INF\resources\initial-data\user-account.csv' 
2022-04-19 17:54:20.007 DEBUG [acme.framework.components.database.Dataset@main] Reading mapping '{password=patron2, identity=UserIdentity{name: 'Patron', surname: 'Two', email: 'patron2@mail.com'}, key=user-account-patron-02, enabled=true, username=patron2}' from 'C:\Users\usuario\Desktop\Workspace-22.0\Projects\Acme-Toolkits\target\classes\WEB-INF\resources\initial-data\user-account.csv' 
2022-04-19 17:54:20.007 DEBUG [acme.framework.components.database.Dataset@main] Reading mapping '{password=inventor1, identity=UserIdentity{name: 'Inventor', surname: 'One', email: 'inventor1@mail.com'}, key=user-account-inventor-01, enabled=true, username=inventor1}' from 'C:\Users\usuario\Desktop\Workspace-22.0\Projects\Acme-Toolkits\target\classes\WEB-INF\resources\initial-data\user-account.csv' 
2022-04-19 17:54:20.007 DEBUG [acme.framework.components.database.Dataset@main] Reading mapping '{password=inventor2, identity=UserIdentity{name: 'Inventor', surname: 'Two', email: 'inventor2@mail.com'}, key=user-account-inventor-02, enabled=true, username=inventor2}' from 'C:\Users\usuario\Desktop\Workspace-22.0\Projects\Acme-Toolkits\target\classes\WEB-INF\resources\initial-data\user-account.csv' 
2022-04-19 17:54:20.008 DEBUG [acme.framework.components.database.EntityWeb@main] Setting attributes of entities of class acme.framework.roles.Administrator 
2022-04-19 17:54:20.008 DEBUG [acme.framework.components.database.EntityWeb@main] Setting attributes of entities of class acme.framework.roles.Anonymous 
2022-04-19 17:54:20.008 DEBUG [acme.framework.components.database.EntityWeb@main] Setting attributes of entities of class acme.entities.systemConfigurations.SystemConfiguration 
2022-04-19 17:54:20.034 DEBUG [acme.framework.components.database.EntityWeb@main] Setting attributes of entities of class acme.framework.entities.UserAccount 
2022-04-19 17:54:20.265 DEBUG [acme.framework.components.database.EntityWeb@main] Linking entities of class acme.framework.roles.Administrator 
2022-04-19 17:54:20.274 DEBUG [acme.framework.components.database.EntityWeb@main] Linking entities of class acme.framework.roles.Anonymous 
2022-04-19 17:54:20.283 DEBUG [acme.framework.components.database.EntityWeb@main] Linking entities of class acme.entities.systemConfigurations.SystemConfiguration 
2022-04-19 17:54:20.283 DEBUG [acme.framework.components.database.EntityWeb@main] Linking entities of class acme.framework.entities.UserAccount 
2022-04-19 17:54:20.283 INFO  [acme.framework.components.database.DatabasePopulator@main] Validating your entities 
2022-04-19 17:54:20.375 DEBUG [acme.framework.components.database.DatabasePopulator@main] Validating 'acme.framework.entities.UserAccount@user-account-anonymous-01' ... PASS 
2022-04-19 17:54:20.393 DEBUG [acme.framework.components.database.DatabasePopulator@main] Validating 'acme.entities.systemConfigurations.SystemConfiguration@system-configuration-01' ... PASS 
2022-04-19 17:54:20.395 DEBUG [acme.framework.components.database.DatabasePopulator@main] Validating 'acme.framework.entities.UserAccount@user-account-patron-01' ... PASS 
2022-04-19 17:54:20.397 DEBUG [acme.framework.components.database.DatabasePopulator@main] Validating 'acme.framework.entities.UserAccount@user-account-patron-02' ... PASS 
2022-04-19 17:54:20.398 DEBUG [acme.framework.components.database.DatabasePopulator@main] Validating 'acme.framework.entities.UserAccount@user-account-inventor-02' ... PASS 
2022-04-19 17:54:20.406 DEBUG [acme.framework.components.database.DatabasePopulator@main] Validating 'acme.framework.roles.Anonymous@anonymous-01' ... PASS 
2022-04-19 17:54:20.408 DEBUG [acme.framework.components.database.DatabasePopulator@main] Validating 'acme.framework.entities.UserAccount@user-account-administrator-01' ... PASS 
2022-04-19 17:54:20.409 DEBUG [acme.framework.components.database.DatabasePopulator@main] Validating 'acme.framework.entities.UserAccount@user-account-inventor-01' ... PASS 
2022-04-19 17:54:20.413 DEBUG [acme.framework.components.database.DatabasePopulator@main] Validating 'acme.framework.roles.Administrator@administrator-01' ... PASS 
2022-04-19 17:54:20.413 INFO  [acme.framework.components.database.DatabasePopulator@main] Sorting your entity classes 
2022-04-19 17:54:20.413 DEBUG [acme.framework.components.database.DatabasePopulator@main] Best topological order for your entity clazzes: 
2022-04-19 17:54:20.413 DEBUG [acme.framework.components.database.DatabasePopulator@main] - acme.framework.entities.UserAccount 
2022-04-19 17:54:20.413 DEBUG [acme.framework.components.database.DatabasePopulator@main] - acme.framework.roles.Administrator 
2022-04-19 17:54:20.414 DEBUG [acme.framework.components.database.DatabasePopulator@main] - acme.framework.roles.Anonymous 
2022-04-19 17:54:20.414 DEBUG [acme.framework.components.database.DatabasePopulator@main] - acme.entities.systemConfigurations.SystemConfiguration 
2022-04-19 17:54:20.414 INFO  [acme.framework.components.database.DatabasePopulator@main] Persisting your entities 
2022-04-19 17:54:20.414 DEBUG [acme.framework.components.database.DatabaseUtil@main] Starting new transaction. 
2022-04-19 17:54:20.417 DEBUG [acme.framework.components.database.DatabaseUtil@main] Executing command 'set transaction isolation level read uncommitted;'. 
2022-04-19 17:54:20.418 DEBUG [acme.framework.components.database.DatabaseUtil@main] Starting transaction '1684281752'. 
2022-04-19 17:54:20.418 DEBUG [acme.framework.components.database.DatabasePopulator@main] Persising entities of clazz 'acme.framework.entities.UserAccount' 
2022-04-19 17:54:20.441 DEBUG [org.hibernate.SQL@main] select next_val as id_val from hibernate_sequence for update 
2022-04-19 17:54:20.464 DEBUG [org.hibernate.SQL@main] update hibernate_sequence set next_val= ? where next_val=? 
2022-04-19 17:54:20.530 DEBUG [acme.framework.components.database.DatabaseUtil@main] Persisting entity UserAccount(username=anonymous) 
2022-04-19 17:54:20.531 DEBUG [org.hibernate.SQL@main] select next_val as id_val from hibernate_sequence for update 
2022-04-19 17:54:20.533 DEBUG [org.hibernate.SQL@main] update hibernate_sequence set next_val= ? where next_val=? 
2022-04-19 17:54:20.560 DEBUG [acme.framework.components.database.DatabaseUtil@main] Persisting entity UserAccount(username=patron1) 
2022-04-19 17:54:20.561 DEBUG [org.hibernate.SQL@main] select next_val as id_val from hibernate_sequence for update 
2022-04-19 17:54:20.561 DEBUG [org.hibernate.SQL@main] update hibernate_sequence set next_val= ? where next_val=? 
2022-04-19 17:54:20.579 DEBUG [acme.framework.components.database.DatabaseUtil@main] Persisting entity UserAccount(username=patron2) 
2022-04-19 17:54:20.580 DEBUG [org.hibernate.SQL@main] select next_val as id_val from hibernate_sequence for update 
2022-04-19 17:54:20.581 DEBUG [org.hibernate.SQL@main] update hibernate_sequence set next_val= ? where next_val=? 
2022-04-19 17:54:20.584 DEBUG [acme.framework.components.database.DatabaseUtil@main] Persisting entity UserAccount(username=inventor2) 
2022-04-19 17:54:20.585 DEBUG [org.hibernate.SQL@main] select next_val as id_val from hibernate_sequence for update 
2022-04-19 17:54:20.586 DEBUG [org.hibernate.SQL@main] update hibernate_sequence set next_val= ? where next_val=? 
2022-04-19 17:54:20.597 DEBUG [acme.framework.components.database.DatabaseUtil@main] Persisting entity UserAccount(username=administrator) 
2022-04-19 17:54:20.598 DEBUG [org.hibernate.SQL@main] select next_val as id_val from hibernate_sequence for update 
2022-04-19 17:54:20.599 DEBUG [org.hibernate.SQL@main] update hibernate_sequence set next_val= ? where next_val=? 
2022-04-19 17:54:20.608 DEBUG [acme.framework.components.database.DatabaseUtil@main] Persisting entity UserAccount(username=inventor1) 
2022-04-19 17:54:20.608 DEBUG [acme.framework.components.database.DatabasePopulator@main] Persising entities of clazz 'acme.framework.roles.Administrator' 
2022-04-19 17:54:20.609 DEBUG [org.hibernate.SQL@main] select next_val as id_val from hibernate_sequence for update 
2022-04-19 17:54:20.610 DEBUG [org.hibernate.SQL@main] update hibernate_sequence set next_val= ? where next_val=? 
2022-04-19 17:54:20.623 DEBUG [acme.framework.components.database.DatabaseUtil@main] Persisting entity UserRole(userAccount=UserAccount(username=administrator)) 
2022-04-19 17:54:20.623 DEBUG [acme.framework.components.database.DatabasePopulator@main] Persising entities of clazz 'acme.framework.roles.Anonymous' 
2022-04-19 17:54:20.624 DEBUG [org.hibernate.SQL@main] select next_val as id_val from hibernate_sequence for update 
2022-04-19 17:54:20.625 DEBUG [org.hibernate.SQL@main] update hibernate_sequence set next_val= ? where next_val=? 
2022-04-19 17:54:20.628 DEBUG [acme.framework.components.database.DatabaseUtil@main] Persisting entity UserRole(userAccount=UserAccount(username=anonymous)) 
2022-04-19 17:54:20.628 DEBUG [acme.framework.components.database.DatabasePopulator@main] Persising entities of clazz 'acme.entities.systemConfigurations.SystemConfiguration' 
2022-04-19 17:54:20.629 DEBUG [org.hibernate.SQL@main] select next_val as id_val from hibernate_sequence for update 
2022-04-19 17:54:20.630 DEBUG [org.hibernate.SQL@main] update hibernate_sequence set next_val= ? where next_val=? 
2022-04-19 17:54:20.633 DEBUG [acme.framework.components.database.DatabaseUtil@main] Persisting entity acme.entities.systemConfigurations.SystemConfiguration{id=9, version=0} 
2022-04-19 17:54:20.633 DEBUG [acme.framework.components.database.DatabaseUtil@main] Committing transaction '1684281752'. 
2022-04-19 17:54:20.676 DEBUG [org.hibernate.SQL@main] insert into user_account (version, enabled, identity, password, username, id) values (?, ?, ?, ?, ?, ?) 
2022-04-19 17:54:20.680 TRACE [org.hibernate.type.descriptor.sql.BasicBinder@main] binding parameter [1] as [INTEGER] - [0] 
2022-04-19 17:54:20.681 TRACE [org.hibernate.type.descriptor.sql.BasicBinder@main] binding parameter [2] as [BOOLEAN] - [false] 
2022-04-19 17:54:20.683 TRACE [org.hibernate.type.descriptor.sql.BasicBinder@main] binding parameter [3] as [BLOB] - [DefaultUserIdentity(name=John, surname=Doe, email=john.doe@acme.com)] 
2022-04-19 17:54:20.688 TRACE [org.hibernate.type.descriptor.sql.BasicBinder@main] binding parameter [4] as [VARCHAR] - [$2a$05$zsmFZzhkBM29FTnFSCxU.ejANM7l7t47nlDH2JCyOdjK/foyjchGy] 
2022-04-19 17:54:20.688 TRACE [org.hibernate.type.descriptor.sql.BasicBinder@main] binding parameter [5] as [VARCHAR] - [anonymous] 
2022-04-19 17:54:20.688 TRACE [org.hibernate.type.descriptor.sql.BasicBinder@main] binding parameter [6] as [INTEGER] - [1] 
2022-04-19 17:54:20.697 DEBUG [org.hibernate.SQL@main] insert into user_account (version, enabled, identity, password, username, id) values (?, ?, ?, ?, ?, ?) 
2022-04-19 17:54:20.698 TRACE [org.hibernate.type.descriptor.sql.BasicBinder@main] binding parameter [1] as [INTEGER] - [0] 
2022-04-19 17:54:20.698 TRACE [org.hibernate.type.descriptor.sql.BasicBinder@main] binding parameter [2] as [BOOLEAN] - [true] 
2022-04-19 17:54:20.698 TRACE [org.hibernate.type.descriptor.sql.BasicBinder@main] binding parameter [3] as [BLOB] - [DefaultUserIdentity(name=Patron, surname=One, email=patron1@mail.com)] 
2022-04-19 17:54:20.699 TRACE [org.hibernate.type.descriptor.sql.BasicBinder@main] binding parameter [4] as [VARCHAR] - [$2a$05$bGVa3A0XlPN6yO1bptT2PuSAQtHgL3F.tTGcAsdTZVA5ZyPy5glzm] 
2022-04-19 17:54:20.699 TRACE [org.hibernate.type.descriptor.sql.BasicBinder@main] binding parameter [5] as [VARCHAR] - [patron1] 
2022-04-19 17:54:20.699 TRACE [org.hibernate.type.descriptor.sql.BasicBinder@main] binding parameter [6] as [INTEGER] - [2] 
2022-04-19 17:54:20.701 DEBUG [org.hibernate.SQL@main] insert into user_account (version, enabled, identity, password, username, id) values (?, ?, ?, ?, ?, ?) 
2022-04-19 17:54:20.701 TRACE [org.hibernate.type.descriptor.sql.BasicBinder@main] binding parameter [1] as [INTEGER] - [0] 
2022-04-19 17:54:20.701 TRACE [org.hibernate.type.descriptor.sql.BasicBinder@main] binding parameter [2] as [BOOLEAN] - [true] 
2022-04-19 17:54:20.702 TRACE [org.hibernate.type.descriptor.sql.BasicBinder@main] binding parameter [3] as [BLOB] - [DefaultUserIdentity(name=Patron, surname=Two, email=patron2@mail.com)] 
2022-04-19 17:54:20.702 TRACE [org.hibernate.type.descriptor.sql.BasicBinder@main] binding parameter [4] as [VARCHAR] - [$2a$05$M0IVKtPYw8HTaJTH5rt5/uqg/Nsj1k4z6JVdDSiWJDGKOS6ha3g7.] 
2022-04-19 17:54:20.702 TRACE [org.hibernate.type.descriptor.sql.BasicBinder@main] binding parameter [5] as [VARCHAR] - [patron2] 
2022-04-19 17:54:20.702 TRACE [org.hibernate.type.descriptor.sql.BasicBinder@main] binding parameter [6] as [INTEGER] - [3] 
2022-04-19 17:54:20.704 DEBUG [org.hibernate.SQL@main] insert into user_account (version, enabled, identity, password, username, id) values (?, ?, ?, ?, ?, ?) 
2022-04-19 17:54:20.705 TRACE [org.hibernate.type.descriptor.sql.BasicBinder@main] binding parameter [1] as [INTEGER] - [0] 
2022-04-19 17:54:20.705 TRACE [org.hibernate.type.descriptor.sql.BasicBinder@main] binding parameter [2] as [BOOLEAN] - [true] 
2022-04-19 17:54:20.705 TRACE [org.hibernate.type.descriptor.sql.BasicBinder@main] binding parameter [3] as [BLOB] - [DefaultUserIdentity(name=Inventor, surname=Two, email=inventor2@mail.com)] 
2022-04-19 17:54:20.705 TRACE [org.hibernate.type.descriptor.sql.BasicBinder@main] binding parameter [4] as [VARCHAR] - [$2a$05$LtCAXg2WCEiNSFxvyOAkeuZ5GDZ6V0WPuEwITssqFZwO35SEoBvWm] 
2022-04-19 17:54:20.706 TRACE [org.hibernate.type.descriptor.sql.BasicBinder@main] binding parameter [5] as [VARCHAR] - [inventor2] 
2022-04-19 17:54:20.706 TRACE [org.hibernate.type.descriptor.sql.BasicBinder@main] binding parameter [6] as [INTEGER] - [4] 
2022-04-19 17:54:20.707 DEBUG [org.hibernate.SQL@main] insert into user_account (version, enabled, identity, password, username, id) values (?, ?, ?, ?, ?, ?) 
2022-04-19 17:54:20.708 TRACE [org.hibernate.type.descriptor.sql.BasicBinder@main] binding parameter [1] as [INTEGER] - [0] 
2022-04-19 17:54:20.708 TRACE [org.hibernate.type.descriptor.sql.BasicBinder@main] binding parameter [2] as [BOOLEAN] - [true] 
2022-04-19 17:54:20.708 TRACE [org.hibernate.type.descriptor.sql.BasicBinder@main] binding parameter [3] as [BLOB] - [DefaultUserIdentity(name=Administrator, surname=Acme, email=administrator@acme.com)] 
2022-04-19 17:54:20.708 TRACE [org.hibernate.type.descriptor.sql.BasicBinder@main] binding parameter [4] as [VARCHAR] - [$2a$05$ZZHND23Qm5rXsaOA5Qv.Ae8c.WvLXX1BKvuqpgY3iDHjBzNJzIpV6] 
2022-04-19 17:54:20.708 TRACE [org.hibernate.type.descriptor.sql.BasicBinder@main] binding parameter [5] as [VARCHAR] - [administrator] 
2022-04-19 17:54:20.709 TRACE [org.hibernate.type.descriptor.sql.BasicBinder@main] binding parameter [6] as [INTEGER] - [5] 
2022-04-19 17:54:20.710 DEBUG [org.hibernate.SQL@main] insert into user_account (version, enabled, identity, password, username, id) values (?, ?, ?, ?, ?, ?) 
2022-04-19 17:54:20.711 TRACE [org.hibernate.type.descriptor.sql.BasicBinder@main] binding parameter [1] as [INTEGER] - [0] 
2022-04-19 17:54:20.711 TRACE [org.hibernate.type.descriptor.sql.BasicBinder@main] binding parameter [2] as [BOOLEAN] - [true] 
2022-04-19 17:54:20.711 TRACE [org.hibernate.type.descriptor.sql.BasicBinder@main] binding parameter [3] as [BLOB] - [DefaultUserIdentity(name=Inventor, surname=One, email=inventor1@mail.com)] 
2022-04-19 17:54:20.711 TRACE [org.hibernate.type.descriptor.sql.BasicBinder@main] binding parameter [4] as [VARCHAR] - [$2a$05$JKp6hl5qDDOjapJN0l1WbecxGJsgYVAgUGgNoewnx6B0I0VBz.4GG] 
2022-04-19 17:54:20.711 TRACE [org.hibernate.type.descriptor.sql.BasicBinder@main] binding parameter [5] as [VARCHAR] - [inventor1] 
2022-04-19 17:54:20.711 TRACE [org.hibernate.type.descriptor.sql.BasicBinder@main] binding parameter [6] as [INTEGER] - [6] 
2022-04-19 17:54:20.713 DEBUG [org.hibernate.SQL@main] insert into administrator (version, user_account_id, id) values (?, ?, ?) 
2022-04-19 17:54:20.713 TRACE [org.hibernate.type.descriptor.sql.BasicBinder@main] binding parameter [1] as [INTEGER] - [0] 
2022-04-19 17:54:20.713 TRACE [org.hibernate.type.descriptor.sql.BasicBinder@main] binding parameter [2] as [INTEGER] - [5] 
2022-04-19 17:54:20.713 TRACE [org.hibernate.type.descriptor.sql.BasicBinder@main] binding parameter [3] as [INTEGER] - [7] 
2022-04-19 17:54:20.718 DEBUG [org.hibernate.SQL@main] insert into anonymous (version, user_account_id, id) values (?, ?, ?) 
2022-04-19 17:54:20.718 TRACE [org.hibernate.type.descriptor.sql.BasicBinder@main] binding parameter [1] as [INTEGER] - [0] 
2022-04-19 17:54:20.719 TRACE [org.hibernate.type.descriptor.sql.BasicBinder@main] binding parameter [2] as [INTEGER] - [1] 
2022-04-19 17:54:20.719 TRACE [org.hibernate.type.descriptor.sql.BasicBinder@main] binding parameter [3] as [INTEGER] - [8] 
2022-04-19 17:54:20.749 DEBUG [org.hibernate.SQL@main] insert into system_configuration (version, accepted_currencies, strong_terms, strong_threshold, system_currency, weak_terms, weak_threshold, id) values (?, ?, ?, ?, ?, ?, ?, ?) 
2022-04-19 17:54:20.750 TRACE [org.hibernate.type.descriptor.sql.BasicBinder@main] binding parameter [1] as [INTEGER] - [0] 
2022-04-19 17:54:20.750 TRACE [org.hibernate.type.descriptor.sql.BasicBinder@main] binding parameter [2] as [VARCHAR] - [EUR,USD,GBP] 
2022-04-19 17:54:20.750 TRACE [org.hibernate.type.descriptor.sql.BasicBinder@main] binding parameter [3] as [VARCHAR] - [sex,hard core,viagra,cialis,sexo] 
2022-04-19 17:54:20.751 TRACE [org.hibernate.type.descriptor.sql.BasicBinder@main] binding parameter [4] as [DOUBLE] - [10.0] 
2022-04-19 17:54:20.752 TRACE [org.hibernate.type.descriptor.sql.BasicBinder@main] binding parameter [5] as [VARCHAR] - [EUR] 
2022-04-19 17:54:20.752 TRACE [org.hibernate.type.descriptor.sql.BasicBinder@main] binding parameter [6] as [VARCHAR] - [sexy,nigeria,you´ve won,one million,Nigeria,has ganado,un millón] 
2022-04-19 17:54:20.752 TRACE [org.hibernate.type.descriptor.sql.BasicBinder@main] binding parameter [7] as [DOUBLE] - [25.0] 
2022-04-19 17:54:20.752 TRACE [org.hibernate.type.descriptor.sql.BasicBinder@main] binding parameter [8] as [INTEGER] - [9] 
2022-04-19 17:54:22.086 INFO  [acme.framework.configuration.ShutdownConfiguration@main] The system is shutting down... 
2022-04-19 17:54:22.139 DEBUG [acme.Launcher@main] Exit code = 0 
